Result Log
=== Config ===
Started at: Sun Sep  4 14:03:26 2016
CNF Directory: datasets/set1/
Solution File: solutions/config1.sol
Seed: 1473015806191463
Number of runs per experiment: 5
Number of evals per run: 200
=== End Config ===
Run 1
1	89.0033
4	91.8233
5	94.9
11	96.8633
19	98.12
20	98.2033
35	98.22
59	98.23
157	98.2733
181	98.3767

Run 2
1	92.8633
3	96.3233
10	97.3033
13	98.29
93	98.44

Run 3
1	95.72
2	96.2667
9	97.2267
12	98.35
113	98.6233

Run 4
1	89.23
2	96.36
3	97.6167
20	97.7767
25	98.0933
94	98.38
100	98.4167
189	98.5033

Run 5
1	85.51
2	96.41
6	96.62
14	97.4133
18	97.99
48	98.2467
64	98.4033
132	98.46

Ended at Sun Sep  4 17:41:19 2016
