Result Log
=== Config ===
runs per experiment = 30
fitness evals per run = 2000
seed = 1890067934
log file = logs/bonus2a.log
solution file = solutions/bonus2a.sol
best world file = solutions/bonus2a.world
number of pac-men = 3
number of ghosts = 3
world width = 10
world height = 15
pill density = 50
wall density = 25
fruit spawning probability = .05
fruit score = 10
time multiplier = 2
pac-man population size = 50
ghost population size = 50
pac-man offspring per generation = 25
ghost offspring per generation = 25
multiple pac-men use one controller = true
multiple ghosts use one controller = true
max depth = 5
mutation chance = .5
pac-man parent selection method = 0
ghost parent selection method = 1
i-value = .2
j-value = .8
pac-man survival selection method = 1
ghost survival selection method = 0
tournament selection size = 15
parsimony penalty coefficient = .1
=== End Config ===
Run 1
50	31.44400000000002	204.9
75	59.72300000000006	204.9
100	90.12074999999999	204.9
125	105.46624999999993	204.9
150	113.21343749999991	204.9
175	120.43062499999989	204.9
200	125.9118749999999	204.9
225	130.53374999999988	204.9
250	137.02624999999986	204.9
275	140.50656249999986	204.9
300	146.85781249999985	204.9
325	149.46007812499985	204.9
350	155.59632812499984	221.9
375	156.74257812499982	221.9
400	158.28507812499984	221.9
425	159.50882812499984	221.9
450	161.65007812499982	221.9
475	162.79507812499983	221.9
500	164.60257812499987	221.9
525	165.70226562499985	221.9
550	165.96632812499985	221.9
575	167.43093749999986	221.9
600	167.79546874999986	221.9
625	169.03265624999986	221.9
650	171.47703124999987	221.9
675	174.1345312499998	229.9
700	175.29953124999983	229.9
725	176.6564062499998	229.9
750	177.53984374999982	229.9
775	178.6957812499998	229.9
800	179.4770312499998	229.9
825	180.1707812499998	229.9
850	180.7307812499998	229.9
875	181.17171874999983	229.9
900	182.11265624999982	229.9
925	182.11453124999983	229.9
950	183.09203124999982	229.9
975	183.46749999999983	229.9
1000	184.25249999999983	229.9
1025	185.46187499999982	229.9
1050	186.3621874999998	229.9
1075	186.7059374999998	229.9
1100	187.8246874999998	229.9
1125	187.7296874999998	229.9
1150	188.18562499999982	229.9
1175	188.5274999999998	229.9
1200	188.58406249999982	229.9
1225	188.81914062499982	229.9
1250	189.33812499999982	229.9
1275	189.3378124999998	229.9
1300	190.19656249999983	229.9
1325	191.80156249999982	229.9
1350	191.5771874999998	229.9
1375	191.7971874999998	229.9
1400	191.87593749999982	229.9
1425	192.2021874999998	229.9
1450	192.78218749999982	229.9
1475	193.25343749999982	229.9
1500	193.90843749999982	229.9
1525	194.0484374999998	229.9
1550	194.28343749999982	229.9
1575	194.23312499999983	229.9
1600	193.99312499999982	229.9
1625	195.17562499999983	229.9
1650	195.5418749999998	229.9
1675	196.11437499999982	229.9
1700	196.43437499999982	229.9
1725	196.77437499999982	229.9
1750	197.11937499999982	229.9
1775	197.42937499999982	229.9
1800	197.42937499999982	229.9
1825	197.4493749999998	229.9
1850	197.10406249999983	229.9
1875	197.64906249999981	229.9
1900	197.98781249999982	229.9
1925	197.98781249999982	229.9
1950	197.88656249999983	229.9
1975	196.88031249999983	229.9
2000	197.9665624999998	229.9

Run 2
50	27.22000000000001	139.9
75	53.41500000000006	139.9
100	69.54825000000007	139.9
125	81.15481250000008	139.9
150	89.61825000000003	143.696875
175	94.11481250000001	143.696875
200	97.95632812499998	143.696875
225	102.82984374999997	164.9
250	104.74708984374996	164.9
275	107.72130859374994	164.9
300	112.05052734374993	164.9
325	114.36802734374993	164.9
350	120.72974609374991	186.9
375	131.56755859374988	186.9
400	143.63169921874984	186.9
425	154.01427734374985	186.9
450	158.91427734374983	186.9
475	162.42271484374984	188.9
500	166.98953124999986	188.9
525	169.61953124999985	188.9
550	172.29773437499986	188.9
575	174.08273437499986	188.9
600	174.57773437499986	188.9
625	175.18773437499985	188.9
650	175.70773437499986	188.9
675	176.03874999999985	188.9
700	176.03874999999985	188.9
725	176.91624999999985	188.9
750	177.58499999999987	188.9
775	178.18906249999986	188.9
800	178.90906249999986	194.9
825	179.16249999999985	194.9
850	179.56749999999985	194.9
875	180.46249999999986	199.9
900	180.46249999999986	199.9
925	181.11124999999984	199.9
950	181.14906249999984	199.9
975	181.54624999999984	199.9
1000	181.80499999999986	199.9
1025	181.95874999999987	199.9
1050	181.94156249999986	199.9
1075	181.86781249999984	199.9
1100	182.25249999999986	199.9
1125	182.38624999999985	199.9
1150	182.57499999999985	199.9
1175	182.57499999999985	199.9
1200	183.11468749999983	199.9
1225	183.8259374999998	201.9
1250	183.9181249999998	201.9
1275	183.94531249999983	201.9
1300	183.98406249999982	201.9
1325	183.98406249999982	201.9
1350	183.98406249999982	201.9
1375	184.35156249999983	201.9
1400	184.4365624999998	201.9
1425	184.6993749999998	201.9
1450	184.6893749999998	201.9
1475	184.73437499999983	201.9
1500	184.9953124999998	201.9
1525	185.91304687499982	211.65
1550	185.97585937499983	211.65
1575	185.69710937499983	211.65
1600	186.13210937499983	211.65
1625	186.5780468749998	211.65
1650	186.13804687499982	211.65
1675	186.2080468749998	211.65
1700	186.2080468749998	211.65
1725	186.5217968749998	211.65
1750	186.83929687499983	211.65
1775	185.91179687499982	211.65
1800	187.03304687499983	211.65
1825	187.60429687499982	211.65
1850	187.6521679687498	211.65
1875	187.67054687499981	211.65
1900	187.4942968749998	211.65
1925	187.7949023437498	211.65
1950	187.84771484374983	211.65
1975	188.01771484374981	211.65
2000	188.01771484374981	211.65

Run 3
50	27.964000000000013	164.9
75	58.59800000000006	164.9
100	77.79200000000007	164.9
125	93.22449999999999	164.9
150	105.82762499999995	170.9
175	119.06218749999991	170.9
200	122.89593749999989	170.9
225	127.69968749999987	172.9
250	131.78187499999987	172.9
275	136.66656249999988	172.9
300	140.55468749999986	172.9
325	144.97343749999985	172.9
350	149.10718749999987	172.9
375	151.26593749999986	172.9
400	156.19812499999986	185.9
425	159.74093749999986	185.9
450	164.34468749999985	185.9
475	165.02968749999985	185.9
500	166.48468749999986	185.9
525	167.86437499999985	185.9
550	169.23812499999985	185.9
575	171.23687499999986	199.9
600	172.52718749999985	199.9
625	174.02242187499985	199.9
650	174.61242187499985	199.9
675	176.44867187499986	199.9
700	177.42867187499985	199.9
725	178.94867187499986	199.9
750	180.0589062499998	199.9
775	180.57890624999982	199.9
800	181.0289062499998	199.9
825	181.0289062499998	199.9
850	182.0061718749998	199.9
875	182.2836718749998	199.9
900	183.49867187499981	202.9
925	184.2524218749998	202.9
950	184.51367187499983	202.9
975	185.58148437499983	202.9
1000	185.8811718749998	202.9
1025	186.79335937499982	202.9
1050	187.85179687499982	202.9
1075	188.2355468749998	202.9
1100	188.23054687499982	202.9
1125	188.50554687499982	202.9
1150	188.54554687499981	202.9
1175	188.88554687499982	202.9
1200	189.18554687499983	202.9
1225	190.17406249999982	213.9
1250	190.7490624999998	213.9
1275	191.0290624999998	213.9
1300	191.51624999999981	213.9
1325	191.97374999999982	213.9
1350	192.14312499999983	213.9
1375	192.0381249999998	213.9
1400	192.1931249999998	213.9
1425	192.04812499999983	213.9
1450	191.9028124999998	213.9
1475	192.2528124999998	213.9
1500	192.2528124999998	213.9
1525	192.4078124999998	213.9
1550	193.07031249999983	213.9
1575	193.16531249999983	213.9
1600	193.3703124999998	213.9
1625	194.0303124999998	214.9
1650	194.3481249999998	214.9
1675	195.3486718749998	214.9
1700	195.5789843749998	214.9
1725	196.21343749999983	214.9
1750	196.13374999999982	214.9
1775	196.9637499999998	214.9
1800	197.5353124999998	214.9
1825	198.05031249999982	214.9
1850	198.2140624999998	214.9
1875	198.41406249999983	214.9
1900	199.0340624999998	214.9
1925	199.1590624999998	214.9
1950	199.31468749999982	214.9
1975	199.33593749999983	214.9
2000	199.28468749999982	214.9

Run 4
50	28.844000000000015	102.90000000000002
75	52.42700000000007	105.90000000000002
100	72.98175000000006	187.9
125	90.40575000000001	187.9
150	101.24174999999995	187.9
175	111.06543749999992	187.9
200	115.93568749999991	187.9
225	119.40943749999991	187.9
250	125.03999999999989	187.9
275	132.44093749999988	187.9
300	137.39718749999986	187.9
325	140.98593749999986	187.9
350	146.61624999999987	187.9
375	153.63999999999984	187.9
400	157.23906249999985	187.9
425	161.59843749999985	187.9
450	163.15343749999982	187.9
475	166.38187499999987	187.9
500	168.84812499999987	188.9
525	171.55374999999987	189.9
550	171.59249999999986	189.9
575	172.18249999999986	189.9
600	172.24749999999986	189.9
625	175.19499999999985	193.9
650	175.61937499999985	193.9
675	176.49968749999985	193.9
700	175.47093749999985	193.9
725	176.84843749999985	193.9
750	177.75468749999985	193.9
775	177.99468749999986	193.9
800	177.69968749999987	193.9
825	177.78062499999984	193.9
850	179.17468749999986	193.9
875	179.50968749999984	193.9
900	179.23468749999986	193.9
925	180.24390624999987	193.9
950	180.89968749999986	193.9
975	180.89093749999986	193.9
1000	181.15249999999986	193.9
1025	181.40249999999986	193.9
1050	181.56999999999985	193.9
1075	181.41499999999982	210.9
1100	182.3699999999998	210.9
1125	182.7449999999998	210.9
1150	182.75624999999982	210.9
1175	182.50124999999983	210.9
1200	183.01624999999981	210.9
1225	183.26437499999983	210.9
1250	183.0693749999998	210.9
1275	183.84187499999982	210.9
1300	183.9118749999998	210.9
1325	184.23187499999983	210.9
1350	184.45687499999983	210.9
1375	184.7606249999998	210.9
1400	185.58562499999982	210.9
1425	185.9418749999998	210.9
1450	186.2215624999998	210.9
1475	186.50656249999983	210.9
1500	186.38945312499982	210.9
1525	186.68031249999981	210.9
1550	186.3090624999998	210.9
1575	185.27281249999982	210.9
1600	186.54031249999983	210.9
1625	186.2453124999998	210.9
1650	185.98531249999982	210.9
1675	185.38531249999983	210.9
1700	186.79031249999983	210.9
1725	186.77281249999982	210.9
1750	186.97531249999983	210.9
1775	187.17281249999982	210.9
1800	187.26281249999982	210.9
1825	187.25499999999982	210.9
1850	187.5928124999998	210.9
1875	187.69656249999983	210.9
1900	187.79156249999983	210.9
1925	187.5665624999998	210.9
1950	188.0940624999998	210.9
1975	187.76156249999983	210.9
2000	187.67281249999982	210.9

Run 5
50	17.52399999999999	95.90000000000002
75	35.58400000000006	107.4
100	57.764500000000055	110.65
125	79.74437500000008	164.9
150	88.60062500000002	164.9
175	97.37062499999998	164.9
200	106.03085937499995	179.15
225	113.18460937499992	181.9
250	118.97117187499991	181.9
275	124.76523437499989	181.9
300	130.49898437499988	194.9
325	135.62568359374987	194.9
350	139.47118652343738	194.9
375	143.63743652343734	194.9
400	145.78181152343734	194.9
425	147.90493652343736	194.9
450	149.56438964843736	194.9
475	151.06063964843736	194.9
500	155.44110839843736	194.9
525	158.21235839843735	195.9
550	160.75048339843732	195.9
575	160.63065917968734	195.9
600	161.97565917968734	195.9
625	162.45565917968733	195.9
650	162.43593261718735	195.9
675	163.32003417968733	195.9
700	164.04253417968735	195.9
725	163.87823730468736	195.9
750	166.27245605468735	195.9
775	168.16062499999987	195.9
800	168.89589843749985	195.9
825	168.89589843749985	195.9
850	169.74277343749986	195.9
875	170.42527343749987	195.9
900	171.68996093749985	195.9
925	172.06996093749984	195.9
950	172.06996093749984	195.9
975	173.16554687499985	195.9
1000	173.38429687499985	195.9
1025	173.48054687499985	195.9
1050	174.58327148437485	195.9
1075	174.69327148437486	195.9
1100	174.78327148437486	195.9
1125	175.50420898437486	195.9
1150	175.10420898437485	195.9
1175	176.25295898437486	195.9
1200	176.54045898437485	195.9
1225	176.55045898437484	195.9
1250	177.39420898437484	195.9
1275	177.50920898437485	195.9
1300	177.76920898437484	195.9
1325	177.24420898437486	195.9
1350	178.77045898437484	195.9
1375	179.03170898437486	195.9
1400	178.30170898437484	195.9
1425	179.55670898437486	195.9
1450	179.71795898437486	195.9
1475	179.44170898437486	195.9
1500	179.5801635742186	195.9
1525	179.82170898437485	195.9
1550	179.11289062499986	195.9
1575	179.73289062499987	195.9
1600	180.02789062499986	195.9
1625	179.20664062499986	195.9
1650	179.93789062499985	195.9
1675	180.09789062499985	195.9
1700	180.51289062499984	195.9
1725	180.51289062499984	195.9
1750	180.81914062499985	195.9
1775	181.29261718749981	195.9
1800	181.14761718749986	195.9
1825	182.06761718749982	219.9
1850	181.87761718749982	219.9
1875	182.6076171874998	219.9
1900	182.3876171874998	219.9
1925	182.7363671874998	219.9
1950	182.96511718749983	219.9
1975	183.63511718749982	219.9
2000	184.0498437499998	219.9

Run 6
50	27.200000000000014	100.90000000000002
75	58.26700000000005	175.9
100	83.19075000000004	181.15
125	104.31343749999996	181.15
150	119.9195624999999	181.15
175	125.0335156249999	181.15
200	134.19421874999986	181.15
225	139.4863281249999	181.15
250	147.37132812499985	208.9
275	150.11882812499985	208.9
300	157.44882812499984	208.9
325	160.51101562499983	208.9
350	163.18132812499982	208.9
375	165.07507812499986	208.9
400	168.44320312499985	208.9
425	171.40781249999986	208.9
450	172.83281249999985	208.9
475	174.61156249999985	209.9
500	174.87156249999987	209.9
525	175.65531249999987	209.9
550	176.13531249999983	209.9
575	176.89156249999982	209.9
600	179.4365624999998	236.9
625	180.9249999999998	236.9
650	181.24874999999983	236.9
675	182.4024999999998	236.9
700	182.88874999999982	236.9
725	183.9887499999998	236.9
750	185.09874999999982	236.9
775	185.46624999999983	236.9
800	187.07749999999982	236.9
825	187.51249999999982	236.9
850	188.21999999999983	236.9
875	188.51249999999982	236.9
900	188.9924999999998	236.9
925	189.76249999999982	236.9
950	190.3074999999998	236.9
975	190.3831249999998	236.9
1000	191.24437499999982	236.9
1025	192.30187499999982	236.9
1050	193.06124999999983	236.9
1075	194.2062499999998	236.9
1100	194.7374999999998	236.9
1125	195.64124999999981	236.9
1150	196.03249999999983	236.9
1175	196.37999999999982	236.9
1200	197.04749999999981	236.9
1225	196.9312499999998	236.9
1250	196.6762499999998	236.9
1275	196.6762499999998	236.9
1300	196.78374999999983	236.9
1325	197.16124999999982	236.9
1350	197.84749999999983	236.9
1375	198.25999999999982	236.9
1400	198.31999999999982	236.9
1425	198.51374999999982	236.9
1450	198.8337499999998	236.9
1475	199.70124999999982	236.9
1500	199.7412499999998	236.9
1525	200.8012499999998	242.9
1550	200.8362499999998	242.9
1575	201.3987499999998	242.9
1600	201.53874999999982	242.9
1625	201.1787499999998	242.9
1650	201.45249999999982	242.9
1675	201.45249999999982	242.9
1700	201.28749999999982	242.9
1725	201.5199999999998	242.9
1750	201.43999999999983	242.9
1775	201.9949999999998	242.9
1800	201.82499999999982	242.9
1825	201.79249999999982	242.9
1850	202.0549999999998	242.9
1875	202.0549999999998	242.9
1900	202.4949999999998	242.9
1925	202.50999999999982	242.9
1950	202.1487499999998	242.9
1975	203.3337499999998	242.9
2000	203.75374999999983	242.9

Run 7
50	31.984000000000037	109.90000000000002
75	60.39700000000006	145.15
100	81.60600000000007	149.15
125	96.748	149.15
150	103.86856249999995	149.15
175	112.05199999999994	152.696875
200	119.35693749999993	164.9
225	123.11843749999991	164.9
250	128.27968749999988	174.4625
275	135.38968749999987	184.9
300	142.43546874999987	184.9
325	147.71546874999984	184.9
350	150.41796874999986	184.9
375	154.45171874999986	191.9
400	160.06171874999984	222.9
425	162.05874999999983	222.9
450	165.51124999999985	222.9
475	167.97374999999985	222.9
500	169.99062499999985	222.9
525	171.81249999999986	222.9
550	173.93249999999986	222.9
575	175.77062499999985	222.9
600	176.62281249999987	222.9
625	177.04976562499985	222.9
650	177.91226562499986	222.9
675	177.80726562499984	222.9
700	178.49529296874985	222.9
725	178.54529296874986	222.9
750	179.08296874999985	222.9
775	179.61671874999982	222.9
800	180.44851562499983	222.9
825	181.1235156249998	222.9
850	181.6910156249998	222.9
875	182.1494531249998	222.9
900	182.16476562499983	222.9
925	182.39226562499982	222.9
950	182.7804687499998	222.9
975	182.4092187499998	222.9
1000	183.39453124999983	222.9
1025	183.4145312499998	222.9
1050	183.4145312499998	222.9
1075	183.19218749999982	222.9
1100	183.22406249999983	222.9
1125	183.53781249999983	222.9
1150	183.25906249999983	222.9
1175	183.6031249999998	222.9
1200	183.8690624999998	222.9
1225	183.74156249999982	222.9
1250	184.50749999999982	222.9
1275	184.38749999999982	222.9
1300	184.67531249999982	222.9
1325	185.05531249999981	222.9
1350	185.51312499999983	222.9
1375	186.28007812499982	222.9
1400	186.47007812499982	222.9
1425	187.03007812499982	222.9
1450	187.50414062499982	222.9
1475	187.7691406249998	222.9
1500	188.06914062499982	222.9
1525	188.30671874999982	222.9
1550	188.4067187499998	222.9
1575	188.4117187499998	222.9
1600	188.5145312499998	222.9
1625	188.48953124999983	222.9
1650	188.85210937499983	222.9
1675	189.2293749999998	222.9
1700	189.4468749999998	222.9
1725	189.5068749999998	222.9
1750	189.2618749999998	222.9
1775	189.0068749999998	222.9
1800	189.68437499999982	222.9
1825	189.71062499999982	222.9
1850	190.0446874999998	222.9
1875	190.36968749999983	222.9
1900	190.56968749999982	222.9
1925	191.11968749999983	222.9
1950	191.27001953124983	222.9
1975	191.05812499999982	222.9
2000	191.52062499999982	222.9

Run 8
50	21.267999999999986	116.90000000000002
75	45.48300000000007	123.4
100	64.58150000000005	123.4
125	85.39337500000003	170.9
150	99.72212499999995	170.9
175	111.5743749999999	173.9
200	125.09249999999989	173.9
225	137.97449999999986	185.9
250	146.98649999999986	185.9
275	153.69299999999987	185.9
300	156.12849999999986	185.9
325	158.46624999999986	185.9
350	161.86343749999983	185.9
375	164.57843749999986	185.9
400	166.93093749999986	185.9
425	168.84468749999985	187.9
450	169.91562499999986	187.9
475	171.66187499999987	187.9
500	172.51437499999986	187.9
525	173.10179687499985	187.9
550	174.92984374999986	187.9
575	176.31609374999985	210.9
600	177.22609374999985	210.9
625	177.99234374999986	210.9
650	178.51859374999987	210.9
675	179.65984374999985	210.9
700	180.8245312499998	210.9
725	181.6698437499998	210.9
750	182.06179687499983	210.9
775	182.43499999999983	210.9
800	184.02156249999982	210.9
825	184.1815624999998	210.9
850	184.1865624999998	210.9
875	184.33031249999982	210.9
900	184.3592968749998	210.9
925	184.6734374999998	210.9
950	187.33507812499982	214.9
975	188.4491406249998	218.9
1000	189.2027343749998	218.9
1025	189.94679687499982	218.9
1050	190.56960937499983	218.9
1075	193.05023437499983	218.9
1100	193.18898437499982	218.9
1125	193.2339843749998	218.9
1150	194.1749999999998	218.9
1175	194.4346093749998	218.9
1200	193.67460937499982	218.9
1225	194.85960937499982	218.9
1250	195.04335937499982	218.9
1275	195.57460937499982	218.9
1300	196.25960937499983	218.9
1325	196.32679687499981	218.9
1350	197.2967968749998	218.9
1375	198.51054687499982	237.9
1400	198.28814453124983	237.9
1425	198.6716406249998	237.9
1450	198.9866406249998	237.9
1475	199.74539062499983	237.9
1500	201.55132812499983	237.9
1525	202.09132812499982	237.9
1550	203.3719531249998	237.9
1575	203.50195312499983	237.9
1600	203.97070312499983	237.9
1625	204.36789062499983	237.9
1650	205.12789062499982	237.9
1675	205.31789062499982	237.9
1700	205.31789062499982	237.9
1725	205.9241406249998	237.9
1750	206.11914062499983	237.9
1775	206.36593749999983	237.9
1800	206.4859374999998	237.9
1825	206.4859374999998	237.9
1850	206.43718749999982	237.9
1875	206.5096874999998	237.9
1900	206.43718749999982	237.9
1925	206.46718749999982	237.9
1950	206.66218749999982	237.9
1975	206.3024999999998	237.9
2000	206.15374999999983	237.9

Run 9
50	22.852000000000007	154.9
75	46.546000000000056	154.9
100	73.65375000000006	154.9
125	95.31624999999997	197.9
150	119.13468749999991	208.9
175	127.4219374999999	208.9
200	139.55281249999985	208.9
225	149.52937499999985	208.9
250	158.71937499999984	215.9
275	164.94374999999985	215.9
300	170.69499999999982	215.9
325	175.23374999999982	215.9
350	177.78374999999983	215.9
375	180.6253124999998	230.9
400	184.4415624999998	230.9
425	186.92656249999982	230.9
450	188.41156249999983	230.9
475	190.5940624999998	230.9
500	190.9378124999998	230.9
525	192.2190624999998	230.9
550	192.3349999999998	230.9
575	193.13374999999982	230.9
600	194.1137499999998	230.9
625	195.38249999999982	230.9
650	195.43749999999983	230.9
675	196.47499999999982	230.9
700	196.68999999999983	230.9
725	196.87874999999983	230.9
750	198.61843749999983	230.9
775	198.8546874999998	230.9
800	198.5434374999998	230.9
825	198.9546874999998	230.9
850	199.4546874999998	230.9
875	200.53062499999982	233.9
900	200.4081249999998	233.9
925	200.43062499999982	233.9
950	201.4481249999998	233.9
975	201.33937499999982	233.9
1000	200.58187499999983	233.9
1025	202.1031249999998	233.9
1050	203.39812499999982	233.9
1075	203.76812499999983	233.9
1100	203.98312499999983	233.9
1125	204.45812499999982	233.9
1150	205.14312499999983	233.9
1175	205.2931249999998	233.9
1200	205.21617187499982	233.9
1225	205.1911718749998	233.9
1250	205.2899218749998	233.9
1275	205.76617187499983	233.9
1300	205.3383593749998	233.9
1325	204.98460937499982	233.9
1350	205.7811718749998	233.9
1375	206.5649218749998	233.9
1400	206.70492187499983	233.9
1425	206.70492187499983	233.9
1450	206.98492187499983	233.9
1475	206.5949218749998	233.9
1500	205.35992187499983	233.9
1525	206.32992187499983	233.9
1550	206.54992187499982	233.9
1575	206.24492187499982	233.9
1600	206.60992187499983	233.9
1625	206.60992187499983	233.9
1650	206.6899218749998	233.9
1675	204.7536718749998	233.9
1700	205.76492187499983	233.9
1725	206.0099218749998	233.9
1750	206.0099218749998	233.9
1775	207.3499218749998	233.9
1800	207.68593749999982	233.9
1825	207.96593749999982	233.9
1850	209.58968749999983	269.9
1875	210.96218749999983	269.9
1900	210.86718749999983	269.9
1925	210.92718749999983	269.9
1950	211.13218749999982	269.9
1975	211.59718749999982	269.9
2000	211.59718749999982	269.9

Run 10
50	23.42	83.9
75	46.998000000000054	122.90000000000002
100	66.25450000000006	122.90000000000002
125	83.70500000000006	166.9
150	95.78218749999998	171.9
175	102.06492187499997	171.9
200	107.17351562499995	171.9
225	111.67035156249993	171.9
250	118.65569824218741	171.9
275	124.13863159179677	171.9
300	130.44187499999987	171.9
325	134.74481811523424	174.9
350	136.93293457031237	174.9
375	139.02663452148423	174.9
400	141.53529785156235	174.9
425	145.32896118164047	178.65
450	148.42021118164047	178.65
475	149.70021118164047	178.65
500	150.24003784179672	178.65
525	152.4864611816405	178.65
550	155.30203613281236	178.65
575	156.81109863281236	178.65
600	157.15984863281236	178.65
625	159.48359863281235	183.9
650	159.60266113281236	183.9
675	161.42641113281235	183.9
700	161.87141113281234	183.9
725	163.99257446289047	183.9
750	165.5861877441405	183.9
775	166.65337524414048	189.9
800	167.84779418945297	189.9
825	168.55779418945298	189.9
850	169.419044189453	189.9
875	170.49349731445298	189.9
900	171.68623168945297	189.9
925	172.03463500976548	189.9
950	172.90861083984362	189.9
975	172.9701733398436	189.9
1000	173.0339233398436	189.9
1025	172.6289233398436	189.9
1050	173.2721264648436	189.9
1075	173.6805639648436	189.9
1100	174.2905639648436	189.9
1125	174.3255639648436	189.9
1150	174.5580639648436	189.9
1175	175.45337646484361	189.9
1200	176.12578979492173	189.9
1225	176.67086791992173	189.9
1250	176.74086791992173	189.9
1275	177.27086791992173	189.9
1300	177.36305541992172	189.9
1325	177.43305541992174	189.9
1350	177.44805541992173	189.9
1375	177.80055541992172	189.9
1400	177.85305541992173	189.9
1425	178.10430541992173	189.9
1450	178.07735229492172	189.9
1475	178.39672729492173	189.9
1500	178.34297729492172	189.9
1525	178.55047729492173	189.9
1550	178.26860229492172	189.9
1575	178.54860229492172	189.9
1600	178.77766479492172	189.9
1625	178.52266479492172	189.9
1650	178.75766479492174	189.9
1675	178.98266479492173	189.9
1700	178.41382812499987	189.9
1725	178.41382812499987	189.9
1750	180.07382812499986	228.9
1775	180.99101562499982	228.9
1800	181.4747656249998	228.9
1825	181.57476562499983	228.9
1850	181.57476562499983	228.9
1875	181.73695312499981	228.9
1900	181.76195312499982	228.9
1925	181.76195312499982	228.9
1950	181.3669531249998	228.9
1975	181.7744531249998	228.9
2000	182.12164062499983	228.9

Run 11
50	35.66400000000002	122.90000000000002
75	63.68900000000005	122.90000000000002
100	92.09274999999998	172.9
125	103.94749999999995	172.9
150	118.00174999999992	172.9
175	121.98274999999991	172.9
200	130.08093749999986	172.9
225	133.02093749999986	172.9
250	136.69718749999987	173.4
275	143.38093749999985	198.9
300	145.48999999999987	198.9
325	150.78249999999986	198.9
350	154.32664062499987	198.9
375	155.31664062499985	198.9
400	158.44289062499985	198.9
425	159.42007812499986	198.9
450	161.18132812499982	198.9
475	161.58632812499982	198.9
500	163.03601562499983	202.353125
525	163.19601562499983	202.353125
550	164.04789062499987	202.353125
575	164.62289062499985	202.353125
600	167.12578124999985	202.353125
625	168.45984374999986	202.353125
650	168.91484374999985	202.353125
675	170.39984374999986	202.353125
700	172.31650390624986	202.353125
725	172.91025390624986	202.353125
750	173.98525390624985	202.353125
775	175.95006347656235	204.26328125
800	178.11732910156232	204.26328125
825	179.6531494140623	204.26328125
850	180.60707519531232	204.26328125
875	180.72714477539046	204.26328125
900	181.32913085937483	204.26328125
925	181.63856445312481	204.26328125
950	182.46663085937482	204.26328125
975	183.21081542968733	204.26328125
1000	183.91106079101544	204.26328125
1025	185.42662719726545	216.1783203125
1050	186.35784576415998	216.1783203125
1075	186.30923736572248	216.1783203125
1100	187.7219436645506	216.1783203125
1125	188.22479156494123	216.1783203125
1150	189.59449859619122	216.1783203125
1175	189.41768218994122	216.1783203125
1200	189.62268218994123	216.1783203125
1225	189.34268218994123	216.1783203125
1250	190.53268218994123	216.1783203125
1275	190.53268218994123	216.1783203125
1300	191.3381350708006	216.1783203125
1325	191.71528717040997	216.1783203125
1350	192.33505279540998	216.1783203125
1375	192.37778717041	216.1783203125
1400	193.24778717040996	216.1783203125
1425	193.24778717040996	216.1783203125
1450	193.81180572509749	216.1783203125
1475	195.22680572509748	217.15
1500	195.88680572509747	217.15
1525	197.97992797851543	222.9
1550	200.87742797851544	266.9
1575	201.65742797851544	266.9
1600	201.87218261718732	266.9
1625	201.77999511718733	266.9
1650	201.5281787109373	266.9
1675	202.24134765624981	266.9
1700	202.32817871093732	266.9
1725	202.0281787109373	266.9
1750	202.69036621093733	266.9
1775	201.8817578124998	266.9
1800	202.79036621093732	266.9
1825	202.28536621093733	266.9
1850	202.04536621093732	266.9
1875	202.2753662109373	266.9
1900	202.87536621093733	266.9
1925	203.78446411132794	266.9
1950	204.57219848632795	266.9
1975	205.00719848632795	266.9
2000	204.53219848632796	266.9

Run 12
50	30.52400000000002	136.9
75	61.920000000000066	160.9
100	83.05100000000006	160.9
125	107.35599999999994	168.4
150	121.4124999999999	179.9
175	127.88999999999987	179.9
200	134.22249999999988	179.9
225	137.78999999999988	179.9
250	144.34624999999986	179.9
275	148.11562499999985	179.9
300	152.65062499999985	179.9
325	156.25937499999986	182.4
350	157.55312499999985	182.4
375	158.79062499999986	182.4
400	162.00937499999984	188.15
425	163.68687499999984	191.9
450	164.25874999999985	191.9
475	167.25249999999986	195.9
500	169.57249999999985	195.9
525	171.91749999999985	214.9
550	174.33874999999986	214.9
575	175.07437499999986	214.9
600	176.79562499999983	214.9
625	177.37062499999982	214.9
650	177.81374999999983	214.9
675	177.93437499999982	214.9
700	178.43812499999981	214.9
725	178.16124999999982	214.9
750	178.5106249999998	214.9
775	178.95062499999983	214.9
800	180.1643749999998	214.9
825	180.5406249999998	214.9
850	181.7231249999998	214.9
875	181.4718749999998	214.9
900	184.7149999999998	233.9
925	184.75249999999983	233.9
950	185.40374999999983	233.9
975	185.6774999999998	233.9
1000	186.0174999999998	233.9
1025	186.7634374999998	233.9
1050	187.02343749999983	233.9
1075	187.90218749999983	233.9
1100	188.50718749999982	233.9
1125	189.65843749999982	233.9
1150	189.65843749999982	233.9
1175	189.77156249999982	233.9
1200	190.07156249999983	233.9
1225	190.4743749999998	233.9
1250	190.20437499999983	233.9
1275	190.4443749999998	233.9
1300	192.43687499999982	233.9
1325	192.50374999999983	233.9
1350	192.56374999999983	233.9
1375	193.40874999999983	233.9
1400	193.40874999999983	233.9
1425	192.44374999999982	233.9
1450	193.40874999999983	233.9
1475	192.47874999999982	233.9
1500	193.3087499999998	233.9
1525	193.6837499999998	233.9
1550	193.6837499999998	233.9
1575	193.6837499999998	233.9
1600	193.6837499999998	233.9
1625	193.21874999999983	233.9
1650	193.20453124999983	233.9
1675	193.9582031249998	233.9
1700	193.9582031249998	233.9
1725	194.26249999999982	233.9
1750	194.4587499999998	233.9
1775	194.81249999999983	233.9
1800	194.81249999999983	233.9
1825	195.13499999999982	233.9
1850	196.16999999999982	233.9
1875	196.4287499999998	233.9
1900	196.33656249999981	233.9
1925	196.3765624999998	233.9
1950	196.17656249999982	233.9
1975	197.85374999999982	233.9
2000	198.27343749999983	233.9

Run 13
50	14.25599999999999	121.90000000000002
75	32.11300000000005	131.9
100	61.398750000000064	137.9
125	85.30187500000004	152.9
150	103.62187499999995	166.9
175	116.4785937499999	186.9
200	126.01683593749989	186.9
225	133.27933593749987	186.9
250	136.39683593749987	186.9
275	137.86761718749986	186.9
300	138.25886718749987	186.9
325	140.09949218749986	186.9
350	143.64964843749985	186.9
375	145.08089843749985	186.9
400	146.88496093749984	186.9
425	150.92234374999987	190.9
450	154.11828124999985	191.9
475	155.40207031249986	191.9
500	156.17457031249987	191.9
525	159.87457031249983	201.9
550	161.81707031249982	201.9
575	163.25957031249985	201.9
600	163.70832031249984	201.9
625	163.81394531249984	201.9
650	164.70894531249985	201.9
675	165.90394531249984	201.9
700	166.29894531249985	201.9
725	168.82644531249986	201.9
750	170.00144531249987	201.9
775	170.53644531249986	201.9
800	171.54644531249986	209.9
825	173.51894531249985	209.9
850	174.63894531249986	209.9
875	175.22769531249986	209.9
900	176.12957031249982	209.9
925	176.6095703124998	209.9
950	176.35457031249982	209.9
975	176.90957031249982	209.9
1000	176.47957031249982	209.9
1025	177.03957031249982	209.9
1050	177.1289453124998	209.9
1075	178.14894531249982	209.9
1100	178.4076953124998	209.9
1125	179.37144531249982	209.9
1150	179.7408203124998	209.9
1175	180.16957031249981	209.9
1200	180.4376953124998	209.9
1225	181.07265624999982	209.9
1250	181.8676562499998	209.9
1275	182.2776562499998	209.9
1300	182.84640624999983	209.9
1325	183.19640624999982	209.9
1350	183.97640624999983	209.9
1375	183.2464062499998	209.9
1400	185.0264062499998	209.9
1425	183.56124999999983	209.9
1450	183.2749999999998	209.9
1475	184.76124999999982	209.9
1500	186.0587499999998	209.9
1525	186.0587499999998	209.9
1550	186.65499999999983	209.9
1575	186.67124999999982	209.9
1600	186.67124999999982	209.9
1625	186.22124999999983	209.9
1650	185.44999999999982	209.9
1675	186.2112499999998	209.9
1700	187.01124999999982	209.9
1725	187.41124999999982	209.9
1750	187.0249999999998	209.9
1775	187.0249999999998	209.9
1800	186.54124999999982	209.9
1825	187.0874999999998	209.9
1850	187.0874999999998	209.9
1875	187.8924999999998	209.9
1900	188.9024999999998	218.65
1925	188.20249999999982	218.65
1950	188.28749999999982	218.65
1975	189.65624999999983	218.65
2000	189.65624999999983	218.65

Run 14
50	23.483999999999995	114.90000000000002
75	52.74900000000006	146.3
100	70.81800000000007	146.3
125	84.91075000000006	146.3
150	96.542	156.3
175	106.35175	156.3
200	114.55475	164.9
225	123.82175000000002	191.9
250	134.62218750000002	191.9
275	150.47709375000005	197.646875
300	155.38671875000009	197.646875
325	161.78096875000006	197.646875
350	164.5839453125	197.646875
375	167.42629687500005	197.646875
400	168.26323437500002	197.646875
425	169.27542187500003	197.646875
450	169.22542187500002	197.646875
475	170.551484375	197.646875
500	171.47623437500002	197.646875
525	171.95498437499998	197.646875
550	172.82059375000006	197.646875
575	174.92868749999997	197.646875
600	176.07248046874997	197.646875
625	178.22538281249996	197.646875
650	178.94700781249995	197.646875
675	179.5711601562499	197.646875
700	180.5146523437499	197.646875
725	181.49388671874993	198.73671875
750	182.31574609374994	198.73671875
775	183.47224609374996	209.1
800	184.36913281249997	209.1
825	184.54807421874997	209.1
850	184.71493749999993	209.1
875	184.87923046874997	209.1
900	185.15891406249995	209.1
925	185.25891406249997	209.1
950	186.42080859374997	209.1
975	186.39590624999997	209.1
1000	187.31434374999992	221.98671875
1025	187.31434374999992	221.98671875
1050	188.38060058593746	221.98671875
1075	189.99480664062492	221.98671875
1100	190.10480664062493	221.98671875
1125	190.80880664062494	221.98671875
1150	191.4196816406249	221.98671875
1175	191.948365234375	221.98671875
1200	192.03236523437502	221.98671875
1225	192.092365234375	221.98671875
1250	192.628615234375	221.98671875
1275	192.89389550781252	221.98671875
1300	192.60525390625003	221.98671875
1325	193.90664550781253	221.98671875
1350	194.28950390625002	221.98671875
1375	194.30808203125005	221.98671875
1400	194.49033203125	221.98671875
1425	195.30833203125002	221.98671875
1450	195.02569042968756	221.98671875
1475	195.66833203125	221.98671875
1500	195.7241716308594	221.98671875
1525	196.6221123046875	221.98671875
1550	196.55811230468748	221.98671875
1575	196.55811230468748	221.98671875
1600	196.55811230468748	221.98671875
1625	196.80050390625	221.98671875
1650	196.80050390625	221.98671875
1675	196.8661328125	221.98671875
1700	197.0098828125	221.98671875
1725	197.06588281249998	221.98671875
1750	197.35481518554687	221.98671875
1775	196.9974235839844	221.98671875
1800	197.05711108398438	221.98671875
1825	196.99889331054692	221.98671875
1850	197.73389331054693	221.98671875
1875	197.8273464355469	221.98671875
1900	199.3953188476563	251.1
1925	199.39531884765628	251.1
1950	199.53531884765624	251.1
1975	199.9201108398438	251.1
2000	199.77036083984382	251.1

Run 15
50	32.10400000000003	134.9
75	62.33900000000007	134.9
100	83.37550000000005	169.9
125	95.08737499999998	169.9
150	102.83737499999998	169.9
175	111.68790624999994	175.9
200	120.19140624999991	175.9
225	124.0674999999999	175.9
250	126.87249999999989	175.9
275	132.18187499999988	182.9
300	137.07874999999987	182.9
325	143.70249999999984	182.9
350	148.17031249999985	182.9
375	150.50156249999986	182.9
400	152.27031249999985	182.9
425	155.63156249999986	182.9
450	157.32093749999984	182.9
475	159.76906249999985	185.9
500	162.42812499999982	188.15
525	164.14437499999985	188.15
550	164.38937499999986	188.15
575	164.87437499999984	188.15
600	165.66843749999987	188.15
625	167.32843749999986	201.9
650	167.56843749999985	201.9
675	169.05499999999986	201.9
700	169.27476562499984	201.9
725	170.23164062499984	201.9
750	170.19845703124986	201.9
775	170.42765624999984	201.9
800	171.53640624999986	201.9
825	172.46640624999986	201.9
850	173.00015624999986	201.9
875	173.58390624999984	201.9
900	173.83992187499985	201.9
925	174.44210937499986	201.9
950	174.60742187499986	201.9
975	175.04710937499985	201.9
1000	175.47835937499985	201.9
1025	175.64874999999986	201.9
1050	175.48367187499986	201.9
1075	176.20960937499984	201.9
1100	176.58859374999986	201.9
1125	178.11359374999986	213.4
1150	178.53703124999984	213.4
1175	179.1620312499998	213.4
1200	179.4470312499998	213.4
1225	179.57234374999982	213.4
1250	179.85609374999981	213.4
1275	181.19976562499983	216.76328125
1300	181.7797656249998	216.76328125
1325	182.73374999999982	216.76328125
1350	183.6812499999998	216.76328125
1375	183.6812499999998	216.76328125
1400	184.15023437499983	216.76328125
1425	184.17617187499982	216.76328125
1450	184.19679687499982	216.76328125
1475	184.52226562499982	216.76328125
1500	185.17046874999983	216.76328125
1525	185.2554687499998	216.76328125
1550	185.30546874999982	216.76328125
1575	185.23671874999982	216.76328125
1600	185.71296874999982	216.76328125
1625	185.97728515624982	216.76328125
1650	186.1332226562498	216.76328125
1675	187.4897851562498	216.76328125
1700	187.4897851562498	216.76328125
1725	187.8035351562498	216.76328125
1750	187.90353515624983	216.76328125
1775	188.35603515624982	216.76328125
1800	188.35603515624982	216.76328125
1825	188.35603515624982	216.76328125
1850	187.91103515624982	216.76328125
1875	187.73103515624982	216.76328125
1900	187.79603515624981	216.76328125
1925	188.29634765624982	216.76328125
1950	189.0958642578123	216.76328125
1975	188.74586425781231	216.76328125
2000	189.55336425781232	216.76328125

Run 16
50	18.695999999999984	93.90000000000002
75	39.56000000000005	93.90000000000002
100	67.23225000000005	137.55
125	87.19500000000002	164.9
150	101.65618749999997	164.9
175	112.29818749999997	170.9
200	120.96168749999998	180.9
225	130.10718749999992	188.9
250	140.1054374999999	193.9
275	150.86968749999988	193.9
300	155.69562499999986	193.9
325	162.14274999999986	194.9
350	166.22474999999983	194.9
375	169.41474999999983	194.9
400	173.57706249999984	208.4
425	176.23612499999984	208.4
450	180.32081249999985	208.4
475	183.10620312499984	208.57578125
500	184.82026562499982	208.57578125
525	185.9316132812498	208.57578125
550	187.78990234374982	208.57578125
575	189.28985351562483	208.57578125
600	189.9661035156248	208.57578125
625	191.01063476562481	208.57578125
650	191.4322558593748	208.57578125
675	192.31825195312481	208.57578125
700	192.4952832031248	208.57578125
725	193.8753124999998	210.058203125
750	195.20828124999983	221.9
775	196.1128613281248	221.9
800	198.51161132812481	224.3375
825	198.8281933593748	224.3375
850	199.34710937499983	224.3375
875	200.06429687499983	224.3375
900	201.4474609374998	224.3375
925	201.4474609374998	224.3375
950	202.87504882812482	224.3375
975	203.4818847656248	224.3375
1000	204.05731445312483	224.3375
1025	204.7693847656248	224.3375
1050	204.65188476562483	224.3375
1075	205.0896972656248	224.3375
1100	205.5745312499998	224.3375
1125	206.0026660156248	224.3375
1150	206.13844726562482	224.3375
1175	206.26015624999982	224.3375
1200	207.1073437499998	235.4
1225	207.8273437499998	235.4
1250	208.34572265624982	235.4
1275	208.49572265624982	235.4
1300	208.26947265624983	235.4
1325	208.5799316406248	235.4
1350	209.24331054687482	235.4
1375	209.52628173828106	235.4
1400	210.02233398437482	235.4
1425	209.8873339843748	235.4
1450	210.02233398437482	235.4
1475	209.9773339843748	235.4
1500	209.5098339843748	235.4
1525	209.8873339843748	235.4
1550	209.0917089843748	235.4
1575	209.9166308593748	235.4
1600	209.6666308593748	235.4
1625	210.17733398437483	235.4
1650	210.6673339843748	235.4
1675	210.56233398437482	235.4
1700	210.7323339843748	235.4
1725	210.9995214843748	235.4
1750	211.26702148437482	235.4
1775	210.82983398437483	235.4
1800	211.4706787109373	235.4
1825	211.73962646484358	235.4
1850	211.98067871093733	235.4
1875	212.4981787109373	235.4
1900	212.94317871093733	235.4
1925	213.56817871093733	235.4
1950	214.07317871093733	235.4
1975	214.0919287109373	235.4
2000	214.53817871093733	235.4

Run 17
50	21.076000000000004	106.90000000000002
75	42.68900000000004	120.90000000000002
100	69.06650000000006	148.9
125	84.68350000000004	148.9
150	95.11718749999999	156.9
175	105.15218749999994	156.9
200	115.12374999999992	170.9
225	121.91749999999989	170.9
250	126.38499999999989	170.9
275	131.91749999999988	173.9
300	134.68999999999988	173.9
325	136.08624999999986	173.9
350	139.67624999999987	175.9
375	140.75624999999985	175.9
400	140.97624999999985	175.9
425	144.77499999999986	175.9
450	150.32999999999984	183.9
475	152.36874999999986	183.9
500	154.09624999999986	183.9
525	154.65249999999986	183.9
550	156.25499999999985	183.9
575	158.17374999999984	186.9
600	159.30249999999987	186.9
625	159.86749999999986	186.9
650	162.14906249999984	188.9
675	164.65757812499984	192.9
700	165.68195312499986	192.9
725	167.23789062499986	192.9
750	167.73414062499987	192.9
775	167.49804687499986	192.9
800	167.79164062499984	192.9
825	168.05164062499986	192.9
850	168.29164062499984	192.9
875	168.41164062499985	192.9
900	168.70664062499986	192.9
925	168.76039062499984	192.9
950	169.47789062499984	192.9
975	170.65304687499986	192.9
1000	171.20804687499987	192.9
1025	172.28804687499985	192.9
1050	173.15429687499986	192.9
1075	173.19429687499985	192.9
1100	172.37429687499986	192.9
1125	173.46054687499986	192.9
1150	174.27804687499986	198.15
1175	175.30468749999986	198.15
1200	176.49468749999986	198.15
1225	177.49968749999985	203.9
1250	177.98093749999987	203.9
1275	178.20093749999987	203.9
1300	178.06093749999985	203.9
1325	178.18093749999986	203.9
1350	178.58718749999986	203.9
1375	179.16718749999984	203.9
1400	179.16718749999984	203.9
1425	178.69843749999984	203.9
1450	179.76890624999984	203.9
1475	180.46640624999986	203.9
1500	180.40140624999987	203.9
1525	180.7714062499998	203.9
1550	181.0251562499998	203.9
1575	181.57015624999983	203.9
1600	181.7726562499998	203.9
1625	182.07140624999982	203.9
1650	182.14546874999982	203.9
1675	182.4092187499998	203.9
1700	182.82921874999982	203.9
1725	182.8612499999998	203.9
1750	182.45249999999982	203.9
1775	181.22640624999983	203.9
1800	182.31749999999982	203.9
1825	183.49749999999983	203.9
1850	183.49749999999983	203.9
1875	183.38624999999982	203.9
1900	183.50624999999982	203.9
1925	183.79124999999982	203.9
1950	183.79124999999982	203.9
1975	183.79124999999982	203.9
2000	183.56249999999983	203.9

Run 18
50	22.156	138.9
75	48.31400000000005	143.9
100	79.95425000000006	200.9
125	100.85274999999994	200.9
150	111.35674999999993	200.9
175	121.89868749999991	200.9
200	130.11618749999988	200.9
225	139.3305624999999	200.9
250	148.38343749999984	204.9
275	153.18937499999984	220.9
300	159.48437499999983	220.9
325	165.40304687499986	220.9
350	168.0467968749998	220.9
375	171.67617187499982	220.9
400	176.62523437499982	240.9
425	179.78078124999982	240.9
450	182.20716796874981	240.9
475	183.0619335937498	240.9
500	184.88693359374983	240.9
525	185.9369335937498	240.9
550	186.56865234374982	240.9
575	188.7132031249998	240.9
600	190.09148437499982	240.9
625	191.68435546874983	240.9
650	193.85546874999983	240.9
675	194.39753906249982	240.9
700	196.29591796874982	240.9
725	196.6537304687498	240.9
750	197.3799804687498	240.9
775	198.23581054687483	240.9
800	198.43081054687482	240.9
825	198.65581054687482	240.9
850	198.49706054687482	240.9
875	198.62757812499981	240.9
900	199.34309570312482	240.9
925	199.66590820312481	240.9
950	200.01684570312483	240.9
975	201.53812744140606	240.9
1000	202.11570556640606	240.9
1025	202.54820556640607	240.9
1050	203.1394482421873	240.9
1075	203.18944824218732	240.9
1100	203.38926513671856	240.9
1125	203.46051513671856	240.9
1150	203.93551513671858	240.9
1175	204.80676513671858	240.9
1200	205.72926513671857	240.9
1225	206.34051513671858	240.9
1250	206.62228271484358	240.9
1275	206.69290771484356	240.9
1300	207.39790771484357	240.9
1325	207.62290771484356	240.9
1350	208.02290771484357	240.9
1375	208.60697021484356	240.9
1400	208.93697021484357	240.9
1425	208.27447021484357	240.9
1450	208.37447021484357	240.9
1475	208.73447021484355	240.9
1500	208.77239990234358	240.9
1525	209.03739990234357	240.9
1550	208.97739990234356	240.9
1575	209.51341552734357	240.9
1600	209.50789794921857	240.9
1625	209.82289794921857	240.9
1650	210.16133300781232	240.9
1675	210.1363330078123	240.9
1700	210.43633300781232	240.9
1725	210.46133300781233	240.9
1750	211.0930517578123	240.9
1775	211.5830517578123	240.9
1800	212.06305175781233	240.9
1825	211.85430175781232	240.9
1850	212.35300598144514	240.9
1875	212.75800598144514	240.9
1900	213.89282287597638	240.9
1925	214.45907287597637	240.9
1950	214.63907287597638	240.9
1975	215.16374893188458	240.9
2000	215.16374893188458	240.9

Run 19
50	25.932000000000002	157.9
75	50.07700000000004	157.9
100	73.91075000000006	157.9
125	89.30175000000003	157.9
150	100.99787499999998	157.9
175	114.19184374999993	171.9
200	121.62362499999992	171.9
225	126.2738593749999	171.9
250	130.9337421874999	187.9
275	133.7392578124999	187.9
300	135.97238281249986	187.9
325	139.33441406249986	187.9
350	142.32097656249988	187.9
375	144.92335937499985	187.9
400	146.14554687499987	187.9
425	147.08304687499987	187.9
450	148.53519531249987	187.9
475	149.17019531249986	187.9
500	149.43019531249985	187.9
525	149.74281249999984	187.9
550	151.13515624999985	187.9
575	151.90953124999984	187.9
600	152.72890624999985	187.9
625	153.69132812499984	187.9
650	156.22781249999986	187.9
675	157.00781249999986	187.9
700	157.31406249999984	187.9
725	157.82656249999985	187.9
750	158.19529296874987	187.9
775	159.08404296874986	187.9
800	159.75654296874984	187.9
825	161.46529296874985	187.9
850	161.46529296874985	187.9
875	162.96935546874985	187.9
900	163.54308593749982	187.9
925	163.10308593749983	187.9
950	165.46091796874987	187.9
975	166.31966796874985	187.9
1000	167.14841796874987	189.9
1025	167.44841796874985	189.9
1050	167.49998046874987	189.9
1075	167.67716796874984	189.9
1100	168.78705078124986	209.9
1125	169.73580078124985	209.9
1150	170.48767578124986	209.9
1175	170.99267578124986	209.9
1200	171.07275390624986	209.9
1225	171.21369140624986	209.9
1250	172.96416015624985	217.9
1275	173.66666015624986	217.9
1300	173.93166015624985	217.9
1325	174.37291015624984	217.9
1350	175.05791015624985	217.9
1375	174.90291015624985	217.9
1400	174.90291015624985	217.9
1425	175.02291015624985	217.9
1450	175.81791015624987	217.9
1475	176.09103515624986	217.9
1500	176.26603515624984	217.9
1525	176.94384765624986	217.9
1550	176.81384765624986	217.9
1575	177.12384765624986	217.9
1600	177.45134765624985	217.9
1625	177.90634765624986	217.9
1650	177.69509765624986	217.9
1675	177.30955078124987	217.9
1700	177.48259765624985	217.9
1725	178.08884765624987	217.9
1750	178.93322265624982	217.9
1775	178.52583984374982	217.9
1800	179.1203710937498	217.9
1825	179.58333984374983	217.9
1850	179.87333984374982	217.9
1875	180.51130859374982	217.9
1900	180.90130859374983	217.9
1925	180.3613085937498	217.9
1950	181.29005859374982	217.9
1975	181.5250585937498	217.9
2000	181.3275585937498	217.9

Run 20
50	17.98399999999999	110.90000000000002
75	41.70800000000006	110.90000000000002
100	64.64600000000007	165.9
125	77.95725000000007	165.9
150	89.45843750000002	165.9
175	96.09093749999998	165.9
200	104.82093749999994	165.9
225	108.98124999999995	165.9
250	119.5290624999999	198.603125
275	127.94101562499988	198.603125
300	138.05781249999987	198.603125
325	143.54781249999985	198.603125
350	150.09328124999985	198.603125
375	155.27179687499986	198.603125
400	158.47142578124985	198.603125
425	161.41955078124982	198.603125
450	166.20773437499986	198.603125
475	167.89273437499986	198.603125
500	171.37898437499985	198.603125
525	174.43492187499984	209.9
550	176.7689257812498	209.9
575	179.09197265624982	209.9
600	180.97978515624982	209.9
625	183.00197265624982	219.9
650	186.0600976562498	228.9
675	187.7604101562498	228.9
700	188.8504101562498	228.9
725	190.72515624999983	228.9
750	193.1151562499998	228.9
775	193.58796874999982	228.9
800	194.30796874999982	228.9
825	194.3751562499998	228.9
850	196.0849999999998	228.9
875	197.16499999999982	228.9
900	198.4049414062498	228.9
925	199.63212890624982	228.9
950	200.1471289062498	228.9
975	200.2223632812498	228.9
1000	200.7559570312498	228.9
1025	200.76095703124983	228.9
1050	200.78955078124983	228.9
1075	201.27595703124982	228.9
1100	202.05775390624981	231.9
1125	203.41564453124982	237.9
1150	203.45009765624982	237.9
1175	203.91009765624983	237.9
1200	204.95333984374983	237.9
1225	205.21583984374982	237.9
1250	205.7245898437498	237.9
1275	205.7545898437498	237.9
1300	205.7295898437498	237.9
1325	206.1695898437498	237.9
1350	206.87619140624983	237.9
1375	207.15619140624983	237.9
1400	206.8111914062498	237.9
1425	206.83119140624981	237.9
1450	207.04119140624982	237.9
1475	207.69619140624982	237.9
1500	208.06619140624983	237.9
1525	208.56619140624983	237.9
1550	208.51906249999982	237.9
1575	209.8440624999998	237.9
1600	209.90359374999983	237.9
1625	209.81359374999982	237.9
1650	209.98109374999981	237.9
1675	209.6710937499998	237.9
1700	210.01109374999982	237.9
1725	210.01109374999982	237.9
1750	210.0004687499998	237.9
1775	210.17046874999983	237.9
1800	210.57546874999983	237.9
1825	210.57546874999983	237.9
1850	211.23046874999983	237.9
1875	211.23046874999983	237.9
1900	210.74828124999982	237.9
1925	211.4366796874998	237.9
1950	212.3832812499998	237.9
1975	211.8832812499998	237.9
2000	211.97343749999982	237.9

Run 21
50	22.448000000000008	164.9
75	50.797000000000054	164.9
100	78.98275000000007	164.9
125	96.49799999999998	164.9
150	107.25781249999994	180.9
175	120.48331249999994	180.9
200	126.54631249999993	180.9
225	135.96774999999988	188.9
250	142.51031249999988	188.9
275	148.40174999999988	188.9
300	151.70849999999987	188.9
325	152.60662499999987	188.9
350	153.55099999999985	188.9
375	155.93724999999986	188.9
400	158.23924999999986	214.5
425	159.27737499999986	214.5
450	160.47262499999985	214.5
475	162.16449999999986	214.5
500	164.18024999999986	214.5
525	165.38274999999987	214.5
550	167.06318749999983	214.5
575	169.40081249999986	214.5
600	171.23031249999985	214.5
625	172.45806249999987	214.5
650	174.06106249999985	214.5
675	174.14681249999987	214.5
700	174.83624999999986	214.5
725	176.11274999999983	214.5
750	176.74018749999985	214.5
775	177.40018749999984	214.5
800	179.01062499999986	214.5
825	180.04812499999986	214.5
850	180.28312499999984	214.5
875	180.31437499999984	214.5
900	181.96543749999987	214.5
925	182.91618749999984	214.5
950	183.2781874999999	214.5
975	183.76268749999986	214.5
1000	184.0031249999999	214.5
1025	184.0281249999999	214.5
1050	184.9152343749999	214.5
1075	185.7239843749999	214.5
1100	186.3285937499999	214.5
1125	186.8470312499999	214.5
1150	187.4112812499999	214.5
1175	187.49117187499985	214.5
1200	188.0661718749999	214.5
1225	188.55192187499986	214.5
1250	189.13642187499988	214.5
1275	189.3594218749999	214.5
1300	189.65642187499986	214.5
1325	190.37892187499986	214.5
1350	191.0274843749999	214.5
1375	191.18448437499984	214.5
1400	191.3494843749999	214.5
1425	191.26948437499988	214.5
1450	191.32948437499988	214.5
1475	191.32948437499988	214.5
1500	191.45748437499986	214.5
1525	191.45748437499986	214.5
1550	191.7794843749999	214.5
1575	192.1322343749999	214.5
1600	192.3070468749999	214.5
1625	192.3070468749999	214.5
1650	192.5270468749999	214.5
1675	192.3275468749999	214.5
1700	192.3275468749999	214.5
1725	192.32754687499985	214.5
1750	191.00754687499986	214.5
1775	192.4125468749999	214.5
1800	192.5795468749999	214.5
1825	192.5795468749999	214.5
1850	192.99454687499986	214.5
1875	192.9945468749999	214.5
1900	192.9945468749999	214.5
1925	192.9945468749999	214.5
1950	192.89810937499988	214.5
1975	193.7717499999999	214.5
2000	193.77174999999988	214.5

Run 22
50	27.196000000000012	127.90000000000002
75	56.32100000000004	160.9
100	78.32825000000003	160.9
125	95.74712499999998	160.9
150	110.48874999999992	164.65
175	124.53312499999988	175.9
200	131.69562499999986	175.9
225	137.76374999999987	175.9
250	141.87093749999985	176.4
275	147.06218749999985	176.9
300	153.40281249999987	176.9
325	156.43218749999986	176.9
350	157.65031249999984	176.9
375	159.20999999999987	179.65
400	161.50898437499984	179.65
425	162.83984374999986	179.65
450	163.74101562499985	179.65
475	165.39109374999987	180.4
500	166.33171874999985	183.4
525	166.07671874999986	183.4
550	166.74281249999984	183.4
575	167.69781249999986	192.4
600	168.65558593749986	192.4
625	168.92371093749986	192.4
650	169.36382812499986	192.4
675	169.94632812499987	192.4
700	170.16070312499986	192.4
725	170.64070312499985	192.4
750	170.71070312499987	192.4
775	171.54820312499984	192.4
800	171.74660156249985	192.4
825	171.87972656249985	192.4
850	172.19097656249986	192.4
875	171.94097656249986	192.4
900	172.76632812499986	192.4
925	173.52132812499985	192.4
950	174.40070312499986	192.4
975	174.75320312499986	192.4
1000	175.43789062499985	192.4
1025	175.97351562499986	192.4
1050	176.25066406249985	192.4
1075	177.37503906249987	197.4
1100	177.69253906249986	197.4
1125	178.08976562499984	197.4
1150	178.15164062499986	197.4
1175	178.60757812499986	197.4
1200	179.42632812499986	197.4
1225	179.74882812499985	197.4
1250	179.84882812499984	197.4
1275	179.72882812499986	197.4
1300	180.31632812499984	197.4
1325	180.45882812499985	197.4
1350	180.67007812499986	197.4
1375	180.67007812499986	197.4
1400	180.71757812499985	197.4
1425	180.71757812499985	197.4
1450	180.49757812499985	197.4
1475	181.1975781249998	197.4
1500	181.89773437499983	197.4
1525	181.9177343749998	197.4
1550	182.2392968749998	197.4
1575	182.53429687499982	197.4
1600	183.5230468749998	197.4
1625	184.01304687499982	197.4
1650	184.3330468749998	197.4
1675	184.42460937499982	197.4
1700	184.55085937499982	197.4
1725	184.55085937499982	197.4
1750	184.70374999999981	197.4
1775	185.32874999999981	197.4
1800	184.28062499999982	197.4
1825	184.86312499999983	197.4
1850	185.30999999999983	197.4
1875	185.5340624999998	197.4
1900	185.75124999999983	197.4
1925	186.63999999999982	207.3375
1950	186.47999999999982	207.3375
1975	186.8612499999998	207.3375
2000	188.54124999999982	245.9

Run 23
50	22.099999999999994	91.90000000000002
75	42.09800000000006	108.90000000000002
100	62.77225000000006	108.90000000000002
125	76.16000000000007	108.90000000000002
150	85.14093750000005	108.90000000000002
175	89.83718750000001	108.90000000000002
200	93.8759375	108.90000000000002
225	96.2890625	121.15
250	99.84812499999998	125.4625
275	103.38046874999996	144.9
300	106.92898437499997	145.65
325	110.74953124999995	145.65
350	115.71062499999992	152.728125
375	117.48812499999993	152.728125
400	118.7222656249999	152.728125
425	120.3622656249999	169.9
450	121.55507812499991	169.9
475	122.70632812499991	169.9
500	124.02851562499991	169.9
525	127.90369140624989	169.9
550	132.29650390624988	169.9
575	134.54900390624988	169.9
600	138.46994140624986	172.9
625	143.75378906249986	172.9
650	148.89607421874985	186.9
675	151.56607421874986	186.9
700	153.83357421874985	186.9
725	155.97099609374985	186.9
750	157.01724609374986	186.9
775	157.45724609374986	186.9
800	159.64224609374986	186.9
825	163.84730468749984	186.9
850	167.09408203124985	186.9
875	167.81611328124984	186.9
900	169.92697265624986	186.9
925	171.48541015624986	186.9
950	172.48228515624984	186.9
975	174.72296874999986	226.9
1000	175.88156249999986	226.9
1025	176.66671874999986	226.9
1050	177.14046874999985	226.9
1075	178.76499999999984	226.9
1100	179.35562499999986	226.9
1125	179.68812499999984	226.9
1150	179.76812499999986	226.9
1175	180.08062499999986	226.9
1200	181.4493749999998	226.9
1225	181.93312499999982	226.9
1250	182.70687499999983	226.9
1275	182.71062499999982	226.9
1300	182.9012499999998	226.9
1325	183.35656249999982	226.9
1350	183.38656249999983	226.9
1375	183.64718749999983	226.9
1400	184.3921874999998	226.9
1425	186.2021874999998	232.9
1450	186.2021874999998	232.9
1475	186.40218749999983	232.9
1500	186.74718749999982	232.9
1525	187.2828124999998	232.9
1550	187.76281249999982	232.9
1575	187.42124999999982	232.9
1600	188.0262499999998	232.9
1625	188.44124999999983	232.9
1650	188.51499999999982	232.9
1675	188.6799999999998	232.9
1700	188.7449999999998	232.9
1725	189.5262499999998	232.9
1750	189.56499999999983	232.9
1775	190.13499999999982	232.9
1800	190.1578124999998	232.9
1825	190.39281249999982	232.9
1850	190.5903124999998	232.9
1875	190.9653124999998	232.9
1900	190.7449999999998	232.9
1925	191.3362499999998	232.9
1950	192.34999999999982	232.9
1975	192.4249999999998	232.9
2000	193.0487499999998	232.9

Run 24
50	16.55199999999999	94.90000000000002
75	43.490000000000045	163.9
100	76.44000000000005	178.9
125	95.08399999999996	178.9
150	120.83049999999989	201.9
175	133.06624999999988	201.9
200	146.30812499999985	201.9
225	153.10012499999985	201.9
250	155.78824999999983	201.9
275	163.78699999999984	221.15
300	170.20074999999986	221.15
325	172.1332499999999	221.15
350	174.62124999999986	221.15
375	177.08531249999984	221.15
400	177.64031249999982	221.15
425	180.04781249999985	221.15
450	182.08931249999986	221.15
475	184.41087499999986	227.9
500	185.47362499999986	227.9
525	186.86612499999984	227.9
550	188.24137499999983	227.9
575	190.68637499999986	227.9
600	191.29137499999987	227.9
625	192.89287499999983	227.9
650	195.40537499999985	227.9
675	195.40912499999985	227.9
700	195.64062499999983	227.9
725	197.5018749999998	227.9
750	198.6528124999998	227.9
775	199.10406249999983	227.9
800	199.54781249999982	227.9
825	199.82406249999983	227.9
850	199.93812499999981	227.9
875	200.24312499999982	227.9
900	200.63781249999982	227.9
925	200.98156249999982	227.9
950	201.1918749999998	227.9
975	201.70187499999983	227.9
1000	201.83187499999983	227.9
1025	201.52218749999983	227.9
1050	201.46343749999983	227.9
1075	201.50343749999982	227.9
1100	201.08343749999983	227.9
1125	200.28343749999982	227.9
1150	201.2225781249998	227.9
1175	201.87257812499982	227.9
1200	201.45843749999983	227.9
1225	201.2984374999998	227.9
1250	201.8284374999998	227.9
1275	202.1434374999998	227.9
1300	202.5184374999998	227.9
1325	202.8634374999998	227.9
1350	203.0096874999998	227.9
1375	203.45968749999983	227.9
1400	203.45968749999983	227.9
1425	203.23312499999983	227.9
1450	202.59187499999982	227.9
1475	203.33468749999983	227.9
1500	204.14320312499981	227.9
1525	204.7169531249998	227.9
1550	204.75570312499983	227.9
1575	204.72570312499982	227.9
1600	205.05703124999982	227.9
1625	204.9770312499998	227.9
1650	205.23828124999983	227.9
1675	205.75460937499983	227.9
1700	205.79617187499983	227.9
1725	206.1871093749998	227.9
1750	206.32210937499983	227.9
1775	206.32210937499983	227.9
1800	206.10835937499982	227.9
1825	205.85335937499983	227.9
1850	205.9333593749998	227.9
1875	206.32585937499982	227.9
1900	206.15960937499983	227.9
1925	206.3096093749998	227.9
1950	206.73460937499982	227.9
1975	206.5883593749998	227.9
2000	206.86585937499981	227.9

Run 25
50	27.82800000000001	107.90000000000002
75	52.452000000000055	130.9
100	74.93325000000004	170.69999999999996
125	87.98600000000002	170.69999999999996
150	97.49456249999996	170.69999999999996
175	110.07406249999991	175.9
200	119.81181249999989	175.9
225	130.69406249999986	175.9
250	138.27199999999985	175.9
275	148.04874999999984	180.9
300	157.38193749999985	188.4
325	159.71818749999986	188.4
350	160.41718749999984	188.4
375	162.62968749999985	188.4
400	163.59943749999985	190.9
425	165.59493749999987	190.9
450	167.67593749999986	193.9
475	168.49493749999982	193.9
500	169.81493749999984	193.9
525	171.21799999999985	193.9
550	173.62424999999985	193.9
575	174.01174999999984	193.9
600	175.99118749999982	193.9
625	176.97118749999984	199.9
650	178.46899999999982	199.9
675	179.25024999999982	199.9
700	179.82149999999987	199.9
725	180.45274999999987	199.9
750	180.69524999999987	199.9
775	181.80449999999985	199.9
800	182.60599999999985	199.9
825	182.84724999999983	199.9
850	182.84724999999983	199.9
875	183.90849999999983	199.9
900	184.88849999999985	199.9
925	185.89537499999983	199.9
950	186.88037499999984	199.9
975	186.95412499999983	199.9
1000	188.6056249999998	204.9625
1025	188.95062499999983	204.9625
1050	188.95062499999983	204.9625
1075	188.87999999999982	204.9625
1100	188.9809374999998	204.9625
1125	189.0343749999998	204.9625
1150	189.7218749999998	204.9625
1175	191.18984374999982	204.9625
1200	191.32484374999981	204.9625
1225	191.66484374999982	204.9625
1250	191.78984374999982	204.9625
1275	191.5148437499998	204.9625
1300	191.7698437499998	204.9625
1325	191.91484374999982	204.9625
1350	192.2998437499998	204.9625
1375	192.38734374999981	204.9625
1400	192.75359374999982	204.9625
1425	192.71359374999983	204.9625
1450	192.7335937499998	204.9625
1475	191.8335937499998	204.9625
1500	192.8035937499998	204.9625
1525	193.34859374999982	204.9625
1550	194.02859374999983	219.9
1575	193.8585937499998	219.9
1600	194.4273437499998	219.9
1625	194.72859374999982	219.9
1650	194.85359374999982	219.9
1675	195.12859374999982	219.9
1700	195.26011718749982	219.9
1725	195.40136718749983	219.9
1750	195.4513671874998	219.9
1775	195.55636718749983	219.9
1800	195.7363671874998	219.9
1825	195.91136718749982	219.9
1850	196.09511718749982	219.9
1875	196.00859374999982	219.9
1900	196.06124999999983	219.9
1925	195.91499999999982	219.9
1950	195.91499999999982	219.9
1975	196.29749999999981	219.9
2000	196.2374999999998	219.9

Run 26
50	23.651999999999994	168.9
75	54.56500000000005	168.9
100	80.01775000000005	168.9
125	98.51768749999998	168.9
150	113.71862499999992	184.9
175	123.78999999999989	184.9
200	133.62374999999986	187.9
225	145.89781249999984	187.9
250	154.77609374999986	187.9
275	156.64468749999983	187.9
300	162.34070312499983	187.9
325	164.30570312499987	187.9
350	165.98539062499987	187.9
375	167.15671874999987	187.9
400	169.16984374999984	187.9
425	170.14984374999986	187.9
450	171.46406249999984	187.9
475	172.40531249999987	187.9
500	173.59710937499986	188.9
525	174.42054687499984	188.9
550	176.62093749999985	189.65
575	177.96624999999986	202.9
600	179.08124999999984	202.9
625	181.11085937499982	202.9
650	181.7398437499998	202.9
675	182.60609374999981	202.9
700	183.09609374999982	202.9
725	184.75734374999982	202.9
750	185.07109374999982	202.9
775	185.69109374999982	206.9
800	186.1110937499998	206.9
825	186.9065624999998	206.9
850	187.2478124999998	206.9
875	187.47906249999983	206.9
900	188.06906249999983	207.9
925	188.98187499999983	207.9
950	189.30187499999982	207.9
975	189.68812499999981	207.9
1000	189.95062499999983	207.9
1025	190.27062499999982	207.9
1050	190.34874999999982	207.9
1075	190.72874999999982	207.9
1100	190.97874999999982	207.9
1125	191.3768749999998	207.9
1150	191.80687499999982	207.9
1175	191.9118749999998	207.9
1200	192.04437499999983	207.9
1225	192.04437499999983	207.9
1250	192.1593749999998	207.9
1275	192.46937499999981	207.9
1300	192.58187499999983	207.9
1325	193.02187499999982	207.9
1350	193.18187499999982	207.9
1375	193.3374999999998	207.9
1400	193.8074999999998	207.9
1425	193.9274999999998	207.9
1450	193.9493749999998	207.9
1475	194.0993749999998	207.9
1500	194.11937499999982	207.9
1525	194.11937499999982	207.9
1550	194.46437499999982	207.9
1575	194.46437499999982	207.9
1600	194.5093749999998	207.9
1625	194.70437499999983	207.9
1650	194.70437499999983	207.9
1675	194.75062499999981	207.9
1700	194.8506249999998	207.9
1725	194.8506249999998	207.9
1750	194.42562499999983	207.9
1775	194.99562499999982	207.9
1800	195.0121874999998	207.9
1825	195.03468749999982	207.9
1850	194.99468749999983	207.9
1875	194.7543749999998	207.9
1900	194.6056249999998	207.9
1925	195.18812499999981	207.9
1950	195.27312499999982	207.9
1975	195.27312499999982	207.9
2000	195.29562499999983	207.9

Run 27
50	20.89199999999999	94.90000000000002
75	41.711000000000055	124.90000000000002
100	62.481250000000074	124.90000000000002
125	82.93375000000007	143.65
150	96.35874999999999	164.9
175	107.48968749999995	169.9
200	118.7849999999999	174.9
225	128.73093749999987	183.9
250	135.20718749999986	183.9
275	140.11312499999985	183.9
300	146.55312499999985	212.9
325	150.49093749999986	212.9
350	155.18468749999985	212.9
375	158.10554687499985	212.9
400	163.18835937499983	212.9
425	165.35335937499985	212.9
450	169.87710937499986	212.9
475	173.29460937499985	212.9
500	175.76624999999981	212.9
525	177.1437499999998	212.9
550	178.8624999999998	212.9
575	180.6524999999998	212.9
600	182.06874999999982	212.9
625	183.0187499999998	212.9
650	183.94874999999982	212.9
675	185.23531249999982	212.9
700	186.63156249999983	212.9
725	187.54656249999982	212.9
750	187.76656249999982	212.9
775	188.16156249999983	212.9
800	188.16156249999983	212.9
825	188.26656249999982	212.9
850	189.32031249999983	212.9
875	189.7203124999998	212.9
900	190.55156249999982	212.9
925	190.64531249999982	212.9
950	190.8969531249998	212.9
975	191.7753124999998	212.9
1000	192.55531249999981	212.9
1025	192.77031249999982	212.9
1050	193.01031249999983	212.9
1075	193.0653124999998	212.9
1100	193.32031249999983	212.9
1125	193.2803124999998	212.9
1150	193.75531249999983	212.9
1175	193.8403124999998	212.9
1200	193.44531249999983	212.9
1225	193.72781249999983	212.9
1250	194.70562499999983	212.9
1275	195.1956249999998	212.9
1300	195.21562499999982	212.9
1325	194.8231249999998	212.9
1350	195.36312499999983	212.9
1375	195.21812499999982	212.9
1400	195.21812499999982	212.9
1425	195.2231249999998	212.9
1450	194.95937499999982	212.9
1475	195.1112499999998	212.9
1500	195.8467187499998	212.9
1525	196.0642187499998	212.9
1550	196.0642187499998	212.9
1575	196.26421874999983	212.9
1600	196.8104687499998	212.9
1625	196.92671874999982	212.9
1650	196.07171874999983	212.9
1675	197.17671874999982	212.9
1700	197.17671874999982	212.9
1725	197.20546874999982	212.9
1750	197.92296874999982	222.9
1775	197.98296874999983	222.9
1800	198.41796874999983	222.9
1825	198.76296874999983	222.9
1850	199.0679687499998	222.9
1875	199.65046874999982	222.9
1900	199.8467187499998	222.9
1925	200.37171874999981	222.9
1950	201.07749999999982	226.65
1975	201.62249999999983	226.65
2000	201.85937499999983	226.65

Run 28
50	24.032000000000007	162.9
75	55.440000000000055	177.9
100	87.427	177.9
125	108.67424999999992	177.9
150	124.67656249999989	180.7125
175	139.12070312499986	189.9
200	145.32406249999985	189.9
225	155.94515624999983	189.9
250	160.61171874999982	189.9
275	165.96929687499986	197.38828125
300	171.42843749999986	197.38828125
325	175.03718749999985	197.9
350	176.75749999999985	197.9
375	179.62812499999984	197.9
400	180.56648437499982	197.9
425	181.87624999999983	197.9
450	183.37999999999982	197.9
475	184.5274999999998	197.9
500	185.41851562499983	197.9
525	185.66351562499983	197.9
550	186.04476562499983	197.9
575	186.8539843749998	200.9
600	187.2602343749998	200.9
625	188.0933593749998	200.9
650	188.56695312499983	200.9
675	188.79835937499982	200.9
700	188.87673828124983	200.9
725	189.44392578124982	201.9
750	189.59148437499982	201.9
775	189.9047656249998	201.9
800	189.80421874999982	201.9
825	190.55601562499982	204.9
850	190.7185156249998	204.9
875	190.85351562499983	204.9
900	190.92726562499982	204.9
925	190.7066406249998	204.9
950	190.67914062499983	204.9
975	190.67914062499983	204.9
1000	190.7991406249998	204.9
1025	191.3641406249998	204.9
1050	191.3641406249998	204.9
1075	191.56414062499982	204.9
1100	191.62234374999983	204.9
1125	191.69515624999983	204.9
1150	191.7714062499998	204.9
1175	191.60265624999982	204.9
1200	191.7789062499998	204.9
1225	191.8664062499998	204.9
1250	191.8664062499998	204.9
1275	191.8664062499998	204.9
1300	191.84890624999983	204.9
1325	192.08070312499981	204.9
1350	192.3657031249998	204.9
1375	192.3657031249998	204.9
1400	192.3657031249998	204.9
1425	192.18101562499982	204.9
1450	192.3410156249998	204.9
1475	192.3410156249998	204.9
1500	192.86007812499983	207.9
1525	192.9813281249998	207.9
1550	192.9513281249998	207.9
1575	193.02132812499983	207.9
1600	192.7913281249998	207.9
1625	193.06132812499982	207.9
1650	193.24632812499982	207.9
1675	193.34632812499981	207.9
1700	193.24632812499982	207.9
1725	193.48632812499983	207.9
1750	193.48632812499983	207.9
1775	193.43876953124982	207.9
1800	193.17632812499983	207.9
1825	193.6063281249998	207.9
1850	194.01476562499982	207.9
1875	194.01476562499982	207.9
1900	193.95476562499982	207.9
1925	193.83476562499982	207.9
1950	194.0897656249998	207.9
1975	194.2547656249998	207.9
2000	194.10476562499983	207.9

Run 29
50	28.20800000000002	114.90000000000002
75	58.18900000000005	169.9
100	81.92625000000005	176.9
125	97.48449999999997	176.9
150	107.89724999999993	176.9
175	117.12749999999991	176.9
200	123.00874999999989	176.9
225	131.5124999999999	184.9
250	135.62937499999987	184.9
275	140.07359374999984	184.9
300	145.35187499999986	184.9
325	149.33374999999987	184.9
350	153.24937499999984	184.9
375	154.19687499999986	184.9
400	156.61687499999985	188.9
425	159.08312499999985	227.9
450	159.61937499999985	227.9
475	160.99249999999984	227.9
500	161.86499999999984	227.9
525	162.58312499999982	227.9
550	166.19812499999986	227.9
575	168.29874999999984	227.9
600	169.51749999999984	227.9
625	169.90249999999986	227.9
650	170.85749999999985	227.9
675	172.81499999999986	227.9
700	173.13249999999985	227.9
725	172.95249999999984	227.9
750	174.47249999999985	227.9
775	175.67874999999987	227.9
800	176.04249999999985	227.9
825	177.4287499999998	227.9
850	177.76499999999982	227.9
875	178.75249999999983	227.9
900	179.49874999999983	227.9
925	179.7424999999998	227.9
950	179.3012499999998	227.9
975	179.72249999999983	227.9
1000	179.98406249999982	227.9
1025	179.98406249999982	227.9
1050	180.3165624999998	227.9
1075	181.08656249999981	227.9
1100	181.7215624999998	227.9
1125	182.3090624999998	227.9
1150	183.0940624999998	227.9
1175	184.08656249999981	227.9
1200	184.0746874999998	227.9
1225	184.2831249999998	227.9
1250	183.58312499999982	227.9
1275	184.86312499999983	227.9
1300	185.09312499999982	227.9
1325	185.70687499999983	227.9
1350	186.31187499999982	227.9
1375	186.1331249999998	227.9
1400	187.73812499999983	227.9
1425	187.73812499999983	227.9
1450	188.1281249999998	227.9
1475	189.6281249999998	227.9
1500	190.40312499999982	227.9
1525	190.5081249999998	227.9
1550	191.62374999999983	227.9
1575	192.15874999999983	227.9
1600	192.5849999999998	227.9
1625	192.90499999999983	227.9
1650	193.2281249999998	227.9
1675	193.35812499999983	227.9
1700	193.35812499999983	227.9
1725	193.77687499999982	227.9
1750	193.77687499999982	227.9
1775	194.57656249999982	227.9
1800	194.91156249999983	227.9
1825	195.27156249999982	227.9
1850	196.93562499999982	227.9
1875	196.93562499999982	227.9
1900	196.29937499999983	227.9
1925	196.45562499999983	227.9
1950	196.17312499999983	227.9
1975	197.00062499999981	227.9
2000	196.8037499999998	227.9

Run 30
50	25.94800000000001	115.90000000000002
75	55.31600000000007	117.15
100	79.71875000000007	126.90000000000002
125	92.35	153.025
150	104.40562499999994	154.9
175	110.62562499999993	154.9
200	119.06999999999991	173.65
225	125.68710937499989	173.65
250	130.6062499999999	173.65
275	135.16316406249987	173.65
300	139.41551757812488	173.65
325	144.17630859374987	173.65
350	146.83176757812487	173.65
375	149.59091796874986	173.65
400	151.28825195312484	173.65
425	152.75739257812486	179.9
450	154.87583007812486	179.9
475	157.18559570312485	188.9
500	159.78434570312484	198.65
525	161.47559570312484	198.65
550	162.39434570312483	198.65
575	165.34546874999987	198.65
600	165.83367187499985	198.65
625	166.10867187499986	198.65
650	166.90523437499985	198.65
675	168.09632812499984	198.65
700	168.50312499999984	198.65
725	169.18937499999984	198.65
750	169.24277343749986	198.65
775	170.46062499999985	198.9
800	171.43937499999984	198.9
825	172.28882812499987	198.9
850	173.95011718749984	198.9
875	174.76136718749984	198.9
900	176.18792968749986	198.9
925	176.70257812499986	198.9
950	177.22592773437486	198.9
975	177.68342773437485	198.9
1000	179.31057617187483	210.0875
1025	180.95776367187483	210.0875
1050	181.0933886718748	210.0875
1075	181.40932617187482	210.0875
1100	182.1183886718748	210.0875
1125	182.17499023437483	210.0875
1150	182.67499023437483	210.0875
1175	183.2912402343748	210.0875
1200	183.2912402343748	210.0875
1225	183.53784179687483	210.0875
1250	185.28784179687483	210.0875
1275	186.3753417968748	210.0875
1300	186.62694335937482	210.0875
1325	186.2006933593748	210.0875
1350	187.43694335937482	210.0875
1375	189.6115527343748	213.9
1400	189.7665527343748	213.9
1425	190.04686523437482	213.9
1450	190.54155273437482	213.9
1475	191.9693652343748	213.9
1500	192.39686523437481	213.9
1525	192.9706152343748	213.9
1550	194.38061523437483	213.9
1575	195.61851562499982	213.9
1600	196.17226562499982	213.9
1625	196.24226562499982	213.9
1650	196.86851562499982	213.9
1675	197.7144531249998	213.9
1700	197.0322656249998	213.9
1725	197.7772656249998	213.9
1750	197.89226562499982	213.9
1775	198.36101562499982	213.9
1800	198.5647656249998	213.9
1825	198.5647656249998	213.9
1850	198.32976562499982	213.9
1875	199.19476562499983	214.9
1900	199.3800781249998	214.9
1925	198.17632812499983	214.9
1950	200.50257812499981	217.9
1975	200.64257812499983	217.9
2000	201.51507812499983	217.9

