17	35.52873333333336	98.47333333333337
26	53.91617777777784	112.85333333333338
35	66.90381111111117	118.57333333333337
44	76.80735555555559	124.75333333333337
53	84.02495185185188	130.75666666666672
62	91.36894722222222	136.57833333333338
71	97.51258888888887	142.9833333333334
80	102.82019537037036	146.80333333333337
89	108.02766712962959	154.2530555555556
98	111.82618032407403	157.42638888888894
107	115.52480439814808	157.79305555555564
116	118.84499328703698	161.04888888888888
125	121.8512939814814	163.88222222222228
134	124.91282870370364	165.9316666666667
143	127.57429293981473	166.62833333333336
152	129.5079568287036	167.6366666666667
161	131.66355474537025	167.87
170	133.67751284722218	170.8166666666667
179	135.62632378472216	171.7166666666667
188	137.63815549768518	174.5833333333334
197	139.22692424768505	174.5833333333334
206	140.95969392361104	176.09666666666666
215	142.37860850694435	176.48000000000005
224	143.99727609953698	178.25916666666672
233	145.27086961805543	178.5925
242	146.31547563657398	178.82583333333338
251	147.23315856481472	178.82583333333338
260	148.5044826388888	179.6591666666667
269	149.417523611111	179.8591666666667
278	150.21707430555549	179.8591666666667
287	151.41888078703695	182.00000000000003
296	152.14500717592583	182.2666666666667
305	153.01796689814807	183.30000000000004
314	154.05674189814803	185.00000000000006
323	154.6955868055555	185.42000000000002
332	155.27169791666665	185.65333333333334
341	156.50608541666662	187.08
350	157.36332361111099	187.51333333333335
359	158.06832638888875	188.41333333333336
368	158.7209749999999	188.41333333333336
377	159.38066249999994	188.68
386	160.12685416666656	189.04
395	160.82805763888877	189.44
404	161.6885118055554	189.57333333333332
413	162.30349791666657	190.0533333333333
422	162.90905069444437	190.58666666666664
431	163.41905208333324	191.1533333333333
440	163.9599743055555	192.20666666666662
449	164.69317708333327	192.3733333333333
458	165.03018124999986	192.3733333333333
467	165.41130624999994	192.77333333333328
476	165.77193055555546	193.03999999999996
485	166.42068472222212	193.53999999999996
494	166.9017416666666	193.53999999999996
503	166.9843666666666	193.53999999999996
512	167.62688888888871	193.53999999999996
521	168.0303722222221	194.43999999999997
530	168.6065263888888	194.6941666666666
539	169.11573055555536	194.77749999999995
548	169.4836999999999	194.80416666666662
557	169.9926124999999	194.80416666666662
566	170.42347638888882	195.33749999999995
575	170.99696944444435	195.33749999999995
584	171.36180277777765	195.7833333333333
593	171.68963888888885	195.7833333333333
602	171.7607208333333	195.7833333333333
611	172.2394458333332	195.81666666666666
620	172.59600347222212	195.81666666666666
629	173.02216527777765	195.81666666666666
638	173.39885312499987	195.81666666666666
647	173.71477812499992	195.9833333333333
656	173.90301493055543	196.31666666666663
665	174.4203024305555	196.51666666666662
674	174.72800451388875	196.51666666666662
683	174.86330937499986	196.81666666666663
692	175.03465520833325	196.81666666666663
701	175.4596003472221	196.9833333333333
710	175.59099479166656	197.18333333333328
719	175.77066493055543	197.18333333333328
728	176.12221701388884	197.74999999999997
737	176.27454895833318	198.81666666666663
746	176.469936111111	198.81666666666663
755	176.76708055555542	200.08333333333331
764	177.14926059027766	200.14999999999998
773	177.33359583333325	200.14999999999998
782	177.60688263888875	200.14999999999998
791	177.68126076388873	200.1833333333333
800	178.00612118055545	200.1833333333333
809	178.258864236111	200.24999999999997
818	178.2302197916665	200.24999999999997
827	178.65152812499986	200.44999999999993
836	178.95601840277763	200.44999999999993
845	179.1647517361111	200.44999999999993
854	179.2980493055555	200.78333333333327
863	179.46358541666658	200.78333333333327
872	179.84446458333323	202.22999999999996
881	179.9325368055555	202.22999999999996
890	180.06577013888878	202.22999999999996
899	180.4433763888888	203.5022222222222
908	180.80869791666655	204.1022222222222
917	180.91370243055542	204.1022222222222
926	181.0362225694443	204.5022222222222
935	181.21414618055545	204.5022222222222
944	181.46778715277767	204.5022222222222
953	181.71126354166654	204.5022222222222
962	182.01520694444434	204.66888888888886
971	182.28036388888873	204.66888888888886
980	182.33536597222212	204.66888888888886
989	182.63100694444432	204.73555555555555
998	182.79417222222207	204.8022222222222
1007	183.10628749999987	205.20222222222222
1016	183.36505416666657	205.66888888888886
1025	183.52677152777767	205.66888888888886
1034	183.7063333333332	205.66888888888886
1043	183.833611111111	205.66888888888886
1052	184.049607986111	206.2022222222222
1061	184.2267343749999	206.2022222222222
1070	184.3376277777776	206.2022222222222
1079	184.3840670138887	206.2022222222222
1088	184.595286111111	206.2022222222222
1097	184.86465520833323	206.2022222222222
1106	184.95903576388875	206.2022222222222
1115	185.0651138888888	206.2022222222222
1124	185.26019722222205	206.54888888888888
1133	185.31061458333315	206.54888888888888
1142	185.25964791666652	206.54888888888888
1151	185.41208003472212	206.6822222222222
1160	185.6884369791666	207.41555555555553
1169	185.77796336805542	207.61555555555555
1178	185.980468923611	207.8822222222222
1187	186.1470140624999	208.04888888888888
1196	186.251700173611	208.04888888888888
1205	186.50272725694438	208.30999999999997
1214	186.63244392361102	208.30999999999997
1223	186.59487630208324	208.30999999999997
1232	186.5652582465277	208.30999999999997
1241	186.72005572916655	208.30999999999997
1250	186.902678298611	208.30999999999997
1259	187.11168663194437	208.4433333333333
1268	187.2534708333332	208.9433333333333
1277	187.36099583333325	209.14333333333332
1286	187.44117916666653	209.14333333333332
1295	187.6482145833332	209.80999999999997
1304	187.6895456597221	209.80999999999997
1313	187.67480260416656	209.80999999999997
1322	187.63582170138878	209.80999999999997
1331	187.82604670138878	210.07666666666665
1340	187.97524635416656	210.07666666666665
1349	187.97963940972204	210.07666666666665
1358	188.01391267361095	210.07666666666665
1367	188.05945538194428	210.10999999999999
1376	188.13917387152756	210.10999999999999
1385	188.24459097222203	210.20999999999998
1394	188.1933243055554	210.20999999999998
1403	188.50608402777763	211.14333333333332
1412	188.4975284722221	211.14333333333332
1421	188.51028472222208	211.14333333333332
1430	188.58302361111097	211.14333333333332
1439	188.67494496527763	211.14333333333332
1448	188.92878437499985	211.14333333333332
1457	189.0773208333332	211.14333333333332
1466	189.23111510416658	211.95999999999998
1475	189.42020954861098	211.9933333333333
1484	189.37853428819434	211.9933333333333
1493	189.277185329861	211.9933333333333
1502	189.43358715277765	211.9933333333333
1511	189.49546727430547	211.9933333333333
1520	189.6375575520832	211.9933333333333
1529	189.6844686631943	211.9933333333333
1538	189.72529956597205	211.9933333333333
1547	189.79145729166652	211.9933333333333
1556	189.8802257812499	211.9933333333333
1565	190.09805668402765	212.0133333333333
1574	190.31971197916653	212.2133333333333
1583	190.37687309027763	212.2133333333333
1592	190.3603046874999	212.2133333333333
1601	190.62436371527764	212.2133333333333
1610	190.4382859374999	212.2133333333333
1619	190.67450941840264	212.71333333333328
1628	190.79833546006932	212.7466666666666
1637	190.72821336805544	212.7466666666666
1646	190.86281197916648	212.7466666666666
1655	191.13270329861092	212.7466666666666
1664	191.2556553819443	212.87999999999997
1673	191.2644592013887	212.87999999999997
1682	191.29637239583315	212.9966666666666
1691	191.34050572916658	213.09666666666664
1700	191.25089843749987	213.09666666666664
1709	191.37203454861094	213.09666666666664
1718	191.50629357638874	213.09666666666664
1727	191.6326418402776	213.09666666666664
1736	191.78715190972207	213.09666666666664
1745	191.7386842013888	213.09666666666664
1754	191.81639531249985	213.09666666666664
1763	191.99271475694434	213.19666666666663
1772	192.06281085069435	213.19666666666663
1781	192.1278480034721	213.19666666666663
1790	192.27229800347212	213.4966666666666
1799	192.28711258680545	213.4966666666666
1808	192.2397341145832	213.4966666666666
1817	192.4083465277777	213.4966666666666
1826	192.62529374999983	213.4966666666666
1835	192.5421732638888	213.4966666666666
1844	192.5531072916665	213.4966666666666
1853	192.78273298611094	213.4966666666666
1862	192.7430652777776	213.4966666666666
1871	192.95618784722208	213.4966666666666
1880	192.8669563368055	213.4966666666666
1889	192.978014236111	213.4966666666666
1898	192.9164656249999	213.4966666666666
1907	193.00771701388877	213.4966666666666
1916	193.10200859374987	213.4966666666666
1925	193.04566822916652	213.4966666666666
1934	193.12115208333313	213.4966666666666
1943	193.23426918402765	213.4966666666666
1952	193.32637369791652	213.4966666666666
1961	193.25053758680545	213.4966666666666
1970	193.33754869791653	213.4966666666666
1979	193.41586467013875	213.4966666666666
1988	193.5987917534721	213.4966666666666
1997	193.67515225694427	213.4966666666666
2006	193.76865199652764	213.4966666666666
