Result Log
=== Config ===
runs per experiment = 30
fitness evals per run = 2000
seed = 531599446
log file = logs/bonus2b.log
solution file = solutions/bonus2b.sol
best world file = solutions/bonus2b.world
number of pac-men = 3
number of ghosts = 3
world width = 10
world height = 15
pill density = 50
wall density = 25
fruit spawning probability = .05
fruit score = 10
time multiplier = 2
pac-man population size = 50
ghost population size = 50
pac-man offspring per generation = 25
ghost offspring per generation = 25
multiple pac-men use one controller = false
multiple ghosts use one controller = true
max depth = 5
mutation chance = .5
pac-man parent selection method = 0
ghost parent selection method = 1
i-value = .2
j-value = .8
pac-man survival selection method = 1
ghost survival selection method = 0
tournament selection size = 15
parsimony penalty coefficient = .1
=== End Config ===
Run 1
50	34.797333333333334	103.16666666666667
75	61.29211111111108	173.9
100	72.62155555555555	173.9
125	87.39552777777779	173.9
150	100.1904444444444	173.9
175	103.5899236111111	173.9
200	106.67163888888885	173.9
225	111.59473611111109	173.9
250	117.5297673611111	173.9
275	120.25880902777773	173.9
300	122.42897569444443	173.9
325	122.47786458333331	173.9
350	123.82470833333329	173.9
375	126.19988541666662	173.9
400	126.38405208333332	173.9
425	129.59256944444442	173.9
450	129.64009722222224	173.9
475	129.64009722222224	173.9
500	129.6400972222222	173.9
525	131.6626944444444	173.9
550	133.12516666666662	173.9
575	135.75508333333335	173.9
600	136.1203888888889	173.9
625	137.42311458333333	173.9
650	137.42311458333336	173.9
675	138.1436597222222	173.9
700	138.1436597222222	173.9
725	137.95632638888887	173.9
750	137.95632638888887	173.9
775	138.6887743055555	173.9
800	139.10009374999998	173.9
825	138.75409374999998	173.9
850	138.75409374999998	173.9
875	139.00409374999998	173.9
900	138.94834027777773	173.9
925	139.25439583333332	173.9
950	139.05459374999998	173.9
975	138.60257291666667	173.9
1000	140.18143287037034	173.9
1025	140.11559953703704	173.9
1050	140.34809953703703	173.9
1075	140.41743287037036	173.9
1100	140.94593287037037	173.9
1125	142.1209282407407	173.9
1150	143.0180949074074	173.9
1175	143.18342824074077	173.9
1200	144.26487268518517	173.9
1225	144.2648726851852	173.9
1250	144.04878935185184	173.9
1275	144.09837268518515	173.9
1300	144.37087268518516	173.9
1325	144.1654560185185	173.9
1350	144.12726157407408	173.9
1375	144.32059490740738	173.9
1400	143.9745532407407	173.9
1425	144.13517824074074	173.9
1450	144.48862268518516	173.9
1475	144.41695601851848	173.9
1500	144.58509143518518	173.9
1525	144.58509143518515	173.9
1550	144.84733101851847	173.9
1575	145.37946990740735	173.9
1600	145.25946990740738	173.9
1625	144.43346990740739	173.9
1650	145.6878032407407	173.9
1675	145.66410532407406	173.9
1700	146.1492858796296	173.9
1725	146.0309247685185	173.9
1750	148.09037847222217	173.9
1775	148.09037847222217	173.9
1800	148.09037847222217	173.9
1825	148.1147534722222	173.9
1850	148.69975347222217	173.9
1875	148.69975347222217	173.9
1900	148.51242013888884	173.9
1925	149.22332754629625	173.9
1950	151.0497893518518	173.9
1975	151.65099768518513	173.9
2000	151.74442476851848	173.9

Run 2
50	34.576000000000015	89.56666666666668
75	61.95588888888885	123.4
100	81.31938888888888	129.5666666666667
125	94.57587499999995	129.5666666666667
150	99.72316666666667	129.5666666666667
175	102.63148611111112	129.5666666666667
200	110.10179166666661	139.20555555555555
225	112.56174999999998	139.20555555555555
250	114.30216666666664	139.20555555555555
275	118.56553009259254	139.20555555555555
300	120.29375231481482	139.20555555555555
325	121.01708564814817	139.20555555555555
350	123.60243287037038	139.20555555555555
375	125.89106944444445	144.23333333333335
400	127.50997685185186	149.65
425	129.0434606481481	149.65
450	130.15695601851846	149.65
475	130.15695601851846	149.65
500	130.15695601851849	149.65
525	132.9322789351852	160.9
550	133.01938310185184	160.9
575	133.01938310185184	160.9
600	133.57018865740739	160.9
625	135.43105671296297	160.9
650	135.43105671296297	160.9
675	135.41405671296295	160.9
700	135.41405671296295	160.9
725	135.2412789351852	160.9
750	136.1170659722222	160.9
775	135.53549045138888	160.9
800	135.6843113425926	160.9
825	136.0205497685185	160.9
850	137.07931134259258	160.9
875	136.93208912037034	160.9
900	137.10708912037032	160.9
925	136.86792245370364	160.9
950	137.40086689814814	160.9
975	137.60436689814816	160.9
1000	139.73331828703698	160.9
1025	139.75952662037034	160.9
1050	139.1195266203703	160.9
1075	139.40685995370367	160.9
1100	139.95385995370364	160.9
1125	139.994693287037	160.9
1150	140.09802662037032	160.9
1175	140.09802662037032	160.9
1200	140.307693287037	160.9
1225	140.30769328703698	160.9
1250	140.18519328703698	160.9
1275	140.62685995370373	160.9
1300	139.52935995370368	160.9
1325	140.32102662037033	160.9
1350	140.64805439814813	160.9
1375	142.4734710648148	165.23333333333335
1400	142.39069328703698	165.23333333333335
1425	143.00069328703702	165.23333333333335
1450	143.0523599537037	165.23333333333335
1475	143.05235995370367	165.23333333333335
1500	142.87137037037033	165.23333333333335
1525	142.87137037037036	165.23333333333335
1550	142.7478287037037	165.23333333333335
1575	142.90372376543206	165.23333333333335
1600	142.73372376543207	165.23333333333335
1625	142.82199537037036	165.23333333333335
1650	142.82199537037036	165.23333333333335
1675	144.10875462962966	165.23333333333335
1700	143.40208796296295	165.23333333333335
1725	144.41444907407407	165.23333333333335
1750	144.4144490740741	165.23333333333335
1775	144.4144490740741	165.23333333333335
1800	144.54111574074076	165.23333333333335
1825	144.91910185185188	165.23333333333335
1850	144.41510185185186	165.23333333333335
1875	145.07658333333336	165.23333333333335
1900	146.28394444444447	165.23333333333335
1925	145.97931481481487	165.23333333333335
1950	146.63727777777783	165.23333333333335
1975	146.72061111111114	165.23333333333335
2000	146.72061111111114	165.23333333333335

Run 3
50	31.765333333333338	75.36666666666667
75	46.527777777777764	77.15
100	55.150499999999994	84.36666666666666
125	70.08430555555555	146.23333333333335
150	73.66289583333334	146.23333333333335
175	81.38331250000005	146.23333333333335
200	86.30918750000001	146.23333333333335
225	92.00091145833333	146.23333333333335
250	98.04286979166663	146.23333333333335
275	102.188890625	146.23333333333335
300	107.86408506944441	146.23333333333335
325	112.00731944444446	146.23333333333335
350	114.75948611111107	146.23333333333335
375	115.06215277777775	146.23333333333335
400	118.86015277777774	168.9
425	120.42463888888886	168.9
450	121.88530555555552	168.9
475	125.86424999999994	168.9
500	128.71047222222217	168.9
525	132.08553472222218	168.9
550	132.24682638888882	168.9
575	136.22811805555548	180.23333333333335
600	143.46425694444437	180.23333333333335
625	146.03692361111104	180.23333333333335
650	151.46022222222217	180.23333333333335
675	153.7477222222222	180.23333333333335
700	154.00438888888885	180.23333333333335
725	156.27736111111108	180.23333333333335
750	156.51111111111106	180.23333333333335
775	156.51111111111106	180.23333333333335
800	156.35444444444443	180.23333333333335
825	158.08490972222216	180.23333333333335
850	158.6010208333333	180.23333333333335
875	158.60102083333328	180.23333333333335
900	162.08424999999997	180.23333333333335
925	162.01841666666664	180.23333333333335
950	163.2459166666666	180.23333333333335
975	163.20791666666662	180.23333333333335
1000	163.3855555555555	180.23333333333335
1025	163.10222222222217	180.23333333333335
1050	163.34847222222214	180.23333333333335
1075	164.16805555555547	180.23333333333335
1100	164.58305555555552	180.23333333333335
1125	165.2502777777777	180.23333333333335
1150	166.7374999999999	180.23333333333335
1175	167.79194444444434	180.23333333333335
1200	168.28083333333325	180.23333333333335
1225	167.7530555555555	180.23333333333335
1250	168.04972222222216	180.23333333333335
1275	168.83958333333328	181.10833333333332
1300	168.79374999999993	181.10833333333332
1325	169.22891666666663	181.10833333333332
1350	169.22891666666658	181.10833333333332
1375	169.22891666666658	181.10833333333332
1400	169.74291666666656	184.4
1425	169.74291666666662	184.4
1450	169.5384722222221	184.4
1475	169.5384722222221	184.4
1500	169.53847222222214	184.4
1525	169.10902777777773	184.4
1550	169.20694444444442	184.4
1575	169.29236111111106	184.4
1600	170.48680555555546	184.4
1625	171.22430555555547	184.4
1650	171.998986111111	184.4
1675	171.21487499999995	184.4
1700	172.81265277777769	184.4
1725	172.88431944444437	184.4
1750	173.00015277777774	184.4
1775	173.00015277777769	184.4
1800	173.91631944444435	184.4
1825	173.82465277777774	184.4
1850	174.06631944444433	184.4
1875	174.0663194444444	184.4
1900	174.98986111111105	184.4
1925	174.99652777777774	184.4
1950	175.20020833333328	184.4
1975	175.039375	184.4
2000	175.039375	184.4

Run 4
50	30.484000000000005	86.5
75	55.815111111111094	115.1
100	73.81349999999998	129.83333333333334
125	93.55872222222224	129.83333333333334
150	101.25488888888889	129.83333333333334
175	108.9150555555556	129.83333333333334
200	109.96172222222225	129.83333333333334
225	111.40805555555556	129.83333333333334
250	113.7287777777778	135.83333333333334
275	115.63561111111109	137.4
300	121.54083333333335	165.83333333333334
325	123.51420833333331	165.83333333333334
350	127.73498611111113	165.83333333333334
375	131.50298611111108	165.83333333333334
400	133.53525	165.83333333333334
425	133.53525	165.83333333333334
450	134.89741666666666	165.83333333333334
475	136.94797222222223	165.83333333333334
500	137.2025416666667	165.83333333333334
525	140.608837962963	165.83333333333334
550	141.39650462962965	165.83333333333334
575	143.08706790123458	165.83333333333334
600	144.2657926954732	165.83333333333334
625	144.7480045010288	165.83333333333334
650	146.73629308127573	172.0
675	146.86499678497944	172.0
700	146.9153671553498	172.0
725	146.84870048868316	172.0
750	146.630552340535	172.0
775	146.630552340535	172.0
800	149.31073752572019	172.0
825	148.99087641460903	172.0
850	149.65018197016462	172.0
875	149.57184863683133	172.0
900	149.69559863683128	172.0
925	149.69559863683128	172.0
950	149.69559863683128	172.0
975	150.6483382201646	172.0
1000	150.6374016203704	172.0
1025	153.14336458333332	172.0
1050	152.7611423611111	172.0
1075	153.12080902777782	172.0
1100	154.1477534722222	172.0
1125	154.14775347222223	172.0
1150	154.0684016203704	172.0
1175	154.6795590277778	172.0
1200	155.06789236111112	172.0
1225	155.02747569444443	172.0
1250	155.7602534722222	172.0
1275	155.98280902777776	172.0
1300	156.39678125	172.0
1325	156.39678125000003	172.0
1350	156.06001041666667	172.0
1375	155.87770717592596	172.0
1400	156.20127864583336	172.0
1425	156.47289236111112	172.0
1450	156.2762256944445	172.0
1475	156.93589236111112	172.0
1500	157.32949189814815	172.0
1525	157.47996412037037	172.0
1550	157.2884016203704	172.0
1575	156.85506828703703	172.0
1600	157.0104849537037	172.0
1625	158.6264363425926	181.5
1650	158.16232523148147	181.5
1675	158.77117939814812	181.5
1700	159.3370960648148	181.5
1725	159.53720023148148	181.5
1750	159.53720023148145	181.5
1775	159.6216446759259	181.5
1800	159.66164467592588	181.5
1825	159.66164467592588	181.5
1850	160.49020023148142	181.5
1875	162.39270023148143	188.5
1900	163.53509953703696	188.5
1925	163.77957870370363	188.5
1950	163.77957870370363	188.5
1975	164.24868981481478	188.5
2000	163.88868981481474	188.5

Run 5
50	35.834666666666664	67.23333333333333
75	46.64666666666669	67.23333333333333
100	55.23219444444444	96.96666666666667
125	64.66786111111108	96.96666666666667
150	73.16781944444443	112.43333333333332
175	77.24131944444444	112.43333333333332
200	85.39276388888888	116.93333333333334
225	87.61026157407406	116.93333333333334
250	90.09494907407407	116.93333333333334
275	95.50510937499996	116.93333333333334
300	99.72447222222222	120.09999999999998
325	101.96898437500002	120.09999999999998
350	105.94326041666667	123.65416666666665
375	112.16528428819441	143.8
400	119.40717795138886	188.30000000000004
425	125.57634649884258	188.30000000000004
450	129.04321932870374	188.30000000000004
475	135.33620648871525	188.30000000000004
500	136.63435232204858	188.30000000000004
525	139.20914171006945	188.30000000000004
550	139.96869089988428	188.30000000000004
575	145.5315242332176	188.30000000000004
600	146.3785674189815	188.30000000000004
625	148.67479271556715	188.30000000000004
650	148.67479271556712	188.30000000000004
675	149.1170519748264	188.30000000000004
700	151.63637565104165	188.30000000000004
725	153.54263943142357	188.30000000000004
750	153.54263943142357	188.30000000000004
775	153.81819498697914	188.30000000000004
800	155.48777832031246	188.30000000000004
825	155.58230143229167	188.30000000000004
850	155.8431116536458	188.30000000000004
875	155.7714384765625	188.30000000000004
900	155.65810514322916	188.30000000000004
925	156.62504958767357	188.30000000000004
950	156.62504958767363	188.30000000000004
975	156.85780186631945	188.30000000000004
1000	157.23269986979165	188.30000000000004
1025	157.1693665364583	188.30000000000004
1050	157.2690285373264	188.30000000000004
1075	157.1627785373264	188.30000000000004
1100	157.8665285373264	188.30000000000004
1125	158.70569520399306	188.30000000000004
1150	158.88600770399302	188.30000000000004
1175	158.36263964843747	188.30000000000004
1200	158.79777853732637	188.30000000000004
1225	159.50263964843745	188.30000000000004
1250	159.61263964843747	188.30000000000004
1275	159.50669986979162	188.30000000000004
1300	159.50669986979162	188.30000000000004
1325	160.50991276041663	188.30000000000004
1350	161.06992437065966	188.30000000000004
1375	161.00617437065966	188.30000000000004
1400	161.1850030381944	188.30000000000004
1425	160.98278081597218	188.30000000000004
1450	160.6944474826388	188.30000000000004
1475	162.36444748263884	188.30000000000004
1500	162.51911414930547	188.30000000000004
1525	162.07412282986104	188.30000000000004
1550	161.91911414930547	188.30000000000004
1575	162.53744748263884	188.30000000000004
1600	163.0161141493055	188.30000000000004
1625	163.10504933449067	188.30000000000004
1650	163.12338266782402	188.30000000000004
1675	163.6798641493055	188.30000000000004
1700	163.7015308159722	188.30000000000004
1725	163.8011720196759	188.30000000000004
1750	162.7878386863426	188.30000000000004
1775	163.53617201967592	188.30000000000004
1800	163.98561646412037	188.30000000000004
1825	163.72728313078704	188.30000000000004
1850	163.97067668547453	188.30000000000004
1875	164.2677600188079	188.30000000000004
1900	165.582283130787	188.30000000000004
1925	165.44561646412035	188.30000000000004
1950	165.79617201967594	188.30000000000004
1975	165.63142201967588	188.30000000000004
2000	167.38514192708328	188.30000000000004

Run 6
50	45.53066666666668	70.7
75	58.98233333333333	81.38333333333334
100	71.48508333333335	115.56666666666668
125	80.49125	116.56666666666668
150	90.25827777777775	144.9
175	101.49610416666663	144.9
200	110.54789583333331	146.5666666666667
225	115.29995833333332	146.5666666666667
250	120.65454166666665	146.9
275	121.5062083333333	146.9
300	123.29954166666661	146.9
325	124.84544444444438	146.9
350	126.9540555555555	146.9
375	127.47238888888886	146.9
400	128.1970069444444	146.9
425	129.80656249999996	146.9
450	129.8486458333333	146.9
475	131.42437499999997	146.9
500	131.57580729166662	146.9
525	133.8761197916666	147.9
550	134.19465277777775	147.9
575	134.76104166666664	147.9
600	134.7610416666666	147.9
625	134.7610416666666	147.9
650	134.84270833333332	147.9
675	137.80822048611108	155.23333333333335
700	138.2444907407407	155.23333333333335
725	140.7623726851851	155.23333333333335
750	140.7623726851851	155.23333333333335
775	141.48057581018517	155.23333333333335
800	141.99557581018513	156.23333333333335
825	143.48460358796288	156.23333333333335
850	144.373058449074	161.4
875	144.10305844907398	161.4
900	144.308058449074	161.4
925	144.19657407407402	161.4
950	144.29222511574065	161.4
975	145.49264178240736	161.4
1000	145.4413454861111	161.4
1025	145.44134548611103	161.4
1050	148.0081684027777	161.65
1075	147.8873350694444	161.65
1100	147.9863975694444	161.65
1125	147.94659722222215	161.65
1150	148.0085850694444	161.65
1175	146.81025173611107	161.65
1200	147.67456814236107	161.65
1225	148.11733506944432	161.65
1250	148.11733506944435	161.65
1275	148.13900173611103	161.65
1300	148.13900173611103	161.65
1325	147.71691840277774	161.65
1350	147.49858506944437	161.65
1375	148.85608506944436	161.65
1400	147.95497395833323	161.65
1425	149.40205729166655	161.65
1450	149.40205729166655	161.65
1475	148.78369791666657	161.65
1500	150.6316145833332	162.95078125
1525	150.35036458333323	162.95078125
1550	150.73809895833324	162.95078125
1575	151.1439322916666	162.95078125
1600	151.69782118055548	162.95078125
1625	151.2875086805555	162.95078125
1650	151.5761545138888	162.95078125
1675	151.3590711805555	162.95078125
1700	151.22445312499994	162.95078125
1725	150.8511197916666	162.95078125
1750	151.61903645833326	162.95078125
1775	152.49276909722218	162.95078125
1800	152.0619357638888	162.95078125
1825	151.9921180555555	162.95078125
1850	151.99211805555547	162.95078125
1875	152.62610243055548	162.95078125
1900	152.49724826388882	162.95078125
1925	152.08398003472215	162.95078125
1950	152.17058159722214	162.95078125
1975	152.79651909722213	162.95078125
2000	152.79651909722213	162.95078125

Run 7
50	40.861333333333334	110.23333333333335
75	56.625777777777785	110.23333333333335
100	71.52799999999999	112.23333333333335
125	87.44645370370368	131.92083333333335
150	98.36861111111111	131.92083333333335
175	103.9578726851852	131.92083333333335
200	107.27727546296295	131.92083333333335
225	113.92722685185187	144.5
250	117.47297916666672	144.5
275	121.98223611111116	144.5
300	127.32291666666663	153.23333333333335
325	132.07509027777778	162.5666666666667
350	138.92544791666668	162.5666666666667
375	141.67905902777778	166.98333333333332
400	144.92245486111108	166.98333333333332
425	147.89562760416666	167.23333333333335
450	148.86902690972224	167.23333333333335
475	150.84381857638888	167.23333333333335
500	151.19881857638885	167.23333333333335
525	153.74183398437498	168.5666666666667
550	153.8785006510417	168.5666666666667
575	155.45057009548617	168.5666666666667
600	155.7158409288195	168.5666666666667
625	156.88051106770837	168.5666666666667
650	158.75066731770835	168.5666666666667
675	159.47689127604167	168.5666666666667
700	160.40593098958337	168.5666666666667
725	160.52676432291665	168.5666666666667
750	162.29291015625	185.5666666666667
775	162.27916015625	185.5666666666667
800	162.8336078559028	185.5666666666667
825	162.92183702256943	185.5666666666667
850	163.16017035590278	185.5666666666667
875	163.86138563368058	185.5666666666667
900	163.86138563368056	185.5666666666667
925	164.59451063368056	185.5666666666667
950	164.59451063368058	185.5666666666667
975	164.59451063368056	185.5666666666667
1000	164.9452918836806	185.5666666666667
1025	164.72664605034723	185.5666666666667
1050	164.62539605034723	185.5666666666667
1075	164.3041460503472	185.5666666666667
1100	165.39057698567706	185.5666666666667
1125	165.31485324435766	185.5666666666667
1150	164.9489417860243	185.5666666666667
1175	165.20654595269093	185.5666666666667
1200	164.9937681749132	185.5666666666667
1225	165.59487928602425	185.5666666666667
1250	165.0498792860243	185.5666666666667
1275	165.04987928602432	185.5666666666667
1300	165.45519178602427	185.5666666666667
1325	165.40237928602428	185.5666666666667
1350	165.74131022135415	185.5666666666667
1375	165.42297688802086	185.5666666666667
1400	165.58297688802082	185.5666666666667
1425	165.19550292968745	185.5666666666667
1450	165.72161404079858	185.5666666666667
1475	165.72161404079856	185.5666666666667
1500	165.55341959635413	185.5666666666667
1525	165.55341959635413	185.5666666666667
1550	165.3259195963541	185.5666666666667
1575	165.64925292968746	185.5666666666667
1600	166.51276719835067	185.5666666666667
1625	166.51276719835067	185.5666666666667
1650	166.51276719835067	185.5666666666667
1675	167.15901719835065	185.5666666666667
1700	167.52957275390625	185.5666666666667
1725	167.3345727539063	185.5666666666667
1750	166.9404060872396	185.5666666666667
1775	167.15457275390628	185.5666666666667
1800	166.88401719835068	185.5666666666667
1825	168.38780192057288	185.5666666666667
1850	168.38780192057288	185.5666666666667
1875	168.70084988064235	185.5666666666667
1900	168.61329094780817	185.5666666666667
1925	168.2208498806423	185.5666666666667
1950	168.569660192419	185.5666666666667
1975	168.70043321397566	185.5666666666667
2000	168.7004332139757	185.5666666666667

Run 8
50	41.06933333333334	114.56666666666668
75	65.48699999999998	114.81666666666666
100	88.61699999999993	142.9
125	100.79709027777773	142.9
150	109.30277083333334	142.9
175	117.54426562499997	146.23333333333335
200	124.14150173611108	146.9
225	127.3339583333333	146.9
250	129.65149305555548	161.85833333333332
275	133.32494791666662	161.85833333333332
300	134.61296875	161.85833333333332
325	136.52258680555553	161.85833333333332
350	136.71404513888888	161.85833333333332
375	137.51217013888888	161.85833333333332
400	137.92791666666665	161.85833333333332
425	138.57599826388886	161.85833333333332
450	139.6067534722222	168.9
475	139.95154513888886	168.9
500	140.3507986111111	168.9
525	141.08005208333324	168.9
550	141.59921874999995	168.9
575	142.24866319444436	168.9
600	142.6932465277777	168.9
625	143.3251996527777	168.9
650	143.95203993055551	168.9
675	143.94789930555552	168.9
700	143.94789930555552	168.9
725	143.9728993055555	168.9
750	143.9975868055555	168.9
775	143.9675868055555	168.9
800	145.28713541666662	168.9
825	145.28734374999993	168.9
850	145.28734374999993	168.9
875	145.28734374999993	168.9
900	145.51027777777776	168.9
925	145.56559027777774	168.9
950	145.64551215277777	168.9
975	145.15217881944443	168.9
1000	146.53058159722224	168.9
1025	146.82391493055553	168.9
1050	147.8942274305555	168.9
1075	147.8942274305555	168.9
1100	147.8942274305555	168.9
1125	149.2329774305555	168.9
1150	149.33165798611108	168.9
1175	149.12165798611105	168.9
1200	149.1566579861111	168.9
1225	149.3328559027778	168.9
1250	149.3328559027778	168.9
1275	149.3328559027778	168.9
1300	149.33285590277777	168.9
1325	149.72620659722216	168.9
1350	150.01672743055553	168.9
1375	151.50016493055554	168.9
1400	152.2360677083333	168.9
1425	151.81440104166668	168.9
1450	152.13099826388887	168.9
1475	151.82099826388887	168.9
1500	151.68752604166664	168.9
1525	152.63369791666665	168.9
1550	152.76869791666667	168.9
1575	153.47028645833333	168.9
1600	153.22361979166664	168.9
1625	153.47611979166663	168.9
1650	153.2577864583333	168.9
1675	153.269453125	168.9
1700	153.26945312499996	168.9
1725	153.0127864583333	168.9
1750	153.2017447916666	168.9
1775	152.94080729166663	168.9
1800	152.81167534722218	168.9
1825	153.0102864583333	168.9
1850	154.3825086805555	168.9
1875	154.3825086805555	168.9
1900	154.38584201388886	168.9
1925	154.47504340277774	168.9
1950	154.49254340277776	168.9
1975	154.74868923611112	168.9
2000	154.7486892361111	168.9

Run 9
50	37.91333333333334	76.23333333333333
75	47.02655555555556	76.23333333333333
100	58.9865	83.23333333333333
125	69.76108333333336	100.23333333333335
150	75.6001527777778	102.56666666666666
175	78.42254166666663	102.56666666666666
200	84.76625694444441	110.7
225	90.28799305555555	123.9
250	95.06632638888885	123.9
275	98.88538194444448	123.9
300	101.90047453703701	123.9
325	104.0586412037037	123.9
350	105.10691203703703	123.9
375	107.51001388888886	129.9
400	109.72868055555557	129.9
425	111.239125	129.9
450	113.6422361111111	129.9
475	114.66365277777777	129.9
500	116.61818402777776	129.9
525	117.92444791666661	129.9
550	119.62751736111106	129.9
575	120.59735069444447	129.9
600	121.24979513888887	129.9
625	121.29046180555555	129.9
650	122.21419444444444	131.9
675	123.21852777777777	131.9
700	124.82880555555553	133.23333333333335
725	124.82880555555556	133.23333333333335
750	125.23053472222222	133.23333333333335
775	127.93247916666667	163.9
800	128.34877546296298	163.9
825	128.55988657407406	163.9
850	130.22794907407405	163.9
875	131.18989351851852	163.9
900	131.6359236111111	163.9
925	132.3327083333333	163.9
950	132.5163194444444	163.9
975	132.82298611111105	163.9
1000	133.0383194444444	163.9
1025	133.4163194444444	163.9
1050	134.3512239583333	163.9
1075	135.35814453124996	163.9
1100	137.02703342013882	163.9
1125	138.34536675347215	163.9
1150	139.49745008680554	163.9
1175	140.32455425347223	163.9
1200	141.52510980902778	163.9
1225	142.26885980902782	163.9
1250	145.33392708333338	163.9
1275	145.9246215277778	163.9
1300	146.02360590277783	163.9
1325	148.59227647569446	175.9
1350	148.43783203125	175.9
1375	148.45116536458335	175.9
1400	148.63227647569443	175.9
1425	150.89172092013888	175.9
1450	151.07277777777773	175.9
1475	151.2506944444444	175.9
1500	151.7418055555555	175.9
1525	151.78513888888887	175.9
1550	152.4472222222222	175.9
1575	154.59989149305554	175.9
1600	155.25513454861107	175.9
1625	155.83910373263885	175.9
1650	158.21773871527773	188.23333333333335
1675	158.52033130787032	188.23333333333335
1700	158.52172019675922	188.23333333333335
1725	158.9763035300925	188.23333333333335
1750	159.89612991898142	188.23333333333335
1775	159.89612991898142	188.23333333333335
1800	160.11390769675918	188.23333333333335
1825	160.01515769675922	188.23333333333335
1850	160.2192787905092	188.23333333333335
1875	160.44427879050923	188.23333333333335
1900	160.44427879050923	188.23333333333335
1925	161.24372323495365	188.23333333333335
1950	161.24372323495368	188.23333333333335
1975	161.24372323495368	188.23333333333335
2000	161.25205656828703	188.23333333333335

Run 10
50	26.921333333333333	52.03333333333334
75	45.71677777777778	89.90000000000002
100	55.75038888888886	89.90000000000002
125	65.83606944444446	105.43333333333332
150	73.79945833333333	115.56666666666668
175	81.52823263888891	120.23333333333335
200	86.32489930555556	120.23333333333335
225	91.4060798611111	120.23333333333335
250	100.29855555555552	134.9
275	106.13175000000001	134.9
300	110.21354861111115	134.9
325	110.3276979166667	134.9
350	111.45119791666666	134.9
375	113.1818333333333	134.9
400	114.10208333333335	134.9
425	114.76197222222227	134.9
450	116.19095833333334	134.9
475	116.03429166666666	134.9
500	117.12529166666667	134.9
525	117.45379166666663	134.9
550	117.53066666666663	134.9
575	118.56566666666666	134.9
600	119.63920833333331	134.9
625	119.89170833333334	134.9
650	120.85393055555552	134.9
675	121.29870833333337	134.9
700	121.29370833333333	134.9
725	121.52270833333333	134.9
750	121.43062499999996	134.9
775	121.75937499999998	134.9
800	122.08826388888885	134.9
825	121.60593055555555	134.9
850	121.72148611111106	134.9
875	122.26959722222219	134.9
900	122.18070833333336	134.9
925	122.59811574074072	134.9
950	123.5897824074074	134.9
975	123.70978240740735	134.9
1000	124.72117129629625	134.9
1025	125.71106018518516	134.9
1050	126.6491435185185	134.9
1075	126.9891435185185	136.4
1100	126.9380324074074	136.4
1125	127.80608796296292	136.4
1150	128.34925347222216	136.4
1175	128.36592013888884	136.4
1200	128.21582754629623	136.4
1225	129.14168402777776	162.4
1250	129.47279513888884	162.4
1275	128.9294618055555	162.4
1300	129.06279513888887	162.4
1325	128.66029513888887	162.4
1350	128.6077951388889	162.4
1375	128.8411284722222	162.4
1400	129.0905034722222	162.4
1425	128.3810358796296	162.4
1450	129.57675347222218	162.4
1475	130.25980902777778	162.4
1500	129.9264756944444	162.4
1525	129.92647569444443	162.4
1550	130.5326967592593	162.4
1575	130.3943634259259	162.4
1600	130.52565972222223	162.4
1625	129.85232638888888	162.4
1650	130.9328819444444	162.4
1675	130.28177083333333	162.4
1700	131.0031597222222	162.4
1725	131.00315972222222	162.4
1750	131.00315972222222	162.4
1775	131.0331597222222	162.4
1800	130.47980902777775	162.4
1825	130.78196180555554	162.4
1850	131.01758680555554	162.4
1875	131.0175868055555	162.4
1900	131.0175868055555	162.4
1925	131.01758680555554	162.4
1950	131.11508680555553	162.4
1975	131.05842013888886	162.4
2000	130.3700868055555	162.4

Run 11
50	49.869333333333316	99.56666666666668
75	61.12899999999999	99.56666666666668
100	69.46711111111107	99.56666666666668
125	77.85813888888885	140.3
150	93.53891666666662	141.55
175	100.38483333333332	141.55
200	103.43019444444444	141.55
225	107.37345138888891	141.55
250	111.18089583333337	141.55
275	113.46306250000004	141.55
300	117.94295833333335	141.55
325	120.3963449074074	141.55
350	121.89480324074074	141.55
375	123.15896990740742	141.55
400	123.99546990740744	141.55
425	125.64012962962967	141.55
450	126.02749074074076	141.55
475	129.33917824074078	175.30000000000004
500	133.99138657407414	179.8
525	134.7072303240741	179.8
550	136.1399976851852	179.8
575	140.22615046296292	179.8
600	143.34561805555552	179.8
625	144.38132175925924	179.8
650	144.91874884259258	179.8
675	145.95269097222223	179.8
700	147.01744097222223	179.8
725	147.19010763888892	179.8
750	150.07733159722227	179.8
775	150.07733159722227	179.8
800	150.02905381944447	179.8
825	151.5502204861112	179.8
850	152.6669427083334	179.8
875	153.32560937500008	179.8
900	154.37955034722228	179.8
925	154.8878836805556	179.8
950	156.29621701388893	179.8
975	156.13121701388894	179.8
1000	156.91462326388896	179.8
1025	158.36618923611115	179.8
1050	159.38052256944448	179.8
1075	159.33802256944446	179.8
1100	159.71018923611112	179.8
1125	159.71018923611115	179.8
1150	160.19693923611112	179.8
1175	159.81110590277783	179.8
1200	160.03749479166666	179.8
1225	161.0886059027778	179.8
1250	161.0678559027778	179.8
1275	161.22166145833336	179.8
1300	161.35966145833336	179.8
1325	161.39293923611112	179.8
1350	161.42627256944445	179.8
1375	162.43135590277782	179.8
1400	162.49018923611115	179.8
1425	162.49018923611115	179.8
1450	162.44206423611115	179.8
1475	162.49968923611112	179.8
1500	162.59317534722223	179.8
1525	162.59317534722229	179.8
1550	162.99134201388893	179.8
1575	163.30350868055555	179.8
1600	163.92052300347223	179.8
1625	164.02670355902777	179.8
1650	163.93741189236113	179.8
1675	164.02360633680556	179.8
1700	164.02360633680556	179.8
1725	164.00777300347224	179.8
1750	165.42242578124998	179.8
1775	165.97669661458335	179.8
1800	165.61836328125005	179.8
1825	165.2070299479167	179.8
1850	165.52461328125003	179.8
1875	165.70036328125002	179.8
1900	165.70036328125002	179.8
1925	165.36169661458334	179.8
1950	165.3150299479167	179.8
1975	165.3150299479167	179.8
2000	164.71208593750006	179.8

Run 12
50	44.80666666666668	99.09999999999998
75	61.24799999999996	99.09999999999998
100	71.28580555555554	99.09999999999998
125	79.32774999999998	112.90000000000002
150	85.92045833333333	119.9
175	90.06737499999997	119.9
200	93.22405555555557	119.9
225	93.72824999999999	119.9
250	97.73213888888884	119.9
275	98.3515833333333	119.9
300	98.23158333333329	119.9
325	102.35409722222221	123.23333333333335
350	106.91026388888888	130.275
375	108.40593055555553	130.275
400	110.9662592592592	130.275
425	114.12848148148147	138.65
450	114.15181481481481	138.65
475	115.53135185185185	138.65
500	117.12107407407407	144.5666666666667
525	118.09342592592591	144.5666666666667
550	119.5087037037037	146.3861111111111
575	120.07581018518516	146.3861111111111
600	120.1035185185185	146.3861111111111
625	120.76822337962956	146.3861111111111
650	121.75115393518514	146.3861111111111
675	122.02914004629625	146.3861111111111
700	122.05625115740737	146.3861111111111
725	122.55858912037034	146.3861111111111
750	123.87252430555554	146.3861111111111
775	124.1105798611111	146.3861111111111
800	123.76946874999996	146.3861111111111
825	124.67252430555551	146.3861111111111
850	127.58440393518518	159.5666666666667
875	127.81707060185187	159.5666666666667
900	127.91748726851853	159.5666666666667
925	128.27703587962958	159.5666666666667
950	128.54278125	159.5666666666667
975	129.59399421296294	159.5666666666667
1000	130.22300810185186	159.5666666666667
1025	130.15401157407408	159.5666666666667
1050	131.20817824074072	159.5666666666667
1075	131.46313657407407	159.5666666666667
1100	132.80987268518516	159.5666666666667
1125	135.22320601851845	162.5666666666667
1150	135.38076157407403	162.5666666666667
1175	136.25951157407403	162.5666666666667
1200	137.3735601851851	162.5666666666667
1225	137.94549074074067	162.5666666666667
1250	137.94549074074067	162.5666666666667
1275	137.9543101851851	162.5666666666667
1300	137.73826851851848	162.5666666666667
1325	137.73826851851848	162.5666666666667
1350	137.1716018518518	162.5666666666667
1375	138.14486574074073	162.5666666666667
1400	138.35069907407402	162.5666666666667
1425	138.22714351851846	162.5666666666667
1450	138.99797685185183	162.5666666666667
1475	139.60672685185185	162.5666666666667
1500	139.60672685185185	162.5666666666667
1525	139.17383796296295	162.5666666666667
1550	139.32872685185185	162.5666666666667
1575	139.2533935185185	162.5666666666667
1600	139.51672685185181	162.5666666666667
1625	139.6163101851852	162.5666666666667
1650	139.61631018518517	162.5666666666667
1675	140.33889351851852	162.5666666666667
1700	140.3388935185185	162.5666666666667
1725	140.07511574074073	162.5666666666667
1750	140.15622685185187	162.5666666666667
1775	139.89022685185185	162.5666666666667
1800	139.95314351851852	162.5666666666667
1825	142.4285046296296	162.5666666666667
1850	142.0676712962963	162.5666666666667
1875	142.0676712962963	162.5666666666667
1900	143.1520289351852	162.5666666666667
1925	143.64555671296296	162.5666666666667
1950	143.64555671296296	162.5666666666667
1975	144.03346412037038	162.5666666666667
2000	144.0577851080247	162.5666666666667

Run 13
50	31.95466666666666	67.56666666666668
75	36.92366666666667	67.56666666666668
100	47.159555555555556	78.4
125	60.62094444444442	114.56666666666668
150	75.90763888888887	130.9
175	88.08743518518517	130.9
200	93.13862962962962	130.9
225	94.58604629629626	130.9
250	99.45541666666666	130.9
275	102.88402777777776	130.9
300	107.7935277777778	138.65
325	110.26297222222223	138.65
350	115.16276388888888	142.11875
375	115.5496909722222	142.11875
400	117.90719097222218	142.11875
425	118.86875347222217	142.11875
450	120.43651388888883	142.11875
475	120.99771180555548	142.11875
500	122.74458333333332	142.11875
525	124.6263020833333	148.23333333333335
550	124.90416666666664	148.23333333333335
575	127.54789930555549	148.23333333333335
600	128.72029513888882	148.23333333333335
625	130.6967725694444	148.23333333333335
650	130.9582725694444	148.23333333333335
675	132.9884939236111	160.9
700	133.52164279513883	160.9
725	133.71460503472218	160.9
750	136.68745822482634	178.23333333333335
775	145.47080151367177	184.23333333333335
800	149.3792296210394	185.23333333333335
825	153.0896655815971	185.23333333333335
850	156.24219328986263	185.23333333333335
875	160.83830835130476	185.23333333333335
900	162.35670802646206	185.23333333333335
925	164.30484785291884	185.23333333333335
950	165.50445848761657	185.23333333333335
975	167.52751297505696	185.23333333333335
1000	168.70708416917591	185.23333333333335
1025	168.70875083584255	185.23333333333335
1050	168.47708416917587	185.23333333333335
1075	169.79536083475747	185.23333333333335
1100	172.22944928148058	195.9
1125	174.90519403245716	195.9
1150	175.97252399020726	195.9
1175	177.65377158270945	195.9
1200	179.02601306491425	195.9
1225	179.25380047268334	195.9
1250	179.32380047268336	195.9
1275	179.96143936157227	195.9
1300	179.96143936157227	195.9
1325	181.77302168782558	195.9
1350	181.96954946560334	195.9
1375	182.00371613227003	195.9
1400	182.0920494656033	195.9
1425	182.57038279893666	195.9
1450	182.50354946560333	195.9
1475	183.05938279893664	195.9
1500	183.0593827989366	195.9
1525	183.05938279893664	195.9
1550	184.92981160481773	210.4
1575	184.81603382703994	210.4
1600	184.90203382703993	210.4
1625	185.91411716037325	210.4
1650	185.8002282714844	210.4
1675	185.55606160481773	210.4
1700	185.09911716037328	210.4
1725	185.4074504937066	210.4
1750	185.46411716037323	210.4
1775	185.46495049370657	210.4
1800	185.8174504937066	210.4
1825	185.69411716037325	210.4
1850	187.14703382703993	210.4
1875	187.34258938259552	210.4
1900	187.16467271592882	210.4
1925	187.6788393825955	210.4
1950	187.4706912344474	210.4
1975	187.59106160481772	210.4
2000	187.59106160481772	210.4

Run 14
50	35.98666666666667	78.56666666666668
75	48.057111111111126	82.4
100	60.07263888888886	95.90000000000002
125	75.71791666666662	134.5666666666667
150	85.66161111111113	136.06666666666666
175	94.92002314814813	136.06666666666666
200	97.89137731481482	136.06666666666666
225	101.40943287037037	136.06666666666666
250	104.6566898148148	136.06666666666666
275	106.88093981481482	136.06666666666666
300	109.86556249999995	136.06666666666666
325	113.32643055555553	140.5666666666667
350	114.08273611111106	140.5666666666667
375	118.25596527777776	147.9
400	125.73400694444443	147.9
425	126.72017361111108	147.9
450	128.55545138888886	147.9
475	128.56545138888885	147.9
500	130.46970833333333	147.9
525	131.03127083333328	147.9
550	131.7181458333333	147.9
575	133.39043749999993	148.9
600	134.09863194444438	148.9
625	136.51002083333324	149.9
650	137.80946527777772	151.5666666666667
675	138.38269444444438	151.5666666666667
700	141.30552777777768	154.7
725	141.34552777777768	154.7
750	141.6842499999999	154.7
775	143.41616666666658	154.7
800	145.29324999999994	154.7
825	148.56467361111103	186.9
850	149.79200694444438	186.9
875	151.6547569444444	186.9
900	152.35674305555546	186.9
925	152.35674305555548	186.9
950	152.3567430555555	186.9
975	152.11440972222215	186.9
1000	151.86399305555545	186.9
1025	153.62152083333322	186.9
1050	153.62152083333322	186.9
1075	153.8166597222221	186.9
1100	153.8166597222221	186.9
1125	154.60832638888877	186.9
1150	154.22832638888877	186.9
1175	156.26722395833323	186.9
1200	156.57568749999993	186.9
1225	155.94943749999993	186.9
1250	156.53336111111102	186.9
1275	156.53336111111102	186.9
1300	156.53336111111102	186.9
1325	156.41902083333324	186.9
1350	156.8358541666666	186.9
1375	156.8358541666666	186.9
1400	156.89585416666657	186.9
1425	157.99321527777772	186.9
1450	157.9932152777777	186.9
1475	157.5332152777777	186.9
1500	157.24488194444442	186.9
1525	157.47127083333325	186.9
1550	157.12210416666662	186.9
1575	157.75571527777768	186.9
1600	157.8783194444444	186.9
1625	157.47165277777773	186.9
1650	157.7933194444444	186.9
1675	157.7933194444444	186.9
1700	160.1337430555555	192.9
1725	159.91332638888883	192.9
1750	160.21511458333325	192.9
1775	159.69478124999995	192.9
1800	160.72911458333328	192.9
1825	159.86086458333327	192.9
1850	159.57887152777775	192.9
1875	159.55847222222218	192.9
1900	159.93642013888882	192.9
1925	159.78913194444442	192.9
1950	159.85913194444439	192.9
1975	159.88246527777773	192.9
2000	160.0078645833333	192.9

Run 15
50	40.83466666666669	112.56666666666668
75	60.07011111111108	112.56666666666668
100	76.2565	112.56666666666668
125	87.25604166666666	123.4
150	94.40505555555553	123.4
175	101.63072222222219	141.23333333333335
200	110.42313888888889	141.23333333333335
225	113.24874999999999	141.23333333333335
250	115.8259722222222	141.23333333333335
275	118.55416666666667	141.23333333333335
300	119.85416666666669	141.23333333333335
325	122.03402777777774	141.23333333333335
350	124.18444444444441	141.23333333333335
375	127.64874999999992	155.5666666666667
400	130.71708333333328	155.5666666666667
425	131.00374999999994	155.5666666666667
450	132.37531249999995	155.5666666666667
475	134.38423611111105	155.5666666666667
500	135.90159722222222	157.9
525	136.19659722222218	157.9
550	139.92961805555552	167.4
575	140.79489583333327	167.4
600	140.46142361111106	167.4
625	142.41350694444444	167.4
650	145.3574652777778	179.4
675	148.03510416666668	179.4
700	148.39413194444444	179.4
725	149.6869097222222	179.4
750	149.7596875	179.4
775	152.64086805555553	179.4
800	153.08003472222217	179.4
825	153.3433680555555	179.4
850	154.18870138888883	179.4
875	155.32838888888884	179.4
900	155.61644444444437	179.4
925	154.84977777777772	179.4
950	155.36998611111105	179.4
975	156.7372777777777	179.4
1000	158.12798611111106	179.4
1025	159.210486111111	179.4
1050	159.6649305555555	179.4
1075	162.09861111111104	179.4
1100	163.23506944444435	179.4
1125	163.4794444444443	179.4
1150	164.18048611111098	179.4
1175	164.18048611111098	179.4
1200	164.18048611111098	179.4
1225	164.50798611111102	179.4
1250	165.9388749999999	188.9
1275	165.8138749999999	188.9
1300	165.8813749999999	188.9
1325	165.7672777777777	188.9
1350	165.70887499999986	188.9
1375	167.19727777777769	188.9
1400	167.52845833333325	188.9
1425	167.7681805555555	188.9
1450	167.8281805555555	188.9
1475	168.71151388888882	188.9
1500	168.71151388888885	188.9
1525	168.15318055555548	188.9
1550	168.11755555555547	188.9
1575	168.3940138888888	188.9
1600	169.1081805555555	188.9
1625	168.7431805555555	188.9
1650	169.37623611111107	188.9
1675	169.23401388888888	188.9
1700	170.0756805555555	188.9
1725	170.33595833333325	188.9
1750	170.08845833333328	188.9
1775	170.4184583333333	188.9
1800	170.41845833333326	188.9
1825	170.67179166666656	188.9
1850	170.69512499999993	188.9
1875	170.44324999999992	188.9
1900	170.44324999999992	188.9
1925	170.38474999999994	188.9
1950	170.2707499999999	188.9
1975	170.35574999999994	188.9
2000	170.54686111111104	188.9

Run 16
50	31.75733333333334	83.23333333333333
75	44.71833333333335	83.23333333333333
100	52.495472222222226	85.23333333333333
125	61.7561388888889	108.23333333333335
150	73.5071388888889	117.90000000000002
175	75.46847222222223	117.90000000000002
200	80.01205555555555	117.90000000000002
225	84.62038888888887	117.90000000000002
250	87.35016666666667	117.90000000000002
275	90.97780555555553	117.90000000000002
300	94.43635185185188	123.12453703703704
325	96.76926851851853	123.12453703703704
350	100.75685185185185	132.5666666666667
375	103.00568518518521	132.5666666666667
400	103.59124074074077	132.5666666666667
425	105.32060185185192	132.5666666666667
450	108.22149074074076	164.4
475	109.89641666666667	164.4
500	113.07960185185182	164.4
525	114.36015740740739	164.4
550	115.14237962962962	164.4
575	117.80299074074074	164.4
600	119.01660185185189	164.4
625	119.12252777777778	164.4
650	120.1658611111111	164.4
675	120.70419444444443	164.4
700	120.70127777777775	164.4
725	121.4651574074074	164.4
750	121.69737962962961	164.4
775	122.49154629629629	164.4
800	122.54571296296294	164.4
825	122.64404629629625	164.4
850	122.82954629629627	164.4
875	123.29621296296291	164.4
900	123.55306481481477	164.4
925	123.36797222222218	164.4
950	123.59436111111113	164.4
975	123.8693611111111	164.4
1000	125.53741666666662	164.4
1025	125.31741666666665	164.4
1050	125.36093518518516	164.4
1075	126.45513888888885	164.4
1100	126.79847222222217	164.4
1125	126.83041666666662	164.4
1150	126.83041666666662	164.4
1175	126.72041666666664	164.4
1200	126.72041666666664	164.4
1225	127.53662037037037	164.4
1250	128.35384259259257	164.4
1275	128.9925925925926	164.4
1300	128.67738425925924	164.4
1325	129.19064814814814	164.4
1350	130.47898148148144	164.4
1375	130.2256481481481	164.4
1400	130.9204398148148	164.4
1425	131.11657407407404	164.4
1450	131.11657407407404	164.4
1475	132.3893518518518	164.4
1500	132.31685185185185	164.4
1525	132.76122685185183	164.4
1550	132.76122685185183	164.4
1575	132.24122685185182	164.4
1600	132.2440972222222	164.4
1625	133.06826388888885	164.4
1650	133.06826388888882	164.4
1675	134.16076388888885	164.4
1700	136.42909722222217	165.9
1725	136.4290972222222	165.9
1750	136.4290972222222	165.9
1775	136.3940972222222	165.9
1800	136.47409722222218	165.9
1825	136.47409722222218	165.9
1850	136.47409722222218	165.9
1875	135.88354166666662	165.9
1900	136.17243055555554	165.9
1925	136.26659722222217	165.9
1950	136.26659722222215	165.9
1975	136.00909722222215	165.9
2000	136.25576388888888	165.9

Run 17
50	34.733333333333356	69.9
75	52.622333333333344	97.56666666666668
100	66.97372222222221	144.5666666666667
125	82.09704166666667	144.5666666666667
150	88.48826388888888	144.5666666666667
175	97.20044907407404	144.5666666666667
200	102.05540277777774	144.5666666666667
225	108.9417083333333	144.5666666666667
250	110.67226388888888	144.5666666666667
275	113.57386574074071	144.5666666666667
300	117.2525462962963	144.5666666666667
325	120.37500000000001	144.5666666666667
350	122.94277777777775	144.5666666666667
375	124.60774305555559	144.5666666666667
400	129.66972916666663	145.5666666666667
425	129.66972916666663	145.5666666666667
450	130.13408333333328	145.5666666666667
475	130.25352777777772	145.5666666666667
500	130.91797222222218	148.4
525	132.0401267361111	148.4
550	131.87355555555553	148.4
575	132.13846006944442	148.4
600	133.90367057291667	151.5666666666667
625	134.24425390624998	151.5666666666667
650	134.34842057291664	151.5666666666667
675	134.48842057291668	151.5666666666667
700	135.63383723958333	151.5666666666667
725	136.82805642361106	151.5666666666667
750	136.76805642361106	151.5666666666667
775	137.13755642361104	151.5666666666667
800	138.0601368272569	151.5666666666667
825	138.3245534939236	151.5666666666667
850	138.96122016059024	151.5666666666667
875	138.96122016059024	151.5666666666667
900	139.20538682725694	151.5666666666667
925	138.8251003689236	151.5666666666667
950	138.8166681134259	151.5666666666667
975	138.80768663194442	151.5666666666667
1000	139.92216579861108	151.5666666666667
1025	140.37091579861107	151.5666666666667
1050	141.1102213541666	151.5666666666667
1075	141.4057769097222	151.5666666666667
1100	141.62283420138883	151.5666666666667
1125	141.79963975694437	151.5666666666667
1150	141.79963975694437	151.5666666666667
1175	142.1996397569444	151.5666666666667
1200	142.40880642361108	151.5666666666667
1225	141.96213975694442	151.5666666666667
1250	142.51547309027777	151.5666666666667
1275	142.50338975694444	151.5666666666667
1300	142.50338975694444	151.5666666666667
1325	142.3367230902778	151.5666666666667
1350	143.90366753472222	162.9
1375	143.90366753472222	162.9
1400	143.8357508680555	162.9
1425	143.86019531249997	162.9
1450	145.2436138237847	162.9
1475	144.98361382378474	162.9
1500	146.84653049045136	166.9
1525	146.85288465711804	166.9
1550	149.930540907118	194.23333333333335
1575	150.37021158854165	194.23333333333335
1600	150.19510742187495	194.23333333333335
1625	151.6437664116753	194.23333333333335
1650	153.37918307834198	194.23333333333335
1675	153.44584974500864	194.23333333333335
1700	153.35751641167533	194.23333333333335
1725	154.65353651258675	194.23333333333335
1750	154.9522098795572	194.23333333333335
1775	154.87554321289053	194.23333333333335
1800	155.04720987955722	194.23333333333335
1825	155.86387654622388	194.23333333333335
1850	155.86387654622388	194.23333333333335
1875	156.7672592502169	194.23333333333335
1900	158.09392591688362	194.23333333333335
1925	158.77271063910584	194.23333333333335
1950	158.9547939724392	194.23333333333335
1975	160.2841689724392	194.23333333333335
2000	160.51382893880208	194.23333333333335

Run 18
50	41.473333333333336	91.90000000000002
75	59.04344444444443	98.90000000000002
100	63.17716666666667	98.90000000000002
125	74.12166666666666	119.56666666666668
150	84.55391666666667	119.56666666666668
175	93.19563888888892	126.56666666666668
200	96.47014814814817	126.56666666666668
225	98.01731481481485	126.56666666666668
250	102.78775925925926	126.90000000000002
275	104.93097222222217	126.90000000000002
300	107.7661111111111	147.4
325	111.86472222222223	149.9
350	115.80200925925925	175.4
375	117.60499537037036	175.4
400	120.20235648148153	175.4
425	120.79214120370376	175.4
450	120.86182870370374	175.4
475	123.64810185185188	175.4
500	124.45390740740744	175.4
525	125.40420254629633	175.4
550	126.1474403935185	175.4
575	130.13247800925922	175.4
600	131.57051186342593	175.4
625	131.87642332175923	175.4
650	132.52330179398143	175.4
675	133.9171611689814	175.4
700	134.66833786651233	175.4
725	135.40823369984565	175.4
750	135.76807093942895	175.4
775	135.59907093942894	175.4
800	136.8644094810956	175.4
825	138.56404489776224	175.4
850	139.21586260609558	175.4
875	141.00097487461414	175.4
900	141.33930820794743	175.4
925	141.3909748746141	175.4
950	141.58430820794746	175.4
975	141.981096884645	175.4
1000	141.7559991480195	175.4
1025	143.25381823881165	175.4
1050	144.93519555362647	175.4
1075	145.15894555362647	175.4
1100	145.41144555362652	175.4
1125	145.97987678433634	175.4
1150	147.06956753954466	175.4
1175	148.30486436631938	175.4
1200	148.3048643663194	175.4
1225	148.4022601996527	175.4
1250	149.6626768663194	175.4
1275	149.26934353298603	175.4
1300	149.26934353298603	175.4
1325	149.13734353298608	175.4
1350	149.75337131076384	175.4
1375	149.52523328993047	175.4
1400	149.5252332899305	175.4
1425	149.29564995659717	175.4
1450	149.80117078993047	175.4
1475	149.8421082899305	175.4
1500	149.94419162326386	175.4
1525	150.31700412326384	175.4
1550	150.7647819010416	175.4
1575	150.76478190104163	175.4
1600	150.6903027343749	175.4
1625	150.83208658854159	175.4
1650	150.4723990885416	175.4
1675	151.6634407552083	175.4
1700	151.99385742187494	175.4
1725	151.99385742187494	175.4
1750	151.63469075520828	175.4
1775	152.59614908854164	175.4
1800	152.5961490885416	175.4
1825	152.23614908854165	175.4
1850	151.96948242187491	175.4
1875	151.87781575520827	175.4
1900	153.64781575520826	175.4
1925	153.64781575520828	175.4
1950	153.64781575520826	175.4
1975	153.64781575520823	175.4
2000	153.2568652343749	175.4

Run 19
50	34.289333333333346	80.9
75	58.23311111111109	121.56666666666668
100	73.55480555555555	121.56666666666668
125	83.57611111111112	121.56666666666668
150	90.76680555555555	121.56666666666668
175	97.19175	133.5666666666667
200	100.34184259259258	133.5666666666667
225	103.08819675925925	133.5666666666667
250	105.98810648148148	133.5666666666667
275	108.29247685185183	133.5666666666667
300	108.9460324074074	133.5666666666667
325	109.38003761574073	133.5666666666667
350	111.22660011574071	133.5666666666667
375	115.36326157407402	141.5
400	117.72418344907399	141.5
425	119.58220428240736	141.5
450	119.64712615740738	141.5
475	121.40855208333329	141.5
500	121.68744097222219	141.5
525	123.63285243055554	141.5
550	124.32049131944441	141.5
575	125.59299131944441	141.5
600	126.85817650462963	141.5
625	129.41817650462963	162.23333333333335
650	129.4338431712963	162.23333333333335
675	129.58217650462964	162.23333333333335
700	129.51078761574072	162.23333333333335
725	130.74731539351853	162.23333333333335
750	131.02656018518525	162.23333333333335
775	130.8565601851852	162.23333333333335
800	132.34800462962968	162.23333333333335
825	132.14133796296304	162.23333333333335
850	132.18633796296302	162.23333333333335
875	131.90800462962966	162.23333333333335
900	131.94175462962966	162.23333333333335
925	132.94717129629632	162.23333333333335
950	132.94717129629635	162.23333333333335
975	133.17883796296303	162.23333333333335
1000	134.52633796296297	162.23333333333335
1025	136.15786574074073	162.23333333333335
1050	136.56004166666665	162.23333333333335
1075	136.13781944444446	162.23333333333335
1100	136.6539305555555	162.23333333333335
1125	136.65393055555552	162.23333333333335
1150	137.36454166666664	162.23333333333335
1175	138.04684722222214	162.23333333333335
1200	137.53601388888882	162.23333333333335
1225	137.96101388888883	162.23333333333335
1250	137.96101388888889	162.23333333333335
1275	138.96768055555552	162.23333333333335
1300	138.96768055555552	162.23333333333335
1325	138.96768055555552	162.23333333333335
1350	139.7504583333333	162.23333333333335
1375	139.73212499999994	162.23333333333335
1400	139.85962499999997	162.23333333333335
1425	140.3962916666666	162.23333333333335
1450	140.82990277777773	162.23333333333335
1475	140.75323611111108	162.23333333333335
1500	140.75323611111108	162.23333333333335
1525	140.61490277777773	162.23333333333335
1550	140.70990277777773	162.23333333333335
1575	141.0132361111111	162.23333333333335
1600	140.6865694444444	162.23333333333335
1625	141.32712499999997	162.23333333333335
1650	141.32712499999997	162.23333333333335
1675	142.04743749999997	171.9
1700	141.77910416666668	171.9
1725	141.6107708333333	171.9
1750	141.91325925925923	171.9
1775	142.02306249999998	171.9
1800	141.30695138888888	171.9
1825	141.85639583333332	171.9
1850	141.08278472222221	171.9
1875	141.29528472222216	171.9
1900	141.34695138888884	171.9
1925	141.86695138888882	171.9
1950	141.86695138888888	171.9
1975	141.87861805555553	171.9
2000	142.26486805555552	171.9

Run 20
50	40.55200000000001	79.9
75	53.56477777777778	105.9
100	62.37033333333332	105.9
125	71.07041666666666	117.8125
150	82.04649999999998	117.90000000000002
175	92.63111979166666	134.16666666666666
200	97.85674479166664	134.16666666666666
225	101.65480208333332	134.16666666666666
250	104.69233159722224	134.16666666666666
275	109.36341319444446	136.3
300	112.01105381944444	142.16666666666666
325	114.79579513888885	142.16666666666666
350	115.56087847222216	142.16666666666666
375	115.99965624999997	142.16666666666666
400	118.03665624999994	142.16666666666666
425	119.85670254629628	142.16666666666666
450	120.97704050925925	142.16666666666666
475	121.39015856481483	142.16666666666666
500	121.98245717592592	142.16666666666666
525	126.1315422453704	163.5666666666667
550	127.7580335648148	163.5666666666667
575	130.55351427469137	163.5666666666667
600	131.59687075617282	163.5666666666667
625	132.85933307613166	163.5666666666667
650	133.2990275205761	163.5666666666667
675	134.01827752057605	163.5666666666667
700	134.71206311085385	163.5666666666667
725	136.6698260352366	163.5666666666667
750	140.90069184027774	177.0
775	140.95310069444443	177.0
800	143.0235234375	177.0
825	143.28395182291663	177.0
850	143.0457747395833	177.0
875	143.80347786458333	177.0
900	145.85875564236107	177.0
925	147.46120703124998	177.0
950	147.8702139756944	177.0
975	149.3361687282986	177.0
1000	149.33616872829862	177.0
1025	150.48105761718747	177.0
1050	151.7929117838542	177.0
1075	152.49507421875	177.0
1100	156.08890277777778	183.4
1125	156.98362499999996	183.4
1150	156.98362499999996	183.4
1175	156.64626388888885	183.4
1200	156.8304861111111	183.4
1225	156.9467361111111	183.4
1250	157.13590277777774	183.4
1275	157.13590277777774	183.4
1300	157.48556944444442	183.4
1325	157.81556944444444	183.4
1350	157.35056944444443	183.4
1375	157.65773611111106	183.4
1400	158.00273611111106	183.4
1425	157.8546892361111	183.4
1450	158.03246701388886	183.4
1475	157.86463368055556	183.4
1500	159.2960225694444	183.4
1525	159.06501316550924	183.4
1550	159.33559418402777	183.4
1575	159.96895605468745	183.4
1600	160.14224309172448	183.4
1625	160.14224309172448	183.4
1650	160.14224309172448	183.4
1675	159.52663599537033	183.4
1700	160.67580266203703	183.4
1725	160.5056203703703	183.4
1750	160.50562037037034	183.4
1775	161.05106383825228	183.4
1800	161.05106383825225	183.4
1825	162.2741193938078	183.4
1850	161.8466193938078	183.4
1875	162.26828606047448	183.4
1900	161.08694578269672	183.4
1925	162.65027911603002	183.4
1950	162.68877520978003	183.4
1975	162.43252520978004	183.4
2000	162.20783770978002	183.4

Run 21
50	38.34400000000001	84.56666666666668
75	61.96466666666667	133.4
100	75.00733333333329	133.4
125	83.9560833333333	133.4
150	89.62152777777774	133.4
175	91.95497222222221	133.4
200	95.30507638888893	133.4
225	98.89957638888887	133.4
250	99.99275694444447	133.4
275	100.90834027777777	133.4
300	103.07488194444444	133.4
325	103.54796527777776	133.4
350	108.23021354166669	133.4
375	109.81943576388892	133.4
400	112.35626909722225	133.4
425	114.22229687500001	133.4
450	114.81845616319448	133.4
475	115.87375520833336	133.4
500	116.31953298611114	133.4
525	119.42183810763889	133.4
550	120.46090017361112	133.4
575	120.62138975694447	133.4
600	122.54897352430551	136.51666666666668
625	123.8623219401041	136.51666666666668
650	124.89408582899303	137.43333333333334
675	125.31876128472223	137.43333333333334
700	125.32242795138887	137.43333333333334
725	125.63884461805554	137.43333333333334
750	125.82851128472223	137.43333333333334
775	126.62293532986112	137.43333333333334
800	126.95661588541667	137.43333333333334
825	127.34687326388892	137.43333333333334
850	128.88315104166665	139.45416666666668
875	129.14828993055553	139.45416666666668
900	132.03105555555558	160.4333333333333
925	132.33722048611114	160.4333333333333
950	135.1786979166667	160.4333333333333
975	138.06007465277776	160.4333333333333
1000	139.09896354166665	160.4333333333333
1025	140.60276909722222	160.4333333333333
1050	140.52760243055553	160.4333333333333
1075	140.52760243055553	160.4333333333333
1100	141.79868402777774	160.4333333333333
1125	142.25053125	160.4333333333333
1150	146.76754513888883	178.4
1175	146.97746701388888	178.4
1200	147.2806701388889	178.4
1225	147.61017013888886	178.4
1250	148.13336458333336	178.4
1275	148.13519791666667	178.4
1300	148.16225347222223	178.4
1325	148.16225347222223	178.4
1350	150.43122569444446	178.4
1375	150.59096875	178.4
1400	150.59096875	178.4
1425	151.6642534722222	178.4
1450	151.84867013888888	178.4
1475	152.9361145833333	178.4
1500	152.67567013888885	178.4
1525	152.90489930555552	178.4
1550	152.86489930555553	178.4
1575	152.70059201388884	178.4
1600	152.73556597222216	178.4
1625	152.39889930555555	178.4
1650	152.39889930555555	178.4
1675	152.4545659722222	178.4
1700	152.45456597222218	178.4
1725	154.86738078703704	178.4
1750	154.55071412037034	178.4
1775	154.49066782407405	178.4
1800	154.5400011574074	178.4
1825	154.84027893518515	178.4
1850	154.94030613425926	178.4
1875	154.90321412037036	178.4
1900	154.96319560185188	178.4
1925	154.28441782407404	178.4
1950	154.6404178240741	178.4
1975	155.8289733796296	178.4
2000	156.28121489197534	178.4

Run 22
50	31.377333333333333	61.56666666666667
75	46.96566666666668	89.83333333333333
100	60.07724999999999	99.1
125	74.60972222222223	114.4
150	88.43536111111105	143.0
175	93.74036805555552	143.0
200	99.35804166666667	143.0
225	106.55456944444443	143.0
250	110.72873611111113	143.0
275	110.96940277777776	143.0
300	112.69027777777778	143.0
325	115.65008333333333	143.5666666666667
350	117.5507777777778	143.5666666666667
375	119.236	143.5666666666667
400	121.37618055555554	144.9
425	122.65344444444442	144.9
450	123.72931944444441	144.9
475	128.54254513888887	174.16666666666666
500	128.57379513888887	174.16666666666666
525	130.4427395833333	174.16666666666666
550	130.77738541666665	174.16666666666666
575	132.76384374999995	174.16666666666666
600	135.5590694444444	174.16666666666666
625	137.41984722222213	174.16666666666666
650	138.69884722222213	174.16666666666666
675	138.83026388888885	174.16666666666666
700	139.00944444444437	174.16666666666666
725	139.82661111111105	174.16666666666666
750	141.0387222222222	174.16666666666666
775	142.17547222222223	174.16666666666666
800	142.2339722222222	174.16666666666666
825	143.8910555555555	174.16666666666666
850	146.16829166666665	174.16666666666666
875	146.16829166666662	174.16666666666666
900	148.5015833333333	174.16666666666666
925	149.1543611111111	174.16666666666666
950	150.05486458333328	174.16666666666666
975	150.6731979166666	174.16666666666666
1000	150.46189583333327	174.16666666666666
1025	150.85973958333324	174.16666666666666
1050	150.85973958333327	174.16666666666666
1075	150.78473958333325	174.16666666666666
1100	151.40554513888884	174.16666666666666
1125	151.77554513888884	174.16666666666666
1150	151.66357638888886	174.16666666666666
1175	152.02446180555555	174.16666666666666
1200	151.80835069444444	174.16666666666666
1225	152.81479513888888	174.16666666666666
1250	152.53479513888888	174.16666666666666
1275	152.79090972222224	174.16666666666666
1300	153.66399305555555	174.16666666666666
1325	154.2646493055555	174.16666666666666
1350	155.01057638888884	174.16666666666666
1375	156.3860902777778	174.16666666666666
1400	158.22567361111112	182.9
1425	158.66265972222223	182.9
1450	158.66265972222223	182.9
1475	158.66265972222226	182.9
1500	158.6693263888889	182.9
1525	158.28399305555556	182.9
1550	159.04604861111113	182.9
1575	160.7821736111111	182.9
1600	161.2411840277778	182.9
1625	161.2411840277778	182.9
1650	161.24118402777776	182.9
1675	161.2411840277778	182.9
1700	161.15960069444444	182.9
1725	161.60618402777777	182.9
1750	161.64118402777777	182.9
1775	162.26996180555554	182.9
1800	162.3766284722222	182.9
1825	162.41329513888888	182.9
1850	162.41329513888888	182.9
1875	162.41329513888888	182.9
1900	162.41329513888888	182.9
1925	162.1401006944444	182.9
1950	163.18518402777775	182.9
1975	163.53018402777775	182.9
2000	163.26379513888887	182.9

Run 23
50	39.61466666666669	67.56666666666668
75	50.182555555555574	67.56666666666668
100	57.5981111111111	78.56666666666668
125	62.373333333333306	78.56666666666668
150	67.5142222222222	92.03333333333332
175	71.76788888888888	92.03333333333332
200	77.76099305555553	116.23333333333333
225	82.78502083333329	116.23333333333333
250	89.3624739583333	116.23333333333333
275	93.31892361111106	116.23333333333333
300	96.26898611111108	116.23333333333333
325	98.84648784722218	116.23333333333333
350	99.73341493055551	116.23333333333333
375	99.92018576388885	116.23333333333333
400	100.26853993055552	116.23333333333333
425	103.19875347222224	143.36666666666665
450	103.77611284722224	143.36666666666665
475	108.97143923611111	143.36666666666665
500	110.63743923611109	143.36666666666665
525	114.38100868055554	143.36666666666665
550	115.01159201388887	143.36666666666665
575	121.3794027777778	150.7
600	124.02040277777778	150.7
625	124.5889027777778	150.7
650	126.15004166666668	150.7
675	126.44587500000002	150.7
700	126.47795833333333	150.7
725	129.50854166666667	153.7
750	131.59562152777778	164.2
775	132.22360300925925	164.2
800	132.89818634259257	164.2
825	133.58076967592592	164.2
850	134.00889467592592	164.2
875	134.6902835648148	164.2
900	135.1665335648148	164.2
925	136.5593113425926	164.2
950	138.26034259259256	164.2
975	139.02846759259256	164.2
1000	140.15867592592593	164.2
1025	140.1586759259259	164.2
1050	139.74274999999997	164.2
1075	140.07108333333332	164.2
1100	140.3735833333333	164.2
1125	140.43041666666664	164.2
1150	140.34541666666664	164.2
1175	140.48791666666665	164.2
1200	140.70125	164.2
1225	140.10291666666663	164.2
1250	140.3945833333333	164.2
1275	139.8939583333333	164.2
1300	142.49624999999997	164.2
1325	142.26874999999995	164.2
1350	142.55541666666664	164.2
1375	142.55541666666662	164.2
1400	145.1415972222222	174.36666666666665
1425	147.51659722222215	174.36666666666665
1450	147.96659722222213	174.36666666666665
1475	147.9468749999999	174.36666666666665
1500	147.77624999999992	174.36666666666665
1525	148.4262499999999	174.36666666666665
1550	148.54124999999993	174.36666666666665
1575	149.1829166666666	174.36666666666665
1600	149.1829166666666	174.36666666666665
1625	150.0739583333333	174.36666666666665
1650	150.0064583333333	174.36666666666665
1675	149.81062499999996	174.36666666666665
1700	151.2060416666666	174.36666666666665
1725	151.30499999999995	174.36666666666665
1750	151.30499999999995	174.36666666666665
1775	151.14499999999995	174.36666666666665
1800	151.1716666666666	174.36666666666665
1825	151.87958333333327	174.36666666666665
1850	153.0529166666666	174.36666666666665
1875	153.15124999999992	174.36666666666665
1900	154.03458333333325	174.36666666666665
1925	154.0804166666666	174.36666666666665
1950	154.0804166666666	174.36666666666665
1975	154.33895833333327	174.36666666666665
2000	154.5297916666666	174.36666666666665

Run 24
50	45.08	89.56666666666668
75	60.245999999999995	89.56666666666668
100	68.02741666666664	97.56666666666668
125	70.46841666666666	97.56666666666668
150	78.8003055555555	104.56666666666668
175	81.5188055555555	104.56666666666668
200	89.58430555555552	141.5
225	93.04869444444442	141.5
250	97.99656481481477	141.5
275	100.53576388888884	141.5
300	102.73737499999997	141.5
325	103.08404166666665	141.5
350	103.2007083333333	141.5
375	107.22022222222218	141.5
400	114.4793333333333	186.23333333333335
425	114.49433333333329	186.23333333333335
450	114.84587268518518	186.23333333333335
475	114.93453935185184	186.23333333333335
500	115.52619444444443	186.23333333333335
525	115.55543055555555	186.23333333333335
550	117.72170370370367	186.23333333333335
575	120.15813425925924	186.23333333333335
600	121.57289120370366	186.23333333333335
625	122.66612037037032	186.23333333333335
650	122.723099537037	186.23333333333335
675	125.34945370370367	186.23333333333335
700	125.95278703703706	186.23333333333335
725	128.18014814814816	186.23333333333335
750	128.38445370370374	186.23333333333335
775	128.81389814814816	186.23333333333335
800	129.1393148148148	186.23333333333335
825	129.29764814814814	186.23333333333335
850	128.88973148148148	186.23333333333335
875	129.66181481481482	186.23333333333335
900	129.80306481481477	186.23333333333335
925	129.7530648148148	186.23333333333335
950	130.52355092592586	186.23333333333335
975	130.62521759259255	186.23333333333335
1000	130.99313425925916	186.23333333333335
1025	130.87174537037026	186.23333333333335
1050	132.28447685185176	186.23333333333335
1075	132.28447685185176	186.23333333333335
1100	132.07748611111103	186.23333333333335
1125	135.19144444444436	186.23333333333335
1150	135.70102777777768	186.23333333333335
1175	136.19193055555553	186.23333333333335
1200	136.19304166666663	186.23333333333335
1225	136.1930416666666	186.23333333333335
1250	137.38526388888886	186.23333333333335
1275	137.60193055555553	186.23333333333335
1300	139.56693055555547	186.23333333333335
1325	140.72859722222216	186.23333333333335
1350	140.72859722222216	186.23333333333335
1375	140.26859722222216	186.23333333333335
1400	141.35705555555552	186.23333333333335
1425	141.87226388888885	186.23333333333335
1450	143.82149999999996	186.23333333333335
1475	146.37191666666666	186.23333333333335
1500	146.7496018518518	186.23333333333335
1525	146.7946018518518	186.23333333333335
1550	145.9306435185185	186.23333333333335
1575	145.9306435185185	186.23333333333335
1600	148.28374768518518	186.23333333333335
1625	148.28374768518515	186.23333333333335
1650	148.0065254629629	186.23333333333335
1675	149.77430324074072	186.23333333333335
1700	150.26263657407404	186.23333333333335
1725	150.26263657407404	186.23333333333335
1750	150.11763657407403	186.23333333333335
1775	150.2072199074074	186.23333333333335
1800	151.10763657407404	186.23333333333335
1825	151.2987476851851	186.23333333333335
1850	152.94421064814804	186.23333333333335
1875	152.53664120370365	186.23333333333335
1900	152.88421064814807	186.23333333333335
1925	152.88421064814807	186.23333333333335
1950	153.18886342592586	186.23333333333335
1975	154.51614583333324	186.23333333333335
2000	155.07329861111106	186.23333333333335

Run 25
50	36.73600000000001	106.43333333333332
75	50.16955555555556	106.43333333333332
100	65.41788888888885	106.43333333333332
125	82.20783333333331	141.5666666666667
150	92.13357638888887	141.5666666666667
175	101.30170891203703	150.5
200	106.264046875	150.5
225	112.79447743055557	150.5
250	117.39397222222222	150.5
275	119.80736111111109	150.5
300	122.20444444444439	150.5
325	123.57552777777774	150.5
350	123.70569444444438	150.5
375	123.8309444444444	150.5
400	125.95286111111105	150.5
425	126.24733333333333	150.5
450	128.63036111111106	150.5
475	128.781611111111	150.5
500	129.27661111111107	150.5
525	131.4933333333333	150.9
550	135.6104583333333	168.5666666666667
575	135.647125	168.5666666666667
600	136.2284583333333	168.5666666666667
625	137.91401388888886	168.5666666666667
650	138.60423611111102	168.5666666666667
675	143.32719444444436	192.5666666666667
700	145.97986111111103	192.5666666666667
725	146.00877777777768	192.5666666666667
750	150.121548611111	192.5666666666667
775	151.63904861111104	192.5666666666667
800	154.99575	192.5666666666667
825	158.12177777777777	192.5666666666667
850	159.9531111111111	192.5666666666667
875	159.9158888888889	192.5666666666667
900	160.30422222222217	192.5666666666667
925	160.30422222222217	192.5666666666667
950	160.27311111111106	192.5666666666667
975	161.2403333333333	192.5666666666667
1000	162.77274305555554	192.5666666666667
1025	162.66260416666663	192.5666666666667
1050	162.73468749999998	192.5666666666667
1075	163.17774305555554	192.5666666666667
1100	164.99902777777774	192.5666666666667
1125	165.0779166666666	192.5666666666667
1150	165.07791666666657	192.5666666666667
1175	166.00624999999997	192.5666666666667
1200	167.13675925925924	192.5666666666667
1225	167.2739814814814	192.5666666666667
1250	167.27398148148146	192.5666666666667
1275	167.24175925925923	192.5666666666667
1300	167.27342592592586	192.5666666666667
1325	167.22009259259255	192.5666666666667
1350	167.22009259259255	192.5666666666667
1375	167.22009259259258	192.5666666666667
1400	167.5112037037037	192.5666666666667
1425	167.44787037037028	192.5666666666667
1450	167.44787037037034	192.5666666666667
1475	168.6481481481481	192.5666666666667
1500	168.62592592592588	192.5666666666667
1525	169.2942037037037	192.5666666666667
1550	169.2942037037037	192.5666666666667
1575	169.59229012345673	192.5666666666667
1600	169.59229012345676	192.5666666666667
1625	169.20915123456788	192.5666666666667
1650	169.2537345679012	192.5666666666667
1675	169.3009567901234	192.5666666666667
1700	170.03401234567892	192.5666666666667
1725	170.75290123456784	192.5666666666667
1750	170.7529012345678	192.5666666666667
1775	170.92456790123447	192.5666666666667
1800	170.89790123456783	192.5666666666667
1825	170.95956790123452	192.5666666666667
1850	171.32679012345673	192.5666666666667
1875	171.5455401234567	192.5666666666667
1900	171.80169753086415	192.5666666666667
1925	171.6858641975308	192.5666666666667
1950	171.37697530864187	192.5666666666667
1975	171.44104938271596	192.5666666666667
2000	171.99063271604933	192.5666666666667

Run 26
50	39.77066666666669	104.90000000000002
75	56.394333333333336	104.90000000000002
100	68.2510277777778	117.56666666666668
125	81.36958333333332	118.525
150	94.2977453703704	145.23333333333335
175	98.42776620370368	145.23333333333335
200	102.88262037037033	145.23333333333335
225	106.21487037037035	145.23333333333335
250	110.41104243827165	145.23333333333335
275	116.32151562499996	145.23333333333335
300	117.64311284722221	145.23333333333335
325	117.88071701388888	145.23333333333335
350	117.9040503472222	145.23333333333335
375	120.45748784722218	145.23333333333335
400	121.27192534722218	145.23333333333335
425	122.48630034722218	145.23333333333335
450	123.02874826388884	145.23333333333335
475	126.21284548611104	145.23333333333335
500	128.01440798611105	145.23333333333335
525	129.38184548611108	145.23333333333335
550	129.67327777777774	145.23333333333335
575	129.67327777777774	145.23333333333335
600	129.83431944444445	145.23333333333335
625	131.91695833333333	172.23333333333335
650	132.48846874999998	172.23333333333335
675	133.1348576388889	172.23333333333335
700	133.12824305555552	172.23333333333335
725	133.12824305555557	172.23333333333335
750	132.79657638888884	172.23333333333335
775	133.30324305555553	172.23333333333335
800	133.38185416666664	172.23333333333335
825	135.59461458333334	172.23333333333335
850	135.70128125000002	172.23333333333335
875	135.77172569444446	172.23333333333335
900	136.3070034722222	172.23333333333335
925	137.88389236111115	172.23333333333335
950	138.22411458333335	172.23333333333335
975	138.22411458333332	172.23333333333335
1000	138.68078125000002	172.23333333333335
1025	138.38411458333331	172.23333333333335
1050	139.97140624999997	172.23333333333335
1075	140.59390624999995	172.23333333333335
1100	140.7322395833333	172.23333333333335
1125	140.52557291666665	172.23333333333335
1150	140.14890624999998	172.23333333333335
1175	141.14279513888886	172.23333333333335
1200	141.29946180555552	172.23333333333335
1225	142.1418576388889	172.23333333333335
1250	142.16685763888887	172.23333333333335
1275	142.1668576388889	172.23333333333335
1300	141.8635243055556	172.23333333333335
1325	142.14914930555554	172.23333333333335
1350	142.60560763888887	172.23333333333335
1375	142.0589409722222	172.23333333333335
1400	142.50727430555554	172.23333333333335
1425	142.56493055555558	172.23333333333335
1450	142.03993055555554	172.23333333333335
1475	142.30368055555553	172.23333333333335
1500	142.11826388888886	172.23333333333335
1525	142.2340972222222	172.23333333333335
1550	143.18993055555558	172.23333333333335
1575	142.99048611111107	172.23333333333335
1600	144.08159722222214	172.23333333333335
1625	145.26826388888887	172.23333333333335
1650	144.91159722222218	172.23333333333335
1675	146.1984027777778	172.23333333333335
1700	146.36229166666664	172.23333333333335
1725	146.4567361111111	172.23333333333335
1750	146.97006944444445	172.23333333333335
1775	147.62173611111112	172.23333333333335
1800	148.26340277777777	172.23333333333335
1825	148.54479166666667	172.23333333333335
1850	147.80145833333333	172.23333333333335
1875	148.11979166666669	172.23333333333335
1900	148.47645833333337	172.23333333333335
1925	149.418125	172.23333333333335
1950	149.32208333333335	172.23333333333335
1975	149.24875	172.23333333333335
2000	149.12041666666667	172.23333333333335

Run 27
50	30.75733333333333	75.9
75	46.87077777777777	85.9
100	55.88222222222221	85.9
125	62.690680555555545	88.46666666666667
150	74.67861805555553	122.4
175	86.16996527777775	135.5
200	95.21653645833332	135.5
225	100.35525868055552	135.5
250	108.45046701388888	143.63333333333335
275	110.73005729166664	143.63333333333335
300	116.12677777777773	143.63333333333335
325	118.64802777777773	143.63333333333335
350	121.83297916666669	143.63333333333335
375	127.77818055555558	152.23333333333335
400	128.42945833333337	152.23333333333335
425	131.4978263888889	152.23333333333335
450	134.38584027777776	152.23333333333335
475	139.32051388888883	158.96666666666667
500	140.2946805555555	158.96666666666667
525	143.11013888888886	166.159375
550	143.22793576388887	166.159375
575	143.09960243055556	166.159375
600	144.73248263888888	166.159375
625	144.66818576388886	166.159375
650	144.71599826388888	166.159375
675	145.02453993055553	166.159375
700	145.49483680555556	166.159375
725	146.21962152777778	166.159375
750	147.32530902777776	166.159375
775	147.40158506944442	166.159375
800	148.58391840277775	166.159375
825	149.89264930555555	166.159375
850	150.0459826388889	166.159375
875	150.4399175347222	166.159375
900	150.41491753472218	166.159375
925	151.06556119791662	166.159375
950	151.06556119791668	166.159375
975	151.70014453124998	166.159375
1000	152.46542230902776	166.159375
1025	152.6382000868055	166.159375
1050	152.59320008680552	166.159375
1075	153.18617013888888	166.159375
1100	153.06567013888886	166.159375
1125	153.12117013888889	166.159375
1150	153.1021076388889	166.159375
1175	154.58877430555557	176.3
1200	155.44391319444446	176.3
1225	155.44391319444446	176.3
1250	155.26867230902778	176.3
1275	156.0204314236111	176.3
1300	156.28074609375	176.3
1325	156.7092183159722	176.3
1350	156.67880164930557	176.3
1375	156.67880164930554	176.3
1400	156.50510720486108	176.3
1425	156.61046831597224	176.3
1450	158.09830164930557	176.3
1475	158.3096349826389	176.3
1500	158.68719053819444	176.3
1525	159.54621831597225	176.3
1550	159.54621831597223	176.3
1575	159.54621831597225	176.3
1600	159.56455164930554	176.3
1625	159.32621831597223	176.3
1650	159.18121831597225	176.3
1675	159.1988485243056	176.3
1700	160.17844053819445	176.3
1725	160.188959056713	176.3
1750	160.83140350115747	176.3
1775	161.29819979745372	176.3
1800	161.29819979745372	176.3
1825	161.3341997974537	176.3
1850	161.2841997974537	176.3
1875	161.2666997974537	176.3
1900	161.26669979745373	176.3
1925	161.1684966724537	176.3
1950	161.19753313078706	176.3
1975	161.51812557870372	176.3
2000	161.5181255787037	176.3

Run 28
50	35.456	107.90000000000002
75	50.26255555555551	107.90000000000002
100	62.49238888888889	107.90000000000002
125	73.77988888888889	107.90000000000002
150	79.36109722222221	107.90000000000002
175	84.42335763888889	107.90000000000002
200	89.75331597222217	127.23333333333335
225	92.59717708333328	127.23333333333335
250	94.23096874999999	127.23333333333335
275	99.28229166666668	128.5666666666667
300	101.22107638888887	128.5666666666667
325	102.68456597222219	128.5666666666667
350	105.64369531249999	128.5666666666667
375	110.47718489583332	172.56666666666666
400	114.75044878472221	172.56666666666666
425	118.71836545138888	172.56666666666666
450	123.38517245370367	172.56666666666666
475	125.89914930555551	172.56666666666666
500	130.63284374999995	172.56666666666666
525	132.08432291666665	172.56666666666666
550	133.58670138888888	172.56666666666666
575	135.41622916666668	172.56666666666666
600	136.94139583333333	172.56666666666666
625	139.84745138888883	172.56666666666666
650	141.74056249999995	172.56666666666666
675	142.37672916666662	172.56666666666666
700	145.7342239583333	194.23333333333335
725	146.86066579861108	194.23333333333335
750	148.0571657986111	194.23333333333335
775	151.0850269097222	194.23333333333335
800	154.1035837673611	194.23333333333335
825	156.86558376736104	194.23333333333335
850	159.2004934895833	194.23333333333335
875	161.26310329861107	194.23333333333335
900	164.5160126953124	194.23333333333335
925	165.7931330656828	194.23333333333335
950	165.7931330656828	194.23333333333335
975	167.18446639901612	194.23333333333335
1000	167.56979973234948	194.23333333333335
1025	167.11091084346063	194.23333333333335
1050	167.33896639901616	194.23333333333335
1075	167.96302325665508	194.23333333333335
1100	167.96302325665502	194.23333333333335
1125	167.96302325665502	194.23333333333335
1150	167.96302325665502	194.23333333333335
1175	169.03257881221063	194.23333333333335
1200	168.82128251591428	194.23333333333335
1225	169.07970844184024	194.23333333333335
1250	170.0954584418402	194.23333333333335
1275	170.61320844184024	194.23333333333335
1300	170.59487510850693	194.23333333333335
1325	170.22900705295137	194.23333333333335
1350	170.9173074001736	194.23333333333335
1375	171.20675184461805	194.23333333333335
1400	171.3086827256944	194.23333333333335
1425	171.30368272569442	194.23333333333335
1450	171.30368272569442	194.23333333333335
1475	171.2797938368055	194.23333333333335
1500	171.2797938368055	194.23333333333335
1525	171.45373697916668	194.23333333333335
1550	170.99845920138887	194.23333333333335
1575	171.12540364583333	194.23333333333335
1600	171.32332031249996	194.23333333333335
1625	171.53643012152773	194.23333333333335
1650	173.4649913194444	198.23333333333335
1675	174.2014454210069	198.23333333333335
1700	175.2333334418402	198.23333333333335
1725	175.25333344184023	198.23333333333335
1750	175.43402788628464	198.23333333333335
1775	175.41123274739576	198.23333333333335
1800	175.38789941406245	198.23333333333335
1825	174.98791677517355	198.23333333333335
1850	175.75780566406246	198.23333333333335
1875	175.96616547309023	198.23333333333335
1900	176.34199880642353	198.23333333333335
1925	176.34199880642353	198.23333333333335
1950	176.39401269531245	198.23333333333335
1975	176.39401269531243	198.23333333333335
2000	176.28551269531243	198.23333333333335

Run 29
50	35.95066666666669	86.23333333333335
75	54.41022222222219	97.4
100	74.50224999999999	115.56666666666668
125	82.1031666666667	115.56666666666668
150	92.54532638888887	127.90000000000002
175	94.90002083333337	127.90000000000002
200	103.39798148148148	131.9
225	107.06696296296293	131.9
250	110.65979629629625	135.2125
275	117.68417592592589	135.2125
300	123.26178703703698	161.9
325	125.31305555555554	161.9
350	127.50080555555549	161.9
375	130.3648888888888	163.9
400	130.5486388888888	163.9
425	132.2632222222221	163.9
450	132.2648888888888	163.9
475	133.08697222222213	163.9
500	134.4386388888888	163.9
525	137.82849999999993	163.9
550	138.08683333333326	163.9
575	139.29883333333325	163.9
600	140.56563888888883	163.9
625	142.1039722222222	163.9
650	142.02952777777776	163.9
675	144.37075	163.9
700	145.00283333333334	163.9
725	145.39783333333332	163.9
750	145.44783333333334	163.9
775	148.2611944444444	180.2125
800	148.38452777777772	180.2125
825	147.99786111111106	180.2125
850	149.05223611111106	180.2125
875	149.2755694444444	180.2125
900	149.2755694444444	180.2125
925	149.04634722222215	180.2125
950	149.14856944444438	180.2125
975	150.43951388888888	180.2125
1000	150.43618055555552	180.2125
1025	151.2718333333333	180.2125
1050	151.2718333333333	180.2125
1075	151.92291666666665	180.2125
1100	151.34291666666667	180.2125
1125	151.43624999999994	180.2125
1150	151.88236111111107	180.2125
1175	153.6325347222222	180.2125
1200	153.6325347222222	180.2125
1225	153.6325347222222	180.2125
1250	153.6325347222222	180.2125
1275	153.7025347222222	180.2125
1300	153.0482013888889	180.2125
1325	154.56475694444444	180.2125
1350	154.5714236111111	180.2125
1375	155.10709027777776	180.2125
1400	155.66146527777778	180.2125
1425	156.27371527777777	180.2125
1450	156.6316319444444	180.2125
1475	156.4232986111111	180.2125
1500	156.5831944444444	180.2125
1525	156.58319444444444	180.2125
1550	156.6782986111111	180.2125
1575	158.0220225694444	180.2125
1600	158.81568923611104	180.2125
1625	158.29346701388886	180.2125
1650	158.53568923611107	180.2125
1675	159.46291145833328	180.2125
1700	159.41846701388883	180.2125
1725	160.56209201388884	180.2125
1750	160.31792534722214	180.2125
1775	160.39375868055546	180.2125
1800	160.78373263888886	180.2125
1825	160.7613715277777	180.2125
1850	161.41914930555552	180.2125
1875	161.01914930555552	180.2125
1900	161.0058159722222	180.2125
1925	161.9020659722222	180.2125
1950	162.42139930555552	180.2125
1975	162.42139930555552	180.2125
2000	162.4763993055555	180.2125

Run 30
50	38.33066666666668	103.56666666666668
75	59.34522222222222	103.81666666666666
100	69.5098333333333	103.81666666666666
125	77.01599999999998	107.23333333333335
150	84.0132916666666	107.23333333333335
175	92.70073611111107	127.23333333333335
200	100.40859722222228	127.23333333333335
225	103.5680185185185	127.23333333333335
250	106.26943055555557	127.4
275	108.93908333333333	127.4
300	113.98919444444451	136.23333333333335
325	116.93474999999998	136.23333333333335
350	118.581625	136.23333333333335
375	119.92001388888885	136.23333333333335
400	119.98918055555554	136.23333333333335
425	120.96020833333327	136.23333333333335
450	122.1454166666666	136.23333333333335
475	125.78374999999997	150.4
500	126.32555555555551	150.4
525	127.76527777777777	150.4
550	128.46288888888887	150.4
575	128.43122222222223	150.4
600	128.46330555555556	150.4
625	130.910125	163.23333333333335
650	130.97845833333332	163.23333333333335
675	131.89179166666662	163.23333333333335
700	132.18345833333333	163.23333333333335
725	133.11659027777773	163.23333333333335
750	133.3364236111111	163.23333333333335
775	133.79892361111106	163.23333333333335
800	136.32017361111102	163.23333333333335
825	137.0168402777777	163.23333333333335
850	136.770329861111	163.23333333333335
875	136.86850694444433	163.23333333333335
900	136.655173611111	163.23333333333335
925	136.77922453703698	163.23333333333335
950	136.74767361111105	163.23333333333335
975	137.1091666666666	163.23333333333335
1000	137.28008101851847	163.23333333333335
1025	137.28008101851847	163.23333333333335
1050	137.63093171296293	163.23333333333335
1075	137.95770254629625	163.23333333333335
1100	137.9743692129629	163.23333333333335
1125	138.0265914351852	163.23333333333335
1150	138.64018518518517	163.23333333333335
1175	138.48768518518517	163.23333333333335
1200	138.55018518518514	163.23333333333335
1225	138.67722222222216	163.23333333333335
1250	138.65987847222218	163.23333333333335
1275	138.2265451388889	163.23333333333335
1300	137.98654513888886	163.23333333333335
1325	138.4697222222222	163.23333333333335
1350	138.75793981481476	163.23333333333335
1375	138.52043981481475	163.23333333333335
1400	138.52460648148147	163.23333333333335
1425	139.0825231481481	163.23333333333335
1450	139.25918981481473	163.23333333333335
1475	139.7066666666666	163.23333333333335
1500	139.90906249999995	163.23333333333335
1525	140.0911574074073	163.23333333333335
1550	140.01865740740735	163.23333333333335
1575	139.76115740740732	163.23333333333335
1600	140.35282407407402	163.23333333333335
1625	140.33004629629627	163.23333333333335
1650	140.33004629629625	163.23333333333335
1675	140.33004629629627	163.23333333333335
1700	140.33004629629627	163.23333333333335
1725	140.33004629629627	163.23333333333335
1750	140.34223958333328	163.23333333333335
1775	142.1849131944444	163.23333333333335
1800	142.1849131944444	163.23333333333335
1825	142.27006944444437	163.23333333333335
1850	142.2700694444444	163.23333333333335
1875	142.27006944444437	163.23333333333335
1900	142.80633680555553	163.23333333333335
1925	142.87300347222217	163.23333333333335
1950	142.89967013888884	163.23333333333335
1975	142.89967013888884	163.23333333333335
2000	143.11175347222215	163.23333333333335

