Result Log
=== Config ===
runs per experiment = 30
fitness evals per run = 2000
seed = 774981391
log file = logs/bonus1.log
solution file = solutions/bonus1.sol
best world file = solutions/bonus1.world
number of pac-men = 1
number of ghosts = 3
world width = 10
world height = 15
pill density = 50
wall density = 25
fruit spawning probability = .05
fruit score = 10
time multiplier = 2
pac-man population size = 50
ghost population size = 50
pac-man offspring per generation = 25
ghost offspring per generation = 25
multiple pac-men use one controller = true
multiple ghosts use one controller = false
max depth = 5
mutation chance = .5
pac-man parent selection method = 0
ghost parent selection method = 1
i-value = .2
j-value = .8
pac-man survival selection method = 1
ghost survival selection method = 0
tournament selection size = 15
parsimony penalty coefficient = .1
=== End Config ===
Run 1
50	13.259999999999986	106.9
75	29.314000000000043	106.9
100	47.278000000000056	106.9
125	61.632500000000064	128.9
150	71.33750000000006	128.9
175	77.60375000000006	128.9
200	83.35500000000006	128.9
225	88.79875000000004	134.9
250	93.25250000000001	134.9
275	98.77499999999998	134.9
300	104.84499999999997	156.9
325	110.01499999999994	156.9
350	113.69249999999992	156.9
375	115.69249999999992	156.9
400	117.65749999999993	156.9
425	120.99249999999991	156.9
450	123.70249999999992	168.9
475	125.95499999999991	168.9
500	127.01499999999989	168.9
525	128.7474999999999	168.9
550	129.3924999999999	168.9
575	129.7024999999999	168.9
600	130.1124999999999	168.9
625	130.6149999999999	168.9
650	131.8724999999999	168.9
675	133.69749999999988	168.9
700	134.96999999999989	168.9
725	136.27999999999986	168.9
750	138.15749999999989	168.9
775	138.76499999999987	168.9
800	138.76499999999987	168.9
825	139.68499999999986	168.9
850	140.09874999999988	168.9
875	143.19874999999988	194.9
900	144.53374999999988	194.9
925	145.48124999999985	194.9
950	145.32124999999985	194.9
975	145.82624999999985	194.9
1000	146.92124999999984	194.9
1025	147.24624999999986	194.9
1050	147.61374999999987	194.9
1075	148.53124999999986	194.9
1100	148.55624999999986	194.9
1125	148.55624999999986	194.9
1150	148.87124999999986	194.9
1175	149.91624999999985	194.9
1200	150.32124999999985	194.9
1225	151.14374999999987	194.9
1250	151.35374999999988	194.9
1275	152.76999999999987	194.9
1300	152.77999999999986	194.9
1325	152.93999999999986	194.9
1350	153.08499999999987	194.9
1375	154.15499999999986	194.9
1400	153.99499999999986	194.9
1425	154.40999999999985	194.9
1450	155.23999999999987	194.9
1475	155.77999999999986	194.9
1500	155.98999999999987	194.9
1525	156.17999999999986	194.9
1550	156.75499999999985	194.9
1575	156.67499999999984	194.9
1600	156.60999999999984	194.9
1625	156.78999999999985	194.9
1650	156.79999999999984	194.9
1675	157.05499999999986	194.9
1700	157.18499999999986	194.9
1725	157.25499999999985	194.9
1750	157.53499999999985	194.9
1775	157.88499999999985	194.9
1800	158.28499999999985	194.9
1825	158.28499999999985	194.9
1850	158.28499999999985	194.9
1875	158.34499999999986	194.9
1900	158.74499999999986	194.9
1925	158.99499999999986	194.9
1950	158.66999999999985	194.9
1975	158.92499999999984	194.9
2000	158.96499999999986	194.9

Run 2
50	15.931999999999984	81.9
75	29.77800000000004	84.9
100	42.831000000000046	89.4
125	53.12800000000006	89.4
150	57.94700000000005	89.4
175	65.78200000000005	112.9
200	71.61100000000006	112.9
225	74.48100000000005	112.9
250	76.90500000000006	112.9
275	79.90500000000006	112.9
300	81.90000000000006	112.9
325	83.22500000000005	112.9
350	87.59250000000003	151.9
375	91.60000000000002	151.9
400	94.0175	151.9
425	95.7725	151.9
450	98.78999999999998	151.9
475	101.98749999999997	156.9
500	104.65999999999997	156.9
525	105.28999999999996	156.9
550	106.58499999999997	156.9
575	107.59999999999995	156.9
600	108.81749999999994	156.9
625	109.61999999999995	156.9
650	110.55999999999995	156.9
675	110.99999999999994	156.9
700	112.49999999999994	156.9
725	114.01999999999992	159.9
750	114.91999999999993	159.9
775	115.66749999999993	159.9
800	118.04249999999993	159.9
825	119.4774999999999	159.9
850	120.56499999999991	159.9
875	121.4149999999999	159.9
900	123.31499999999991	159.9
925	123.81999999999991	159.9
950	123.72499999999991	159.9
975	124.20749999999991	159.9
1000	124.2774999999999	159.9
1025	125.2274999999999	159.9
1050	125.7474999999999	159.9
1075	125.82249999999989	159.9
1100	126.26249999999989	159.9
1125	127.25249999999988	159.9
1150	127.2874999999999	159.9
1175	127.24749999999989	159.9
1200	126.66749999999989	159.9
1225	127.82249999999989	159.9
1250	127.91749999999989	159.9
1275	128.5224999999999	159.9
1300	129.0774999999999	159.9
1325	129.5474999999999	159.9
1350	129.5474999999999	159.9
1375	129.59749999999988	159.9
1400	129.75249999999988	159.9
1425	129.5474999999999	159.9
1450	130.2749999999999	159.9
1475	130.56999999999988	159.9
1500	130.7099999999999	159.9
1525	130.78499999999988	159.9
1550	130.7349999999999	159.9
1575	131.7649999999999	159.9
1600	131.8699999999999	159.9
1625	132.18999999999988	159.9
1650	132.50999999999988	159.9
1675	132.50999999999988	159.9
1700	132.68999999999988	159.9
1725	133.94499999999988	159.9
1750	133.3699999999999	159.9
1775	134.0849999999999	159.9
1800	133.78499999999988	159.9
1825	133.94499999999988	159.9
1850	133.94499999999988	159.9
1875	133.5849999999999	159.9
1900	133.94499999999988	159.9
1925	133.9949999999999	159.9
1950	134.0849999999999	159.9
1975	133.87999999999988	159.9
2000	134.4649999999999	159.9

Run 3
50	18.967999999999993	96.9
75	34.67600000000003	96.9
100	48.14100000000004	96.9
125	59.757500000000064	96.9
150	65.29750000000007	96.9
175	71.47750000000006	96.9
200	78.58250000000007	110.9
225	82.43250000000006	110.9
250	84.59750000000005	110.9
275	86.28750000000004	110.9
300	88.63750000000003	119.9
325	91.67500000000001	119.9
350	93.64	120.9
375	95.28	120.9
400	97.2	134.9
425	101.32999999999998	134.9
450	103.29499999999996	134.9
475	106.56499999999994	134.9
500	108.76999999999994	134.9
525	111.72499999999995	142.9
550	113.95999999999992	142.9
575	116.57999999999993	142.9
600	118.14499999999992	142.9
625	119.13499999999993	142.9
650	120.40999999999991	142.9
675	121.47499999999991	142.9
700	124.40499999999992	142.9
725	125.47499999999991	142.9
750	125.95999999999991	142.9
775	126.67499999999991	142.9
800	127.55499999999991	142.9
825	128.0849999999999	142.9
850	128.7499999999999	143.9
875	128.9349999999999	143.9
900	130.34499999999989	144.9
925	130.8949999999999	144.9
950	131.28999999999988	144.9
975	131.4999999999999	144.9
1000	132.7324999999999	149.65
1025	132.66249999999988	149.65
1050	132.9274999999999	149.65
1075	133.2774999999999	149.65
1100	133.56624999999988	149.65
1125	135.6687499999999	155.9
1150	136.00999999999988	155.9
1175	136.82499999999987	157.9
1200	137.04499999999987	157.9
1225	138.12874999999988	163.9
1250	138.02562499999988	163.9
1275	138.02562499999988	163.9
1300	138.11874999999986	163.9
1325	138.18874999999989	163.9
1350	138.33374999999987	163.9
1375	138.46999999999989	163.9
1400	139.14499999999987	163.9
1425	139.5312499999999	163.9
1450	140.01624999999987	163.9
1475	139.32124999999988	163.9
1500	139.49124999999987	163.9
1525	139.77874999999986	163.9
1550	139.82624999999987	163.9
1575	139.19624999999988	163.9
1600	139.23624999999987	163.9
1625	139.19624999999988	163.9
1650	140.17624999999987	163.9
1675	140.34624999999988	163.9
1700	139.93624999999986	163.9
1725	139.79124999999988	163.9
1750	140.48124999999987	163.9
1775	141.02124999999987	163.9
1800	141.10874999999987	163.9
1825	140.67374999999987	163.9
1850	140.98874999999987	163.9
1875	140.98874999999987	163.9
1900	140.98874999999987	163.9
1925	140.98874999999987	163.9
1950	140.62374999999986	163.9
1975	140.76124999999988	163.9
2000	140.10374999999988	163.9

Run 4
50	8.943999999999992	44.9
75	18.32199999999999	51.9
100	28.04200000000002	58.9
125	37.40150000000004	90.9
150	43.60500000000005	90.9
175	52.497500000000066	110.9
200	63.60250000000006	126.9
225	67.89500000000007	126.9
250	73.71750000000006	126.9
275	81.35125000000008	126.9
300	86.46500000000003	126.9
325	89.33750000000003	126.9
350	92.23500000000001	126.9
375	94.7625	126.9
400	95.14	126.9
425	97.1	126.9
450	98.82749999999999	126.9
475	99.79499999999999	126.9
500	100.14499999999998	126.9
525	101.17999999999998	126.9
550	103.08999999999996	161.9
575	104.26999999999997	161.9
600	104.69499999999996	161.9
625	105.97999999999996	161.9
650	108.37499999999994	161.9
675	109.84999999999995	161.9
700	110.50749999999995	161.9
725	112.40249999999995	161.9
750	113.83249999999992	161.9
775	115.43249999999993	161.9
800	116.40749999999993	161.9
825	116.46749999999993	161.9
850	117.88999999999993	161.9
875	118.85999999999993	161.9
900	119.56499999999991	161.9
925	120.03499999999991	161.9
950	120.3374999999999	161.9
975	121.21749999999992	161.9
1000	121.21749999999992	161.9
1025	120.93749999999991	161.9
1050	121.81249999999991	161.9
1075	121.95249999999992	161.9
1100	122.42749999999991	161.9
1125	123.14249999999991	161.9
1150	123.4024999999999	161.9
1175	123.1524999999999	161.9
1200	123.59249999999992	161.9
1225	124.09249999999992	161.9
1250	125.6349999999999	163.9
1275	125.67499999999991	163.9
1300	126.33499999999991	163.9
1325	126.42499999999991	163.9
1350	126.6499999999999	163.9
1375	127.90499999999989	163.9
1400	128.5849999999999	163.9
1425	128.0624999999999	163.9
1450	128.9824999999999	163.9
1475	128.4924999999999	163.9
1500	128.9324999999999	163.9
1525	129.2699999999999	163.9
1550	129.56999999999988	163.9
1575	130.28499999999988	163.9
1600	130.6849999999999	163.9
1625	131.1774999999999	163.9
1650	131.3924999999999	163.9
1675	131.2974999999999	163.9
1700	130.88499999999988	163.9
1725	131.8374999999999	163.9
1750	132.1174999999999	163.9
1775	132.2724999999999	163.9
1800	132.41249999999988	163.9
1825	132.5624999999999	163.9
1850	133.9324999999999	163.9
1875	134.0274999999999	163.9
1900	134.00249999999988	163.9
1925	135.07749999999987	163.9
1950	135.13749999999987	163.9
1975	135.13749999999987	163.9
2000	135.38749999999987	163.9

Run 5
50	15.563999999999991	66.9
75	29.48800000000004	74.4
100	43.38800000000005	97.9
125	53.70250000000006	97.9
150	63.875000000000064	98.9
175	67.16750000000006	98.9
200	73.09750000000007	98.9
225	78.78000000000006	103.9
250	82.53250000000006	108.9
275	85.41250000000004	108.9
300	86.83250000000004	108.9
325	88.43250000000002	108.9
350	91.35750000000002	132.9
375	92.89500000000002	132.9
400	94.345	132.9
425	98.02999999999999	148.9
450	98.43749999999999	148.9
475	100.51749999999998	148.9
500	103.67749999999997	148.9
525	105.75999999999996	148.9
550	108.79499999999994	148.9
575	109.72499999999995	148.9
600	110.50499999999994	148.9
625	112.24499999999995	148.9
650	114.59749999999993	148.9
675	117.10749999999993	148.9
700	118.82249999999993	148.9
725	120.6024999999999	148.9
750	121.3524999999999	148.9
775	122.66249999999991	148.9
800	123.7474999999999	156.9
825	125.47499999999991	156.9
850	126.25749999999991	156.9
875	127.13999999999992	156.9
900	127.0599999999999	156.9
925	127.39499999999991	156.9
950	128.25749999999988	156.9
975	128.8674999999999	156.9
1000	128.94249999999988	156.9
1025	129.6999999999999	156.9
1050	130.1449999999999	156.9
1075	130.91499999999988	156.9
1100	131.34499999999989	156.9
1125	131.7974999999999	156.9
1150	132.1424999999999	156.9
1175	132.3324999999999	156.9
1200	132.41249999999988	156.9
1225	132.91124999999988	156.9
1250	133.5562499999999	156.9
1275	133.6212499999999	156.9
1300	133.6212499999999	156.9
1325	134.1049999999999	156.9
1350	134.7149999999999	156.9
1375	135.15999999999988	156.9
1400	135.53749999999988	156.9
1425	135.9174999999999	156.9
1450	137.59249999999986	165.9
1475	138.19999999999987	165.9
1500	138.09499999999989	165.9
1525	138.84999999999988	165.9
1550	138.86749999999986	165.9
1575	139.64749999999987	165.9
1600	139.76874999999987	165.9
1625	139.74874999999986	165.9
1650	139.65874999999988	165.9
1675	139.37874999999988	165.9
1700	140.26874999999987	165.9
1725	140.39624999999987	165.9
1750	141.27374999999986	165.9
1775	141.87999999999988	165.9
1800	142.09999999999988	165.9
1825	142.64999999999986	165.9
1850	142.97999999999988	165.9
1875	143.28999999999988	165.9
1900	143.65249999999986	165.9
1925	143.64499999999987	165.9
1950	143.88249999999988	165.9
1975	143.95249999999987	165.9
2000	144.35749999999987	165.9

Run 6
50	16.43599999999999	115.9
75	31.478000000000044	115.9
100	45.140000000000036	118.9
125	59.123000000000054	118.9
150	66.47000000000007	118.9
175	77.57250000000006	118.9
200	81.15750000000007	118.9
225	84.20250000000006	118.9
250	88.58875000000003	118.9
275	90.24125000000002	119.275
300	92.32000000000002	119.275
325	94.125	119.275
350	94.94625	119.275
375	95.733125	119.275
400	96.125625	119.275
425	97.68187499999998	119.275
450	98.53812499999998	119.275
475	99.38624999999998	119.275
500	101.18624999999999	124.4
525	101.98124999999999	124.4
550	103.46124999999996	124.4
575	104.39124999999996	124.4
600	104.21374999999996	124.4
625	104.89874999999996	124.4
650	105.23249999999996	124.4
675	105.34249999999996	124.4
700	105.92249999999996	124.4
725	106.47499999999997	124.4
750	107.30499999999996	124.4
775	108.20124999999994	124.4
800	109.62374999999994	141.9
825	110.66249999999995	141.9
850	111.57624999999994	141.9
875	111.82124999999995	141.9
900	112.57374999999995	141.9
925	113.18874999999994	141.9
950	113.91124999999992	141.9
975	114.22124999999993	141.9
1000	114.96124999999992	141.9
1025	115.29374999999993	141.9
1050	115.95874999999992	141.9
1075	116.17874999999992	141.9
1100	116.39874999999992	141.9
1125	116.94374999999992	141.9
1150	119.73874999999992	161.9
1175	119.83874999999993	161.9
1200	120.48874999999991	161.9
1225	121.0249999999999	161.9
1250	121.25499999999991	161.9
1275	121.40999999999991	161.9
1300	121.3099999999999	161.9
1325	121.56999999999991	161.9
1350	121.8399999999999	161.9
1375	122.34999999999991	161.9
1400	123.06999999999991	161.9
1425	123.4649999999999	161.9
1450	123.8549999999999	161.9
1475	123.8849999999999	161.9
1500	124.51499999999992	161.9
1525	124.86499999999991	161.9
1550	125.46749999999992	161.9
1575	125.7274999999999	161.9
1600	125.7274999999999	161.9
1625	125.67749999999991	161.9
1650	125.5874999999999	161.9
1675	126.0424999999999	161.9
1700	126.37749999999991	161.9
1725	127.07749999999992	161.9
1750	127.57749999999989	161.9
1775	128.47124999999988	161.9
1800	128.66124999999988	161.9
1825	128.8599999999999	161.9
1850	129.1999999999999	161.9
1875	129.44499999999988	161.9
1900	130.6724999999999	161.9
1925	130.8724999999999	161.9
1950	131.5624999999999	161.9
1975	131.5624999999999	161.9
2000	131.9499999999999	161.9

Run 7
50	17.523999999999987	96.9
75	31.52600000000005	96.9
100	42.54500000000005	96.9
125	50.32500000000005	96.9
150	55.392500000000055	96.9
175	61.997500000000066	96.9
200	64.80250000000007	96.9
225	67.05250000000007	102.9
250	69.40750000000007	102.9
275	75.06750000000007	116.9
300	77.13750000000006	116.9
325	78.00500000000007	116.9
350	80.68750000000006	142.9
375	82.07250000000005	142.9
400	85.43250000000006	142.9
425	88.82750000000004	142.9
450	91.43125000000002	142.9
475	94.61625	146.9
500	96.46125	146.9
525	99.60749999999999	146.9
550	101.24999999999996	146.9
575	102.81249999999996	146.9
600	104.45749999999997	146.9
625	104.90749999999997	146.9
650	107.59874999999994	146.9
675	109.34874999999994	146.9
700	111.87374999999993	146.9
725	112.62374999999993	146.9
750	113.00374999999993	146.9
775	113.50374999999993	146.9
800	114.02874999999993	146.9
825	115.25874999999992	146.9
850	117.78249999999993	146.9
875	118.28499999999993	146.9
900	122.73999999999991	154.9
925	124.31999999999991	154.9
950	125.24999999999991	154.9
975	125.73999999999991	154.9
1000	125.9649999999999	154.9
1025	126.76499999999992	154.9
1050	126.9649999999999	154.9
1075	126.56499999999988	154.9
1100	127.63999999999989	154.9
1125	128.5599999999999	154.9
1150	129.25499999999988	154.9
1175	129.3324999999999	154.9
1200	129.41249999999988	154.9
1225	129.5449999999999	154.9
1250	130.9624999999999	154.9
1275	130.84749999999988	154.9
1300	131.1374999999999	154.9
1325	131.2074999999999	154.9
1350	131.3674999999999	154.9
1375	131.6074999999999	154.9
1400	132.12749999999988	154.9
1425	133.2674999999999	154.9
1450	133.34749999999988	154.9
1475	134.1824999999999	154.9
1500	134.1824999999999	154.9
1525	135.2774999999999	154.9
1550	135.37999999999988	154.9
1575	135.56999999999988	154.9
1600	136.98249999999987	172.9
1625	138.64249999999987	178.9
1650	138.78249999999989	178.9
1675	138.57249999999988	178.9
1700	139.25749999999988	178.9
1725	139.80749999999986	178.9
1750	141.49499999999986	178.9
1775	142.07499999999987	178.9
1800	142.13499999999988	178.9
1825	142.13499999999988	178.9
1850	142.13499999999988	178.9
1875	142.79499999999987	178.9
1900	142.47499999999988	178.9
1925	143.36499999999987	178.9
1950	143.93999999999988	178.9
1975	143.89999999999986	178.9
2000	144.06499999999988	178.9

Run 8
50	15.691999999999991	88.9
75	36.30200000000005	104.9
100	55.95900000000005	166.9
125	66.67600000000007	166.9
150	72.39200000000007	166.9
175	75.53200000000007	166.9
200	83.13700000000006	166.9
225	88.37500000000004	166.9
250	91.39500000000002	166.9
275	95.90999999999998	166.9
300	99.18999999999998	166.9
325	101.49999999999996	166.9
350	102.23999999999997	166.9
375	107.62999999999994	166.9
400	110.10999999999994	166.9
425	112.18499999999993	166.9
450	113.75999999999993	166.9
475	115.22999999999993	166.9
500	116.36999999999993	166.9
525	117.56249999999993	166.9
550	119.1024999999999	166.9
575	120.2774999999999	166.9
600	122.16249999999991	166.9
625	123.44499999999991	166.9
650	124.42749999999991	166.9
675	124.6199999999999	166.9
700	125.1649999999999	166.9
725	125.69249999999991	166.9
750	126.1974999999999	166.9
775	127.13499999999989	166.9
800	128.3699999999999	166.9
825	128.8999999999999	166.9
850	130.0899999999999	166.9
875	131.0299999999999	166.9
900	131.8899999999999	166.9
925	132.2699999999999	166.9
950	132.5924999999999	166.9
975	133.5549999999999	166.9
1000	133.4849999999999	166.9
1025	133.78999999999988	166.9
1050	134.94499999999988	166.9
1075	135.53499999999988	166.9
1100	135.8549999999999	166.9
1125	136.09499999999989	166.9
1150	136.3574999999999	166.9
1175	136.63499999999988	166.9
1200	137.20499999999987	166.9
1225	137.24499999999986	166.9
1250	137.51499999999987	166.9
1275	138.57999999999987	171.9
1300	139.76999999999987	171.9
1325	141.21499999999986	171.9
1350	140.82999999999987	171.9
1375	141.09999999999988	171.9
1400	141.09999999999988	171.9
1425	141.22999999999988	171.9
1450	141.32999999999987	171.9
1475	141.19499999999988	171.9
1500	141.46499999999986	171.9
1525	141.46499999999986	171.9
1550	141.49249999999986	171.9
1575	141.28499999999988	171.9
1600	141.79999999999987	171.9
1625	141.87249999999986	171.9
1650	142.51749999999987	171.9
1675	142.51749999999987	171.9
1700	143.25749999999988	171.9
1725	143.1874999999999	171.9
1750	143.25749999999988	171.9
1775	143.01749999999987	171.9
1800	143.47249999999988	171.9
1825	143.32749999999987	171.9
1850	143.79749999999987	171.9
1875	143.63749999999987	171.9
1900	144.3124999999999	171.9
1925	145.13624999999988	171.9
1950	145.58874999999986	171.9
1975	145.62374999999986	171.9
2000	145.65749999999989	171.9

Run 9
50	14.743999999999987	122.9
75	31.47600000000005	122.9
100	45.193000000000055	122.9
125	55.22500000000005	122.9
150	60.248000000000054	122.9
175	66.93700000000005	122.9
200	71.74750000000006	122.9
225	74.86550000000005	122.9
250	79.50300000000007	122.9
275	83.55100000000006	136.9
300	84.89850000000004	136.9
325	88.29650000000004	136.9
350	91.586	136.9
375	94.26100000000001	136.9
400	96.369	136.9
425	98.609	136.9
450	101.76899999999996	136.9
475	103.29399999999995	136.9
500	104.55399999999996	136.9
525	106.00599999999994	136.9
550	106.98849999999995	136.9
575	107.37049999999994	136.9
600	109.31049999999996	139.9
625	109.81049999999996	139.9
650	110.96249999999995	139.9
675	112.38499999999995	139.9
700	112.98999999999995	139.9
725	113.64699999999993	139.9
750	114.53499999999994	139.9
775	115.26999999999992	139.9
800	115.79749999999993	139.9
825	116.30499999999992	139.9
850	117.87499999999993	163.9
875	119.16749999999993	163.9
900	120.31499999999993	163.9
925	121.06299999999992	163.9
950	123.27549999999992	163.9
975	123.97499999999991	163.9
1000	125.26999999999991	163.9
1025	126.78349999999989	163.9
1050	127.97099999999992	163.9
1075	128.5459999999999	163.9
1100	128.7959999999999	163.9
1125	128.88349999999988	163.9
1150	129.5234999999999	163.9
1175	130.09549999999993	163.9
1200	130.1154999999999	163.9
1225	130.3679999999999	163.9
1250	130.8324999999999	163.9
1275	131.3824999999999	163.9
1300	131.6574999999999	163.9
1325	132.6629999999999	163.9
1350	133.1504999999999	163.9
1375	133.2254999999999	163.9
1400	134.33749999999992	163.9
1425	134.7719999999999	163.9
1450	134.7719999999999	163.9
1475	135.64749999999992	163.9
1500	135.4649999999999	163.9
1525	136.90049999999988	163.9
1550	137.7929999999999	163.9
1575	138.78674999999987	163.9
1600	139.87299999999988	163.9
1625	139.87299999999988	163.9
1650	139.8817499999999	163.9
1675	139.66174999999987	163.9
1700	140.5299999999999	163.9
1725	139.9524999999999	163.9
1750	140.3599999999999	163.9
1775	140.3599999999999	163.9
1800	141.1329999999999	163.9
1825	141.03549999999987	163.9
1850	141.03549999999987	163.9
1875	141.15099999999987	163.9
1900	140.82349999999988	163.9
1925	140.91349999999989	163.9
1950	141.1717499999999	163.9
1975	141.5897499999999	163.9
2000	141.58974999999987	163.9

Run 10
50	13.195999999999993	56.1
75	28.23000000000004	104.9
100	46.11600000000005	104.9
125	55.95100000000005	104.9
150	68.78000000000006	131.9
175	81.60900000000007	131.9
200	89.67550000000001	132.9
225	93.37299999999999	132.9
250	95.46700000000003	132.9
275	96.998	132.9
300	100.75149999999998	132.9
325	103.60024999999996	132.9
350	104.95649999999996	132.9
375	105.83774999999997	132.9
400	107.67774999999995	139.9
425	109.89524999999996	139.9
450	111.76499999999994	139.9
475	113.10749999999993	139.9
500	114.99124999999992	139.9
525	116.31749999999992	141.4
550	118.32249999999993	143.9
575	120.13999999999992	143.9
600	121.4337499999999	143.9
625	123.68749999999991	146.9
650	123.68749999999991	146.9
675	125.84749999999991	147.9
700	127.35249999999989	147.9
725	129.7049999999999	159.9
750	131.3124999999999	159.9
775	132.8624999999999	159.9
800	134.31999999999988	160.9
825	135.19749999999988	160.9
850	136.78499999999988	161.9
875	136.93499999999986	161.9
900	138.28999999999988	161.9
925	138.66249999999988	161.9
950	138.71749999999986	161.9
975	139.53499999999988	161.9
1000	140.85999999999987	161.9
1025	140.85999999999987	161.9
1050	141.93999999999988	175.9
1075	142.55999999999986	175.9
1100	142.94999999999987	175.9
1125	143.04499999999987	175.9
1150	143.43999999999988	175.9
1175	143.9999999999999	175.9
1200	144.6874999999999	175.9
1225	145.35749999999987	175.9
1250	145.55999999999986	175.9
1275	146.06999999999985	175.9
1300	146.82749999999984	175.9
1325	147.27749999999986	175.9
1350	147.31749999999985	175.9
1375	146.98249999999985	175.9
1400	148.72249999999985	175.9
1425	150.07249999999985	175.9
1450	150.39249999999984	175.9
1475	150.30249999999987	175.9
1500	150.72749999999985	175.9
1525	150.34249999999986	175.9
1550	151.70749999999987	175.9
1575	151.78999999999985	175.9
1600	152.96999999999986	175.9
1625	153.21249999999986	175.9
1650	153.21249999999986	175.9
1675	152.72749999999985	175.9
1700	152.97749999999985	175.9
1725	154.07749999999984	175.9
1750	153.67999999999986	175.9
1775	154.19999999999985	175.9
1800	154.98999999999987	175.9
1825	154.97249999999985	175.9
1850	154.93499999999986	175.9
1875	154.88499999999985	175.9
1900	154.93499999999986	175.9
1925	155.67749999999987	178.9
1950	156.70499999999984	178.9
1975	156.23249999999985	178.9
2000	156.29249999999985	178.9

Run 11
50	15.45199999999999	73.9
75	32.86600000000004	99.3
100	46.289000000000044	99.3
125	53.71300000000005	104.9
150	60.04200000000006	104.9
175	64.15900000000006	104.9
200	68.93550000000006	109.9
225	74.53900000000007	109.9
250	76.73600000000006	109.9
275	79.52300000000007	109.9
300	84.84050000000005	119.9
325	89.6205	125.9
350	92.09550000000002	125.9
375	95.54549999999999	125.9
400	98.35049999999997	126.15
425	100.84049999999998	126.15
450	103.22299999999997	127.15
475	104.22049999999997	127.15
500	105.50299999999996	127.15
525	106.73299999999996	145.9
550	107.84799999999996	145.9
575	110.71924999999996	145.9
600	112.76374999999994	149.9
625	115.19124999999993	161.4
650	116.55874999999993	161.4
675	117.05624999999992	161.4
700	121.48874999999991	161.4
725	124.00124999999991	161.4
750	125.46374999999989	161.4
775	127.6162499999999	161.4
800	129.57124999999988	179.9
825	131.1512499999999	179.9
850	132.3087499999999	179.9
875	133.80187499999988	179.9
900	134.62437499999987	179.9
925	135.7343749999999	179.9
950	138.11437499999988	179.9
975	139.66218749999987	179.9
1000	140.43718749999988	179.9
1025	141.11218749999986	179.9
1050	142.09718749999988	179.9
1075	143.94218749999985	179.9
1100	144.60218749999984	179.9
1125	146.05218749999986	179.9
1150	146.61718749999986	179.9
1175	146.99718749999985	179.9
1200	146.93718749999985	179.9
1225	147.78968749999984	179.9
1250	147.95093749999987	179.9
1275	148.05468749999986	179.9
1300	148.26968749999986	179.9
1325	148.68468749999985	179.9
1350	148.77968749999985	179.9
1375	149.11468749999986	179.9
1400	149.76468749999987	179.9
1425	150.51468749999987	179.9
1450	150.57468749999987	179.9
1475	150.55468749999986	179.9
1500	150.74718749999985	179.9
1525	151.57718749999987	179.9
1550	151.72218749999985	179.9
1575	152.12218749999985	179.9
1600	152.14468749999986	179.9
1625	152.38968749999987	179.9
1650	152.40468749999985	179.9
1675	152.16843749999987	179.9
1700	152.25343749999985	179.9
1725	152.18843749999985	179.9
1750	152.52812499999985	179.9
1775	153.10812499999986	179.9
1800	153.47312499999987	179.9
1825	154.18062499999985	179.9
1850	153.87062499999985	179.9
1875	156.14562499999985	194.9
1900	156.59937499999987	194.9
1925	156.59937499999987	194.9
1950	156.39937499999985	194.9
1975	156.53187499999984	194.9
2000	156.82312499999986	194.9

Run 12
50	16.603999999999996	98.9
75	30.20400000000005	115.9
100	42.418000000000056	115.9
125	50.75200000000005	115.9
150	57.81700000000005	115.9
175	63.45000000000005	115.9
200	69.58475000000006	115.9
225	75.06200000000007	115.9
250	77.79700000000007	115.9
275	84.66875000000006	137.9
300	86.73937500000004	137.9
325	90.22125000000001	137.9
350	96.93812499999999	137.9
375	100.18312499999998	137.9
400	102.05812499999996	137.9
425	103.95874999999997	137.9
450	106.25374999999997	137.9
475	107.31374999999994	137.9
500	109.41874999999995	137.9
525	111.40124999999995	157.9
550	113.55874999999993	157.9
575	114.00499999999992	157.9
600	115.99624999999993	157.9
625	116.52124999999992	157.9
650	118.07374999999993	157.9
675	118.50999999999993	157.9
700	118.95124999999993	157.9
725	119.18249999999993	157.9
750	119.35999999999993	157.9
775	120.2149999999999	157.9
800	121.2912499999999	161.9
825	121.68999999999991	161.9
850	121.95624999999991	161.9
875	122.8399999999999	161.9
900	123.80499999999991	161.9
925	124.1999999999999	161.9
950	125.2899999999999	161.9
975	126.11249999999991	161.9
1000	126.7924999999999	161.9
1025	127.17249999999991	161.9
1050	128.7149999999999	161.9
1075	128.8049999999999	161.9
1100	130.0749999999999	161.9
1125	130.13249999999988	161.9
1150	130.3124999999999	161.9
1175	130.9224999999999	161.9
1200	130.84749999999988	161.9
1225	131.60249999999988	161.9
1250	133.0124999999999	161.9
1275	133.8724999999999	161.9
1300	133.6224999999999	161.9
1325	134.5124999999999	161.9
1350	135.28249999999989	161.9
1375	135.3124999999999	161.9
1400	135.28749999999988	161.9
1425	135.6474999999999	161.9
1450	136.4524999999999	161.9
1475	136.7424999999999	161.9
1500	136.7424999999999	161.9
1525	136.91249999999988	161.9
1550	137.36749999999986	161.9
1575	137.98249999999987	161.9
1600	138.28249999999989	161.9
1625	139.18249999999986	161.9
1650	139.78999999999988	161.9
1675	139.88999999999987	161.9
1700	140.10999999999987	161.9
1725	140.60499999999988	161.9
1750	141.50499999999988	161.9
1775	142.79499999999987	161.9
1800	143.53999999999988	171.9
1825	143.82999999999987	171.9
1850	144.50999999999988	171.9
1875	145.27999999999986	171.9
1900	145.09999999999988	171.9
1925	145.46499999999986	171.9
1950	146.05999999999986	171.9
1975	146.02999999999986	171.9
2000	146.37999999999985	171.9

Run 13
50	10.999999999999993	92.9
75	25.23600000000004	92.9
100	37.371000000000045	92.9
125	47.28400000000005	92.9
150	53.300500000000056	118.9
175	58.606750000000055	118.9
200	64.37225000000007	118.9
225	70.37800000000006	118.9
250	72.75800000000005	118.9
275	76.28900000000007	118.9
300	80.05950000000006	118.9
325	83.11575000000006	122.9
350	85.36200000000004	122.9
375	89.72200000000002	124.9
400	91.7595	124.9
425	93.21200000000003	124.9
450	95.5375	124.9
475	96.2425	124.9
500	97.145	124.9
525	98.09749999999998	124.9
550	99.10812499999999	124.9
575	100.49937499999999	124.9
600	100.93937499999998	124.9
625	101.44937499999997	124.9
650	102.65687499999999	124.9
675	102.46187499999998	124.9
700	102.62187499999999	124.9
725	104.17187499999996	124.9
750	104.72249999999997	124.9
775	104.86499999999997	124.9
800	107.17749999999997	131.9
825	108.32499999999995	131.9
850	109.32999999999994	131.9
875	110.09499999999994	131.9
900	110.93749999999994	131.9
925	111.93749999999994	131.9
950	112.46249999999995	131.9
975	113.68749999999993	134.9
1000	114.06749999999992	134.9
1025	114.06999999999992	134.9
1050	114.85999999999993	134.9
1075	115.77499999999992	134.9
1100	115.93499999999993	134.9
1125	116.34499999999993	134.9
1150	116.58499999999992	134.9
1175	117.20999999999992	134.9
1200	117.20999999999992	134.9
1225	117.08999999999993	134.9
1250	117.38499999999993	134.9
1275	117.38499999999993	134.9
1300	117.84499999999993	134.9
1325	117.84499999999993	134.9
1350	118.37499999999993	134.9
1375	118.99499999999993	134.9
1400	120.69749999999993	139.9
1425	120.58749999999992	139.9
1450	121.20249999999992	139.9
1475	122.14499999999991	139.9
1500	122.47499999999991	139.9
1525	123.20999999999991	139.9
1550	123.7949999999999	139.9
1575	124.4149999999999	147.4
1600	125.1849999999999	147.4
1625	126.2899999999999	147.4
1650	127.4649999999999	147.4
1675	127.7949999999999	147.4
1700	128.2999999999999	147.4
1725	128.7399999999999	147.4
1750	129.4599999999999	147.4
1775	130.2924999999999	147.4
1800	131.15749999999989	148.4
1825	132.3124999999999	152.9
1850	133.13499999999988	152.9
1875	133.8324999999999	152.9
1900	134.00999999999988	152.9
1925	134.7699999999999	152.9
1950	135.4937499999999	152.9
1975	136.6099999999999	152.9
2000	137.0862499999999	152.9

Run 14
50	16.40799999999999	79.9
75	29.62800000000004	81.9
100	42.00500000000005	100.15
125	53.70750000000007	101.9
150	63.772500000000065	108.9
175	75.34875000000007	108.9
200	81.86125000000007	108.9
225	87.79250000000003	130.9
250	91.05250000000002	130.9
275	94.365	130.9
300	96.2325	130.9
325	97.54999999999998	130.9
350	98.18999999999998	130.9
375	100.05499999999998	130.9
400	101.11499999999998	130.9
425	103.54249999999996	135.4
450	104.61249999999997	135.4
475	105.51499999999996	135.4
500	106.78499999999997	138.9
525	107.94499999999996	138.9
550	109.25999999999995	138.9
575	110.65499999999994	138.9
600	111.28499999999994	138.9
625	112.69499999999995	140.9
650	113.53499999999993	140.9
675	114.07999999999993	140.9
700	115.52999999999993	152.9
725	116.13499999999993	152.9
750	117.29499999999993	152.9
775	119.46749999999992	152.9
800	119.62749999999991	152.9
825	120.25749999999991	152.9
850	122.0124999999999	152.9
875	122.9024999999999	152.9
900	124.1049999999999	152.9
925	125.0249999999999	152.9
950	125.1199999999999	152.9
975	125.40999999999991	152.9
1000	126.24124999999991	152.9
1025	127.11124999999988	152.9
1050	128.2299999999999	152.9
1075	129.06499999999988	152.9
1100	129.03499999999988	152.9
1125	130.00999999999988	152.9
1150	130.32249999999988	152.9
1175	130.9562499999999	152.9
1200	132.7162499999999	181.9
1225	133.6243749999999	181.9
1250	134.4993749999999	181.9
1275	136.04937499999988	181.9
1300	136.61687499999988	181.9
1325	136.24687499999987	181.9
1350	137.02687499999988	181.9
1375	137.73937499999988	181.9
1400	138.21937499999987	181.9
1425	139.00687499999987	181.9
1450	138.93937499999987	181.9
1475	139.83031249999988	181.9
1500	139.28031249999987	181.9
1525	139.7578124999999	181.9
1550	139.96781249999987	181.9
1575	141.55718749999988	181.9
1600	141.63718749999987	181.9
1625	141.75718749999987	181.9
1650	142.08718749999989	181.9
1675	141.86218749999986	181.9
1700	142.43218749999988	181.9
1725	142.40218749999988	181.9
1750	142.40218749999988	181.9
1775	142.76218749999987	181.9
1800	142.40218749999988	181.9
1825	142.73718749999986	181.9
1850	143.22968749999987	181.9
1875	143.44968749999987	181.9
1900	143.96968749999988	181.9
1925	144.65468749999988	181.9
1950	145.00468749999987	181.9
1975	145.14468749999986	181.9
2000	145.70093749999987	181.9

Run 15
50	11.44799999999999	78.9
75	22.692000000000025	78.9
100	36.17500000000004	86.9
125	45.30000000000005	86.9
150	54.992000000000054	102.9
175	65.07500000000006	151.9
200	70.25200000000007	151.9
225	80.43950000000007	159.9
250	85.38950000000004	159.9
275	89.44875000000002	159.9
300	94.7525	159.9
325	98.25749999999998	159.9
350	100.17499999999998	159.9
375	103.51499999999996	164.9
400	104.73749999999997	164.9
425	107.10249999999995	164.9
450	109.12749999999994	164.9
475	109.55749999999995	164.9
500	114.08749999999992	164.9
525	118.02249999999991	164.9
550	121.4624999999999	164.9
575	123.5849999999999	164.9
600	124.35249999999989	164.9
625	125.54499999999989	164.9
650	125.77499999999989	164.9
675	126.8499999999999	164.9
700	128.2049999999999	164.9
725	129.00499999999988	164.9
750	129.2349999999999	164.9
775	130.03249999999989	164.9
800	132.17749999999987	164.9
825	132.58249999999987	164.9
850	133.16249999999988	164.9
875	135.90249999999986	164.9
900	136.26249999999987	164.9
925	137.65499999999986	164.9
950	137.61499999999987	164.9
975	137.19499999999988	164.9
1000	137.91499999999988	164.9
1025	138.37999999999988	164.9
1050	139.13249999999988	164.9
1075	139.50249999999988	164.9
1100	139.78249999999989	164.9
1125	140.27249999999987	164.9
1150	140.27249999999987	164.9
1175	140.51249999999987	164.9
1200	141.44249999999988	164.9
1225	141.45249999999987	164.9
1250	142.77999999999986	164.9
1275	144.07999999999984	164.9
1300	144.00999999999985	164.9
1325	144.15999999999985	164.9
1350	144.81999999999985	164.9
1375	145.55999999999986	164.9
1400	146.12999999999985	164.9
1425	145.77999999999986	164.9
1450	146.22999999999985	164.9
1475	146.51999999999987	164.9
1500	146.51999999999987	164.9
1525	146.82249999999985	164.9
1550	147.22999999999985	164.9
1575	147.77999999999986	164.9
1600	148.53499999999985	164.9
1625	148.53499999999985	164.9
1650	148.53499999999985	164.9
1675	148.93499999999986	164.9
1700	149.01249999999985	164.9
1725	149.46249999999986	164.9
1750	149.84249999999986	164.9
1775	149.38999999999984	164.9
1800	149.58249999999987	164.9
1825	149.64249999999984	164.9
1850	150.00249999999986	164.9
1875	150.17249999999984	164.9
1900	150.07249999999985	164.9
1925	149.81249999999986	164.9
1950	150.24249999999986	164.9
1975	149.81249999999986	164.9
2000	150.11749999999986	164.9

Run 16
50	10.783999999999992	73.9
75	24.81600000000003	73.9
100	35.82300000000005	77.9
125	42.70150000000005	77.9
150	48.80150000000003	91.9
175	56.42100000000005	91.9
200	62.332500000000024	102.9
225	68.89750000000005	114.9
250	75.59150000000005	118.19999999999999
275	78.95650000000005	118.19999999999999
300	83.08900000000006	118.19999999999999
325	87.63050000000001	118.19999999999999
350	93.04599999999999	118.9
375	97.24349999999998	125.65
400	100.84849999999997	132.9
425	104.42599999999993	148.9
450	106.92999999999992	148.9
475	111.98999999999992	148.9
500	116.38049999999994	148.9
525	119.16099999999992	148.9
550	121.4209999999999	148.9
575	122.78599999999989	148.9
600	123.9634999999999	148.9
625	127.0209999999999	148.9
650	129.3084999999999	148.9
675	131.01099999999988	148.9
700	133.4912499999999	152.4
725	135.0162499999999	152.4
750	136.1874999999999	152.4
775	137.1749999999999	152.4
800	137.1512499999999	152.4
825	137.79124999999988	152.4
850	137.6787499999999	152.4
875	138.59874999999988	152.4
900	138.89624999999987	152.4
925	139.12624999999989	152.4
950	139.62624999999989	152.4
975	139.92624999999987	152.4
1000	140.02624999999986	152.4
1025	140.29624999999987	152.4
1050	140.86124999999987	152.4
1075	141.69624999999988	164.9
1100	141.95124999999987	164.9
1125	142.86624999999987	164.9
1150	142.70624999999987	164.9
1175	143.51624999999987	164.9
1200	143.89624999999987	164.9
1225	144.07624999999987	164.9
1250	145.10624999999987	181.9
1275	145.36124999999987	181.9
1300	145.81624999999988	181.9
1325	145.81624999999988	181.9
1350	145.43624999999986	181.9
1375	145.76999999999987	181.9
1400	145.80249999999987	181.9
1425	145.63249999999988	181.9
1450	145.75249999999988	181.9
1475	146.08999999999986	181.9
1500	146.76499999999987	181.9
1525	147.21999999999989	181.9
1550	147.56124999999986	181.9
1575	147.76374999999985	181.9
1600	148.82624999999985	181.9
1625	149.19624999999985	181.9
1650	149.18124999999986	181.9
1675	149.39374999999984	181.9
1700	149.67874999999987	181.9
1725	150.41874999999985	181.9
1750	150.59124999999986	181.9
1775	151.51374999999985	184.9
1800	152.39624999999987	184.9
1825	152.68624999999986	184.9
1850	153.02124999999987	184.9
1875	153.43624999999986	184.9
1900	153.42624999999987	184.9
1925	153.57624999999985	184.9
1950	154.20874999999987	184.9
1975	154.39624999999987	184.9
2000	154.68374999999986	184.9

Run 17
50	10.411999999999992	70.9
75	20.83199999999999	70.9
100	33.198000000000036	103.9
125	43.54500000000005	103.9
150	49.93000000000006	103.9
175	59.280000000000065	103.9
200	64.50500000000007	103.9
225	69.63250000000006	103.9
250	73.80000000000007	103.9
275	75.40250000000006	103.9
300	77.17250000000007	103.9
325	78.46750000000006	103.9
350	80.48250000000006	110.9
375	84.28750000000005	110.9
400	86.85000000000004	110.9
425	88.17750000000002	110.9
450	89.41750000000002	110.9
475	93.3375	157.9
500	94.2475	157.9
525	94.5075	157.9
550	95.8475	157.9
575	97.0025	157.9
600	97.7525	157.9
625	99.16749999999998	157.9
650	100.82499999999999	157.9
675	101.98749999999998	157.9
700	102.39749999999997	157.9
725	103.60499999999996	157.9
750	104.46499999999996	157.9
775	105.08999999999996	157.9
800	105.86999999999996	157.9
825	106.33499999999997	157.9
850	107.25749999999996	157.9
875	107.64249999999997	157.9
900	108.66249999999995	157.9
925	108.75249999999994	157.9
950	109.09499999999994	157.9
975	109.46999999999994	157.9
1000	110.17499999999994	157.9
1025	110.81499999999994	157.9
1050	112.47499999999995	165.9
1075	112.92999999999995	165.9
1100	113.42499999999993	165.9
1125	113.89499999999992	165.9
1150	114.45999999999992	165.9
1175	114.58499999999992	165.9
1200	116.20999999999992	165.9
1225	117.84499999999993	165.9
1250	119.02249999999992	165.9
1275	119.7299999999999	165.9
1300	119.7449999999999	165.9
1325	119.87499999999991	165.9
1350	119.84999999999991	165.9
1375	120.2749999999999	165.9
1400	121.6662499999999	165.9
1425	122.00374999999991	165.9
1450	122.11124999999991	165.9
1475	122.23374999999992	165.9
1500	122.99249999999991	165.9
1525	124.13999999999992	165.9
1550	124.3999999999999	165.9
1575	125.1199999999999	165.9
1600	126.56249999999989	165.9
1625	128.1224999999999	165.9
1650	128.4781249999999	165.9
1675	131.0406249999999	165.9
1700	131.7843749999999	165.9
1725	133.3468749999999	165.9
1750	133.4668749999999	165.9
1775	134.03687499999987	165.9
1800	135.22937499999986	165.9
1825	135.68562499999987	165.9
1850	135.68562499999987	165.9
1875	135.50062499999987	165.9
1900	135.53062499999987	165.9
1925	134.80062499999988	165.9
1950	135.80062499999988	165.9
1975	135.98187499999986	165.9
2000	136.51937499999988	165.9

Run 18
50	13.407999999999992	79.9
75	30.178000000000047	88.4
100	49.652000000000065	135.5
125	62.412000000000056	135.5
150	70.39500000000005	135.5
175	76.66600000000005	135.5
200	81.28050000000005	135.5
225	85.98150000000001	135.5
250	91.00000000000004	135.5
275	91.96350000000002	135.5
300	96.93600000000002	135.5
325	100.12749999999997	135.5
350	102.19149999999996	135.5
375	103.06999999999996	135.5
400	103.97899999999996	135.5
425	105.02049999999996	135.5
450	108.13949999999996	158.5
475	109.75349999999995	158.5
500	110.64749999999997	158.5
525	111.29149999999998	158.5
550	112.81349999999999	158.5
575	114.08349999999999	158.5
600	114.53349999999999	158.5
625	114.9155	158.5
650	115.79625	158.5
675	117.98199999999999	161.5
700	119.01999999999997	161.5
725	121.45249999999999	161.5
750	122.70449999999997	161.5
775	123.85099999999998	161.5
800	124.36599999999999	161.5
825	125.07799999999999	161.5
850	125.26799999999999	161.5
875	125.80799999999999	161.5
900	126.9605	161.5
925	127.68375	161.5
950	128.46875	161.5
975	129.17875	161.5
1000	129.44875	161.5
1025	130.17375	161.5
1050	130.99375	161.5
1075	131.19875	161.5
1100	131.83875	161.5
1125	132.97375	175.25
1150	134.03125	175.25
1175	134.09125	175.25
1200	134.65	175.25
1225	135.3675	175.25
1250	135.7625	175.25
1275	135.8075	175.25
1300	136.47	175.25
1325	136.47	175.25
1350	137.0175	175.25
1375	137.43125	175.25
1400	138.08375	175.25
1425	138.22875	175.25
1450	139.22625	175.25
1475	139.22625	175.25
1500	138.78625	175.25
1525	139.07125	175.25
1550	140.03125	176.5
1575	141.27625	176.5
1600	142.83	176.5
1625	143.865	176.5
1650	144.2375	176.5
1675	144.97875	176.5
1700	144.97875	176.5
1725	145.14125	176.5
1750	146.20125	176.5
1775	146.27125	176.5
1800	146.64125	176.5
1825	147.18	176.5
1850	147.18	176.5
1875	146.85625	176.5
1900	147.22	176.5
1925	147.22	176.5
1950	147.845	176.5
1975	147.845	176.5
2000	147.715	176.5

Run 19
50	12.715999999999994	60.9
75	24.540000000000017	63.9
100	39.66900000000004	72.5
125	46.55000000000004	73.9
150	49.79600000000003	84.9
175	55.325000000000024	84.9
200	60.12850000000004	86.9
225	65.10600000000005	93.9
250	69.72400000000006	99.9
275	73.38400000000006	99.9
300	79.71200000000006	157.9
325	89.38700000000003	157.9
350	91.87000000000002	157.9
375	94.1	157.9
400	97.25999999999998	157.9
425	99.16249999999998	157.9
450	102.56249999999996	157.9
475	103.44749999999996	157.9
500	105.76749999999997	157.9
525	107.25749999999996	157.9
550	108.13249999999995	157.9
575	108.72499999999995	157.9
600	111.35999999999994	157.9
625	113.57999999999993	157.9
650	114.94249999999992	157.9
675	115.29749999999993	157.9
700	116.15249999999993	157.9
725	116.66749999999993	157.9
750	117.41249999999992	157.9
775	117.48499999999993	157.9
800	117.74499999999993	157.9
825	119.03249999999993	157.9
850	119.17749999999992	157.9
875	119.49624999999993	157.9
900	119.83562499999992	157.9
925	121.5281249999999	157.9
950	122.1843749999999	157.9
975	122.60937499999991	157.9
1000	122.9481249999999	157.9
1025	123.16374999999991	157.9
1050	123.2437499999999	157.9
1075	124.2324999999999	157.9
1100	124.76874999999991	157.9
1125	125.92874999999991	157.9
1150	126.1199999999999	157.9
1175	126.65999999999991	157.9
1200	126.92999999999991	157.9
1225	128.0124999999999	157.9
1250	128.28249999999989	157.9
1275	128.5124999999999	157.9
1300	129.16249999999988	157.9
1325	129.4624999999999	157.9
1350	129.44249999999988	157.9
1375	129.7112499999999	157.9
1400	130.7956249999999	157.9
1425	130.8856249999999	157.9
1450	130.8756249999999	157.9
1475	130.8156249999999	157.9
1500	130.6656249999999	157.9
1525	130.7806249999999	157.9
1550	130.90062499999988	157.9
1575	131.0306249999999	157.9
1600	131.5056249999999	157.9
1625	131.5549999999999	157.9
1650	131.5549999999999	157.9
1675	131.8599999999999	157.9
1700	132.19499999999988	157.9
1725	131.9599999999999	157.9
1750	132.25999999999988	157.9
1775	132.5499999999999	157.9
1800	132.3599999999999	157.9
1825	132.6243749999999	157.9
1850	132.64937499999988	157.9
1875	133.4743749999999	157.9
1900	133.4843749999999	157.9
1925	133.3443749999999	157.9
1950	133.68999999999988	157.9
1975	133.7143749999999	157.9
2000	133.8443749999999	157.9

Run 20
50	13.083999999999994	71.1
75	23.244000000000018	71.1
100	34.65900000000003	92.1
125	40.79100000000001	92.1
150	47.428999999999995	106.1
175	53.31799999999998	106.1
200	56.49499999999999	106.1
225	58.85799999999998	106.1
250	60.001999999999974	106.1
275	63.421499999999966	106.1
300	69.13299999999995	106.1
325	69.40299999999996	106.1
350	71.99599999999995	114.1
375	75.05199999999995	116.1
400	77.77599999999995	134.6
425	79.04999999999994	134.6
450	81.90249999999993	134.6
475	86.70749999999997	134.6
500	90.18249999999998	134.6
525	91.08249999999998	134.6
550	94.1975	134.6
575	94.695	134.6
600	96.975	134.6
625	97.46250000000002	134.6
650	100.19250000000002	134.6
675	100.72000000000001	134.6
700	104.79125000000003	134.6
725	108.95375000000006	149.7875
750	111.13562500000008	149.7875
775	112.37312500000007	149.7875
800	113.47187500000007	149.7875
825	115.45937500000008	149.7875
850	117.66187500000007	149.7875
875	119.60625000000009	163.1
900	120.8812500000001	163.1
925	122.69562500000009	163.1
950	123.9593750000001	163.1
975	125.0643750000001	163.1
1000	125.1443750000001	163.1
1025	125.0031250000001	163.1
1050	125.50812500000009	163.1
1075	128.35562500000012	163.1
1100	127.8231250000001	163.1
1125	128.6531250000001	163.1
1150	129.2940625000001	163.1
1175	131.7415625000001	163.1
1200	132.0390625000001	163.1
1225	133.2078125000001	163.1
1250	133.5528125000001	163.1
1275	135.08281250000013	173.1
1300	135.88031250000012	173.1
1325	135.84031250000012	173.1
1350	135.84031250000012	173.1
1375	136.90031250000013	173.1
1400	137.99531250000013	173.1
1425	138.83843750000014	173.1
1450	138.83843750000014	173.1
1475	139.02843750000014	173.1
1500	138.98218750000012	173.1
1525	139.0390625000001	173.1
1550	139.08906250000013	173.1
1575	139.1796875000001	173.1
1600	139.45968750000011	173.1
1625	139.34843750000013	173.1
1650	140.72375000000014	173.1
1675	141.70875000000012	173.1
1700	142.07250000000013	173.1
1725	143.47687500000012	173.1
1750	144.37312500000016	173.1
1775	144.66562500000015	173.1
1800	145.53968750000016	173.1
1825	145.67218750000015	173.1
1850	145.74968750000014	173.1
1875	146.84968750000016	184.1
1900	146.59968750000016	184.1
1925	146.86968750000014	184.1
1950	147.10968750000015	184.1
1975	147.30968750000014	184.1
2000	147.25968750000015	184.1

Run 21
50	15.487999999999992	77.9
75	26.650000000000027	77.9
100	36.822000000000045	79.9
125	47.41300000000005	99.9
150	56.928000000000054	99.9
175	64.36950000000006	130.9
200	74.70075000000006	130.9
225	85.24125000000005	149.9
250	93.84125	149.9
275	100.47999999999996	149.9
300	105.53374999999994	149.9
325	107.92624999999994	149.9
350	111.42187499999993	149.9
375	114.49999999999993	156.9
400	117.4474999999999	156.9
425	121.12624999999991	156.9
450	125.77937499999989	184.9
475	127.19937499999989	184.9
500	129.1093749999999	184.9
525	131.2243749999999	184.9
550	132.5406249999999	184.9
575	134.85812499999986	184.9
600	136.23937499999988	184.9
625	135.94937499999986	184.9
650	136.99437499999988	184.9
675	137.69437499999987	184.9
700	138.09437499999987	184.9
725	138.78937499999986	184.9
750	140.14999999999986	184.9
775	141.21999999999989	184.9
800	142.05999999999986	184.9
825	142.69999999999987	184.9
850	142.53499999999988	184.9
875	142.68499999999986	184.9
900	143.10999999999987	184.9
925	143.57999999999987	184.9
950	143.89499999999987	184.9
975	144.00499999999988	184.9
1000	145.53249999999986	184.9
1025	145.96749999999986	184.9
1050	146.39749999999987	184.9
1075	146.41249999999985	184.9
1100	146.30249999999987	184.9
1125	146.58749999999986	184.9
1150	147.01249999999985	184.9
1175	147.01249999999985	184.9
1200	147.86749999999986	184.9
1225	147.98749999999984	184.9
1250	148.87749999999986	184.9
1275	148.98749999999984	184.9
1300	149.00749999999985	184.9
1325	149.59249999999986	184.9
1350	150.09749999999985	184.9
1375	150.09749999999985	184.9
1400	149.66999999999985	184.9
1425	149.70499999999984	184.9
1450	148.98499999999984	184.9
1475	149.89499999999987	184.9
1500	149.39499999999987	184.9
1525	150.51999999999987	184.9
1550	150.49499999999986	184.9
1575	151.87499999999986	184.9
1600	152.49999999999986	184.9
1625	152.52999999999986	184.9
1650	152.65999999999985	184.9
1675	152.46499999999986	184.9
1700	152.85499999999985	184.9
1725	153.45499999999984	184.9
1750	153.56499999999986	184.9
1775	153.67499999999984	184.9
1800	154.06499999999986	184.9
1825	154.33499999999987	184.9
1850	154.20999999999987	184.9
1875	154.97999999999985	184.9
1900	154.85499999999985	184.9
1925	155.56499999999986	184.9
1950	156.85499999999985	207.9
1975	156.32499999999985	207.9
2000	156.32499999999985	207.9

Run 22
50	9.27999999999999	81.9
75	21.324000000000005	82.4
100	39.220000000000056	99.9
125	55.98000000000006	130.9
150	71.50750000000008	130.9
175	85.16500000000005	130.9
200	93.11	130.9
225	96.60499999999998	130.9
250	100.36249999999998	130.9
275	104.17249999999996	130.9
300	106.17499999999997	130.9
325	109.77249999999995	140.65
350	111.64999999999995	140.65
375	115.15249999999993	140.65
400	117.45499999999993	140.65
425	119.07249999999993	143.9
450	120.37749999999991	149.9
475	120.58499999999991	149.9
500	121.8074999999999	149.9
525	122.75249999999991	149.9
550	124.5874999999999	149.9
575	125.73874999999991	149.9
600	126.4774999999999	149.9
625	127.10999999999991	149.9
650	128.4174999999999	149.9
675	128.4274999999999	149.9
700	130.63124999999988	165.9
725	131.8337499999999	165.9
750	132.2962499999999	165.9
775	132.9012499999999	165.9
800	135.85999999999987	170.9
825	136.51499999999987	170.9
850	138.97624999999988	170.9
875	140.55999999999986	170.9
900	141.9999999999999	170.9
925	143.08499999999987	170.9
950	144.29749999999987	170.9
975	144.54249999999988	170.9
1000	145.08249999999987	170.9
1025	146.26249999999985	170.9
1050	146.32499999999985	170.9
1075	146.69999999999985	170.9
1100	146.86499999999987	170.9
1125	147.16999999999985	170.9
1150	148.26999999999987	173.9
1175	148.31999999999985	173.9
1200	148.99499999999986	173.9
1225	149.22499999999985	173.9
1250	149.34499999999986	173.9
1275	149.02499999999986	173.9
1300	149.89499999999987	173.9
1325	150.35499999999985	173.9
1350	150.72499999999985	173.9
1375	151.70499999999984	173.9
1400	151.70999999999987	173.9
1425	152.04999999999984	173.9
1450	153.00749999999985	173.9
1475	153.20749999999987	173.9
1500	153.76749999999984	173.9
1525	153.42749999999987	173.9
1550	153.85749999999985	173.9
1575	154.23249999999985	173.9
1600	154.09749999999985	173.9
1625	154.56749999999985	173.9
1650	155.08749999999986	173.9
1675	155.71249999999986	173.9
1700	155.62749999999986	173.9
1725	155.51249999999985	173.9
1750	155.47249999999985	173.9
1775	155.60749999999985	173.9
1800	155.91249999999985	173.9
1825	155.74249999999986	173.9
1850	156.19249999999985	173.9
1875	156.22249999999985	173.9
1900	156.68749999999986	173.9
1925	156.72249999999985	173.9
1950	157.03499999999985	173.9
1975	157.27499999999986	173.9
2000	157.46999999999986	173.9

Run 23
50	16.091999999999995	74.9
75	34.19000000000005	107.9
100	48.94000000000003	107.9
125	60.75900000000005	107.9
150	69.39000000000006	107.9
175	75.40150000000006	114.9
200	77.79150000000006	114.9
225	80.03750000000007	114.9
250	83.14250000000006	114.9
275	87.01250000000003	127.9
300	90.09250000000002	127.9
325	92.22250000000003	127.9
350	94.3975	127.9
375	96.2625	127.9
400	98.16249999999998	127.9
425	101.71499999999997	165.9
450	104.43249999999996	165.9
475	106.35999999999996	165.9
500	107.63999999999994	165.9
525	108.03499999999994	165.9
550	109.86999999999995	165.9
575	111.58999999999995	165.9
600	113.28999999999992	167.9
625	116.21249999999992	167.9
650	118.5424999999999	167.9
675	121.00499999999991	167.9
700	122.1499999999999	167.9
725	123.92999999999991	167.9
750	124.8724999999999	167.9
775	126.5374999999999	167.9
800	127.76249999999989	167.9
825	128.4499999999999	167.9
850	129.97499999999988	167.9
875	131.4624999999999	167.9
900	132.4174999999999	167.9
925	134.14249999999987	167.9
950	134.42249999999987	167.9
975	134.90749999999989	167.9
1000	135.41249999999988	167.9
1025	135.32749999999987	167.9
1050	135.53249999999989	167.9
1075	135.67749999999987	167.9
1100	136.78749999999988	167.9
1125	137.20749999999987	167.9
1150	137.70749999999987	167.9
1175	138.47999999999988	167.9
1200	139.05249999999987	167.9
1225	139.08249999999987	167.9
1250	139.99749999999986	167.9
1275	140.71249999999986	167.9
1300	140.5624999999999	167.9
1325	140.43999999999988	167.9
1350	140.23249999999987	167.9
1375	140.20499999999987	167.9
1400	140.35499999999988	167.9
1425	140.70249999999987	167.9
1450	140.48249999999987	167.9
1475	141.13999999999987	167.9
1500	141.47999999999988	167.9
1525	142.16249999999988	167.9
1550	141.56749999999988	167.9
1575	142.21249999999986	167.9
1600	142.47749999999988	167.9
1625	142.17749999999987	167.9
1650	143.07749999999987	167.9
1675	142.95249999999987	167.9
1700	143.66249999999988	167.9
1725	143.76249999999987	167.9
1750	143.80249999999987	167.9
1775	144.58249999999987	167.9
1800	145.12749999999986	167.9
1825	145.82749999999984	167.9
1850	146.17749999999987	167.9
1875	146.04749999999984	167.9
1900	145.67749999999987	167.9
1925	145.98749999999984	167.9
1950	146.10749999999985	167.9
1975	146.32749999999984	167.9
2000	146.07249999999985	167.9

Run 24
50	15.45599999999999	68.9
75	30.106000000000037	106.9
100	45.25100000000005	106.9
125	54.74100000000005	108.9
150	61.81900000000006	108.9
175	67.38775000000005	108.9
200	72.88075000000006	119.4
225	79.11875000000008	119.4
250	84.34937500000005	119.4
275	85.73812500000005	119.4
300	89.76937500000003	149.9
325	92.77687500000002	149.9
350	99.03124999999999	149.9
375	100.54124999999998	149.9
400	103.95374999999996	149.9
425	106.07999999999997	149.9
450	106.70812499999997	149.9
475	110.62937499999994	168.9
500	112.28999999999992	168.9
525	114.59624999999993	168.9
550	117.53249999999991	168.9
575	119.6537499999999	168.9
600	121.79749999999991	168.9
625	123.0762499999999	168.9
650	125.9612499999999	168.9
675	127.1287499999999	168.9
700	128.4987499999999	168.9
725	130.6124999999999	168.9
750	132.64374999999987	168.9
775	136.49624999999986	168.9
800	137.99124999999987	168.9
825	139.04374999999987	168.9
850	139.16374999999988	168.9
875	139.44374999999988	168.9
900	140.76749999999987	168.9
925	141.29499999999987	168.9
950	142.07124999999985	168.9
975	143.15124999999986	168.9
1000	145.22374999999985	169.9
1025	146.63374999999985	170.9
1050	147.63374999999985	170.9
1075	150.27374999999986	202.9
1100	151.18749999999986	202.9
1125	151.58749999999986	202.9
1150	152.48437499999986	202.9
1175	152.81937499999987	202.9
1200	153.58562499999985	202.9
1225	153.49062499999985	202.9
1250	153.49062499999985	202.9
1275	153.65562499999984	202.9
1300	153.47562499999987	202.9
1325	154.16562499999986	202.9
1350	154.98562499999986	202.9
1375	155.25562499999987	202.9
1400	155.68062499999985	202.9
1425	155.68062499999985	202.9
1450	155.30062499999985	202.9
1475	155.38062499999987	202.9
1500	156.37562499999984	202.9
1525	156.60562499999983	202.9
1550	156.60562499999986	202.9
1575	156.71562499999985	202.9
1600	156.73562499999986	202.9
1625	157.60062499999987	202.9
1650	157.60062499999987	202.9
1675	157.82062499999986	202.9
1700	157.82062499999986	202.9
1725	158.93749999999986	202.9
1750	158.78749999999985	202.9
1775	159.20749999999987	202.9
1800	159.20749999999987	202.9
1825	159.69749999999985	202.9
1850	159.84749999999985	202.9
1875	159.84749999999985	202.9
1900	159.83749999999986	202.9
1925	159.46749999999986	202.9
1950	159.46749999999986	202.9
1975	160.68499999999986	202.9
2000	161.06499999999986	202.9

Run 25
50	18.76399999999999	107.9
75	35.79000000000005	107.9
100	53.118000000000045	125.9
125	65.34600000000006	125.9
150	75.12250000000006	125.9
175	84.12750000000005	125.9
200	89.55375000000002	125.9
225	93.66125	125.9
250	95.69375	125.9
275	99.16124999999998	128.4
300	100.34374999999999	128.4
325	102.92124999999996	128.4
350	104.51374999999996	128.4
375	108.83749999999995	140.9
400	110.09249999999994	140.9
425	111.20249999999994	140.9
450	112.02249999999995	140.9
475	113.04124999999995	140.9
500	114.26124999999993	140.9
525	116.11874999999992	140.9
550	116.90374999999993	140.9
575	118.55874999999993	140.9
600	119.9937499999999	150.9
625	120.95374999999991	150.9
650	121.8087499999999	150.9
675	121.8687499999999	150.9
700	122.14874999999991	150.9
725	122.45374999999991	150.9
750	123.54874999999991	150.9
775	124.35874999999992	150.9
800	125.12499999999991	150.9
825	125.6999999999999	150.9
850	126.80249999999991	150.9
875	127.13249999999991	150.9
900	127.8074999999999	150.9
925	128.59749999999988	150.9
950	128.84874999999988	150.9
975	129.5187499999999	150.9
1000	130.09874999999988	150.9
1025	130.2937499999999	150.9
1050	130.6212499999999	150.9
1075	131.60124999999988	150.9
1100	131.9512499999999	150.9
1125	132.4912499999999	150.9
1150	132.54124999999988	150.9
1175	133.78499999999988	151.9
1200	134.7349999999999	151.9
1225	134.56499999999988	151.9
1250	134.91499999999988	151.9
1275	135.6099999999999	151.9
1300	135.6699999999999	151.9
1325	136.53249999999989	151.9
1350	136.75249999999988	151.9
1375	137.52249999999987	154.9
1400	137.83249999999987	154.9
1425	138.03249999999989	154.9
1450	138.45249999999987	154.9
1475	138.38499999999988	154.9
1500	138.50749999999988	154.9
1525	139.0624999999999	154.9
1550	139.23749999999987	154.9
1575	139.72249999999988	154.9
1600	140.38249999999988	154.9
1625	140.66249999999988	154.9
1650	140.46749999999986	154.9
1675	141.24249999999986	154.9
1700	141.89249999999987	171.9
1725	141.98249999999987	171.9
1750	141.98249999999987	171.9
1775	142.66749999999988	171.9
1800	142.75749999999988	171.9
1825	142.9374999999999	171.9
1850	143.32749999999987	171.9
1875	143.21749999999986	171.9
1900	142.99749999999986	171.9
1925	143.81749999999988	171.9
1950	144.20749999999987	171.9
1975	144.41749999999988	171.9
2000	144.79749999999987	171.9

Run 26
50	17.507999999999996	83.9
75	30.998000000000044	100.9
100	46.24100000000003	100.9
125	57.10300000000004	107.4
150	70.07200000000006	107.4
175	77.40900000000006	114.9
200	83.91000000000005	114.9
225	90.77000000000002	139.9
250	93.2425	139.9
275	95.4725	146.9
300	99.17999999999998	146.9
325	100.54499999999999	146.9
350	102.80749999999996	146.9
375	106.10499999999996	146.9
400	107.58999999999995	146.9
425	108.86999999999995	146.9
450	110.33999999999995	146.9
475	111.23499999999994	146.9
500	112.38499999999995	146.9
525	113.81499999999993	146.9
550	115.72499999999992	146.9
575	117.16499999999992	146.9
600	117.42999999999992	146.9
625	117.83749999999992	146.9
650	118.16749999999993	146.9
675	119.93249999999993	146.9
700	121.09749999999991	148.9
725	121.61124999999991	148.9
750	123.50124999999991	148.9
775	124.49124999999991	152.9
800	125.67812499999991	152.9
825	128.42937499999988	169.9
850	130.9718749999999	169.9
875	132.0068749999999	169.9
900	132.42687499999988	169.9
925	133.20687499999988	169.9
950	134.1199999999999	169.9
975	135.5624999999999	169.9
1000	137.08499999999987	169.9
1025	138.53249999999989	169.9
1050	138.53249999999989	169.9
1075	139.22249999999988	169.9
1100	140.47249999999988	169.9
1125	141.57749999999987	172.9
1150	141.87749999999988	172.9
1175	143.40749999999989	172.9
1200	144.12749999999988	172.9
1225	144.72999999999988	172.9
1250	145.03999999999988	172.9
1275	145.40999999999988	172.9
1300	146.24999999999986	172.9
1325	146.11999999999986	172.9
1350	146.79499999999985	172.9
1375	147.25999999999985	172.9
1400	147.51999999999987	172.9
1425	148.16999999999985	172.9
1450	148.54499999999985	172.9
1475	148.74499999999986	172.9
1500	148.86499999999987	172.9
1525	149.11999999999986	172.9
1550	150.55999999999986	180.9
1575	151.52999999999986	180.9
1600	152.67499999999984	190.9
1625	152.74499999999986	190.9
1650	152.62999999999985	190.9
1675	152.74999999999986	190.9
1700	152.97999999999985	190.9
1725	153.33999999999986	190.9
1750	152.95499999999984	190.9
1775	153.79749999999984	190.9
1800	154.03749999999985	190.9
1825	154.86749999999986	190.9
1850	154.86749999999986	190.9
1875	155.14749999999987	190.9
1900	155.10249999999985	190.9
1925	155.00249999999986	190.9
1950	155.08749999999986	190.9
1975	155.99249999999986	190.9
2000	156.13249999999985	190.9

Run 27
50	13.29999999999999	75.1
75	29.978000000000048	110.9
100	45.33600000000005	110.9
125	57.014000000000024	116.9
150	63.594500000000046	116.9
175	69.39450000000005	116.9
200	80.54900000000005	125.9
225	86.56850000000004	125.9
250	91.29800000000003	132.9
275	94.694	143.9
300	95.70150000000001	143.9
325	99.41249999999998	143.9
350	103.17249999999996	145.9
375	106.41249999999995	153.9
400	110.06124999999994	153.9
425	111.68187499999995	153.9
450	112.15187499999995	153.9
475	114.35187499999992	153.9
500	114.97187499999993	153.9
525	115.65687499999993	153.9
550	116.22874999999993	153.9
575	116.95374999999993	153.9
600	118.83874999999993	153.9
625	119.9637499999999	153.9
650	120.07874999999991	153.9
675	120.60874999999992	153.9
700	121.11374999999991	153.9
725	121.92874999999991	153.9
750	122.0287499999999	153.9
775	123.89874999999991	153.9
800	124.02374999999991	153.9
825	124.17374999999991	153.9
850	124.74874999999992	153.9
875	125.0587499999999	153.9
900	125.34374999999991	153.9
925	127.06374999999989	170.9
950	127.28374999999988	170.9
975	127.7687499999999	170.9
1000	127.7087499999999	170.9
1025	128.44374999999988	170.9
1050	129.4662499999999	170.9
1075	129.72124999999988	170.9
1100	130.2087499999999	170.9
1125	130.5787499999999	170.9
1150	131.1837499999999	170.9
1175	131.3124999999999	170.9
1200	131.5574999999999	170.9
1225	132.4824999999999	170.9
1250	132.7024999999999	170.9
1275	132.7024999999999	170.9
1300	132.7024999999999	170.9
1325	133.15999999999988	170.9
1350	134.1399999999999	170.9
1375	133.9899999999999	170.9
1400	134.18999999999988	170.9
1425	134.0749999999999	170.9
1450	133.96999999999989	170.9
1475	134.4524999999999	170.9
1500	135.06999999999988	170.9
1525	135.06999999999988	170.9
1550	135.1399999999999	170.9
1575	135.4499999999999	170.9
1600	135.4499999999999	170.9
1625	135.46999999999989	170.9
1650	135.78999999999988	170.9
1675	135.69999999999987	170.9
1700	135.95999999999987	170.9
1725	135.99249999999986	170.9
1750	137.09249999999986	170.9
1775	137.41249999999988	170.9
1800	137.41249999999988	170.9
1825	137.35749999999987	170.9
1850	137.45749999999987	170.9
1875	137.46249999999986	170.9
1900	137.00749999999988	170.9
1925	136.89249999999987	170.9
1950	137.71749999999986	170.9
1975	137.54749999999987	170.9
2000	137.6874999999999	170.9

Run 28
50	13.819999999999988	87.9
75	33.870000000000054	98.9
100	53.16500000000006	98.9
125	66.32750000000006	98.9
150	73.05500000000006	98.9
175	78.75250000000007	139.9
200	81.67750000000007	139.9
225	87.50250000000004	139.9
250	91.24000000000002	139.9
275	95.885	139.9
300	99.27499999999998	139.9
325	100.29499999999999	139.9
350	102.50249999999997	139.9
375	104.58749999999996	139.9
400	106.36249999999997	139.9
425	106.87249999999996	139.9
450	108.70249999999994	139.9
475	109.63999999999994	139.9
500	111.63999999999994	153.9
525	117.07999999999993	182.9
550	120.77999999999992	182.9
575	123.52999999999992	182.9
600	124.7999999999999	182.9
625	126.14999999999989	182.9
650	127.41999999999989	182.9
675	128.3399999999999	182.9
700	129.7399999999999	182.9
725	130.9999999999999	182.9
750	133.34499999999989	182.9
775	134.47499999999988	182.9
800	134.76999999999987	182.9
825	135.51999999999987	182.9
850	136.10999999999987	182.9
875	136.96999999999989	182.9
900	137.33499999999987	182.9
925	138.26999999999987	182.9
950	139.61374999999987	182.9
975	140.60812499999986	182.9
1000	140.77687499999988	182.9
1025	141.27937499999987	182.9
1050	141.72937499999986	182.9
1075	141.53374999999988	182.9
1100	143.64499999999987	182.9
1125	143.86249999999987	182.9
1150	144.14499999999987	182.9
1175	144.70249999999984	182.9
1200	145.35249999999985	182.9
1225	145.66249999999985	182.9
1250	146.04187499999986	182.9
1275	147.08124999999984	182.9
1300	147.66687499999986	182.9
1325	147.66687499999986	182.9
1350	148.04687499999986	182.9
1375	148.27687499999985	182.9
1400	148.08437499999985	182.9
1425	149.62187499999985	189.4
1450	150.39187499999986	189.4
1475	150.64687499999985	189.4
1500	150.64687499999985	189.4
1525	151.33687499999985	189.4
1550	151.83062499999986	189.4
1575	152.73624999999984	189.4
1600	153.96624999999986	189.4
1625	154.05624999999986	189.4
1650	154.08562499999985	189.4
1675	154.24562499999985	189.4
1700	154.20312499999986	189.4
1725	154.09312499999984	189.4
1750	154.50562499999987	189.4
1775	154.81562499999984	189.4
1800	154.81562499999984	189.4
1825	154.87312499999985	189.4
1850	155.18312499999985	189.4
1875	155.29312499999986	189.4
1900	155.12687499999984	189.4
1925	155.48937499999985	189.4
1950	155.68874999999986	189.4
1975	155.68874999999986	189.4
2000	155.68874999999986	189.4

Run 29
50	19.719999999999985	126.9
75	30.436000000000035	126.9
100	47.04600000000004	126.9
125	55.14000000000006	126.9
150	66.21700000000006	126.9
175	79.57950000000007	126.9
200	89.96950000000002	126.9
225	93.528	126.9
250	97.95649999999999	126.9
275	100.10999999999999	126.9
300	102.37499999999999	126.9
325	103.64749999999997	126.9
350	104.85749999999996	126.9
375	105.26999999999997	126.9
400	105.39624999999997	126.9
425	106.32249999999996	126.9
450	106.85624999999996	126.9
475	107.39312499999997	126.9
500	108.37937499999997	126.9
525	109.94812499999995	136.9
550	111.44562499999995	136.9
575	112.25937499999995	136.9
600	113.92562499999994	136.9
625	115.04249999999993	136.9
650	115.87562499999993	145.9
675	116.26499999999993	145.9
700	116.79999999999993	145.9
725	117.54812499999993	145.9
750	118.48562499999993	145.9
775	118.92062499999993	145.9
800	119.91437499999992	145.9
825	120.00937499999992	145.9
850	120.10937499999993	145.9
875	120.67562499999993	145.9
900	121.0587499999999	145.9
925	122.6049999999999	145.9
950	123.8843749999999	145.9
975	124.03937499999991	145.9
1000	124.18937499999991	145.9
1025	124.78562499999991	145.9
1050	125.72187499999991	153.9
1075	126.16062499999991	153.9
1100	126.65687499999991	153.9
1125	127.5837499999999	158.9
1150	127.93374999999989	158.9
1175	128.3337499999999	158.9
1200	129.02187499999988	158.9
1225	129.30187499999988	158.9
1250	130.2499999999999	158.9
1275	130.4649999999999	158.9
1300	130.4049999999999	158.9
1325	131.25124999999989	158.9
1350	131.9862499999999	158.9
1375	132.4062499999999	158.9
1400	133.0787499999999	158.9
1425	133.5512499999999	158.9
1450	134.03749999999988	158.9
1475	134.57249999999988	158.9
1500	135.78749999999988	158.9
1525	135.78749999999988	158.9
1550	136.40749999999989	163.9
1575	137.59749999999988	163.9
1600	137.82749999999987	163.9
1625	138.08749999999986	163.9
1650	138.08749999999986	163.9
1675	138.0624999999999	163.9
1700	138.18249999999986	163.9
1725	138.36749999999986	163.9
1750	138.34749999999988	163.9
1775	138.40249999999986	163.9
1800	138.91749999999988	163.9
1825	138.91749999999988	163.9
1850	139.38749999999987	163.9
1875	140.03749999999988	163.9
1900	140.05749999999986	163.9
1925	140.58999999999986	163.9
1950	141.00999999999988	163.9
1975	140.96999999999989	163.9
2000	140.83999999999986	163.9

Run 30
50	22.47999999999999	132.9
75	40.50000000000004	132.9
100	52.44300000000005	132.9
125	59.535000000000046	132.9
150	66.55200000000006	132.9
175	71.68100000000005	132.9
200	77.18750000000006	132.9
225	81.33950000000006	132.9
250	85.84000000000006	148.9
275	91.20000000000002	148.9
300	94.67	148.9
325	100.41499999999996	148.9
350	103.46999999999997	148.9
375	105.53499999999994	148.9
400	108.41999999999994	148.9
425	111.38249999999992	148.9
450	113.20499999999993	148.9
475	114.54374999999993	148.9
500	115.62749999999993	148.9
525	117.26749999999993	148.9
550	117.91749999999993	148.9
575	119.02374999999991	148.9
600	119.02374999999991	148.9
625	120.0437499999999	148.9
650	119.99124999999991	148.9
675	120.7162499999999	148.9
700	120.4462499999999	148.9
725	120.7612499999999	148.9
750	121.21124999999991	148.9
775	120.59374999999991	148.9
800	121.5562499999999	148.9
825	121.2462499999999	148.9
850	121.95624999999991	148.9
875	123.1962499999999	148.9
900	123.95874999999991	148.9
925	123.9187499999999	148.9
950	123.6987499999999	148.9
975	123.9487499999999	148.9
1000	124.3699999999999	148.9
1025	124.49999999999991	148.9
1050	124.77999999999992	148.9
1075	124.77999999999992	148.9
1100	124.77999999999992	148.9
1125	124.77999999999992	148.9
1150	124.8549999999999	148.9
1175	124.94499999999991	148.9
1200	125.1049999999999	148.9
1225	125.5399999999999	148.9
1250	125.98999999999991	148.9
1275	126.30499999999991	148.9
1300	126.37499999999991	148.9
1325	126.44499999999991	148.9
1350	126.0749999999999	148.9
1375	126.0749999999999	148.9
1400	126.0249999999999	148.9
1425	126.1024999999999	148.9
1450	126.1024999999999	148.9
1475	126.42249999999991	148.9
1500	126.56249999999991	148.9
1525	127.08249999999991	148.9
1550	126.62999999999991	148.9
1575	126.8099999999999	148.9
1600	127.24249999999991	148.9
1625	127.0424999999999	148.9
1650	126.6649999999999	148.9
1675	127.09499999999991	148.9
1700	127.23499999999991	148.9
1725	126.99999999999991	148.9
1750	127.98499999999991	151.9
1775	127.92499999999991	151.9
1800	128.15499999999992	151.9
1825	128.56499999999988	151.9
1850	128.56499999999988	151.9
1875	128.2949999999999	151.9
1900	128.78499999999988	151.9
1925	129.0149999999999	151.9
1950	128.6099999999999	151.9
1975	129.7974999999999	151.9
2000	130.15749999999989	151.9

