Result Log
=== Config ===
runs per experiment = 30
fitness evals per run = 2000
seed = 125772720
log file = logs/bonus2c.log
solution file = solutions/bonus2c.sol
best world file = solutions/bonus2c.world
number of pac-men = 3
number of ghosts = 3
world width = 10
world height = 15
pill density = 50
wall density = 25
fruit spawning probability = .05
fruit score = 10
time multiplier = 2
pac-man population size = 50
ghost population size = 50
pac-man offspring per generation = 25
ghost offspring per generation = 25
multiple pac-men use one controller = true
multiple ghosts use one controller = false
max depth = 5
mutation chance = .5
pac-man parent selection method = 0
ghost parent selection method = 1
i-value = .2
j-value = .8
pac-man survival selection method = 1
ghost survival selection method = 0
tournament selection size = 15
parsimony penalty coefficient = .1
=== End Config ===
Run 1
50	19.01599999999999	103.90000000000002
75	43.34000000000005	182.9
100	66.26475000000006	182.9
125	88.45218750000002	182.9
150	104.06562499999994	182.9
175	114.86640624999991	182.9
200	125.41677734374987	182.9
225	133.46654296874985	182.9
250	141.70210937499985	182.9
275	149.07734374999984	183.9
300	155.26640624999985	188.4
325	158.64453124999983	188.4
350	161.50054687499983	188.4
375	163.01054687499985	188.4
400	166.44960937499985	213.9
425	169.27210937499984	213.9
450	169.82210937499985	213.9
475	172.41992187499986	213.9
500	174.05992187499984	213.9
525	175.26367187499986	213.9
550	177.6961718749998	213.9
575	178.83117187499982	213.9
600	178.99367187499982	213.9
625	179.24617187499982	213.9
650	180.8348437499998	213.9
675	182.78820312499982	213.9
700	183.44570312499982	213.9
725	184.5285156249998	213.9
750	184.7625781249998	213.9
775	184.82195312499982	213.9
800	185.07195312499982	213.9
825	185.66695312499982	213.9
850	187.30757812499982	214.9
875	188.0249999999998	214.9
900	187.93562499999982	214.9
925	188.58562499999982	214.9
950	189.49312499999982	214.9
975	189.5187499999998	214.9
1000	191.73937499999982	215.9
1025	192.7540624999998	215.9
1050	192.58843749999983	215.9
1075	192.8234374999998	215.9
1100	193.27843749999982	215.9
1125	193.55156249999982	215.9
1150	193.5771874999998	215.9
1175	193.5771874999998	215.9
1200	193.92718749999983	215.9
1225	194.22718749999981	215.9
1250	195.17812499999982	215.9
1275	196.0381249999998	215.9
1300	196.11156249999982	215.9
1325	195.79937499999983	215.9
1350	196.37312499999982	215.9
1375	196.55312499999982	215.9
1400	196.39687499999982	215.9
1425	197.32687499999983	215.9
1450	197.32687499999983	215.9
1475	197.33687499999982	215.9
1500	197.33687499999982	215.9
1525	198.48687499999983	217.15
1550	198.41937499999983	217.15
1575	198.41937499999983	217.15
1600	198.46437499999982	217.15
1625	198.92968749999983	217.15
1650	198.92968749999983	217.15
1675	199.21843749999982	217.15
1700	198.94593749999981	217.15
1725	198.96593749999982	217.15
1750	198.75093749999982	217.15
1775	199.1467968749998	217.15
1800	199.15679687499983	217.15
1825	199.56179687499983	217.15
1850	199.13179687499982	217.15
1875	198.78718749999982	217.15
1900	199.90718749999982	217.15
1925	199.90718749999982	217.15
1950	199.88999999999982	217.15
1975	199.99218749999983	217.15
2000	199.7321874999998	217.15

Run 2
50	26.16800000000002	156.9
75	53.908000000000044	156.9
100	74.19425000000005	156.9
125	86.52000000000004	156.9
150	95.93124999999998	156.9
175	102.87124999999996	164.9
200	110.34249999999993	180.9
225	113.38374999999992	180.9
250	114.94374999999992	180.9
275	117.23156249999991	180.9
300	118.43156249999991	180.9
325	122.4890624999999	180.9
350	126.1749999999999	180.9
375	129.8124999999999	180.9
400	132.52249999999987	180.9
425	133.92007812499986	180.9
450	135.58039062499986	180.9
475	136.99101562499987	180.9
500	139.42781249999985	180.9
525	140.93781249999986	180.9
550	143.24789062499985	180.9
575	144.37289062499985	180.9
600	146.40312499999985	180.9
625	146.54843749999986	180.9
650	147.76351562499985	180.9
675	149.29851562499985	180.9
700	150.48851562499985	180.9
725	152.59414062499985	180.9
750	153.23914062499986	180.9
775	155.34414062499982	180.9
800	158.65414062499985	184.9625
825	159.55851562499984	184.9625
850	161.77468749999986	184.9625
875	162.93718749999985	184.9625
900	165.09212890624985	185.9
925	165.74916015624984	185.9
950	166.08291015624985	185.9
975	166.59291015624984	185.9
1000	167.39916015624985	185.9
1025	167.85416015624986	185.9
1050	169.00916015624986	185.9
1075	169.54494140624985	185.9
1100	170.19189453124986	185.9
1125	170.99437499999985	185.9
1150	171.28937499999986	185.9
1175	172.17749999999987	185.9
1200	172.49249999999986	185.9
1225	172.87749999999986	185.9
1250	172.95749999999987	185.9
1275	173.29624999999984	185.9
1300	173.76124999999985	185.9
1325	174.44124999999985	194.9
1350	174.92999999999986	194.9
1375	174.92999999999986	194.9
1400	174.92999999999986	194.9
1425	175.59499999999986	194.9
1450	175.75499999999985	194.9
1475	175.86499999999987	194.9
1500	175.90499999999986	194.9
1525	175.98249999999985	194.9
1550	176.44874999999985	194.9
1575	176.76874999999984	194.9
1600	177.20499999999984	194.9
1625	177.60281249999986	194.9
1650	178.28281249999986	197.9
1675	178.91781249999985	197.9
1700	179.38031249999986	197.9
1725	178.27031249999985	197.9
1750	179.49531249999984	197.9
1775	180.00031249999986	197.9
1800	180.11031249999985	197.9
1825	180.21914062499985	197.9
1850	179.30039062499986	197.9
1875	180.59414062499985	197.9
1900	180.61695312499987	197.9
1925	180.00664062499985	197.9
1950	179.72164062499985	197.9
1975	180.01164062499984	197.9
2000	180.78695312499985	197.9

Run 3
50	21.639999999999997	141.9
75	41.71900000000005	141.9
100	70.58675000000007	146.15
125	84.74875000000006	146.15
150	99.73374999999996	167.9
175	109.23562499999993	171.9
200	115.25656249999992	171.9
225	120.89624999999991	171.9
250	128.4174999999999	184.9
275	133.96124999999986	184.9
300	135.08124999999987	184.9
325	136.89187499999989	184.9
350	138.57374999999988	184.9
375	141.05312499999985	184.9
400	143.19687499999986	184.9
425	144.30062499999988	184.9
450	146.60687499999986	184.9
475	148.21437499999985	184.9
500	148.70937499999985	184.9
525	149.51374999999985	184.9
550	150.51124999999985	184.9
575	151.90249999999986	184.9
600	155.07374999999985	196.9
625	157.38499999999985	196.9
650	159.53249999999986	196.9
675	160.81999999999985	196.9
700	162.65499999999983	196.9
725	163.55999999999983	196.9
750	164.22249999999985	196.9
775	164.62249999999986	196.9
800	165.82499999999985	196.9
825	166.26624999999984	196.9
850	167.49124999999987	196.9
875	167.76062499999986	196.9
900	168.03562499999987	196.9
925	168.86062499999986	196.9
950	169.97187499999984	196.9
975	170.18937499999984	196.9
1000	170.10937499999986	196.9
1025	170.12937499999987	196.9
1050	170.12937499999987	196.9
1075	170.52937499999985	196.9
1100	171.82937499999986	224.9
1125	173.34937499999987	224.9
1150	173.63062499999987	224.9
1175	172.94562499999986	224.9
1200	174.03062499999984	224.9
1225	174.72562499999987	224.9
1250	174.76062499999986	224.9
1275	174.76062499999986	224.9
1300	174.79187499999986	224.9
1325	175.25562499999987	224.9
1350	175.48062499999986	224.9
1375	176.56562499999984	224.9
1400	178.5418749999998	224.9
1425	178.70812499999982	224.9
1450	179.09312499999982	224.9
1475	180.1281249999998	224.9
1500	180.59874999999982	224.9
1525	181.48156249999982	224.9
1550	182.78656249999983	224.9
1575	182.8090624999998	224.9
1600	182.91281249999983	224.9
1625	184.36656249999982	224.9
1650	184.76656249999982	224.9
1675	184.80156249999982	224.9
1700	184.86156249999982	224.9
1725	185.04156249999983	224.9
1750	185.7165624999998	224.9
1775	186.49749999999983	224.9
1800	186.3674999999998	224.9
1825	186.6474999999998	224.9
1850	187.19749999999982	224.9
1875	187.37624999999983	224.9
1900	187.37624999999983	224.9
1925	187.60499999999982	224.9
1950	187.97999999999982	224.9
1975	188.1762499999998	224.9
2000	188.5187499999998	224.9

Run 4
50	32.340000000000025	141.9
75	60.151000000000046	141.9
100	79.59425000000006	143.9
125	93.54350000000001	174.9
150	106.98324999999994	174.9
175	115.4522499999999	174.9
200	129.93093749999989	179.9
225	137.07882812499986	179.9
250	139.51195312499985	182.4
275	142.10289062499987	182.4
300	144.95148437499986	182.4
325	146.62507812499985	182.4
350	148.26874999999984	182.9
375	149.31999999999985	182.9
400	152.67585937499985	185.15
425	154.46421874999984	185.15
450	155.82453124999986	185.15
475	156.59265624999986	185.15
500	157.53265624999986	185.15
525	158.53523437499985	185.15
550	161.02023437499983	189.15
575	162.09054687499983	189.15
600	163.15093749999983	189.15
625	165.31593749999985	195.0875
650	166.10562499999986	195.0875
675	167.90312499999985	195.0875
700	169.36187499999986	195.0875
725	169.65843749999985	195.0875
750	170.14093749999986	195.0875
775	172.73874999999987	195.0875
800	172.76499999999984	195.0875
825	174.08226562499985	195.0875
850	175.72257812499984	195.0875
875	176.56320312499986	195.0875
900	176.40320312499986	195.0875
925	176.92320312499984	195.0875
950	177.62820312499986	195.0875
975	177.88414062499984	195.0875
1000	178.29820312499984	195.0875
1025	178.41445312499985	195.0875
1050	178.39476562499985	195.0875
1075	178.45851562499985	195.0875
1100	178.91289062499985	195.0875
1125	180.35164062499982	201.9
1150	180.77539062499983	201.9
1175	181.17914062499983	201.9
1200	181.43914062499982	201.9
1225	181.42257812499983	201.9
1250	181.98351562499982	201.9
1275	182.52351562499982	201.9
1300	183.4685156249998	201.9
1325	183.88351562499983	201.9
1350	184.2998437499998	201.9
1375	185.11984374999983	201.9
1400	185.65203124999982	201.9
1425	185.1370312499998	201.9
1450	185.73703124999983	201.9
1475	186.46453124999982	201.9
1500	186.5445312499998	201.9
1525	186.68453124999982	201.9
1550	187.05578124999982	201.9
1575	187.42150390624982	201.9
1600	188.1096289062498	206.68125
1625	188.8580664062498	217.9
1650	189.49306640624982	217.9
1675	189.7893164062498	217.9
1700	189.70574707031233	217.9
1725	189.76574707031233	217.9
1750	189.6136914062498	217.9
1775	188.6161914062498	217.9
1800	189.40869140624983	217.9
1825	190.1721289062498	217.9
1850	190.62025390624981	217.9
1875	190.79869140624982	217.9
1900	191.0511914062498	217.9
1925	191.9611914062498	217.9
1950	192.2711914062498	217.9
1975	192.72619140624982	217.9
2000	192.72619140624982	217.9

Run 5
50	25.943999999999996	119.90000000000002
75	53.03600000000006	176.9
100	77.21725000000006	176.9
125	87.29225000000002	176.9
150	101.63674999999995	176.9
175	106.88799999999996	176.9
200	113.67581249999994	176.9
225	118.53693749999994	186.9
250	121.37470312499991	186.9
275	127.99523437499987	186.9
300	135.16781249999988	193.43125
325	138.76453124999986	193.43125
350	140.87265624999986	193.43125
375	143.73640624999985	193.43125
400	147.43390624999986	199.9
425	148.67515624999984	199.9
450	151.14453124999986	199.9
475	152.14953124999985	199.9
500	156.75218749999985	199.9
525	157.95499999999984	199.9
550	158.69749999999985	199.9
575	159.10249999999985	199.9
600	159.88468749999984	199.9
625	160.76468749999984	199.9
650	162.22968749999984	199.9
675	162.44843749999984	199.9
700	164.22406249999986	199.9
725	167.26187499999986	199.9
750	168.08986328124985	199.9
775	168.72220703124987	199.9
800	170.42158203124984	199.9
825	170.98533203124987	199.9
850	172.74783203124986	199.9
875	174.86876953124985	199.9
900	175.49251953124985	199.9
925	176.04205078124986	199.9
950	175.65048828124986	199.9
975	175.41048828124985	199.9
1000	176.35205078124986	199.9
1025	176.83205078124985	199.9
1050	176.34705078124986	199.9
1075	177.49000488281234	199.9
1100	177.69250488281236	199.9
1125	178.28830078124983	199.9
1150	178.9683007812498	199.9
1175	178.75173828124983	199.9
1200	179.32330078124983	199.9
1225	179.54939453124982	199.9
1250	180.31439453124983	199.9
1275	180.57314453124982	199.9
1300	180.57314453124982	199.9
1325	180.9368945312498	199.9
1350	181.31158203124983	199.9
1375	181.77861328124982	199.9
1400	182.87423828124983	199.9
1425	182.87423828124983	199.9
1450	183.4518164062498	199.9
1475	183.8518164062498	199.9
1500	184.09556640624982	199.9
1525	184.09056640624982	199.9
1550	184.12556640624982	199.9
1575	184.75728515624982	199.9
1600	184.90603515624983	199.9
1625	183.95947265624983	199.9
1650	185.16603515624982	199.9
1675	185.13228515624982	199.9
1700	185.13228515624982	199.9
1725	185.35353515624982	199.9
1750	186.1135351562498	199.9
1775	186.22853515624982	199.9
1800	186.12353515624983	199.9
1825	186.55865234374983	199.9
1850	186.77951171874983	199.9
1875	187.16576171874982	199.9
1900	187.16576171874982	199.9
1925	187.21701171874983	199.9
1950	187.48201171874982	199.9
1975	187.50201171874983	199.9
2000	187.50201171874983	199.9

Run 6
50	27.696000000000016	158.9
75	60.63400000000006	185.9
100	87.6375	185.9
125	103.43124999999995	185.9
150	112.5815624999999	185.9
175	119.45843749999989	185.9
200	129.68343749999988	185.9
225	134.69218749999987	185.9
250	137.9999999999999	185.9
275	143.32156249999986	185.9
300	144.54062499999986	185.9
325	151.85374999999985	194.9
350	154.01281249999985	194.9
375	157.03312499999984	194.9
400	159.52757812499985	194.9
425	159.98132812499983	194.9
450	162.99539062499983	194.9
475	164.95164062499987	199.4
500	167.17664062499986	199.4
525	169.12039062499986	199.4
550	169.97539062499985	199.4
575	171.84041015624985	203.9
600	173.61541015624985	203.9
625	176.1532421874998	203.9
650	177.8776367187498	203.9
675	180.51232421874982	212.9
700	182.50732421874983	212.9
725	183.10292968749982	212.9
750	183.6229296874998	212.9
775	184.79292968749982	212.9
800	185.09853515624982	212.9
825	185.9885351562498	212.9
850	186.28353515624983	212.9
875	187.37197265624982	212.9
900	187.94634765624983	212.9
925	188.54759765624982	212.9
950	188.8775976562498	212.9
975	189.34759765624983	212.9
1000	189.4375976562498	212.9
1025	190.17759765624982	216.9
1050	190.35259765624983	216.9
1075	190.51884765624982	216.9
1100	191.05134765624982	216.9
1125	192.1499462890623	216.9
1150	192.3749462890623	216.9
1175	192.89459594726543	216.9
1200	192.89459594726543	216.9
1225	192.89459594726543	216.9
1250	193.17834594726546	216.9
1275	193.28959594726544	216.9
1300	194.23709594726543	216.9
1325	193.87584594726545	216.9
1350	194.01584594726543	216.9
1375	194.68459594726545	216.9
1400	194.56959594726544	216.9
1425	194.94397094726546	216.9
1450	194.94397094726546	216.9
1475	195.08959594726545	216.9
1500	194.55334594726546	216.9
1525	195.27209594726546	216.9
1550	195.32209594726544	216.9
1575	195.47522094726546	216.9
1600	196.00459594726544	216.9
1625	195.75459594726544	216.9
1650	195.47959594726544	216.9
1675	195.68107086181624	216.9
1700	196.01482086181622	216.9
1725	196.30607086181624	216.9
1750	196.6148208618162	216.9
1775	196.3948208618162	216.9
1800	196.37732086181623	216.9
1825	196.65482086181623	216.9
1850	196.70169586181623	216.9
1875	196.89544586181623	216.9
1900	198.73544586181623	240.9
1925	198.73544586181623	240.9
1950	198.8360708618162	240.9
1975	198.8360708618162	240.9
2000	199.23607086181622	240.9

Run 7
50	24.76	122.90000000000002
75	52.402000000000044	131.9
100	73.56100000000006	183.9
125	87.98143750000003	183.9
150	100.28624999999997	183.9
175	109.19781249999993	183.9
200	114.34289062499992	183.9
225	119.12890624999991	183.9
250	126.33460937499989	183.9
275	135.15554687499989	183.9
300	140.66617187499986	183.9
325	145.70929687499986	183.9
350	151.21820312499986	188.4
375	154.70218749999987	188.4
400	156.01226562499986	188.4
425	157.40281249999987	201.9
450	159.04812499999986	201.9
475	163.38781249999982	201.9
500	163.80156249999985	201.9
525	164.50031249999986	201.9
550	167.80468749999986	211.9
575	169.20468749999986	211.9
600	170.64812499999985	211.9
625	174.30312499999982	227.9
650	176.65437499999982	227.9
675	177.1721874999998	227.9
700	178.3946874999998	227.9
725	179.92843749999983	227.9
750	180.80968749999982	227.9
775	182.0809374999998	227.9
800	182.47999999999982	227.9
825	183.49749999999983	227.9
850	184.4024999999998	227.9
875	184.9024999999998	227.9
900	184.9234374999998	227.9
925	185.59249999999983	227.9
950	185.46874999999983	227.9
975	185.90749999999983	227.9
1000	186.5524999999998	227.9
1025	186.26499999999982	227.9
1050	187.47999999999982	227.9
1075	186.85374999999982	227.9
1100	187.1212499999998	227.9
1125	187.1212499999998	227.9
1150	188.6137499999998	227.9
1175	189.68999999999983	227.9
1200	189.62624999999983	227.9
1225	189.8087499999998	227.9
1250	189.95249999999982	227.9
1275	189.8024999999998	227.9
1300	190.44374999999982	227.9
1325	190.3374999999998	227.9
1350	190.93624999999983	227.9
1375	190.93624999999983	227.9
1400	190.93624999999983	227.9
1425	190.93624999999983	227.9
1450	191.07124999999982	227.9
1475	191.10124999999982	227.9
1500	191.47624999999982	227.9
1525	190.65624999999983	227.9
1550	191.4562499999998	227.9
1575	191.51624999999981	227.9
1600	192.69624999999982	227.9
1625	193.35624999999982	227.9
1650	193.38124999999982	227.9
1675	193.1512499999998	227.9
1700	193.19624999999982	227.9
1725	192.7112499999998	227.9
1750	193.32124999999982	227.9
1775	192.66124999999982	227.9
1800	193.12374999999983	227.9
1825	193.99874999999983	227.9
1850	194.34874999999982	227.9
1875	194.34874999999982	227.9
1900	194.34874999999982	227.9
1925	193.48499999999981	227.9
1950	194.3087499999998	227.9
1975	194.3087499999998	227.9
2000	194.3037499999998	227.9

Run 8
50	20.79999999999999	101.90000000000002
75	44.18800000000006	120.7
100	60.85600000000004	120.7
125	74.53225000000002	120.7
150	84.28074999999998	120.7
175	94.23124999999999	150.4
200	99.26074999999999	150.4
225	105.33174999999996	150.4
250	110.55449999999993	164.36875
275	114.67637499999992	165.9
300	116.55778124999992	165.9
325	118.54496874999991	167.4
350	121.74459374999991	167.4
375	125.0741249999999	167.4
400	130.3016249999999	174.9
425	132.92783593749988	174.9
450	139.49607812499985	180.9
475	142.88099999999986	180.9
500	144.84099999999987	180.9
525	146.95849999999984	180.9
550	149.63207031249985	180.9
575	152.27519531249985	180.9
600	154.18894531249987	180.9
625	157.89425781249986	181.134375
650	161.10730468749986	181.134375
675	163.05230468749983	181.134375
700	165.87502929687486	181.134375
725	167.00463867187486	181.134375
750	168.44471679687484	181.134375
775	169.14471679687486	181.134375
800	170.12221679687485	181.134375
825	171.07444335937487	181.9
850	172.01444335937487	183.15
875	172.86944335937486	183.15
900	174.51288085937486	190.9
925	175.11788085937485	190.9
950	175.81288085937484	190.9
975	176.04663085937486	190.9
1000	176.56538085937484	190.9
1025	176.47530273437485	190.9
1050	176.94030273437485	190.9
1075	177.30788085937485	190.9
1100	177.30788085937485	190.9
1125	177.05413085937485	190.9
1150	177.45413085937486	190.9
1175	177.93413085937485	190.9
1200	178.13538085937486	190.9
1225	178.49163085937485	190.9
1250	179.00905273437485	190.9
1275	179.46453124999985	190.9
1300	179.93828124999985	190.9
1325	180.44328124999984	190.9
1350	180.36328124999986	190.9
1375	180.42328124999986	190.9
1400	180.42328124999986	190.9
1425	180.42328124999986	190.9
1450	180.26328124999986	190.9
1475	180.63453124999987	190.9
1500	180.95953124999986	190.9
1525	181.05328124999986	190.9
1550	180.86328124999986	190.9
1575	181.42210937499985	190.9
1600	181.63210937499986	190.9
1625	181.87710937499986	190.9
1650	181.91710937499985	190.9
1675	182.14710937499984	190.9
1700	182.32210937499985	190.9
1725	182.78210937499986	190.9
1750	182.77335937499984	190.9
1775	182.59335937499986	190.9
1800	182.74835937499986	190.9
1825	182.67835937499984	190.9
1850	182.67835937499984	190.9
1875	182.80710937499987	190.9
1900	182.79710937499985	190.9
1925	183.19210937499986	193.9
1950	183.25210937499986	193.9
1975	182.43710937499986	193.9
2000	183.32771484374985	193.9

Run 9
50	17.419999999999987	128.9
75	33.793000000000056	128.9
100	52.86775000000004	128.9
125	69.78043750000005	139.9
150	80.31110937500006	139.9
175	93.0795625	178.9
200	100.25881249999999	178.9
225	110.52149999999995	178.9
250	116.64645312499992	178.9
275	123.23695312499989	185.9
300	127.95718749999989	185.9
325	132.39249999999987	187.9
350	137.47374999999988	187.9
375	142.56656249999986	187.9
400	147.02999999999986	187.9
425	148.13749999999985	187.9
450	150.20687499999985	187.9
475	152.17562499999985	187.9
500	153.58562499999985	187.9
525	158.14312499999983	187.9
550	161.49062499999982	187.9
575	163.96312499999985	187.9
600	164.20312499999986	187.9
625	165.49312499999985	187.9
650	165.72874999999985	187.9
675	166.48249999999985	187.9
700	166.95156249999985	187.9
725	167.69531249999986	187.9
750	168.77156249999985	187.9
775	168.88531249999986	187.9
800	169.67531249999985	187.9
825	169.89031249999985	187.9
850	170.95656249999985	187.9
875	171.81156249999987	187.9
900	172.51156249999985	187.9
925	173.37374999999986	187.9
950	173.52499999999986	187.9
975	173.89999999999986	187.9
1000	173.92499999999984	187.9
1025	173.92499999999984	187.9
1050	174.24499999999986	187.9
1075	174.96374999999986	187.9
1100	175.74874999999986	191.9
1125	176.04874999999984	191.9
1150	175.71749999999986	191.9
1175	176.57749999999984	191.9
1200	176.75749999999985	191.9
1225	177.26249999999985	191.9
1250	177.43718749999985	191.9
1275	177.63468749999984	191.9
1300	178.34468749999985	195.9
1325	178.26718749999986	195.9
1350	178.40718749999985	195.9
1375	178.49218749999986	195.9
1400	178.94468749999984	195.9
1425	179.11593749999986	195.9
1450	179.23093749999987	195.9
1475	179.62593749999985	195.9
1500	179.65843749999985	195.9
1525	179.93843749999985	195.9
1550	179.93843749999985	195.9
1575	179.83843749999986	195.9
1600	179.78843749999984	195.9
1625	180.03218749999985	195.9
1650	179.72218749999985	195.9
1675	180.16906249999985	195.9
1700	180.20906249999985	195.9
1725	180.49906249999987	195.9
1750	180.49906249999987	195.9
1775	180.49906249999987	195.9
1800	180.74406249999984	195.9
1825	180.74406249999984	195.9
1850	181.14906249999984	195.9
1875	181.27781249999987	195.9
1900	181.46031249999984	195.9
1925	181.40718749999985	195.9
1950	181.91343749999982	196.9
1975	182.10281249999983	196.9
2000	182.26281249999982	196.9

Run 10
50	22.995999999999995	142.9
75	51.52900000000005	154.9
100	75.75975000000005	154.9
125	90.28462499999999	154.9
150	101.99921874999997	156.9625
175	111.36753124999996	167.4
200	117.34478124999991	167.4
225	122.6223593749999	168.9
250	134.6262656249999	181.65
275	139.15445312499986	181.65
300	144.18257812499985	181.65
325	144.99570312499986	181.65
350	147.62195312499986	181.65
375	150.88304687499985	181.65
400	154.17023437499986	186.99375
425	156.31554687499985	188.9
450	158.26410156249986	188.9
475	162.65316406249983	188.9
500	163.01816406249984	188.9
525	164.08621093749986	188.9
550	166.17765624999984	188.9
575	166.79187499999986	188.9
600	168.69593749999984	188.9
625	170.44406249999986	201.99375
650	171.76437499999986	201.99375
675	174.56605468749984	201.99375
700	175.10753906249985	201.99375
725	177.07441406249984	201.99375
750	177.72779296874987	201.99375
775	177.92779296874986	201.99375
800	179.01232421874985	201.99375
825	180.19607421874983	213.9
850	180.64486328124983	213.9
875	180.80767578124983	213.9
900	180.87267578124982	213.9
925	180.87267578124982	213.9
950	181.37111328124982	213.9
975	181.36236328124983	213.9
1000	180.78283203124982	213.9
1025	182.78283203124982	229.9
1050	183.10158203124982	229.9
1075	183.72783203124982	229.9
1100	184.75783203124982	229.9
1125	186.03257812499982	229.9
1150	187.51085937499982	229.9
1175	187.88570312499982	229.9
1200	188.6359374999998	229.9
1225	188.62968749999982	229.9
1250	189.64257812499983	229.9
1275	190.31007812499982	229.9
1300	191.38695312499982	229.9
1325	191.5635156249998	229.9
1350	191.9685156249998	229.9
1375	192.0935156249998	229.9
1400	192.04851562499982	229.9
1425	192.00851562499983	229.9
1450	191.77351562499982	229.9
1475	191.1885156249998	229.9
1500	192.3485156249998	229.9
1525	192.3630468749998	229.9
1550	193.27804687499983	229.9
1575	193.31804687499982	229.9
1600	193.50273437499982	229.9
1625	194.8239843749998	244.9
1650	194.8239843749998	244.9
1675	195.1847656249998	244.9
1700	195.06445312499983	244.9
1725	195.6297656249998	244.9
1750	196.24476562499981	244.9
1775	196.41976562499983	244.9
1800	196.53976562499983	244.9
1825	196.45976562499982	244.9
1850	197.1703906249998	244.9
1875	197.20992187499982	244.9
1900	197.92492187499982	244.9
1925	197.71492187499982	244.9
1950	198.59945312499983	244.9
1975	198.76820312499981	244.9
2000	198.7444531249998	244.9

Run 11
50	18.867999999999984	94.7
75	43.717000000000056	143.4
100	63.227000000000054	143.4
125	81.60937500000004	177.9
150	93.84974999999997	177.9
175	106.32787499999993	177.9
200	115.4343749999999	177.9
225	122.0329999999999	177.9
250	130.97924999999987	181.4
275	136.48378124999988	181.4
300	139.70918749999987	181.4
325	142.52918749999986	181.4
350	147.42293749999988	181.4
375	150.57256249999986	181.4
400	152.72506249999986	181.9
425	154.46928124999985	181.9
450	159.89803124999983	181.9
475	163.22703124999984	181.9
500	164.23171874999986	181.9
525	164.85671874999986	181.9
550	165.85296874999986	181.9
575	167.50859374999985	181.9
600	168.83699218749985	184.046484375
625	170.20855468749986	184.4
650	170.67480468749986	184.4
675	170.12167968749986	184.4
700	171.54292968749985	184.4
725	171.70167968749985	184.4
750	172.38417968749985	184.4
775	172.60491210937485	184.4
800	172.86491210937484	184.4
825	173.38491210937485	184.65
850	173.59064453124986	184.65
875	173.58111328124986	184.65
900	173.44861328124986	184.65
925	174.36439453124984	185.4
950	174.27189453124984	185.4
975	175.03189453124986	188.65
1000	175.27814453124986	188.65
1025	175.63689453124985	188.65
1050	175.63689453124985	188.65
1075	175.31439453124986	188.65
1100	175.47512695312486	188.65
1125	176.37637695312486	188.65
1150	176.27762695312487	188.65
1175	176.70262695312485	188.65
1200	176.60762695312485	188.65
1225	177.16762695312485	188.65
1250	176.78762695312486	188.65
1275	176.98762695312485	188.65
1300	176.99512695312487	188.65
1325	177.41575195312487	188.65
1350	177.23887695312484	188.65
1375	177.28950195312484	188.65
1400	177.70575195312486	188.65
1425	177.60575195312487	188.65
1450	177.89450195312486	188.65
1475	178.56700195312484	189.4
1500	178.23450195312486	189.4
1525	178.5315600585936	189.4
1550	179.02656005859362	189.4
1575	179.37281005859361	189.4
1600	179.3640600585936	189.4
1625	179.9009350585936	189.4
1650	180.0106225585936	189.4
1675	179.9256225585936	189.4
1700	180.1524975585936	189.4
1725	180.1524975585936	189.4
1750	180.23822998046862	189.4
1775	180.5737475585936	189.4
1800	181.1330151367186	191.0875
1825	181.3397827148436	191.0875
1850	181.3397827148436	191.0875
1875	180.3147827148436	191.0875
1900	179.9797827148436	191.0875
1925	181.4397827148436	191.0875
1950	181.0372827148436	191.0875
1975	180.28165771484362	191.0875
2000	181.5313452148436	191.0875

Run 12
50	21.696000000000005	122.90000000000002
75	46.444000000000045	122.90000000000002
100	67.50225000000006	122.90000000000002
125	81.10275000000007	122.90000000000002
150	89.72750000000002	155.15
175	94.21875	155.15
200	102.53937499999996	155.15
225	108.34656249999995	187.9
250	112.73999999999992	187.9
275	120.57406249999991	187.9
300	123.62046874999989	187.9
325	129.0196093749999	192.9
350	132.33054687499987	192.9
375	135.23023437499987	192.9
400	137.87585937499986	192.9
425	140.7324218749999	192.9
450	145.60929687499984	192.9
475	147.49269531249985	192.9
500	149.80457031249986	192.9
525	151.80644531249985	192.9
550	155.80128906249985	222.9
575	160.09222656249983	222.9
600	164.99847656249986	222.9
625	168.43847656249986	222.9
650	172.32785156249986	222.9
675	173.65218749999983	222.9
700	177.21843749999982	222.9
725	179.1343749999998	222.9
750	182.48937499999982	225.9
775	183.02937499999982	225.9
800	183.79249999999982	225.9
825	184.79249999999982	225.9
850	185.1774999999998	225.9
875	186.1524999999998	225.9
900	188.7124999999998	232.9
925	189.91749999999982	232.9
950	190.5262499999998	232.9
975	192.5981249999998	232.9
1000	193.16531249999983	232.9
1025	194.49968749999982	232.9
1050	194.65468749999982	232.9
1075	195.32617187499983	232.9
1100	195.62367187499981	232.9
1125	196.7964843749998	232.9
1150	197.78148437499982	232.9
1175	198.3914843749998	232.9
1200	199.3564843749998	232.9
1225	199.6304687499998	232.9
1250	199.6304687499998	232.9
1275	200.18046874999982	232.9
1300	200.54671874999983	232.9
1325	201.1867187499998	232.9
1350	201.56445312499983	232.9
1375	201.56445312499983	232.9
1400	202.3644531249998	232.9
1425	202.75445312499983	232.9
1450	202.7479687499998	232.9
1475	202.7879687499998	232.9
1500	203.0617187499998	232.9
1525	203.18171874999982	232.9
1550	203.52281249999982	232.9
1575	203.52281249999982	232.9
1600	204.13179687499982	232.9
1625	204.4217968749998	232.9
1650	203.90179687499983	232.9
1675	204.37523437499982	232.9
1700	204.3852343749998	232.9
1725	204.0517968749998	232.9
1750	204.4545703124998	232.9
1775	205.0477343749998	232.9
1800	205.0477343749998	232.9
1825	205.40367187499982	232.9
1850	204.9099218749998	232.9
1875	204.9099218749998	232.9
1900	204.89742187499982	232.9
1925	205.63742187499983	232.9
1950	206.67367187499983	232.9
1975	206.79992187499982	232.9
2000	206.92992187499982	232.9

Run 13
50	23.551999999999992	124.90000000000002
75	47.48700000000004	124.90000000000002
100	67.36475000000004	136.9
125	79.37262500000004	136.9
150	90.16748437500002	136.9
175	102.81574999999995	165.9
200	111.99156249999994	184.9
225	118.70868749999993	184.9
250	122.64824999999992	184.9
275	128.6044374999999	185.0875
300	133.40074999999987	185.0875
325	139.17593749999986	185.0875
350	144.59831249999988	185.0875
375	149.34331249999988	185.0875
400	149.7111249999999	185.0875
425	152.4098749999999	185.0875
450	155.25612499999988	187.9
475	155.6173749999999	187.9
500	158.90537499999988	193.4
525	161.38381249999986	198.9
550	163.62324999999984	198.9
575	165.97343749999985	198.9
600	166.28749999999985	198.9
625	166.52718749999985	198.9
650	168.11093749999986	198.9
675	169.26031249999986	198.9
700	170.23937499999985	198.9
725	170.78835937499986	198.9
750	171.28023437499985	198.9
775	172.53242187499984	198.9
800	173.85898437499986	198.9
825	174.16648437499987	198.9
850	175.37648437499985	200.4
875	176.32749999999984	200.4
900	176.82624999999985	200.4
925	176.82624999999985	200.4
950	177.72999999999985	200.4
975	177.41499999999985	200.4
1000	178.46999999999986	217.9
1025	179.42562499999983	217.9
1050	179.42562499999983	217.9
1075	180.4587499999998	217.9
1100	180.4587499999998	217.9
1125	181.10749999999982	217.9
1150	181.6631249999998	217.9
1175	181.7831249999998	217.9
1200	181.62312499999982	217.9
1225	181.62312499999982	217.9
1250	182.14312499999983	217.9
1275	182.58937499999982	217.9
1300	183.0303124999998	217.9
1325	183.3378124999998	217.9
1350	183.4978124999998	217.9
1375	183.49843749999982	217.9
1400	183.53593749999982	217.9
1425	183.7909374999998	217.9
1450	183.69093749999982	217.9
1475	184.3495312499998	217.9
1500	184.0953124999998	217.9
1525	185.0120312499998	217.9
1550	185.43578124999982	217.9
1575	185.80671874999982	217.9
1600	185.85671874999983	217.9
1625	186.50999999999982	217.9
1650	186.50999999999982	217.9
1675	186.70773437499983	217.9
1700	187.25523437499982	217.9
1725	187.5427343749998	217.9
1750	188.2417968749998	217.9
1775	188.24679687499983	217.9
1800	187.99117187499982	217.9
1825	188.8211718749998	217.9
1850	189.8227343749998	217.9
1875	190.6427343749998	217.9
1900	190.94679687499982	217.9
1925	190.4267968749998	217.9
1950	190.93679687499983	217.9
1975	190.2442968749998	217.9
2000	190.6717968749998	217.9

Run 14
50	26.348	118.90000000000002
75	54.653000000000056	159.9
100	75.93600000000006	159.9
125	93.42681250000001	168.65
150	105.64526562499998	168.65
175	116.93145312499993	168.65
200	124.13631249999989	168.65
225	130.6886874999999	171.9
250	134.2286874999999	171.9
275	136.84912499999987	171.9
300	139.14604687499985	171.9
325	144.09527734374987	183.8365234375
350	146.61027734374986	191.9
375	149.61183984374986	191.9
400	153.27565234374987	191.9
425	155.06958984374987	191.9
450	156.44583984374987	191.9
475	158.31971484374986	191.9
500	159.23846484374985	191.9
525	160.10846484374986	191.9
550	160.61846484374985	191.9
575	162.33646484374987	191.9
600	163.87040234374987	192.65
625	164.3025849609374	192.65
650	164.6929023437499	192.65
675	166.45965234374984	192.65
700	166.60590234374988	192.65
725	167.73140234374986	193.30000000000004
750	168.23390234374986	193.30000000000004
775	168.41390234374987	193.30000000000004
800	168.01898046874987	193.30000000000004
825	169.13666308593736	193.30000000000004
850	169.69666308593736	193.30000000000004
875	169.03853808593738	193.30000000000004
900	169.15353808593736	193.30000000000004
925	169.79353808593737	193.30000000000004
950	170.11353808593736	193.30000000000004
975	169.96295874023426	193.30000000000004
1000	169.52889624023425	193.30000000000004
1025	170.22920874023424	193.30000000000004
1050	170.6719431152342	193.30000000000004
1075	171.2619431152342	193.30000000000004
1100	171.64494311523424	193.30000000000004
1125	171.65869311523423	193.30000000000004
1150	172.06742749023425	193.30000000000004
1175	171.28742749023425	193.30000000000004
1200	172.3266774902343	193.30000000000004
1225	173.63592749023425	193.30000000000004
1250	173.70792749023425	193.30000000000004
1275	174.80550683593736	214.9
1300	176.2652568359374	214.9
1325	176.30794433593738	214.9
1350	177.0857568359374	214.9
1375	177.08575683593742	214.9
1400	178.47144433593746	214.9
1425	178.61269433593742	214.9
1450	178.61269433593745	214.9
1475	179.1510117187499	214.9
1500	179.8016992187499	214.9
1525	180.75165234374992	214.9
1550	180.75165234374992	214.9
1575	181.02365234374992	214.9
1600	181.85990234374992	214.9
1625	183.22407421874993	214.9
1650	184.34851171874993	214.9
1675	184.30351171874992	214.9
1700	184.24676171874992	214.9
1725	184.2067617187499	214.9
1750	184.62051171874995	214.9
1775	184.85651171874994	214.9
1800	186.03488671874996	214.9
1825	186.0348867187499	214.9
1850	186.2666367187499	214.9
1875	185.9866367187499	214.9
1900	186.2536367187499	214.9
1925	186.6310585937499	214.9
1950	186.8010585937499	214.9
1975	186.93305859374988	214.9
2000	186.96105859374993	214.9

Run 15
50	27.124000000000013	170.9
75	51.02700000000005	170.9
100	75.49450000000006	170.9
125	100.02087499999996	183.9
150	118.4985468749999	192.9
175	131.07464062499992	198.9
200	141.96699999999984	198.9
225	150.53262109374984	203.4
250	159.43074609374983	203.4
275	162.23818749999984	203.4
300	167.74131249999985	203.4
325	173.8378124999998	203.4
350	176.30156249999982	203.4
375	179.18093749999983	203.4
400	182.29820312499982	203.4
425	183.67882812499982	203.4
450	184.79015624999982	203.4
475	185.35140624999983	203.4
500	185.45453124999983	203.4
525	186.73765624999982	203.4
550	187.5409374999998	203.4
575	187.48281249999982	203.4
600	188.78984374999982	221.775
625	189.11859374999983	221.775
650	189.16359374999982	221.775
675	189.22359374999982	221.775
700	189.21859374999983	221.775
725	188.68296874999982	221.775
750	189.85609374999981	221.775
775	190.23109374999981	221.775
800	190.60421874999983	221.775
825	191.05046874999982	221.775
850	190.7346874999998	221.775
875	191.5353124999998	221.775
900	192.69531249999983	221.775
925	193.38531249999983	221.775
950	193.50531249999983	221.775
975	193.71031249999982	221.775
1000	193.7596874999998	221.775
1025	193.3468749999998	221.775
1050	193.86593749999983	221.775
1075	193.64593749999983	221.775
1100	194.2815624999998	221.775
1125	194.62468749999982	221.775
1150	194.65468749999982	221.775
1175	194.65468749999982	221.775
1200	194.83968749999983	221.775
1225	194.78968749999981	221.775
1250	194.74468749999983	221.775
1275	195.00468749999982	221.775
1300	195.65968749999982	221.775
1325	195.42656249999982	221.775
1350	196.00468749999982	221.775
1375	196.14968749999983	221.775
1400	196.1968749999998	221.775
1425	196.27187499999982	221.775
1450	196.6084374999998	221.775
1475	196.00343749999982	221.775
1500	195.92531249999982	221.775
1525	197.0003124999998	221.775
1550	197.5928124999998	221.775
1575	197.8621874999998	221.775
1600	197.97718749999981	221.775
1625	198.09312499999982	221.775
1650	198.3556249999998	221.775
1675	198.8049999999998	221.775
1700	198.8087499999998	221.775
1725	198.8087499999998	221.775
1750	198.73421874999983	221.775
1775	198.72874999999982	221.775
1800	199.0487499999998	221.775
1825	198.94374999999982	221.775
1850	198.9237499999998	221.775
1875	198.9237499999998	221.775
1900	198.9237499999998	221.775
1925	198.9587499999998	221.775
1950	198.8624999999998	221.775
1975	198.76374999999982	221.775
2000	198.76374999999982	221.775

Run 16
50	31.564000000000018	126.3
75	52.38900000000004	126.3
100	75.27725000000005	154.65
125	88.67050000000003	154.65
150	97.28981249999998	162.9
175	108.51656249999996	180.9
200	119.05589062499996	180.9
225	126.52616015624993	180.9
250	136.28066015624995	182.65
275	141.286140625	182.65
300	145.34539062499994	182.65
325	150.2084374999999	189.9
350	150.7559374999999	189.9
375	154.4506718749999	204.9
400	158.02942187499988	204.9
425	160.92704687499986	204.9
450	162.74467187499985	204.9
475	165.49667187499983	204.9
500	168.52242187499985	204.9
525	170.20117187499986	204.9
550	170.68617187499984	204.9
575	171.56335937499986	204.9
600	172.44460937499986	204.9
625	173.10617187499986	204.9
650	173.60078124999984	204.9
675	175.39695312499987	204.9
700	176.92695312499984	204.9
725	177.11789062499986	204.9
750	178.2419531249998	204.9
775	180.47570312499982	215.9
800	180.85945312499982	215.9
825	181.63999999999982	215.9
850	182.32093749999981	215.9
875	182.52773437499982	215.9
900	183.42242187499983	215.9
925	184.29367187499983	215.9
950	184.38867187499983	215.9
975	184.38867187499983	215.9
1000	184.82492187499983	215.9
1025	184.88617187499983	215.9
1050	186.2627343749998	215.9
1075	186.90523437499982	215.9
1100	187.5180468749998	215.9
1125	188.3317968749998	215.9
1150	189.24679687499983	215.9
1175	189.22679687499982	215.9
1200	189.8605468749998	215.9
1225	189.8605468749998	215.9
1250	190.0855468749998	215.9
1275	190.8667968749998	215.9
1300	190.98304687499981	215.9
1325	191.19804687499982	215.9
1350	191.46554687499983	215.9
1375	191.85835937499982	215.9
1400	191.9033593749998	215.9
1425	192.01335937499982	215.9
1450	192.3942968749998	215.9
1475	192.34429687499983	215.9
1500	192.50429687499982	215.9
1525	193.1092968749998	215.9
1550	193.29429687499982	215.9
1575	193.65179687499983	215.9
1600	194.00804687499982	215.9
1625	194.57304687499982	215.9
1650	194.75054687499983	215.9
1675	195.32499999999982	215.9
1700	195.4093749999998	215.9
1725	195.7893749999998	215.9
1750	196.2281249999998	215.9
1775	196.57937499999983	215.9
1800	196.6343749999998	215.9
1825	196.99562499999982	215.9
1850	197.70312499999983	215.9
1875	198.3399999999998	215.9
1900	198.3324999999998	215.9
1925	198.9024999999998	215.9
1950	199.46812499999982	217.9
1975	199.21312499999982	217.9
2000	199.51562499999983	217.9

Run 17
50	20.983999999999988	94.90000000000002
75	42.87700000000005	94.90000000000002
100	66.04975000000006	113.90000000000002
125	80.36975000000007	113.90000000000002
150	85.70937500000005	113.90000000000002
175	90.89031250000002	115.90000000000002
200	97.14625	139.9
225	102.47179687499997	165.9
250	105.80859374999996	171.2671875
275	109.15265624999995	171.2671875
300	111.16734374999994	171.2671875
325	116.20976562499993	186.741796875
350	119.7469824218749	186.741796875
375	120.64543945312491	186.741796875
400	125.03663818359364	186.741796875
425	129.18334716796863	186.741796875
450	132.51919433593739	186.741796875
475	137.15053222656238	186.741796875
500	140.86717773437485	186.741796875
525	143.48885498046863	186.741796875
550	145.3538549804686	186.741796875
575	146.96753417968736	186.741796875
600	150.46253417968737	186.741796875
625	153.61370117187485	186.741796875
650	154.09135742187485	186.741796875
675	155.4886596679686	186.741796875
700	157.3786596679686	186.741796875
725	159.34698242187486	186.741796875
750	159.96639648437485	186.741796875
775	160.3160083007811	186.741796875
800	161.0672583007811	186.741796875
825	161.3254223632811	186.741796875
850	163.3504223632811	223.9
875	163.2837133789061	223.9
900	165.2429223632811	223.9
925	165.7391723632811	223.9
950	166.41187011718736	223.9
975	167.32687011718735	223.9
1000	167.91687011718736	223.9
1025	169.04187011718736	223.9
1050	169.59437011718737	223.9
1075	170.86807067871078	223.9
1100	172.2930706787108	223.9
1125	173.2001116943358	223.9
1150	172.9738616943358	223.9
1175	173.1351116943358	223.9
1200	173.0751116943358	223.9
1225	173.42761169433578	223.9
1250	173.89761169433578	223.9
1275	173.9776116943358	223.9
1300	174.9084027099608	223.9
1325	175.73419372558578	223.9
1350	176.1904437255858	223.9
1375	177.20044372558576	223.9
1400	177.60544372558576	223.9
1425	178.120641479492	223.9
1450	178.940641479492	223.9
1475	179.492350463867	223.9
1500	179.722350463867	223.9
1525	179.07860046386702	223.9
1550	179.042350463867	223.9
1575	179.282350463867	223.9
1600	178.631891479492	223.9
1625	179.223141479492	223.9
1650	179.433141479492	223.9
1675	180.76439147949202	223.9
1700	181.32939147949202	223.9
1725	181.965641479492	223.9
1750	182.592203979492	223.9
1775	183.77565124511702	223.9
1800	184.109401245117	223.9
1825	184.174401245117	223.9
1850	184.389401245117	223.9
1875	184.604401245117	223.9
1900	185.199401245117	223.9
1925	185.294401245117	223.9
1950	186.039401245117	223.9
1975	186.319401245117	223.9
2000	186.533151245117	223.9

Run 18
50	21.159999999999997	192.9
75	46.18500000000005	192.9
100	75.12700000000004	192.9
125	92.74374999999996	192.9
150	102.29024999999996	192.9
175	112.52949999999996	192.9
200	117.45374999999996	192.9
225	125.8872499999999	192.9
250	131.50156249999986	192.9
275	134.79843749999986	192.9
300	141.70124999999987	192.9
325	144.71124999999986	192.9
350	145.73749999999984	192.9
375	148.50499999999985	192.9
400	150.71624999999986	192.9
425	151.57624999999985	192.9
450	152.91624999999985	192.9
475	156.60874999999984	192.9
500	158.77781249999984	192.9
525	159.05406249999984	192.9
550	160.79289062499984	192.9
575	161.11664062499983	192.9
600	161.41664062499984	192.9
625	163.20414062499984	192.9
650	164.10406249999986	192.9
675	164.97406249999986	192.9
700	165.13906249999985	192.9
725	165.20656249999985	192.9
750	166.94156249999986	192.9
775	169.12906249999986	192.9
800	170.10164062499985	192.9
825	170.81164062499985	192.9
850	171.21289062499986	192.9
875	171.52414062499986	192.9
900	172.71039062499986	192.9
925	173.67664062499986	192.9
950	173.70914062499986	192.9
975	173.91039062499985	192.9
1000	173.98664062499986	192.9
1025	174.39664062499986	192.9
1050	175.94289062499985	195.9
1075	176.34539062499985	195.9
1100	176.67164062499987	195.9
1125	176.93164062499986	195.9
1150	177.65789062499985	197.9
1175	178.3888281249998	197.9
1200	179.08697265624983	197.9
1225	179.12697265624982	197.9
1250	179.36447265624983	197.9
1275	179.63791015624983	197.9
1300	179.60509765624982	197.9
1325	180.0572851562498	197.9
1350	179.79384765624982	197.9
1375	180.40541015624981	197.9
1400	180.92947265624983	197.9
1425	181.4457226562498	197.9
1450	182.00447265624982	197.9
1475	181.8479101562498	197.9
1500	181.2907226562498	197.9
1525	182.02572265624983	197.9
1550	182.02572265624983	197.9
1575	182.02572265624983	197.9
1600	181.8257226562498	197.9
1625	181.8257226562498	197.9
1650	182.84744140624983	202.7984375
1675	183.02142578124983	202.7984375
1700	182.7689257812498	202.7984375
1725	182.7689257812498	202.7984375
1750	183.4045507812498	202.7984375
1775	183.76353515624982	202.7984375
1800	183.8569726562498	202.7984375
1825	184.03798828124982	202.7984375
1850	184.39611328124982	202.7984375
1875	185.3561132812498	221.9
1900	185.76611328124983	221.9
1925	186.3395507812498	221.9
1950	186.67955078124982	221.9
1975	186.05455078124982	221.9
2000	187.02404296874982	221.9

Run 19
50	23.888000000000005	141.9
75	57.73200000000007	199.9
100	78.30000000000007	199.9
125	96.35624999999999	199.9
150	110.91874999999993	199.9
175	115.81031249999991	199.9
200	122.07906249999989	199.9
225	127.33468749999989	199.9
250	132.7696874999999	199.9
275	137.1171874999999	199.9
300	142.88304687499985	199.9
325	146.92804687499986	199.9
350	153.21304687499986	202.9
375	157.13054687499982	206.9
400	158.73648437499983	206.9
425	160.80023437499983	206.9
450	161.26429687499984	206.9
475	162.16429687499985	206.9
500	162.32429687499985	206.9
525	164.30554687499986	206.9
550	164.32554687499984	206.9
575	167.06085937499986	206.9
600	167.82085937499986	206.9
625	168.91710937499985	206.9
650	170.58335937499984	206.9
675	170.86335937499985	206.9
700	171.46835937499986	206.9
725	172.31335937499986	206.9
750	173.28054687499986	206.9
775	174.10460937499985	206.9
800	174.62960937499986	206.9
825	174.76960937499985	206.9
850	176.04335937499985	206.9
875	176.36835937499984	206.9
900	176.58835937499987	206.9
925	176.58835937499987	206.9
950	177.02835937499987	206.9
975	178.14335937499982	206.9
1000	178.54460937499982	206.9
1025	179.3146093749998	206.9
1050	178.78460937499983	206.9
1075	179.9530468749998	206.9
1100	180.5542968749998	206.9
1125	181.34929687499982	206.9
1150	182.19015624999983	206.9
1175	181.94015624999983	206.9
1200	181.73015624999982	206.9
1225	182.7101562499998	206.9
1250	183.00804687499982	206.9
1275	183.34304687499983	206.9
1300	183.34304687499983	206.9
1325	184.5217968749998	206.9
1350	184.51179687499982	206.9
1375	185.0914062499998	206.9
1400	185.23265624999982	206.9
1425	185.0250585937498	206.9
1450	184.84474609374982	206.9
1475	185.15974609374982	206.9
1500	185.15974609374982	206.9
1525	185.61349609374983	206.9
1550	185.81349609374982	206.9
1575	185.97349609374982	206.9
1600	186.6422460937498	206.9
1625	186.6422460937498	206.9
1650	187.53023437499982	206.9
1675	187.6689843749998	206.9
1700	188.24898437499982	206.9
1725	187.87398437499982	206.9
1750	187.7939843749998	206.9
1775	187.93898437499982	206.9
1800	189.06859374999982	212.38046875
1825	189.06859374999982	212.38046875
1850	188.78859374999982	212.38046875
1875	189.05859374999983	212.38046875
1900	190.11859374999983	224.9
1925	190.11859374999983	224.9
1950	190.11859374999983	224.9
1975	190.4835937499998	224.9
2000	190.87703124999982	224.9

Run 20
50	17.51199999999999	162.9
75	47.50400000000006	180.9
100	81.87525000000007	180.9
125	100.68756249999997	180.9
150	113.70099999999991	180.9
175	124.24793749999989	180.9
200	135.08131249999985	202.0875
225	140.05318749999986	202.0875
250	146.94037499999985	202.0875
275	151.04756249999986	202.0875
300	152.25029687499986	202.0875
325	156.49531249999984	202.0875
350	158.66031249999986	202.0875
375	158.89281249999985	202.0875
400	161.12718749999985	202.0875
425	163.42203124999983	202.0875
450	165.93484374999986	202.0875
475	166.48882812499986	202.0875
500	168.73976562499985	204.196875
525	170.29789062499987	204.196875
550	170.88695312499985	204.196875
575	171.69318359374986	204.196875
600	172.55318359374985	204.196875
625	172.94646484374985	204.196875
650	173.25498046874986	204.196875
675	174.10451171874985	204.196875
700	174.79138671874986	204.196875
725	175.28138671874984	204.196875
750	176.33193359374985	204.196875
775	176.77443359374985	204.196875
800	177.29755859374984	204.196875
825	177.87787109374986	204.196875
850	177.97630859374985	204.196875
875	177.85185546874985	204.196875
900	178.86257812499983	204.196875
925	178.98117187499983	204.196875
950	179.42640624999981	204.196875
975	179.42640624999981	204.196875
1000	179.8778124999998	204.196875
1025	180.3078124999998	204.196875
1050	179.97945312499982	204.196875
1075	180.09007812499982	204.196875
1100	181.05007812499983	209.9
1125	181.15367187499982	209.9
1150	180.2147656249998	209.9
1175	181.74867187499981	209.9
1200	182.19867187499983	209.9
1225	181.9992187499998	209.9
1250	182.45421874999982	209.9
1275	183.25265624999983	209.9
1300	183.47271484374983	209.9
1325	182.9191357421873	209.9
1350	183.42412109374982	209.9
1375	183.66412109374983	209.9
1400	184.13271484374982	209.9
1425	184.9791992187498	212.9
1450	185.09919921874982	212.9
1475	185.53935546874982	212.9
1500	185.64537109374982	212.9
1525	185.8467773437498	212.9
1550	185.6152148437498	212.9
1575	186.38021484374983	212.9
1600	186.71896484374983	212.9
1625	187.0817382812498	212.9
1650	186.95822265624983	212.9
1675	187.20275390624982	212.9
1700	188.11806640624982	212.9
1725	188.15806640624982	212.9
1750	188.2855664062498	212.9
1775	188.35646484374982	212.9
1800	189.1956835937498	212.9
1825	189.68974609374982	212.9
1850	190.02474609374983	212.9
1875	189.7647460937498	212.9
1900	189.75474609374982	212.9
1925	189.77599609374982	212.9
1950	190.0447460937498	212.9
1975	190.4491406249998	212.9
2000	190.5191406249998	212.9

Run 21
50	23.107999999999993	127.90000000000002
75	52.79000000000006	160.5
100	77.94900000000007	160.5
125	92.508375	160.5
150	105.23681249999994	171.9
175	116.6754374999999	180.9
200	128.03129687499987	187.9
225	138.74504687499987	187.9
250	147.12754687499987	187.9
275	154.14754687499985	187.9
300	158.85793749999985	187.9
325	164.34887499999985	187.9
350	171.95606249999986	207.9
375	174.97262499999985	207.9
400	175.82762499999987	207.9
425	176.47989062499985	207.9
450	178.3525781249998	207.9
475	179.34007812499982	207.9
500	180.27132812499983	207.9
525	181.56257812499982	207.9
550	181.7785156249998	207.9
575	182.57445312499982	207.9
600	183.36476562499982	207.9
625	184.24132812499982	207.9
650	184.6313281249998	207.9
675	185.1375781249998	207.9
700	185.1375781249998	207.9
725	185.87757812499981	207.9
750	186.29757812499983	207.9
775	186.71757812499982	207.9
800	186.77757812499982	207.9
825	186.77757812499982	207.9
850	186.79757812499983	207.9
875	186.9825781249998	207.9
900	187.5647656249998	209.9
925	188.05351562499982	209.9
950	188.58962890624983	209.9
975	188.1396289062498	209.9
1000	188.5496289062498	209.9
1025	188.5796289062498	209.9
1050	188.5796289062498	209.9
1075	188.25962890624982	209.9
1100	189.4896289062498	209.9
1125	189.8346289062498	209.9
1150	190.0146289062498	209.9
1175	190.37462890624982	209.9
1200	190.5746289062498	209.9
1225	190.7983789062498	209.9
1250	190.80837890624983	209.9
1275	191.36101562499982	209.9
1300	191.49164062499983	209.9
1325	191.00039062499982	209.9
1350	191.4216406249998	209.9
1375	192.09664062499982	209.9
1400	192.31164062499982	209.9
1425	192.4528906249998	209.9
1450	192.77789062499983	209.9
1475	193.7378906249998	213.9
1500	194.02914062499983	213.9
1525	194.1691406249998	213.9
1550	194.1691406249998	213.9
1575	193.99968749999982	213.9
1600	194.33968749999983	213.9
1625	194.94468749999982	213.9
1650	194.9846874999998	213.9
1675	194.9884374999998	213.9
1700	193.92843749999983	213.9
1725	195.42843749999983	213.9
1750	195.42843749999983	213.9
1775	195.58718749999983	213.9
1800	195.5421874999998	213.9
1825	196.07249999999982	213.9
1850	196.07249999999982	213.9
1875	195.9924999999998	213.9
1900	196.1524999999998	213.9
1925	196.06749999999982	213.9
1950	196.21749999999983	213.9
1975	196.21749999999983	213.9
2000	196.25749999999982	213.9

Run 22
50	24.196000000000005	164.9
75	49.47800000000007	164.9
100	76.05000000000007	164.9
125	99.97374999999994	164.9
150	116.56124999999992	164.9
175	124.7374999999999	188.5875
200	133.70218749999987	188.5875
225	139.6874999999999	188.5875
250	148.38124999999985	188.5875
275	152.60867187499986	188.5875
300	158.41085937499983	188.5875
325	164.25367187499987	188.5875
350	167.60367187499986	188.5875
375	168.01367187499986	188.5875
400	169.44906249999985	188.5875
425	169.86812499999985	188.5875
450	172.05015624999984	188.5875
475	173.09203124999985	196.9
500	173.71578124999985	196.9
525	174.12914062499985	196.9
550	175.27882812499985	196.9
575	175.69632812499987	196.9
600	176.05132812499986	196.9
625	176.67484374999987	196.9
650	176.74195312499987	196.9
675	177.40195312499986	196.9
700	177.66195312499985	196.9
725	178.01164062499984	196.9
750	178.21289062499986	196.9
775	178.89039062499987	196.9
800	179.65078124999985	196.9
825	180.28953124999987	196.9
850	180.56453124999985	196.9
875	180.68328124999985	196.9
900	180.68328124999985	196.9
925	180.92546874999985	196.9
950	180.78421874999987	196.9
975	180.83367187499985	196.9
1000	181.27367187499985	196.9
1025	180.96117187499985	196.9
1050	181.31867187499986	196.9
1075	181.56867187499986	196.9
1100	181.60367187499986	196.9
1125	181.98492187499986	196.9
1150	182.02992187499984	196.9
1175	182.72328124999981	196.9
1200	181.56078124999982	196.9
1225	182.68703124999982	196.9
1250	182.7920312499998	196.9
1275	183.0432812499998	196.9
1300	182.9132812499998	196.9
1325	183.3804687499998	197.9
1350	183.72921874999983	197.9
1375	183.91921874999983	197.9
1400	184.19921874999983	197.9
1425	184.32140624999982	197.9
1450	184.32140624999982	197.9
1475	184.51515624999982	197.9
1500	183.6801562499998	197.9
1525	184.39382812499983	197.9
1550	184.98796874999982	197.9
1575	185.12328124999982	197.9
1600	185.2628906249998	197.9
1625	185.4828906249998	197.9
1650	185.31289062499982	197.9
1675	185.31539062499982	197.9
1700	185.47289062499982	197.9
1725	185.34328124999982	197.9
1750	185.42578124999983	197.9
1775	184.8003906249998	197.9
1800	184.8003906249998	197.9
1825	185.4157812499998	197.9
1850	185.56578124999982	197.9
1875	185.6082812499998	197.9
1900	184.0432812499998	197.9
1925	184.86328124999983	197.9
1950	186.05984374999983	201.478125
1975	186.06609374999982	201.478125
2000	186.13265624999983	201.478125

Run 23
50	23.227999999999994	127.90000000000002
75	49.10600000000006	155.9
100	74.55150000000008	155.9
125	85.72275000000005	155.9
150	99.89981249999997	173.9
175	108.30168749999993	173.9
200	116.73856249999992	181.9
225	126.4972656249999	184.9
250	131.9747656249999	184.9
275	137.09343749999988	184.9
300	140.98093749999987	184.9
325	146.74687499999985	185.9
350	152.37187499999985	185.9
375	156.28062499999984	185.9
400	158.26406249999982	185.9
425	161.45906249999985	187.9
450	164.53906249999986	200.9
475	168.11406249999985	200.9
500	169.29406249999985	200.9
525	170.93906249999986	200.9
550	173.03906249999986	201.9
575	173.89406249999985	201.9
600	174.89906249999984	201.9
625	175.63781249999985	201.9
650	176.63906249999985	201.9
675	177.86906249999984	201.9
700	178.07406249999985	201.9
725	178.63031249999986	201.9
750	178.60656249999985	201.9
775	178.75874999999985	201.9
800	180.8924999999998	208.9
825	182.0237499999998	208.9
850	183.0887499999998	208.9
875	184.4274999999998	208.9
900	184.84749999999983	208.9
925	185.15874999999983	208.9
950	186.19124999999983	208.9
975	186.50624999999982	208.9
1000	186.62624999999983	208.9
1025	187.13374999999982	208.9
1050	187.91874999999982	208.9
1075	189.1212499999998	208.9
1100	189.3612499999998	208.9
1125	189.28624999999982	208.9
1150	188.22124999999983	208.9
1175	189.7596874999998	208.9
1200	190.1996874999998	208.9
1225	191.2646874999998	226.4
1250	191.7503124999998	226.4
1275	191.93031249999981	226.4
1300	192.13281249999983	226.4
1325	192.8728124999998	226.4
1350	193.11281249999982	226.4
1375	192.67281249999982	226.4
1400	193.70781249999982	226.4
1425	193.9978124999998	226.4
1450	194.45781249999982	226.4
1475	194.59468749999982	226.4
1500	194.79531249999982	226.4
1525	195.22218749999982	226.4
1550	194.38218749999982	226.4
1575	195.00218749999982	226.4
1600	194.99343749999983	226.4
1625	195.39281249999982	226.4
1650	195.9328124999998	226.4
1675	197.10406249999983	226.9
1700	197.10406249999983	226.9
1725	197.20406249999982	226.9
1750	197.73578124999983	226.9
1775	198.4626562499998	226.9
1800	198.82265624999982	226.9
1825	199.1226562499998	226.9
1850	199.28390624999983	226.9
1875	199.72390624999983	226.9
1900	199.79390624999982	226.9
1925	200.0239062499998	226.9
1950	200.94640624999982	226.9
1975	202.4914062499998	267.4
2000	202.8179687499998	267.4

Run 24
50	21.951999999999998	77.9
75	38.370000000000054	93.90000000000002
100	57.11525000000006	111.4
125	71.39931250000006	140.9
150	88.21764062500002	169.525
175	101.50274999999993	169.525
200	111.77787499999991	180.65
225	119.14931249999991	180.65
250	127.46699999999989	180.9
275	131.15824999999987	180.9
300	135.60449999999986	180.9
325	139.64250781249987	180.9
350	142.11016406249988	186.9
375	145.86504687499985	186.9
400	149.25485156249985	186.9
425	153.83535156249985	193.9
450	155.18410156249985	193.9
475	156.97640624999985	193.9
500	158.70062499999986	193.9
525	161.43249999999983	193.9
550	162.26546874999983	193.9
575	163.51828124999983	193.9
600	165.43624999999986	193.9
625	165.76968749999986	193.9
650	166.96351562499984	193.9
675	168.12609374999985	193.9
700	168.44945312499985	193.9
725	168.96468749999985	193.9
750	169.02468749999986	193.9
775	169.35468749999984	193.9
800	169.67281249999985	193.9
825	169.67281249999985	193.9
850	169.95468749999986	193.9
875	170.59968749999985	193.9
900	170.56843749999985	193.9
925	171.47117187499987	193.9
950	171.35726562499985	193.9
975	171.95726562499985	193.9
1000	172.66226562499986	193.9
1025	174.34898437499984	193.9
1050	175.96851562499987	198.15
1075	176.76851562499985	198.15
1100	178.07851562499985	198.15
1125	178.7430468749998	198.15
1150	180.1190624999998	198.15
1175	180.9415624999998	198.15
1200	181.49562499999982	198.15
1225	181.84437499999981	198.15
1250	181.92437499999983	198.15
1275	182.23937499999982	198.15
1300	183.42062499999983	208.4625
1325	183.4431249999998	208.4625
1350	183.8128124999998	208.4625
1375	184.47781249999983	208.4625
1400	184.9081249999998	208.4625
1425	185.3156249999998	208.4625
1450	185.7206249999998	208.4625
1475	185.46562499999982	208.4625
1500	185.46562499999982	208.4625
1525	185.9834374999998	208.4625
1550	186.18343749999983	208.4625
1575	185.8896874999998	208.4625
1600	185.83843749999983	208.4625
1625	186.70968749999983	208.4625
1650	186.97999999999982	208.4625
1675	187.4450781249998	208.4625
1700	187.66195312499983	208.4625
1725	188.09695312499983	208.4625
1750	188.69476562499983	208.4625
1775	188.3447656249998	208.4625
1800	188.91476562499983	208.4625
1825	188.89601562499982	208.4625
1850	189.27476562499982	208.4625
1875	190.34257812499982	208.4625
1900	190.27257812499982	208.4625
1925	190.9932031249998	208.4625
1950	190.99507812499982	208.4625
1975	191.16601562499983	208.4625
2000	191.23351562499982	208.4625

Run 25
50	31.692000000000007	121.90000000000002
75	57.421000000000056	121.90000000000002
100	74.18000000000008	121.90000000000002
125	84.43375000000006	132.9
150	93.89875	191.9
175	102.01156249999997	191.9
200	110.20156249999992	191.9
225	115.49874999999992	191.9
250	124.24687499999989	191.9
275	131.73937499999988	191.9
300	135.68531249999987	191.9
325	145.09218749999985	191.9
350	150.85101562499986	191.9
375	155.96687499999985	191.9
400	157.65187499999985	191.9
425	160.31310546874982	191.9
450	162.17171874999983	191.9
475	163.92234374999987	191.9
500	165.27789062499986	191.9
525	165.91234374999985	191.9
550	167.49984374999985	191.9
575	169.63984374999984	191.9
600	171.67123046874985	196.5875
625	172.89296874999985	200.009375
650	174.26140624999985	202.9
675	175.07140624999985	202.9
700	175.56234374999985	202.9
725	176.08859374999986	202.9
750	177.85445312499982	211.92734375
775	178.0960156249998	211.92734375
800	179.9194726562498	217.9
825	181.2155273437498	217.9
850	181.68255859374983	217.9
875	182.16742187499983	217.9
900	182.89984374999983	217.9
925	182.93484374999983	217.9
950	183.31484374999982	217.9
975	183.46984374999982	217.9
1000	184.31117187499981	217.9
1025	186.0711718749998	217.9
1050	186.37273437499982	217.9
1075	187.1677343749998	217.9
1100	189.00023437499982	226.9
1125	188.80367187499982	226.9
1150	190.5452343749998	226.9
1175	192.92523437499983	237.9
1200	192.65179687499983	237.9
1225	192.65179687499983	237.9
1250	192.82179687499982	237.9
1275	193.47679687499982	237.9
1300	194.03179687499983	237.9
1325	194.52679687499983	237.9
1350	194.72679687499982	237.9
1375	194.12679687499983	237.9
1400	194.46679687499983	237.9
1425	194.46679687499983	237.9
1450	195.3367968749998	237.9
1475	195.9202343749998	237.9
1500	196.09523437499982	237.9
1525	196.05023437499983	237.9
1550	196.05023437499983	237.9
1575	196.87023437499982	237.9
1600	196.49023437499983	237.9
1625	195.91679687499982	237.9
1650	197.7302343749998	237.9
1675	197.84523437499982	237.9
1700	198.0167968749998	237.9
1725	198.35679687499982	237.9
1750	198.35679687499982	237.9
1775	198.6717968749998	237.9
1800	198.65679687499983	237.9
1825	198.65679687499983	237.9
1850	197.93679687499983	237.9
1875	200.0467968749998	237.9
1900	199.29179687499982	237.9
1925	199.30992187499982	237.9
1950	199.8749218749998	237.9
1975	200.33867187499982	237.9
2000	200.37242187499982	237.9

Run 26
50	19.195999999999987	124.90000000000002
75	48.33400000000005	135.9
100	74.43350000000005	135.9
125	95.80749999999998	159.9
150	110.23906249999993	159.9
175	127.89992187499989	223.9
200	137.4902343749999	223.9
225	138.53242187499984	223.9
250	142.87148437499988	223.9
275	147.75124999999986	223.9
300	151.28124999999986	223.9
325	156.37624999999986	223.9
350	160.33781249999984	223.9
375	164.54906249999985	223.9
400	167.76249999999985	223.9
425	169.85499999999982	223.9
450	172.59874999999982	223.9
475	175.28624999999982	223.9
500	176.75374999999983	223.9
525	178.59187499999982	223.9
550	178.79687499999983	223.9
575	180.69874999999982	223.9
600	182.38031249999983	223.9
625	182.4628124999998	223.9
650	184.2440624999998	223.9
675	185.4015624999998	223.9
700	185.85156249999983	223.9
725	186.57656249999982	223.9
750	186.7178124999998	223.9
775	188.49031249999982	223.9
800	188.49031249999982	223.9
825	189.91343749999982	223.9
850	190.64812499999982	223.9
875	190.64812499999982	223.9
900	191.4781249999998	223.9
925	192.5706249999998	223.9
950	192.6356249999998	223.9
975	192.8387499999998	223.9
1000	193.74437499999982	223.9
1025	193.42187499999983	223.9
1050	194.1018749999998	223.9
1075	194.5106249999998	223.9
1100	195.34124999999983	223.9
1125	194.94624999999982	223.9
1150	195.93968749999982	223.9
1175	195.93968749999982	223.9
1200	196.1801562499998	223.9
1225	197.10765624999982	223.9
1250	197.12953124999981	223.9
1275	197.5157812499998	223.9
1300	198.27734374999983	223.9
1325	199.21734374999983	223.9
1350	199.21734374999983	223.9
1375	199.3023437499998	223.9
1400	199.79171874999983	223.9
1425	199.79171874999983	223.9
1450	199.79171874999983	223.9
1475	200.56484374999982	223.9
1500	200.34484374999982	223.9
1525	200.28781249999983	223.9
1550	201.03734374999982	223.9
1575	201.5448437499998	223.9
1600	202.1317187499998	223.9
1625	201.78984374999982	223.9
1650	202.42906249999982	223.9
1675	202.42906249999982	223.9
1700	202.4390624999998	223.9
1725	202.77406249999981	223.9
1750	202.79906249999982	223.9
1775	204.16078124999981	223.9
1800	204.2828124999998	223.9
1825	204.94281249999983	224.9
1850	205.2503124999998	224.9
1875	205.2503124999998	224.9
1900	204.8103124999998	224.9
1925	205.3478124999998	224.9
1950	205.45031249999982	224.9
1975	205.2128124999998	224.9
2000	205.55031249999982	224.9

Run 27
50	30.96800000000001	132.9
75	58.45300000000006	145.9
100	78.56900000000005	192.9
125	98.50449999999996	192.9
150	116.20299999999993	192.9
175	125.86453124999987	192.9
200	133.35781249999988	192.9
225	140.07906249999988	192.9
250	145.99718749999985	192.9
275	148.59218749999985	192.9
300	152.24062499999985	192.9
325	155.29812499999986	192.9
350	155.80343749999986	192.9
375	157.79343749999987	192.9
400	158.95031249999982	192.9
425	161.72999999999985	192.9
450	163.44546874999983	192.9
475	165.36515624999984	192.9
500	166.44984374999984	192.9
525	167.30859374999986	192.9
550	167.88359374999985	192.9
575	167.88640624999985	192.9
600	168.56515624999986	192.9
625	169.63296874999986	192.9
650	170.30218749999986	192.9
675	170.75042968749986	192.9
700	171.05917968749986	192.9
725	171.90636718749985	192.9
750	172.68855468749985	192.9
775	173.63031249999986	192.9
800	173.87843749999985	192.9
825	173.78343749999985	192.9
850	174.51343749999987	192.9
875	175.43843749999985	192.9
900	175.75031249999986	192.9
925	176.56281249999986	192.9
950	177.23781249999985	192.9
975	177.80281249999985	192.9
1000	178.07906249999985	192.9
1025	178.60437499999986	192.9
1050	178.72437499999987	192.9
1075	176.92433593749985	192.9
1100	177.55390624999984	192.9
1125	179.09390624999986	192.9
1150	178.13890624999985	192.9
1175	178.75390624999986	192.9
1200	179.38390624999985	192.9
1225	179.76203124999986	192.9
1250	179.38828124999986	192.9
1275	179.32328124999987	192.9
1300	178.32328124999987	192.9
1325	178.91328124999984	192.9
1350	179.95828124999986	192.9
1375	178.87328124999985	192.9
1400	179.55828124999985	192.9
1425	180.10828124999986	192.9
1450	180.10828124999986	192.9
1475	180.62328124999985	192.9
1500	179.35078124999984	192.9
1525	179.58328124999986	192.9
1550	179.68828124999985	192.9
1575	180.07453124999986	192.9
1600	180.17953124999985	192.9
1625	179.31953124999984	192.9
1650	179.24453124999985	192.9
1675	180.22328124999984	192.9
1700	181.05828124999985	192.9
1725	178.74828124999985	192.9
1750	180.81828124999984	192.9
1775	180.82828124999986	192.9
1800	181.21578124999985	192.9
1825	181.53078124999985	192.9
1850	181.55078124999986	192.9
1875	181.61578124999986	192.9
1900	181.51578124999986	192.9
1925	181.55578124999985	192.9
1950	181.65078124999985	192.9
1975	181.71621093749985	192.9
2000	181.93078124999985	192.9

Run 28
50	20.111999999999988	98.90000000000002
75	44.21600000000004	114.90000000000002
100	64.74250000000005	114.90000000000002
125	82.93406250000005	121.90000000000002
150	92.23756250000004	157.9
175	98.41081249999999	157.9
200	105.71681249999995	157.9
225	109.02868749999996	157.9
250	112.39962499999994	157.9
275	116.79078124999992	157.9
300	120.84374999999991	157.9
325	124.34898437499989	166.9
350	128.4624218749999	172.9
375	130.32585937499988	172.9
400	130.32585937499988	172.9
425	135.55484374999986	172.9
450	137.29359374999987	172.9
475	137.39585937499987	172.9
500	140.04320312499988	172.9
525	141.27226562499987	172.9
550	144.48320312499985	181.9
575	145.28570312499988	181.9
600	145.30570312499987	181.9
625	145.53570312499986	181.9
650	145.88007812499984	181.9
675	146.87007812499985	181.9
700	148.44882812499986	183.9
725	149.58132812499986	183.9
750	150.29507812499986	183.9
775	151.56507812499984	183.9
800	151.33007812499986	183.9
825	151.11757812499985	183.9
850	152.39351562499985	183.9
875	153.05351562499985	183.9
900	153.74289062499986	183.9
925	154.44572265624984	183.9
950	154.54072265624984	183.9
975	155.32072265624984	183.9
1000	155.00072265624985	183.9
1025	155.87072265624985	183.9
1050	156.05908203124986	183.9
1075	157.35908203124984	190.9
1100	157.99908203124986	190.9
1125	159.97033203124985	190.9
1150	160.21408203124986	190.9
1175	160.67408203124987	190.9
1200	161.47408203124985	190.9
1225	162.94408203124985	190.9
1250	163.62408203124983	190.9
1275	163.70783203124984	190.9
1300	164.17408203124987	190.9
1325	165.32408203124984	190.9
1350	165.63408203124985	190.9
1375	167.20533203124987	190.9
1400	167.54408203124984	190.9
1425	167.24064453124984	190.9
1450	166.80564453124987	190.9
1475	168.28533203124985	190.9
1500	169.04158203124985	190.9
1525	169.78533203124985	190.9
1550	169.78533203124985	190.9
1575	171.18408203124986	190.9
1600	171.64408203124987	190.9
1625	171.38408203124985	190.9
1650	172.17908203124986	190.9
1675	172.17908203124986	190.9
1700	171.60025390624986	190.9
1725	171.80679687499986	190.9
1750	172.45304687499984	190.9
1775	172.57304687499985	190.9
1800	173.43304687499986	190.9
1825	174.16460937499986	190.9
1850	174.41710937499985	190.9
1875	174.93710937499986	190.9
1900	175.21210937499984	190.9
1925	174.95210937499985	190.9
1950	175.79960937499985	190.9
1975	175.00460937499986	190.9
2000	175.59960937499986	190.9

Run 29
50	21.46	95.90000000000002
75	45.50100000000004	115.5
100	65.92475000000007	115.5
125	83.69468750000004	179.9
150	91.5016875	179.9
175	97.87049999999999	179.9
200	103.81049999999996	179.9
225	110.34756249999992	179.9
250	116.1928124999999	179.9
275	122.04987499999989	179.9
300	126.48831249999988	179.9
325	131.73431249999987	195.69999999999996
350	133.31806249999988	195.69999999999996
375	138.27756249999987	195.69999999999996
400	144.76493749999986	195.69999999999996
425	150.04943749999987	195.69999999999996
450	153.47574999999983	195.69999999999996
475	154.18674999999985	195.69999999999996
500	157.48143749999986	195.69999999999996
525	162.11156249999985	195.69999999999996
550	163.55156249999985	195.69999999999996
575	164.20943749999986	195.69999999999996
600	164.08430078124988	195.69999999999996
625	165.71780078124985	195.69999999999996
650	166.53307910156235	195.69999999999996
675	167.29454492187483	195.69999999999996
700	168.44807910156237	195.69999999999996
725	169.69176660156234	195.69999999999996
750	171.25470410156234	197.9
775	171.75870410156233	197.9
800	172.40909472656236	197.9
825	172.98759472656235	197.9
850	173.70509472656238	197.9
875	175.1225947265624	197.9
900	175.17459472656236	197.9
925	175.82809472656237	197.9
950	176.32609472656233	197.9
975	177.05709472656233	197.9
1000	177.40684472656238	197.9
1025	178.03562890624988	197.9
1050	179.12494140624986	197.9
1075	179.40719140624992	197.9
1100	179.46119140624987	197.9
1125	180.50431640624984	197.9
1150	180.83331640624982	197.9
1175	181.42719140624988	197.9
1200	181.48619140624984	197.9
1225	182.10119140624982	197.9
1250	182.51094140624983	197.9
1275	182.78094140624987	197.9
1300	182.61194140624983	200.9
1325	182.92919140624988	200.9
1350	183.61794140624986	200.9
1375	185.33747265624987	216.6765625
1400	186.76960546874992	216.6765625
1425	186.22610546874984	216.6765625
1450	186.9601054687499	216.6765625
1475	186.32410546874988	216.6765625
1500	187.21410546874986	216.6765625
1525	187.21410546874986	216.6765625
1550	187.7538261718749	216.6765625
1575	188.04510546874985	216.6765625
1600	188.08510546874987	216.6765625
1625	188.45585156249984	216.6765625
1650	188.69981738281237	216.6765625
1675	189.91720019531232	216.6765625
1700	189.91720019531238	216.6765625
1725	190.10220019531235	216.6765625
1750	190.01620019531234	216.6765625
1775	190.30708300781237	216.6765625
1800	190.35108300781235	216.6765625
1825	190.02583300781234	216.6765625
1850	190.32583300781232	216.6765625
1875	190.51108300781232	216.6765625
1900	190.90608300781233	216.6765625
1925	191.30621972656235	216.6765625
1950	191.82021972656233	216.6765625
1975	192.03610253906234	216.6765625
2000	192.69623925781235	216.6765625

Run 30
50	21.92399999999999	112.90000000000002
75	57.37900000000007	144.65
100	84.90075000000004	144.65
125	98.29749999999996	168.9
150	106.60874999999994	168.9
175	115.22906249999991	174.4
200	120.75812499999991	174.4
225	127.42406249999989	174.4
250	131.49406249999987	174.4
275	136.34656249999986	190.9
300	141.69656249999989	190.9
325	147.10249999999985	234.9
350	152.64249999999984	234.9
375	159.14968749999983	234.9
400	164.27367187499985	234.9
425	165.45367187499986	234.9
450	168.66867187499986	234.9
475	172.0324218749998	234.9
500	174.4386718749998	234.9
525	176.75835937499983	234.9
550	178.05523437499983	234.9
575	179.4848437499998	234.9
600	180.5848437499998	234.9
625	182.49984374999983	234.9
650	184.4127929687498	234.9
675	186.31154296874982	234.9
700	188.82466796874982	234.9
725	188.89216796874982	234.9
750	189.7096679687498	234.9
775	189.9046679687498	234.9
800	192.23046874999983	234.9
825	192.45296874999983	234.9
850	192.5679687499998	234.9
875	192.66289062499982	234.9
900	193.10289062499982	234.9
925	193.3559374999998	234.9
950	196.4834374999998	234.9
975	196.30843749999983	234.9
1000	196.63343749999981	234.9
1025	196.8896874999998	234.9
1050	197.12312499999982	234.9
1075	197.6524999999998	234.9
1100	197.96578124999982	234.9
1125	198.0407812499998	234.9
1150	198.8557812499998	234.9
1175	198.74578124999982	234.9
1200	198.7920312499998	234.9
1225	199.83810546874983	234.9
1250	199.85060546874982	234.9
1275	199.77560546874983	234.9
1300	199.9556054687498	234.9
1325	200.25435546874982	234.9
1350	201.1168554687498	234.9
1375	202.0443554687498	234.9
1400	203.2700585937498	234.9
1425	203.41048339843732	234.9
1450	203.8017333984373	234.9
1475	204.04048339843732	234.9
1500	204.2404833984373	234.9
1525	203.9604833984373	234.9
1550	205.0504833984373	234.9
1575	205.5792333984373	234.9
1600	205.54243652343732	234.9
1625	205.7374365234373	234.9
1650	205.8020117187498	234.9
1675	206.15243652343733	234.9
1700	206.15243652343733	234.9
1725	206.37243652343733	234.9
1750	206.9236865234373	234.9
1775	207.4586865234373	234.9
1800	207.88868652343731	234.9
1825	207.0236865234373	234.9
1850	208.41048339843732	234.9
1875	208.3636865234373	234.9
1900	208.51649902343732	234.9
1925	208.66618652343732	234.9
1950	209.79785522460918	234.9
1975	209.74598022460918	234.9
2000	209.8322302246092	234.9

