Result Log
=== Config ===
runs per experiment = 30
fitness evals per run = 2000
seed = 417677362
log file = logs/config3.log
solution file = solutions/config3.sol
best world file = solutions/config3.world
number of pac-men = 1
number of ghosts = 3
world width = 10
world height = 15
pill density = 50
wall density = 25
fruit spawning probability = .05
fruit score = 10
time multiplier = 2
pac-man population size = 50
ghost population size = 50
pac-man offspring per generation = 25
ghost offspring per generation = 25
multiple pac-men use one controller = true
multiple ghosts use one controller = true
max depth = 5
mutation chance = .5
pac-man parent selection method = 0
ghost parent selection method = 1
i-value = .2
j-value = .8
pac-man survival selection method = 1
ghost survival selection method = 0
tournament selection size = 15
parsimony penalty coefficient = .5
=== End Config ===
Run 1
50	9.04	91.5
75	19.69	91.5
100	32.75	107.5
125	48.945	107.5
150	60.9175	107.5
175	69.3775	115.5
200	77.05	115.5
225	82.685	115.5
250	86.0675	115.5
275	90.46875	125.5
300	93.37	125.5
325	95.87	125.5
350	98.31	125.5
375	100.96	125.5
400	102.93	125.5
425	104.9725	125.5
450	106.8725	126.5
475	107.5325	126.5
500	110.45	164.5
525	113.15	164.5
550	114.83	164.5
575	117.4975	164.5
600	118.455	164.5
625	119.97	164.5
650	120.78	164.5
675	122.0325	164.5
700	125.52625	164.5
725	127.450625	164.5
750	129.6846875	164.5
775	131.0971875	164.5
800	132.0003125	164.5
825	132.0003125	164.5
850	132.8725	164.5
875	133.781875	164.5
900	134.05921875	164.5
925	134.51171875	164.5
950	134.616875	164.5
975	135.081875	164.5
1000	135.63921875	164.5
1025	135.09921875	164.5
1050	135.62921875	164.5
1075	135.84890625	164.5
1100	136.51640625	164.5
1125	137.29640625	164.5
1150	137.56671875	164.5
1175	137.56671875	164.5
1200	137.32421875	164.5
1225	138.76921875	164.5
1250	138.77421875	164.5
1275	138.89046875	164.5
1300	139.17921875	164.5
1325	139.54984375	164.5
1350	139.65234375	164.5
1375	139.87890625	164.5
1400	140.17890625	164.5
1425	139.87890625	164.5
1450	140.39828125	164.5
1475	140.36328125	164.5
1500	140.53578125	164.5
1525	140.78828125	164.5
1550	140.853125	164.5
1575	140.784375	164.5
1600	140.818125	164.5
1625	140.8215625	164.5
1650	140.7353125	164.5
1675	141.60078125	164.5
1700	141.66578125	164.5
1725	141.78265625	164.5
1750	141.68453125	164.5
1775	142.41515625	164.5
1800	142.34515625	164.5
1825	142.56515625	164.5
1850	142.50515625	164.5
1875	142.75515625	164.5
1900	142.84015625	164.5
1925	142.83390625	164.5
1950	143.12640625	164.5
1975	143.29640625	164.5
2000	143.29640625	164.5

Run 2
50	8.02	97.5
75	27.58	125.0
100	44.465	125.0
125	54.57	125.0
150	63.225	125.0
175	71.1475	125.0
200	79.285	150.5
225	85.5675	150.5
250	92.50125	150.5
275	97.235	150.5
300	100.68375	150.5
325	105.63	150.5
350	109.03625	150.5
375	111.683125	150.5
400	113.433125	150.5
425	115.233125	150.5
450	116.220625	150.5
475	117.339375	150.5
500	117.599375	150.5
525	119.205625	150.5
550	120.7975	150.5
575	122.4	150.5
600	123.545	150.5
625	123.545	150.5
650	124.215	150.5
675	124.78	150.5
700	126.48	158.5
725	128.26	158.5
750	129.1175	158.5
775	129.6175	158.5
800	130.80125	158.5
825	131.395	158.5
850	132.695	160.5
875	133.375	160.5
900	133.61625	160.5
925	133.9225	160.5
950	134.6775	161.25
975	135.2125	161.25
1000	136.3125	161.25
1025	137.6	161.25
1050	138.75	161.25
1075	140.285	161.25
1100	141.49875	162.75
1125	142.53625	182.875
1150	142.95125	182.875
1175	144.44625	182.875
1200	144.44625	182.875
1225	144.2	182.875
1250	144.13125	182.875
1275	145.12	182.875
1300	145.65125	182.875
1325	147.225	182.875
1350	148.2025	182.875
1375	149.1925	182.875
1400	150.05875	182.875
1425	150.4825	182.875
1450	150.72625	182.875
1475	151.54625	182.875
1500	151.3825	182.875
1525	151.3225	182.875
1550	151.9725	182.875
1575	152.354375	182.875
1600	153.3528125	182.875
1625	153.5628125	182.875
1650	154.2765625	182.875
1675	154.6565625	182.875
1700	154.3265625	182.875
1725	153.7065625	182.875
1750	154.7165625	182.875
1775	154.8265625	182.875
1800	154.9465625	182.875
1825	155.0265625	182.875
1850	155.2190625	182.875
1875	155.3315625	182.875
1900	155.5203125	182.875
1925	155.6803125	182.875
1950	155.6278125	182.875
1975	155.67125	182.875
2000	156.3978125	182.875

Run 3
50	8.04	83.5
75	19.7	83.5
100	33.555	83.5
125	43.53	83.5
150	49.74	83.5
175	57.07	83.5
200	60.4725	83.5
225	65.4	87.5
250	69.2875	88.5
275	71.92	88.5
300	74.46	88.5
325	77.4075	103.5
350	79.05	103.5
375	80.69	103.5
400	81.86375	105.5
425	83.13	105.5
450	86.684375	114.5
475	88.69	114.5
500	90.54875	124.5
525	91.6275	124.5
550	91.6175	124.5
575	94.4853125	125.015625
600	96.12484375	125.015625
625	97.48234375	125.015625
650	100.0975	137.5
675	101.875	137.5
700	102.72765625	137.5
725	103.05796875	137.5
750	104.641875	143.0
775	105.905078125	143.0
800	108.424765625	143.0
825	110.098671875	143.0
850	112.85015625	143.0
875	113.44265625	143.0
900	115.08515625	143.0
925	117.555	145.5
950	120.84234375	160.5
975	123.94984375	160.5
1000	127.38046875	162.5
1025	128.83921875	162.5
1050	130.55421875	162.5
1075	131.52421875	162.5
1100	132.39421875	162.5
1125	133.01421875	162.5
1150	133.7271875	162.5
1175	135.2696875	162.5
1200	136.475	162.5
1225	136.909375	162.5
1250	138.3653125	162.5
1275	139.129375	162.5
1300	139.80515625	162.5
1325	140.4178125	162.5
1350	141.0565625	162.5
1375	141.4609375	162.5
1400	142.5078125	162.5
1425	143.7690625	167.96875
1450	144.3178125	167.96875
1475	145.1325	167.96875
1500	145.5825	167.96875
1525	145.635	167.96875
1550	145.505625	167.96875
1575	146.93765625	167.96875
1600	147.88265625	167.96875
1625	148.38765625	167.96875
1650	149.75375	185.5
1675	150.3453125	185.5
1700	151.12125	185.5
1725	151.12125	185.5
1750	151.12125	185.5
1775	152.8475	196.5
1800	153.1275	196.5
1825	152.9634375	196.5
1850	153.918125	196.5
1875	153.838125	196.5
1900	154.72234375	196.5
1925	154.73421875	196.5
1950	154.99828125	196.5
1975	155.18828125	196.5
2000	155.86828125	196.5

Run 4
50	17.54	137.5
75	35.49	144.5
100	58.775	144.5
125	77.63	144.5
150	90.81	144.5
175	97.53	144.5
200	101.24	144.5
225	105.44	144.5
250	108.73	144.5
275	111.2775	144.5
300	112.7225	144.5
325	114.705	151.5
350	115.3275	151.5
375	116.1975	151.5
400	116.6275	151.5
425	118.03	151.5
450	118.67	151.5
475	119.55	151.5
500	119.6175	151.5
525	120.1375	151.5
550	120.0275	151.5
575	120.5425	151.5
600	121.3675	151.5
625	121.43	151.5
650	122.01	151.5
675	122.05	151.5
700	122.36	151.5
725	122.375	151.5
750	122.375	151.5
775	122.755	151.5
800	122.885	151.5
825	123.045	151.5
850	123.035	151.5
875	123.5	151.5
900	123.46	151.5
925	123.78625	151.5
950	124.36625	151.5
975	124.23625	151.5
1000	124.25375	151.5
1025	124.14375	151.5
1050	124.33375	151.5
1075	124.33375	151.5
1100	124.64375	151.5
1125	124.82125	151.5
1150	125.0	151.5
1175	124.9575	151.5
1200	125.4575	151.5
1225	125.4575	151.5
1250	125.5775	151.5
1275	125.7775	151.5
1300	126.0475	151.5
1325	126.1075	151.5
1350	126.2125	151.5
1375	126.2175	151.5
1400	126.2375	151.5
1425	126.0775	151.5
1450	125.9575	151.5
1475	126.1625	151.5
1500	126.1625	151.5
1525	125.9125	151.5
1550	126.4925	151.5
1575	126.4525	151.5
1600	126.98	151.5
1625	126.98	151.5
1650	126.28	151.5
1675	126.81	151.5
1700	126.81	151.5
1725	127.12	151.5
1750	127.12	151.5
1775	127.9	151.5
1800	128.585	151.5
1825	128.875	151.5
1850	129.8025	151.5
1875	129.9425	151.5
1900	129.9425	151.5
1925	130.0725	151.5
1950	130.2325	151.5
1975	130.4925	151.5
2000	130.4425	151.5

Run 5
50	8.1	72.5
75	18.01	72.5
100	29.38	72.5
125	40.495	79.5
150	50.22	79.5
175	58.18	96.5
200	65.65	107.5
225	70.08	107.5
250	75.855	107.5
275	79.375	107.5
300	83.4125	133.5
325	85.44	133.5
350	88.33	133.5
375	90.91	133.5
400	96.355	142.5
425	99.66	142.5
450	99.9325	142.5
475	104.4475	142.5
500	107.7975	142.5
525	110.0325	142.5
550	110.9875	142.5
575	112.1625	142.5
600	112.915	142.5
625	114.38	142.5
650	114.97	142.5
675	115.5775	142.5
700	115.6425	142.5
725	116.0725	142.5
750	115.9625	142.5
775	116.58875	142.5
800	116.6	142.5
825	116.8	142.5
850	116.935	142.5
875	117.665	142.5
900	118.095	142.5
925	119.235	142.5
950	119.2625	142.5
975	119.0425	142.5
1000	119.4125	142.5
1025	120.0225	142.5
1050	121.08	142.5
1075	121.58	142.5
1100	122.235	142.5
1125	122.535	142.5
1150	122.995	142.5
1175	123.195	142.5
1200	123.065	142.5
1225	123.56	142.5
1250	124.29	142.5
1275	124.56	142.5
1300	124.66	142.5
1325	124.85	142.5
1350	125.3925	142.5
1375	125.3525	142.5
1400	125.8075	142.5
1425	125.9375	142.5
1450	126.0425	142.5
1475	127.0125	151.5
1500	126.7825	151.5
1525	127.0925	151.5
1550	126.8275	151.5
1575	126.5175	151.5
1600	127.1825	151.5
1625	128.0925	151.5
1650	127.7225	151.5
1675	128.1725	151.5
1700	128.3725	151.5
1725	128.3625	151.5
1750	128.9825	151.5
1775	129.0525	151.5
1800	129.0625	151.5
1825	129.2125	151.5
1850	129.2125	151.5
1875	129.6125	151.5
1900	129.89	151.5
1925	129.89	151.5
1950	130.06	151.5
1975	130.56	151.5
2000	130.39	151.5

Run 6
50	9.18	118.5
75	24.02	118.5
100	41.925	118.5
125	58.505	118.5
150	70.385	121.5
175	79.3975	126.5
200	89.7125	143.5
225	96.98	143.5
250	99.99	143.5
275	102.965	143.5
300	103.985	143.5
325	105.0225	143.5
350	107.2775	143.5
375	108.42	143.5
400	110.925	143.5
425	115.635	155.5
450	117.065	155.5
475	119.52	155.5
500	121.865	155.5
525	125.505	155.5
550	127.5175	172.5
575	127.4225	172.5
600	130.8825	184.5
625	131.9625	184.5
650	133.3525	184.5
675	134.3225	184.5
700	134.6425	184.5
725	134.5925	184.5
750	135.0425	184.5
775	135.9525	184.5
800	135.6525	184.5
825	135.9425	184.5
850	137.0125	184.5
875	138.89125	184.5
900	140.510625	184.5
925	141.8646875	184.5
950	144.39875	184.5
975	146.10875	184.5
1000	147.80875	184.5
1025	149.72375	184.5
1050	151.33375	184.5
1075	151.67375	184.5
1100	153.21375	184.5
1125	154.7609375	184.5
1150	155.5509375	184.5
1175	156.1309375	184.5
1200	157.0159375	184.5
1225	157.9859375	191.5
1250	158.20875	191.5
1275	158.939375	191.5
1300	160.075625	191.5
1325	160.811875	191.5
1350	160.661875	191.5
1375	160.601875	191.5
1400	161.031875	191.5
1425	162.159375	191.5
1450	163.209375	191.5
1475	164.259375	191.5
1500	163.5	191.5
1525	164.23	191.5
1550	164.56	191.5
1575	164.85	191.5
1600	164.85	191.5
1625	164.85	191.5
1650	165.06	191.5
1675	164.52	191.5
1700	165.7	191.5
1725	165.68	191.5
1750	165.68	191.5
1775	165.81	191.5
1800	166.06	191.5
1825	166.06	191.5
1850	166.16	191.5
1875	166.65	191.5
1900	166.405	191.5
1925	165.325	191.5
1950	166.425	191.5
1975	166.685	191.5
2000	166.53	191.5

Run 7
50	8.4	64.5
75	22.1	82.5
100	37.655	100.5
125	54.645	104.5
150	63.175	104.5
175	69.565	134.5
200	73.725	134.5
225	80.285	134.5
250	87.815	134.5
275	92.675	149.5
300	98.295	149.5
325	101.2325	149.5
350	104.9425	149.5
375	107.3425	149.5
400	110.33625	149.5
425	110.93625	149.5
450	112.09625	149.5
475	113.830625	149.5
500	116.3025	150.5
525	116.835	150.5
550	118.4321875	150.5
575	118.9446875	150.5
600	120.3071875	150.5
625	121.7171875	150.5
650	123.733125	157.5
675	124.063125	157.5
700	125.173125	161.5
725	126.493125	161.5
750	126.643125	161.5
775	127.936875	161.5
800	130.129375	161.5
825	130.839375	161.5
850	131.5953125	161.5
875	132.004375	161.5
900	133.1975	161.5
925	133.67046875	161.5
950	134.58078125	161.5
975	134.64078125	161.5
1000	134.45078125	161.5
1025	135.95078125	161.5
1050	136.2028125	161.5
1075	136.8328125	161.5
1100	137.1728125	161.5
1125	137.8928125	161.5
1150	138.3928125	161.5
1175	138.8828125	161.5
1200	138.6778125	161.5
1225	138.9340625	161.5
1250	138.9653125	161.5
1275	138.6453125	161.5
1300	138.9853125	161.5
1325	139.1853125	161.5
1350	140.0584375	161.5
1375	139.8884375	161.5
1400	140.2584375	161.5
1425	140.2984375	161.5
1450	140.4034375	161.5
1475	140.7784375	161.5
1500	140.9884375	161.5
1525	141.1084375	161.5
1550	141.1484375	161.5
1575	141.1734375	161.5
1600	141.8084375	161.5
1625	142.0709375	161.5
1650	141.8109375	161.5
1675	142.4559375	161.5
1700	143.2159375	170.5
1725	144.0859375	170.5
1750	144.6609375	170.5
1775	144.6609375	170.5
1800	144.7759375	170.5
1825	145.6359375	170.5
1850	146.6559375	170.5
1875	147.5559375	170.5
1900	147.9959375	170.5
1925	148.2359375	170.5
1950	148.2459375	170.5
1975	148.2459375	170.5
2000	149.185	170.5

Run 8
50	11.44	100.5
75	23.11	100.5
100	38.96	100.5
125	52.72	101.5
150	61.8875	101.5
175	69.0875	127.5
200	75.635	127.5
225	83.0075	128.5
250	85.85	128.5
275	90.71	128.5
300	93.825	128.5
325	96.175	128.5
350	96.79	128.5
375	98.5975	128.5
400	101.29	128.5
425	103.81	135.5
450	104.64375	135.5
475	106.72875	135.5
500	107.28875	135.5
525	109.15875	135.5
550	111.09875	169.5
575	113.53375	169.5
600	113.67625	169.5
625	113.94625	169.5
650	115.79625	169.5
675	116.71625	169.5
700	118.09125	169.5
725	117.61125	169.5
750	119.39125	169.5
775	120.65625	169.5
800	121.85125	169.5
825	122.33625	169.5
850	123.32375	169.5
875	123.63875	169.5
900	123.86875	169.5
925	124.58375	169.5
950	124.62375	169.5
975	124.28875	169.5
1000	124.60875	169.5
1025	125.17375	169.5
1050	126.57	169.5
1075	127.37	169.5
1100	128.055	169.5
1125	128.81	169.5
1150	128.825	169.5
1175	129.335	169.5
1200	129.335	169.5
1225	129.645	169.5
1250	129.73	169.5
1275	130.05	169.5
1300	130.175	169.5
1325	129.82	169.5
1350	129.89	169.5
1375	130.34	169.5
1400	130.34	169.5
1425	130.34	169.5
1450	130.5	169.5
1475	130.425	169.5
1500	130.995	169.5
1525	131.45	169.5
1550	131.38	169.5
1575	131.47	169.5
1600	131.335	169.5
1625	131.685	169.5
1650	131.545	169.5
1675	131.545	169.5
1700	131.135	169.5
1725	131.825	169.5
1750	132.03	169.5
1775	132.565	169.5
1800	132.9	169.5
1825	133.4075	169.5
1850	133.5675	169.5
1875	133.5675	169.5
1900	133.5675	169.5
1925	133.3675	169.5
1950	133.0725	169.5
1975	133.2125	169.5
2000	133.8775	169.5

Run 9
50	12.76	76.5
75	24.39	132.5
100	40.005	146.5
125	58.17	146.5
150	69.135	146.5
175	81.165	146.5
200	90.7	146.5
225	100.28	146.5
250	106.57	146.5
275	111.175	146.5
300	112.815	146.5
325	115.425	146.5
350	117.525	146.5
375	120.5625	146.5
400	122.66	147.5
425	123.955	147.5
450	125.735	147.5
475	127.6525	147.5
500	128.3625	147.5
525	129.9475	147.5
550	130.12	147.5
575	131.1775	159.5
600	132.1875	159.5
625	132.3275	159.5
650	132.475	159.5
675	132.785	159.5
700	133.24	159.5
725	134.8875	163.0
750	135.4825	163.0
775	135.8	163.0
800	136.91	163.0
825	137.1075	163.0
850	137.9325	163.0
875	139.1225	163.5
900	139.2825	163.5
925	139.4775	163.5
950	139.1275	163.5
975	139.6875	163.5
1000	140.8925	163.5
1025	141.63	164.5
1050	142.26	164.5
1075	142.78	164.5
1100	142.8425	164.5
1125	143.9125	172.5
1150	144.4675	172.5
1175	144.6075	172.5
1200	144.6375	172.5
1225	145.555	172.5
1250	146.2	172.5
1275	145.9	172.5
1300	146.62	172.5
1325	147.05	172.5
1350	147.315	172.5
1375	147.905	172.5
1400	148.275	172.5
1425	148.275	172.5
1450	148.43	172.5
1475	148.605	172.5
1500	149.2425	172.5
1525	149.2425	172.5
1550	149.4025	172.5
1575	149.5825	172.5
1600	150.4725	172.5
1625	150.7125	172.5
1650	150.9475	172.5
1675	151.7875	177.5
1700	151.8825	177.5
1725	152.4875	177.5
1750	152.28125	177.5
1775	152.6325	177.5
1800	152.5675	177.5
1825	152.4475	177.5
1850	152.7775	177.5
1875	152.5575	177.5
1900	153.3275	177.5
1925	153.0875	177.5
1950	152.9175	177.5
1975	153.3875	177.5
2000	153.3175	177.5

Run 10
50	4.86	56.5
75	16.36	86.5
100	34.705	86.5
125	50.62	101.5
150	60.4775	112.5
175	67.3125	112.5
200	74.6925	124.0
225	80.71625	124.0
250	83.89625	124.0
275	87.14	124.0
300	91.006875	124.0
325	94.311875	124.0
350	97.155625	148.5
375	99.220625	148.5
400	101.59	148.5
425	103.605	148.5
450	107.0475	148.5
475	108.6275	148.5
500	109.335	148.5
525	110.58875	148.5
550	113.27375	148.5
575	116.34625	148.5
600	120.24	150.5
625	123.91	150.5
650	124.285	150.5
675	125.5475	150.5
700	127.6725	155.5
725	129.1925	160.5
750	130.955	162.25
775	131.2725	162.25
800	133.2275	162.25
825	134.9475	162.25
850	135.84	162.25
875	137.98375	162.25
900	138.98875	162.25
925	140.96125	162.25
950	142.44625	162.25
975	143.95125	162.25
1000	144.20625	162.25
1025	144.76375	162.25
1050	145.17125	162.25
1075	144.86625	162.25
1100	145.38875	162.25
1125	145.77375	162.25
1150	146.00625	162.25
1175	146.91375	162.25
1200	147.06125	162.25
1225	148.21625	162.25
1250	148.64875	162.25
1275	148.32875	162.25
1300	148.935	162.25
1325	149.955	171.5
1350	149.98875	171.5
1375	150.89375	172.5
1400	151.23375	172.5
1425	151.42875	172.5
1450	152.06125	176.5
1475	152.06125	176.5
1500	151.66125	176.5
1525	152.02375	176.5
1550	152.13375	176.5
1575	152.29375	176.5
1600	152.29375	176.5
1625	152.06625	176.5
1650	152.81375	176.5
1675	153.18375	176.5
1700	154.775	176.5
1725	154.725	176.5
1750	154.5325	176.5
1775	155.2075	176.5
1800	155.475	176.5
1825	155.455	176.5
1850	156.055	176.5
1875	157.0375	176.5
1900	157.41375	176.5
1925	157.68875	176.5
1950	158.46125	176.5
1975	158.41125	176.5
2000	158.55125	176.5

Run 11
50	8.7	66.5
75	21.04	81.5
100	36.495	82.5
125	52.27	98.5
150	62.97	98.5
175	70.105	101.5
200	73.72	101.5
225	76.635	101.5
250	80.28	103.5
275	83.235	118.5
300	85.395	118.5
325	88.62	118.5
350	91.555	118.5
375	94.83	140.5
400	96.875	140.5
425	98.74	140.5
450	101.455	140.5
475	103.4275	140.5
500	105.3775	140.5
525	105.6675	140.5
550	106.2025	140.5
575	108.345	140.5
600	109.57125	140.5
625	110.15125	140.5
650	110.991875	140.5
675	111.661875	140.5
700	111.719375	140.5
725	112.444375	140.5
750	113.225625	140.5
775	115.175625	140.5
800	116.728125	165.5
825	117.955625	165.5
850	118.364375	165.5
875	118.92625	165.5
900	121.22875	165.5
925	122.5475	165.5
950	124.73	165.5
975	125.2	165.5
1000	125.595	165.5
1025	128.73	165.5
1050	129.635	165.5
1075	130.135	165.5
1100	130.5525	165.5
1125	131.285	165.5
1150	131.56	165.5
1175	131.74	165.5
1200	132.0	165.5
1225	132.76	165.5
1250	132.76	165.5
1275	132.67	165.5
1300	133.28	165.5
1325	132.89	165.5
1350	132.905	165.5
1375	133.915	165.5
1400	134.71	166.5
1425	134.95625	166.5
1450	136.10125	166.5
1475	136.36125	166.5
1500	136.97875	166.5
1525	136.21625	166.5
1550	136.1875	166.5
1575	136.5225	166.5
1600	136.6075	166.5
1625	137.0625	166.5
1650	136.8275	166.5
1675	136.9225	166.5
1700	137.2025	166.5
1725	138.3625	166.5
1750	138.2525	166.5
1775	138.5	166.5
1800	138.4275	166.5
1825	139.0975	166.5
1850	139.8	166.5
1875	140.095	166.5
1900	140.025	166.5
1925	140.765	166.5
1950	141.39	166.5
1975	141.8525	166.5
2000	141.7775	166.5

Run 12
50	6.16	65.5
75	17.88	70.5
100	31.73	79.5
125	44.865	102.5
150	55.2775	102.5
175	62.32	102.5
200	69.25	114.5
225	74.6775	114.5
250	79.235	114.5
275	82.185	114.5
300	85.17	114.5
325	88.03	137.5
350	90.42	137.5
375	92.085	137.5
400	93.12	137.5
425	94.79	137.5
450	95.73	137.5
475	96.89	137.5
500	97.19	137.5
525	97.825	137.5
550	99.71	137.5
575	101.365	137.5
600	102.215	137.5
625	103.0175	137.5
650	104.6925	137.5
675	105.1275	137.5
700	105.3375	137.5
725	105.5825	137.5
750	106.3525	137.5
775	107.0775	137.5
800	107.5675	137.5
825	107.9775	137.5
850	108.6725	137.5
875	108.9425	137.5
900	110.1825	141.5
925	110.5675	141.5
950	111.29	141.5
975	111.395	141.5
1000	111.7	141.5
1025	112.45	141.5
1050	112.905	141.5
1075	114.045	141.5
1100	114.28	141.5
1125	115.07	141.5
1150	115.7225	141.5
1175	115.8575	141.5
1200	115.9775	141.5
1225	117.11	141.5
1250	116.8175	141.5
1275	116.8175	141.5
1300	116.9125	141.5
1325	117.5125	141.5
1350	117.5925	141.5
1375	117.6425	141.5
1400	117.8925	141.5
1425	117.9325	141.5
1450	118.1625	141.5
1475	118.94	142.5
1500	119.345	142.5
1525	119.345	142.5
1550	119.615	142.5
1575	119.715	142.5
1600	119.685	142.5
1625	119.805	142.5
1650	120.245	142.5
1675	120.6725	142.5
1700	120.9175	142.5
1725	120.9175	142.5
1750	121.0025	142.5
1775	120.8425	142.5
1800	121.0425	142.5
1825	121.0525	142.5
1850	121.5725	142.5
1875	121.3725	142.5
1900	121.5725	142.5
1925	122.0825	142.5
1950	122.3525	142.5
1975	122.3525	142.5
2000	122.2275	142.5

Run 13
50	1.22	28.5
75	8.99	47.0
100	19.435	62.5
125	29.1425	86.5
150	39.745	86.5
175	46.255	86.5
200	56.6325	98.5
225	65.1125	98.5
250	70.3725	98.5
275	76.745	108.5
300	80.58	108.5
325	83.41	108.5
350	86.375	108.5
375	87.165	108.5
400	88.56	108.5
425	90.15	108.5
450	92.005	108.5
475	93.0575	108.5
500	96.48	126.5
525	99.0025	126.5
550	100.795	132.625
575	103.76625	132.625
600	104.80875	132.625
625	108.984375	147.5
650	110.071875	147.5
675	111.3475	147.5
700	113.34875	147.5
725	115.178125	147.5
750	116.17125	147.5
775	116.42125	147.5
800	117.111875	147.5
825	118.1821875	147.5
850	119.8759375	147.5
875	122.2290625	155.5
900	122.720625	155.5
925	124.425625	155.5
950	126.0428125	155.5
975	128.1778125	155.5
1000	130.2065625	155.5
1025	132.028125	169.5
1050	132.528125	169.5
1075	134.0725	169.5
1100	135.5225	169.5
1125	136.77125	169.5
1150	139.70375	173.5
1175	140.46375	173.5
1200	140.98375	173.5
1225	141.62375	173.5
1250	143.29375	173.5
1275	143.93875	173.5
1300	143.97875	173.5
1325	144.36875	173.5
1350	144.36875	173.5
1375	144.45375	173.5
1400	144.58375	173.5
1425	144.44875	173.5
1450	144.31875	173.5
1475	144.15875	173.5
1500	144.62875	173.5
1525	144.88625	173.5
1550	144.605	173.5
1575	144.265	173.5
1600	144.245	173.5
1625	144.61	173.5
1650	145.015	173.5
1675	145.89	173.5
1700	146.29	173.5
1725	145.98	173.5
1750	145.9	173.5
1775	146.03	173.5
1800	147.025	173.5
1825	147.075	173.5
1850	147.075	173.5
1875	146.425	173.5
1900	146.935	173.5
1925	147.21	173.5
1950	147.435	173.5
1975	147.58	173.5
2000	147.58	173.5

Run 14
50	9.14	75.5
75	24.3	76.5
100	35.3	120.5
125	49.105	120.5
150	61.475	120.5
175	69.955	120.5
200	80.6225	126.5
225	86.5425	126.5
250	91.87	126.5
275	93.79	126.5
300	97.96	131.5
325	100.305	131.5
350	100.655	131.5
375	104.225	131.5
400	105.385	131.5
425	107.025	131.5
450	107.94	131.5
475	109.2	131.5
500	111.44	132.5
525	113.12	132.5
550	114.485	135.0
575	114.575	135.0
600	115.135	135.0
625	116.365	145.5
650	116.7	145.5
675	118.41	145.5
700	118.285	145.5
725	118.615	145.5
750	119.945	145.5
775	120.78	145.5
800	122.0	147.5
825	122.705	147.5
850	123.655	147.5
875	125.435	155.5
900	126.135	155.5
925	127.3	155.5
950	127.495	155.5
975	127.895	155.5
1000	128.31	155.5
1025	129.62	155.5
1050	130.645	155.5
1075	130.715	155.5
1100	130.8	155.5
1125	130.74	155.5
1150	130.8	155.5
1175	130.7775	155.5
1200	130.48	155.5
1225	130.41	155.5
1250	130.885	155.5
1275	131.405	155.5
1300	131.44	155.5
1325	131.9	155.5
1350	132.12	155.5
1375	132.385	155.5
1400	133.455	155.5
1425	134.015	155.5
1450	135.265	160.5
1475	135.72	160.5
1500	135.99	160.5
1525	136.39	160.5
1550	136.79	160.5
1575	137.095	160.5
1600	137.985	160.5
1625	137.765	160.5
1650	138.415	160.5
1675	139.14	160.5
1700	139.56	160.5
1725	139.7	160.5
1750	140.0	160.5
1775	139.935	160.5
1800	140.275	160.5
1825	140.105	160.5
1850	140.29	160.5
1875	140.29	160.5
1900	140.065	160.5
1925	140.47	160.5
1950	140.5	160.5
1975	140.5	160.5
2000	141.055	160.5

Run 15
50	4.7	45.5
75	15.86	75.5
100	29.81	76.5
125	38.49	80.5
150	44.8225	94.5
175	52.5325	94.5
200	58.44625	94.5
225	62.8825	94.5
250	66.005	94.5
275	70.93	106.0
300	77.1975	146.5
325	83.4275	146.5
350	87.2425	146.5
375	93.335	150.5
400	97.3725	150.5
425	101.7675	150.5
450	107.45	160.5
475	112.0625	160.5
500	114.3225	160.5
525	117.3225	160.5
550	118.7525	160.5
575	120.3725	160.5
600	121.0125	160.5
625	122.4025	160.5
650	123.2675	160.5
675	123.7625	160.5
700	124.4875	160.5
725	124.7775	160.5
750	126.0875	160.5
775	127.225	160.5
800	127.755	160.5
825	129.4075	160.5
850	129.5375	160.5
875	130.1375	160.5
900	130.2275	160.5
925	130.8875	160.5
950	131.7275	160.5
975	131.6575	160.5
1000	131.8925	160.5
1025	131.9425	160.5
1050	132.935	160.5
1075	133.855	160.5
1100	134.085	160.5
1125	134.735	160.5
1150	134.685	160.5
1175	134.9275	160.5
1200	135.8325	160.5
1225	136.1075	160.5
1250	136.59	160.5
1275	136.395	160.5
1300	136.785	160.5
1325	138.265	160.5
1350	138.335	160.5
1375	138.725	160.5
1400	139.125	160.5
1425	140.105	160.5
1450	140.105	160.5
1475	140.8825	160.5
1500	141.5125	160.5
1525	141.7725	160.5
1550	142.4325	160.5
1575	142.42	160.5
1600	143.1625	160.5
1625	143.5275	160.5
1650	144.17	160.5
1675	144.04	160.5
1700	144.13	160.5
1725	144.35	160.5
1750	145.53	160.5
1775	145.995	160.5
1800	146.54	162.0
1825	147.665	162.0
1850	148.915	162.0
1875	149.62	163.5
1900	149.705	163.5
1925	150.0475	163.5
1950	150.5575	163.5
1975	150.565	163.5
2000	150.055	163.5

Run 16
50	14.18	66.5
75	24.14	66.5
100	36.57	66.5
125	48.415	99.5
150	57.76	132.5
175	68.89	132.5
200	77.915	132.5
225	86.765	132.5
250	92.33375	132.5
275	101.581875	142.5
300	105.434375	142.5
325	110.4015625	181.5
350	112.775	181.5
375	115.45375	181.5
400	116.53125	181.5
425	119.47625	181.5
450	122.3275	181.5
475	123.819375	181.5
500	124.4875	181.5
525	124.9875	181.5
550	127.10625	181.5
575	128.44625	181.5
600	128.94125	181.5
625	130.02125	181.5
650	130.868125	181.5
675	133.093125	181.5
700	133.995625	181.5
725	134.710625	181.5
750	135.588125	181.5
775	137.204375	181.5
800	138.01625	181.5
825	138.88125	181.5
850	139.97375	181.5
875	141.88375	181.5
900	142.355	181.5
925	142.74	181.5
950	143.4025	181.5
975	143.7425	181.5
1000	144.84625	181.5
1025	145.23625	181.5
1050	145.62625	181.5
1075	145.76125	181.5
1100	145.56125	181.5
1125	145.70125	181.5
1150	146.02125	181.5
1175	145.88125	181.5
1200	146.33875	181.5
1225	147.24875	181.5
1250	147.75875	181.5
1275	147.84875	181.5
1300	148.26875	181.5
1325	148.35375	181.5
1350	148.28375	181.5
1375	148.28375	181.5
1400	148.12375	181.5
1425	148.34375	181.5
1450	148.845	181.5
1475	149.1175	181.5
1500	149.375	181.5
1525	149.25	181.5
1550	149.865	181.5
1575	150.165	181.5
1600	150.525	181.5
1625	150.475	181.5
1650	150.435	181.5
1675	150.61	181.5
1700	150.79	181.5
1725	150.66	181.5
1750	151.54375	181.5
1775	151.78375	181.5
1800	152.27875	181.5
1825	152.26375	181.5
1850	152.65875	181.5
1875	152.765	181.5
1900	152.8	181.5
1925	152.47125	181.5
1950	152.995	181.5
1975	153.235	181.5
2000	153.235	181.5

Run 17
50	12.88	122.5
75	25.25	122.5
100	39.27	122.5
125	51.895	122.5
150	63.22	122.5
175	69.485	122.5
200	74.67	135.5
225	81.305	149.5
250	90.975	149.5
275	93.62	149.5
300	95.355	149.5
325	96.61	149.5
350	97.945	149.5
375	98.6825	149.5
400	100.0	149.5
425	105.505	149.5
450	107.905	149.5
475	113.335	156.5
500	116.53	166.5
525	118.125	166.5
550	118.63	166.5
575	120.3475	166.5
600	121.8275	166.5
625	122.6025	166.5
650	122.7425	166.5
675	124.2475	166.5
700	125.04	166.5
725	125.33	166.5
750	125.48	166.5
775	127.695	166.5
800	129.8775	166.5
825	130.69	166.5
850	130.815	166.5
875	130.955	166.5
900	131.5	166.5
925	132.12	166.5
950	132.315	166.5
975	132.3625	166.5
1000	132.8125	166.5
1025	133.6825	166.5
1050	133.5025	166.5
1075	133.50875	166.5
1100	133.795	166.5
1125	133.635	166.5
1150	134.315	166.5
1175	134.7775	166.5
1200	134.7675	166.5
1225	135.51875	166.5
1250	135.52875	166.5
1275	136.36875	166.5
1300	136.64125	166.5
1325	137.42875	166.5
1350	138.41875	166.5
1375	137.7775	166.5
1400	139.02125	166.5
1425	139.39625	166.5
1450	139.01125	166.5
1475	138.43125	166.5
1500	140.345	166.5
1525	140.40375	166.5
1550	140.11375	166.5
1575	139.92	166.5
1600	140.47375	166.5
1625	140.12875	166.5
1650	140.34875	166.5
1675	140.66875	166.5
1700	140.64	166.5
1725	140.665	166.5
1750	140.665	166.5
1775	140.315	166.5
1800	141.035	166.5
1825	141.015	166.5
1850	141.015	166.5
1875	140.925	166.5
1900	141.045	166.5
1925	140.64	166.5
1950	140.805	166.5
1975	141.58	166.5
2000	141.46	166.5

Run 18
50	12.06	98.5
75	27.98	98.5
100	42.465	98.5
125	49.545	98.5
150	57.065	98.5
175	63.19	98.5
200	68.01	106.5
225	72.54	106.5
250	78.68	154.5
275	84.7775	154.5
300	89.3125	154.5
325	93.68	154.5
350	96.93	154.5
375	98.82	154.5
400	100.78	154.5
425	104.735	154.5
450	107.535	154.5
475	110.35	154.5
500	111.385	154.5
525	112.53	154.5
550	113.21	154.5
575	115.42	158.5
600	116.835	158.5
625	118.9575	158.5
650	120.1075	158.5
675	122.7575	158.5
700	123.5475	158.5
725	124.1775	158.5
750	124.3475	158.5
775	124.5425	158.5
800	125.19	158.5
825	126.465	158.5
850	127.405	158.5
875	127.405	158.5
900	127.455	158.5
925	127.455	158.5
950	127.455	158.5
975	129.1475	158.5
1000	129.1675	158.5
1025	128.9775	158.5
1050	129.0275	158.5
1075	129.2475	158.5
1100	129.9175	158.5
1125	130.9625	158.5
1150	131.6625	158.5
1175	131.6625	158.5
1200	131.6625	158.5
1225	131.4425	158.5
1250	130.9125	158.5
1275	130.9125	158.5
1300	131.4725	158.5
1325	131.4725	158.5
1350	131.4725	158.5
1375	131.5475	158.5
1400	132.6875	158.5
1425	132.6875	158.5
1450	133.6225	158.5
1475	134.1825	158.5
1500	134.5875	158.5
1525	135.2725	158.5
1550	135.92	158.5
1575	135.92	158.5
1600	135.7675	158.5
1625	136.30125	158.5
1650	136.69125	158.5
1675	137.24125	158.5
1700	137.13125	158.5
1725	137.09125	158.5
1750	138.14625	158.5
1775	138.83875	162.5
1800	138.83875	162.5
1825	138.45125	162.5
1850	139.16125	162.5
1875	139.16625	162.5
1900	139.6575	162.5
1925	139.7625	162.5
1950	139.865	162.5
1975	139.865	162.5
2000	140.195	162.5

Run 19
50	8.34	64.5
75	23.99	83.5
100	40.085	93.5
125	54.53	94.5
150	64.825	94.5
175	75.73	103.5
200	82.82	122.5
225	88.5	122.5
250	92.755	139.5
275	96.158125	139.5
300	98.6675	139.5
325	99.4225	139.5
350	100.33875	139.5
375	102.734375	144.0
400	104.4684375	144.0
425	106.2621875	144.0
450	106.9471875	144.0
475	110.0028125	175.5
500	110.5878125	175.5
525	112.1209375	175.5
550	115.2315625	175.5
575	116.8521875	175.5
600	119.1228125	175.5
625	120.911875	175.5
650	122.676875	175.5
675	124.165625	175.5
700	125.4825	175.5
725	126.06	175.5
750	126.3225	175.5
775	127.3475	175.5
800	128.3925	175.5
825	129.1025	175.5
850	129.0775	175.5
875	129.6175	175.5
900	130.6525	175.5
925	131.4175	175.5
950	132.075	175.5
975	132.11	175.5
1000	134.335	175.5
1025	134.955	175.5
1050	135.26	175.5
1075	135.46	175.5
1100	135.56	175.5
1125	136.3325	175.5
1150	136.8925	175.5
1175	138.08	175.5
1200	138.445	175.5
1225	138.725	175.5
1250	139.08	175.5
1275	139.745	175.5
1300	139.925	175.5
1325	139.895	175.5
1350	140.1	175.5
1375	139.975	175.5
1400	140.14	175.5
1425	140.14	175.5
1450	140.08	175.5
1475	139.47	175.5
1500	139.87	175.5
1525	140.555	175.5
1550	140.5	175.5
1575	139.8675	175.5
1600	140.41	175.5
1625	141.34	175.5
1650	141.48	175.5
1675	141.65	175.5
1700	141.13	175.5
1725	141.565	175.5
1750	141.825	175.5
1775	142.545	175.5
1800	142.485	175.5
1825	142.81	175.5
1850	143.11	175.5
1875	143.225	175.5
1900	143.4525	175.5
1925	143.0675	175.5
1950	144.1275	175.5
1975	144.4925	175.5
2000	144.4825	175.5

Run 20
50	8.82	113.5
75	29.0	113.5
100	49.175	140.5
125	61.14	140.5
150	73.6525	140.5
175	82.8525	155.5
200	88.685	155.5
225	92.17	155.5
250	98.24	155.5
275	101.855	155.5
300	106.7125	155.5
325	109.7325	155.5
350	110.7225	155.5
375	112.4575	155.5
400	114.52	155.5
425	116.275	155.5
450	118.21	155.5
475	119.21	155.5
500	120.645	155.5
525	122.4225	155.5
550	123.2225	155.5
575	124.3375	155.5
600	125.1325	155.5
625	125.3025	155.5
650	127.0675	155.5
675	127.7275	155.5
700	128.1525	155.5
725	129.6625	155.5
750	130.785	155.5
775	131.03	155.5
800	131.265	155.5
825	131.505	155.5
850	132.4475	155.5
875	132.6025	155.5
900	132.9425	155.5
925	133.1625	155.5
950	133.8825	155.5
975	133.9725	155.5
1000	134.4825	155.5
1025	135.5275	173.5
1050	135.6575	173.5
1075	135.9675	173.5
1100	135.35	173.5
1125	135.9775	173.5
1150	136.9775	173.5
1175	136.6575	173.5
1200	136.945	173.5
1225	137.885	173.5
1250	138.635	173.5
1275	139.895	173.5
1300	140.435	173.5
1325	141.195	173.5
1350	142.0575	173.5
1375	141.7275	173.5
1400	143.0575	173.5
1425	143.4925	173.5
1450	143.8325	173.5
1475	144.2325	173.5
1500	144.305	173.5
1525	145.195	173.5
1550	145.195	173.5
1575	145.235	173.5
1600	144.97	173.5
1625	145.345	173.5
1650	145.345	173.5
1675	144.66	173.5
1700	145.095	173.5
1725	144.65	173.5
1750	145.36	173.5
1775	145.69	173.5
1800	145.69	173.5
1825	145.69	173.5
1850	144.48	173.5
1875	144.6	173.5
1900	145.18	173.5
1925	145.28	173.5
1950	146.52	176.5
1975	146.24	176.5
2000	146.48	176.5

Run 21
50	13.12	120.5
75	28.33	120.5
100	46.64	120.5
125	56.235	120.5
150	65.695	120.5
175	74.545	120.5
200	83.25	149.5
225	88.43	149.5
250	90.92	149.5
275	97.13	149.5
300	101.775	149.5
325	105.21	154.0
350	107.14	154.0
375	109.685	154.0
400	114.495	154.0
425	117.755	154.0
450	118.7025	154.0
475	120.1675	154.0
500	121.34	154.0
525	123.655	156.5
550	125.1875	156.5
575	126.4425	156.5
600	129.0775	173.5
625	131.45	173.5
650	132.7425	173.5
675	133.4725	173.5
700	135.7775	173.5
725	137.1175	173.5
750	137.1175	173.5
775	137.9225	173.5
800	139.265	173.5
825	140.17	173.5
850	143.03	173.5
875	144.74	173.5
900	147.405	173.5
925	147.97	173.5
950	148.11	173.5
975	148.0325	173.5
1000	148.6225	173.5
1025	148.84	173.5
1050	148.81	173.5
1075	149.1	173.5
1100	149.66	173.5
1125	150.1475	173.5
1150	150.4825	173.5
1175	150.8125	173.5
1200	150.7325	173.5
1225	150.9275	173.5
1250	150.9025	173.5
1275	150.95	173.5
1300	150.625	173.5
1325	150.7175	173.5
1350	151.0375	173.5
1375	152.1	173.5
1400	152.74	173.5
1425	153.13	173.5
1450	153.28	173.5
1475	153.7875	173.5
1500	154.295	173.5
1525	154.495	173.5
1550	155.4	173.5
1575	155.4	173.5
1600	155.6225	173.5
1625	155.485	173.5
1650	155.775	173.5
1675	156.285	173.5
1700	156.63	173.5
1725	156.7425	173.5
1750	157.0625	173.5
1775	157.0625	173.5
1800	157.0325	173.5
1825	157.2	173.5
1850	157.355	173.5
1875	157.40625	173.5
1900	157.24875	173.5
1925	156.96625	173.5
1950	156.85375	173.5
1975	156.96875	173.5
2000	157.83875	173.5

Run 22
50	8.12	99.5
75	22.84	102.5
100	40.19	102.5
125	51.1625	102.5
150	59.2025	102.5
175	64.92625	102.5
200	71.5825	108.5
225	77.48375	108.5
250	80.95875	108.5
275	85.971875	111.9375
300	88.706875	116.0
325	90.971875	116.0
350	96.881875	144.5
375	101.589375	144.5
400	103.86375	144.5
425	107.003125	149.5
450	110.131875	149.5
475	113.761875	149.5
500	115.848125	149.5
525	117.76875	149.5
550	118.6715625	149.5
575	119.2665625	149.5
600	120.3790625	149.5
625	121.2090625	149.5
650	123.10828125	149.5
675	124.46015625	149.5
700	125.07015625	149.5
725	125.54265625	149.5
750	125.80765625	149.5
775	126.21765625	149.5
800	126.80765625	149.5
825	126.80890625	149.5
850	128.03703125	149.5
875	128.03703125	149.5
900	128.84703125	149.5
925	129.46703125	149.5
950	129.56703125	149.5
975	129.57453125	149.5
1000	129.88203125	149.5
1025	129.88203125	149.5
1050	130.73203125	149.5
1075	130.73203125	149.5
1100	131.19703125	149.5
1125	131.34203125	149.5
1150	131.40703125	149.5
1175	131.03703125	149.5
1200	131.43703125	149.5
1225	131.12203125	149.5
1250	131.52703125	149.5
1275	131.74703125	149.5
1300	131.94984375	149.5
1325	131.79609375	149.5
1350	131.97609375	149.5
1375	131.91859375	149.5
1400	132.31359375	149.5
1425	132.45359375	149.5
1450	133.09859375	149.5
1475	133.40859375	149.5
1500	133.40859375	149.5
1525	133.76859375	149.5
1550	133.93859375	149.5
1575	133.91859375	149.5
1600	134.64359375	149.5
1625	134.64359375	149.5
1650	134.64359375	149.5
1675	135.000390625	149.5
1700	135.000390625	149.5
1725	135.66609375	152.5
1750	135.64109375	152.5
1775	135.22609375	152.5
1800	135.37859375	152.5
1825	135.26859375	152.5
1850	135.64109375	152.5
1875	135.25109375	152.5
1900	135.58109375	152.5
1925	134.80109375	152.5
1950	134.930390625	152.5
1975	135.12609375	152.5
2000	135.27109375	152.5

Run 23
50	11.28	82.5
75	27.32	86.5
100	37.46	86.5
125	46.435	92.5
150	54.08	92.5
175	63.745	99.5
200	70.255	99.5
225	73.3725	99.5
250	78.2975	132.5
275	80.8225	132.5
300	82.5525	132.5
325	84.8775	132.5
350	86.2225	132.5
375	87.4275	132.5
400	90.2075	132.5
425	91.35	132.5
450	94.49	136.5
475	96.415	137.5
500	99.39	137.5
525	102.305	137.5
550	103.62	137.5
575	104.64	137.5
600	105.205	137.5
625	107.38	138.0
650	111.185	146.5
675	112.245	146.5
700	112.61	146.5
725	114.64	146.5
750	115.9	146.5
775	116.385	146.5
800	117.395	146.5
825	118.005	146.5
850	119.28	146.5
875	119.46	146.5
900	121.0675	146.5
925	121.1275	146.5
950	122.3525	156.5
975	122.3525	156.5
1000	122.3725	156.5
1025	122.8825	156.5
1050	122.8025	156.5
1075	122.9925	156.5
1100	123.215	156.5
1125	123.755	156.5
1150	123.755	156.5
1175	124.5825	156.5
1200	124.6825	156.5
1225	126.0025	156.5
1250	126.7825	156.5
1275	127.6775	156.5
1300	127.5875	156.5
1325	129.38875	156.5
1350	129.38875	156.5
1375	129.19375	156.5
1400	129.59375	156.5
1425	129.43875	156.5
1450	129.98375	156.5
1475	129.86375	156.5
1500	130.42375	156.5
1525	131.18375	156.5
1550	131.33625	156.5
1575	131.19375	156.5
1600	131.25375	156.5
1625	130.68375	156.5
1650	130.18375	156.5
1675	129.76875	156.5
1700	131.20375	157.5
1725	131.95375	157.5
1750	132.55375	157.5
1775	132.60375	157.5
1800	132.85375	157.5
1825	133.00375	157.5
1850	132.68375	157.5
1875	133.48375	157.5
1900	133.88375	157.5
1925	133.69375	157.5
1950	133.11875	157.5
1975	133.30375	157.5
2000	133.32375	157.5

Run 24
50	6.42	67.5
75	17.64	76.5
100	29.88	77.5
125	41.015	77.5
150	53.635	84.0
175	61.9075	84.0
200	67.33	87.5
225	71.3475	87.5
250	74.7775	100.25
275	75.7775	100.25
300	76.93625	100.25
325	79.0325	100.25
350	79.674375	100.25
375	81.0865625	100.25
400	82.5490625	100.5
425	82.8428125	100.5
450	82.9253125	100.5
475	83.1984375	100.5
500	83.5284375	100.5
525	83.6046875	100.5
550	84.4315625	105.5
575	84.8115625	105.5
600	84.8671875	105.5
625	85.870625	105.5
650	86.800625	112.5
675	87.360625	112.5
700	89.170625	112.5
725	89.170625	112.5
750	89.665625	112.5
775	89.905625	112.5
800	90.560625	112.5
825	90.9175	112.5
850	91.0125	112.5
875	91.1075	112.5
900	91.57	112.5
925	91.715	112.5
950	91.8975	112.5
975	92.2975	112.5
1000	92.71625	112.5
1025	93.755	129.5
1050	94.0525	129.5
1075	94.235	129.5
1100	94.5575	129.5
1125	95.16875	129.5
1150	96.00375	129.5
1175	96.07875	129.5
1200	96.314375	129.5
1225	96.374375	129.5
1250	96.349375	129.5
1275	97.133125	129.5
1300	97.843125	129.5
1325	97.921875	129.5
1350	98.446875	129.5
1375	98.441875	129.5
1400	98.9625	129.5
1425	98.82375	129.5
1450	99.6125	129.5
1475	100.5925	141.5
1500	100.64	141.5
1525	101.095	141.5
1550	101.5125	141.5
1575	101.4175	141.5
1600	102.0275	141.5
1625	102.0275	141.5
1650	102.58	141.5
1675	102.49	141.5
1700	102.49	141.5
1725	102.655	141.5
1750	103.27	141.5
1775	104.33375	141.5
1800	105.805	141.5
1825	106.295	141.5
1850	106.365	141.5
1875	106.955	141.5
1900	107.5925	141.5
1925	107.65375	141.5
1950	107.35875	141.5
1975	107.46375	141.5
2000	108.27375	141.5

Run 25
50	15.02	97.5
75	30.75	110.5
100	47.005	110.5
125	60.495	110.5
150	70.28	110.5
175	75.68	110.5
200	81.185	114.5
225	83.4275	114.5
250	85.6425	114.5
275	87.4975	114.5
300	88.615	116.875
325	89.7725	116.875
350	90.985	116.875
375	93.00125	116.875
400	94.79625	134.5
425	96.28625	134.5
450	97.90125	134.5
475	98.8075	134.5
500	99.0575	134.5
525	99.79125	134.5
550	100.695	134.5
575	101.33875	134.5
600	102.59875	134.5
625	103.10875	134.5
650	103.895625	134.5
675	104.395625	134.5
700	104.669375	134.5
725	104.459375	134.5
750	106.019375	134.5
775	107.894375	134.5
800	107.685625	134.5
825	108.005625	134.5
850	108.439375	134.5
875	109.174375	134.5
900	109.721875	134.5
925	109.721875	134.5
950	110.354375	134.5
975	112.601875	141.5
1000	114.055625	141.5
1025	115.270625	141.5
1050	115.586875	141.5
1075	115.933125	141.5
1100	115.893125	141.5
1125	116.66625	141.5
1150	116.75625	141.5
1175	117.15625	141.5
1200	117.41125	141.5
1225	117.27125	141.5
1250	117.4775	141.5
1275	117.4775	141.5
1300	118.4525	141.5
1325	118.7725	141.5
1350	119.615	145.375
1375	120.31375	145.375
1400	121.3725	148.4375
1425	121.2025	148.4375
1450	121.2925	148.4375
1475	120.8825	148.4375
1500	120.5275	148.4375
1525	120.8475	148.4375
1550	120.59625	148.4375
1575	121.3475	148.4375
1600	121.7025	148.4375
1625	121.0025	148.4375
1650	120.4125	148.4375
1675	121.296875	148.4375
1700	122.491875	148.4375
1725	122.081875	148.4375
1750	122.551875	148.4375
1775	122.631875	148.4375
1800	122.60125	148.4375
1825	122.161875	148.4375
1850	121.79	148.4375
1875	122.330625	148.4375
1900	122.926875	148.4375
1925	122.35625	148.4375
1950	122.3915625	148.4375
1975	122.0615625	148.4375
2000	122.0565625	148.4375

Run 26
50	9.42	60.5
75	23.0	61.5
100	35.48	90.5
125	47.72	103.5
150	61.24	115.5
175	73.88	121.5
200	82.03	121.5
225	86.3675	121.5
250	89.7675	121.5
275	92.26	121.5
300	96.9125	123.5
325	100.2475	135.5
350	102.0925	135.5
375	105.1625	135.5
400	106.3275	135.5
425	109.145	135.5
450	110.78	135.5
475	111.885	135.5
500	111.975	135.5
525	113.33	135.5
550	114.58	135.5
575	115.805	135.5
600	117.36	135.5
625	118.5225	135.5
650	119.735	141.5
675	120.30625	141.5
700	120.59625	141.5
725	121.34375	141.5
750	121.38375	141.5
775	121.71375	141.5
800	122.73875	141.5
825	122.91625	141.5
850	123.18125	141.5
875	123.1	141.5
900	123.8775	141.5
925	123.8175	141.5
950	124.0525	141.5
975	124.7825	142.5
1000	126.3025	150.5
1025	126.4625	150.5
1050	127.5325	172.0
1075	128.215	172.0
1100	127.9	172.0
1125	128.535	172.0
1150	128.555	172.0
1175	128.555	172.0
1200	129.175	172.0
1225	129.215	172.0
1250	129.73	172.0
1275	129.3475	172.0
1300	129.4025	172.0
1325	129.3275	172.0
1350	129.6175	172.0
1375	130.4425	172.0
1400	130.4425	172.0
1425	130.4425	172.0
1450	130.4225	172.0
1475	130.7125	172.0
1500	130.5475	172.0
1525	130.3625	172.0
1550	131.5775	172.0
1575	131.6475	172.0
1600	131.6475	172.0
1625	131.6275	172.0
1650	131.7675	172.0
1675	131.6175	172.0
1700	132.7175	172.0
1725	132.8125	172.0
1750	133.1425	172.0
1775	133.1425	172.0
1800	133.2225	172.0
1825	133.5375	172.0
1850	133.4175	172.0
1875	133.4575	172.0
1900	134.1375	172.0
1925	133.9775	172.0
1950	135.3725	172.0
1975	135.2925	172.0
2000	136.0475	172.0

Run 27
50	8.2	131.5
75	20.72	131.5
100	35.7	131.5
125	48.67	131.5
150	57.97	131.5
175	66.74	131.5
200	73.445	137.5
225	79.35	137.5
250	81.12	137.5
275	83.36	137.5
300	87.34	137.5
325	91.63	137.5
350	94.85	137.5
375	98.455	137.5
400	100.98	137.5
425	102.825	137.5
450	105.6875	137.5
475	108.3325	146.5
500	109.1975	146.5
525	110.0575	146.5
550	112.6225	146.5
575	112.8125	146.5
600	114.5275	146.5
625	115.7975	146.5
650	116.02875	146.5
675	116.735	146.5
700	117.37875	146.5
725	117.765	146.5
750	117.765	146.5
775	119.25125	152.0
800	120.71625	152.0
825	121.59125	152.0
850	122.19875	152.0
875	123.87125	152.0
900	125.13125	152.0
925	125.80625	152.0
950	126.4225	152.0
975	126.4225	152.0
1000	126.8075	152.0
1025	127.765	152.0
1050	128.77	152.0
1075	129.31	152.0
1100	129.725	152.0
1125	130.4	152.0
1150	130.87	152.0
1175	131.72	152.0
1200	131.9175	152.0
1225	131.9175	152.0
1250	132.0475	152.0
1275	132.8475	159.5
1300	132.8475	159.5
1325	132.9075	159.5
1350	133.3875	159.5
1375	133.3875	159.5
1400	133.7175	159.5
1425	133.88875	159.5
1450	134.77875	159.5
1475	134.9175	159.5
1500	134.56375	159.5
1525	135.71875	159.5
1550	136.40125	159.5
1575	136.60125	159.5
1600	137.26	159.5
1625	137.315	159.5
1650	137.91	159.5
1675	138.29375	159.5
1700	138.66375	159.5
1725	139.3325	159.5
1750	138.9975	159.5
1775	138.47	159.5
1800	138.33625	159.5
1825	138.52	159.5
1850	138.37	159.5
1875	140.1	159.5
1900	141.025	159.5
1925	141.125	159.5
1950	141.215	159.5
1975	141.215	159.5
2000	141.60375	159.5

Run 28
50	7.06	118.5
75	20.19	118.5
100	40.66	118.5
125	56.5925	118.5
150	65.3625	118.5
175	72.085	118.5
200	78.7825	131.5
225	81.5575	131.5
250	88.17	139.5
275	92.12625	139.5
300	95.1675	139.5
325	98.365	139.5
350	100.24	139.5
375	105.22875	155.5
400	106.5375	155.5
425	107.895	155.5
450	111.55625	155.5
475	114.81875	155.5
500	117.90125	155.5
525	118.73125	155.5
550	122.12625	155.5
575	122.79375	155.5
600	123.55375	155.5
625	125.05375	155.5
650	126.12625	155.5
675	127.53125	155.5
700	128.77125	155.5
725	129.37125	155.5
750	129.675	155.5
775	129.77	155.5
800	130.1575	155.5
825	131.4975	155.5
850	131.5975	155.5
875	131.7175	155.5
900	132.2275	155.5
925	132.1225	155.5
950	132.8875	155.5
975	132.8925	155.5
1000	133.2175	155.5
1025	133.2975	155.5
1050	133.47	155.5
1075	133.715	155.5
1100	134.195	155.5
1125	134.405	155.5
1150	134.895	155.5
1175	134.895	155.5
1200	134.585	155.5
1225	135.91	155.5
1250	136.38	155.5
1275	136.46	155.5
1300	136.84	155.5
1325	137.2575	155.5
1350	137.8275	155.5
1375	137.3825	155.5
1400	138.515	155.5
1425	138.345	155.5
1450	138.68375	155.5
1475	138.41625	155.5
1500	138.58375	155.5
1525	138.59625	155.5
1550	139.54125	159.5
1575	139.54125	159.5
1600	139.54125	159.5
1625	139.16125	159.5
1650	139.22125	159.5
1675	139.31625	159.5
1700	140.30875	166.5
1725	140.45875	166.5
1750	140.71375	166.5
1775	140.73375	166.5
1800	140.73375	166.5
1825	140.87625	166.5
1850	141.48375	166.5
1875	140.77375	166.5
1900	141.48375	166.5
1925	141.49375	166.5
1950	141.10375	166.5
1975	141.43625	166.5
2000	141.16	166.5

Run 29
50	9.52	74.5
75	22.05	74.5
100	35.885	77.5
125	50.91	77.5
150	55.9575	77.5
175	61.385	106.5
200	68.105	106.5
225	71.14	106.5
250	74.495	106.5
275	78.5	106.5
300	79.9	106.5
325	81.71	106.5
350	83.635	106.5
375	85.2075	106.5
400	85.9375	106.5
425	86.5425	106.5
450	87.42	106.5
475	88.045	106.5
500	89.005	106.5
525	90.0125	106.5
550	90.7425	106.5
575	91.0375	106.5
600	91.8825	106.5
625	93.51	129.5
650	94.725	129.5
675	95.655	129.5
700	96.725	129.5
725	97.615	129.5
750	99.5375	153.5
775	100.825	153.5
800	101.145	153.5
825	101.6225	153.5
850	102.5675	153.5
875	103.2075	153.5
900	104.11	153.5
925	104.8075	153.5
950	105.0025	153.5
975	105.3575	153.5
1000	106.395	153.5
1025	107.12	153.5
1050	107.495	153.5
1075	107.54	153.5
1100	108.555	153.5
1125	109.435	153.5
1150	110.7975	153.5
1175	112.1825	153.5
1200	114.5975	153.5
1225	115.2	153.5
1250	115.75	153.5
1275	116.35	153.5
1300	117.4925	153.5
1325	118.23	153.5
1350	118.26	153.5
1375	118.36	153.5
1400	118.475	153.5
1425	119.445	153.5
1450	120.435	153.5
1475	120.695	153.5
1500	120.225	153.5
1525	120.765	153.5
1550	120.995	153.5
1575	121.62	153.5
1600	121.84	153.5
1625	122.225	153.5
1650	122.765	153.5
1675	122.325	153.5
1700	122.465	153.5
1725	122.115	153.5
1750	123.765	153.5
1775	123.915	153.5
1800	124.64	153.5
1825	124.65	153.5
1850	124.68	153.5
1875	125.3	153.5
1900	125.665	153.5
1925	125.785	153.5
1950	126.23	153.5
1975	126.62	153.5
2000	126.625	153.5

Run 30
50	14.84	82.5
75	31.65	147.5
100	48.49	147.5
125	63.315	147.5
150	78.1975	147.5
175	90.1675	147.5
200	95.3125	147.5
225	98.3175	147.5
250	102.82	147.5
275	106.52	147.5
300	107.84875	147.5
325	110.96875	147.5
350	113.55375	147.5
375	115.69375	147.5
400	119.38375	147.5
425	120.79375	147.5
450	122.38375	147.5
475	124.49875	147.5
500	125.54875	147.5
525	125.70875	147.5
550	126.01375	147.5
575	127.16375	147.5
600	128.26375	153.5
625	129.136875	153.5
650	132.146875	153.5
675	133.176875	153.5
700	133.176875	153.5
725	134.151875	169.5
750	134.571875	169.5
775	135.07125	169.5
800	135.75125	169.5
825	136.5925	169.5
850	137.0125	169.5
875	137.71	169.5
900	137.945	169.5
925	137.845	169.5
950	138.015	169.5
975	138.36	169.5
1000	138.695	169.5
1025	138.795	169.5
1050	139.3625	169.5
1075	139.8625	169.5
1100	140.7575	169.5
1125	140.3525	169.5
1150	140.8325	169.5
1175	140.5325	169.5
1200	140.33375	169.5
1225	140.9525	169.5
1250	140.9525	169.5
1275	140.9275	169.5
1300	141.3825	169.5
1325	141.6825	169.5
1350	141.8475	169.5
1375	141.9175	169.5
1400	142.23	169.5
1425	142.68	169.5
1450	142.715	169.5
1475	142.855	169.5
1500	143.69	169.5
1525	144.24	169.5
1550	144.555	169.5
1575	144.94	169.5
1600	144.94	169.5
1625	144.94	169.5
1650	144.94	169.5
1675	145.08	169.5
1700	145.365	169.5
1725	145.505	169.5
1750	145.405	169.5
1775	145.41125	169.5
1800	145.815	169.5
1825	146.375	169.5
1850	146.6	169.5
1875	146.64	169.5
1900	146.77	169.5
1925	146.835	169.5
1950	146.935	169.5
1975	147.0825	169.5
2000	147.2875	169.5

