Result Log
=== Config ===
runs per experiment = 30
fitness evals per run = 2000
seed = 661067444
log file = logs/config1.log
solution file = solutions/config1.sol
best world file = solutions/config1.world
number of pac-men = 1
number of ghosts = 3
world width = 10
world height = 15
pill density = 50
wall density = 25
fruit spawning probability = .05
fruit score = 10
time multiplier = 2
pac-man population size = 50
ghost population size = 50
pac-man offspring per generation = 25
ghost offspring per generation = 25
multiple pac-men use one controller = true
multiple ghosts use one controller = true
max depth = 5
mutation chance = .5
pac-man parent selection method = 0
ghost parent selection method = 1
i-value = .2
j-value = .8
pac-man survival selection method = 1
ghost survival selection method = 0
tournament selection size = 15
parsimony penalty coefficient = .1
=== End Config ===
Run 1
50	17.29999999999999	88.9
75	35.298000000000044	88.9
100	55.446000000000055	88.9
125	65.65000000000006	103.8
150	72.67800000000007	103.8
175	77.80500000000006	103.8
200	81.48600000000008	103.8
225	83.61950000000006	108.65
250	87.34300000000005	119.9
275	91.29375000000002	130.9
300	95.49300000000001	130.9
325	99.0045	141.9
350	102.08949999999997	141.9
375	106.86949999999997	143.4
400	111.43899999999996	143.4
425	115.00724999999993	183.9
450	116.97599999999993	183.9
475	122.98174999999992	204.9
500	124.87674999999992	204.9
525	129.6137499999999	204.9
550	132.89874999999986	204.9
575	134.94499999999988	204.9
600	135.92499999999987	204.9
625	138.36999999999986	204.9
650	140.07999999999987	204.9
675	141.65999999999988	204.9
700	142.95999999999987	204.9
725	144.00499999999985	204.9
750	145.36499999999987	204.9
775	145.74999999999986	204.9
800	147.98499999999987	204.9
825	147.98499999999987	204.9
850	149.36499999999987	204.9
875	149.39999999999986	204.9
900	150.16999999999985	204.9
925	150.54999999999984	204.9
950	151.73999999999987	204.9
975	152.03499999999985	204.9
1000	153.20999999999987	204.9
1025	154.53999999999985	204.9
1050	155.63499999999985	204.9
1075	155.83499999999987	204.9
1100	155.96499999999986	204.9
1125	156.43499999999986	204.9
1150	156.33499999999984	204.9
1175	157.59499999999986	204.9
1200	158.61999999999986	204.9
1225	159.55999999999986	204.9
1250	161.31999999999985	204.9
1275	161.88499999999985	204.9
1300	163.69499999999982	204.9
1325	165.21499999999986	204.9
1350	166.99249999999986	204.9
1375	167.31249999999986	204.9
1400	167.30249999999987	204.9
1425	168.16249999999985	204.9
1450	169.35749999999985	204.9
1475	169.77749999999986	204.9
1500	170.41249999999985	204.9
1525	170.65749999999986	204.9
1550	170.23249999999985	204.9
1575	171.24249999999986	204.9
1600	171.76999999999987	204.9
1625	172.74999999999986	204.9
1650	172.67499999999984	204.9
1675	172.76499999999984	204.9
1700	173.25999999999985	204.9
1725	173.57999999999984	204.9
1750	173.38999999999984	204.9
1775	173.38999999999984	204.9
1800	173.67999999999986	204.9
1825	173.02499999999986	204.9
1850	173.31999999999985	204.9
1875	173.77499999999986	204.9
1900	174.47499999999985	204.9
1925	174.47499999999985	204.9
1950	174.47499999999985	204.9
1975	174.70499999999984	204.9
2000	174.87999999999985	204.9

Run 2
50	15.38399999999999	98.9
75	31.628000000000043	98.9
100	48.25300000000003	98.9
125	58.57200000000002	98.9
150	64.09600000000002	98.9
175	70.36525000000002	98.9
200	77.88950000000004	123.9
225	85.21550000000003	164.1
250	89.68599999999996	164.1
275	94.14999999999996	164.1
300	97.92399999999999	164.1
325	99.96799999999999	164.1
350	101.42800000000001	164.1
375	103.77799999999999	164.1
400	106.259	164.1
425	108.82049999999998	164.1
450	110.28250000000001	164.1
475	112.32300000000004	164.1
500	113.705	164.1
525	115.31849999999999	164.1
550	116.1345	164.1
575	117.84450000000001	164.1
600	117.98350000000002	164.1
625	118.10450000000003	164.1
650	118.24450000000004	164.1
675	119.36449999999999	164.1
700	120.27924999999998	164.1
725	121.38974999999999	164.1
750	122.01875000000001	164.1
775	122.19274999999999	164.1
800	122.93275000000001	164.1
825	123.749625	164.1
850	125.18062500000002	164.1
875	126.52062500000004	164.1
900	126.94462500000004	164.1
925	126.97462500000005	164.1
950	128.41456250000005	164.1
975	128.78056250000003	164.1
1000	130.42556250000007	164.1
1025	131.00856250000004	164.1
1050	131.44856250000004	164.1
1075	132.04081250000002	164.1
1100	132.43981250000002	164.1
1125	132.65581250000002	164.1
1150	132.7618125	164.1
1175	133.19978125	164.1
1200	133.29478125000003	164.1
1225	133.06078125	164.1
1250	133.65078125	164.1
1275	134.87675000000002	164.1
1300	134.92675000000003	164.1
1325	137.10575000000006	164.1
1350	137.60975000000005	164.1
1375	139.82975000000005	174.1
1400	140.67075000000006	174.1
1425	140.86175	174.1
1450	141.70375	174.1
1475	141.75275000000002	174.1
1500	141.85525	174.1
1525	141.85525000000004	174.1
1550	142.82875	174.1
1575	142.68375000000003	174.1
1600	143.02875000000003	174.1
1625	143.27574999999996	174.1
1650	143.30174999999997	174.1
1675	143.73978124999994	174.1
1700	144.18878125	174.1
1725	144.02075000000002	174.1
1750	144.06926562499999	174.1
1775	143.92528124999998	174.1
1800	143.92528124999998	174.1
1825	144.53128125	174.1
1850	145.59878125	174.1
1875	146.25603125	174.1
1900	146.71203125	174.1
1925	147.00853125000003	174.1
1950	147.32253125000003	174.1
1975	147.06353125	174.1
2000	147.44853124999997	174.1

Run 3
50	17.671999999999986	90.9
75	33.392000000000046	90.9
100	46.737000000000045	90.9
125	57.61400000000006	90.9
150	67.63500000000006	153.9
175	74.73500000000007	168.9
200	82.05000000000007	168.9
225	86.73500000000004	168.9
250	92.11750000000002	168.9
275	95.63375	168.9
300	99.23374999999999	168.9
325	102.85874999999996	168.9
350	105.91999999999994	168.9
375	109.91499999999995	170.9
400	114.66374999999992	170.9
425	118.59624999999991	171.4
450	123.7562499999999	171.4
475	125.93874999999989	171.4
500	126.8512499999999	171.4
525	129.1162499999999	171.4
550	130.45374999999987	171.4
575	132.99374999999986	171.4
600	134.68374999999986	171.4
625	138.22499999999988	180.9
650	139.16749999999988	180.9
675	139.32437499999986	180.9
700	140.05187499999985	180.9
725	142.13374999999985	180.9
750	142.32374999999985	180.9
775	142.84124999999986	180.9
800	143.69624999999985	180.9
825	145.20124999999985	180.9
850	148.19124999999985	180.9
875	148.85624999999985	180.9
900	149.62624999999986	180.9
925	151.19624999999985	180.9
950	151.24374999999986	180.9
975	151.48874999999987	180.9
1000	152.01874999999984	180.9
1025	151.85874999999984	180.9
1050	152.46124999999986	180.9
1075	154.15249999999986	180.9
1100	154.60249999999985	180.9
1125	154.60249999999985	180.9
1150	154.76249999999985	180.9
1175	154.62249999999986	180.9
1200	154.72249999999985	180.9
1225	154.50249999999986	180.9
1250	154.46249999999986	180.9
1275	155.55749999999986	180.9
1300	156.60999999999984	180.9
1325	156.47499999999985	180.9
1350	157.07499999999985	180.9
1375	157.39499999999987	180.9
1400	158.17249999999984	180.9
1425	158.17249999999984	180.9
1450	158.35124999999985	180.9
1475	158.32624999999985	180.9
1500	158.72374999999982	180.9
1525	159.17624999999984	180.9
1550	158.91499999999985	180.9
1575	159.46624999999983	180.9
1600	159.43624999999986	180.9
1625	159.76624999999984	180.9
1650	159.92624999999987	180.9
1675	159.92624999999987	180.9
1700	159.92624999999984	180.9
1725	159.93124999999986	180.9
1750	159.54124999999985	180.9
1775	159.70624999999984	180.9
1800	160.14624999999984	180.9
1825	161.15874999999983	180.9
1850	160.64874999999986	180.9
1875	160.87874999999985	180.9
1900	160.99374999999986	180.9
1925	161.12999999999985	180.9
1950	161.26124999999985	180.9
1975	161.26124999999985	180.9
2000	161.78374999999986	180.9

Run 4
50	13.67599999999999	81.9
75	29.954000000000043	82.9
100	43.04700000000005	102.9
125	55.50300000000006	106.9
150	63.40700000000006	106.9
175	68.80100000000004	106.9
200	73.01000000000005	106.9
225	76.66650000000006	106.9
250	80.21950000000004	106.9
275	82.26250000000003	106.9
300	84.94850000000005	110.9
325	88.17200000000003	110.9
350	89.22200000000001	110.9
375	90.68325000000003	110.9
400	94.54150000000001	124.9
425	96.84049999999998	124.9
450	98.9605	124.9
475	100.20549999999999	124.9
500	101.58999999999997	124.9
525	103.25099999999995	124.9
550	105.23099999999995	158.9
575	107.51474999999996	158.9
600	109.15099999999995	158.9
625	110.71599999999998	158.9
650	112.32699999999997	158.9
675	112.85199999999999	158.9
700	113.78649999999995	158.9
725	113.98249999999993	158.9
750	114.16249999999992	158.9
775	114.36999999999993	158.9
800	116.72249999999993	161.9
825	118.93874999999993	161.9
850	120.49874999999992	161.9
875	122.22249999999991	161.9
900	124.39749999999991	161.9
925	126.25749999999991	161.9
950	128.37749999999988	161.9
975	130.8274999999999	167.9
1000	131.7374999999999	167.9
1025	133.22749999999988	167.9
1050	133.6099999999999	167.9
1075	134.13374999999988	167.9
1100	134.7906249999999	167.9
1125	135.15062499999988	167.9
1150	135.71562499999987	167.9
1175	137.2656249999999	167.9
1200	137.84249999999986	167.9
1225	138.39749999999987	167.9
1250	139.29999999999987	167.9
1275	140.64999999999986	168.4
1300	141.21999999999989	168.4
1325	141.33749999999986	168.4
1350	141.93437499999987	168.4
1375	142.51437499999986	168.4
1400	142.98937499999988	168.4
1425	144.09249999999986	168.9
1450	144.38749999999987	168.9
1475	144.74562499999988	168.9
1500	145.26312499999986	168.9
1525	145.98812499999985	168.9
1550	145.94624999999985	168.9
1575	146.15874999999986	168.9
1600	146.00874999999985	168.9
1625	147.96124999999986	188.9
1650	148.07624999999985	188.9
1675	148.09624999999986	188.9
1700	149.65124999999986	188.9
1725	149.99874999999986	188.9
1750	149.91874999999985	188.9
1775	150.33249999999987	188.9
1800	150.67999999999986	188.9
1825	151.70999999999987	188.9
1850	153.93249999999986	196.9
1875	154.30374999999987	196.9
1900	154.23374999999984	196.9
1925	154.35874999999984	196.9
1950	154.79999999999984	196.9
1975	154.87999999999985	196.9
2000	155.20999999999987	196.9

Run 5
50	20.13199999999999	100.9
75	39.912000000000056	117.4
100	56.31100000000006	117.4
125	67.34600000000005	124.9
150	84.19900000000003	154.9
175	90.75000000000001	154.9
200	95.865	154.9
225	99.24499999999998	154.9
250	102.85999999999996	154.9
275	104.85499999999996	154.9
300	107.85749999999994	154.9
325	111.75749999999995	156.9
350	114.42249999999993	156.9
375	115.44749999999993	156.9
400	116.52749999999993	156.9
425	118.15999999999993	156.9
450	119.16999999999993	156.9
475	120.5599999999999	156.9
500	120.70999999999991	156.9
525	122.08499999999991	156.9
550	123.53499999999991	156.9
575	125.18999999999991	156.9
600	126.07999999999991	156.9
625	126.09499999999991	156.9
650	127.16999999999989	156.9
675	127.8799999999999	156.9
700	128.4949999999999	156.9
725	128.6699999999999	156.9
750	128.9499999999999	156.9
775	129.4524999999999	156.9
800	129.5299999999999	156.9
825	130.3549999999999	156.9
850	130.7049999999999	156.9
875	131.3599999999999	156.9
900	131.69499999999988	156.9
925	132.1724999999999	156.9
950	132.2024999999999	156.9
975	132.2024999999999	156.9
1000	132.9624999999999	156.9
1025	133.1824999999999	156.9
1050	132.4924999999999	156.9
1075	132.3924999999999	156.9
1100	132.66249999999988	156.9
1125	133.15749999999989	156.9
1150	134.0274999999999	156.9
1175	134.0224999999999	156.9
1200	134.6724999999999	156.9
1225	134.3974999999999	156.9
1250	135.22749999999988	156.9
1275	135.03749999999988	156.9
1300	135.35249999999988	156.9
1325	136.87249999999986	156.9
1350	136.78249999999989	156.9
1375	137.14749999999987	156.9
1400	137.14749999999987	156.9
1425	137.23999999999987	156.9
1450	137.41249999999988	156.9
1475	137.41249999999988	156.9
1500	137.35499999999988	156.9
1525	137.46499999999986	156.9
1550	137.37749999999988	156.9
1575	137.4999999999999	156.9
1600	137.77999999999986	156.9
1625	137.20499999999987	156.9
1650	137.3124999999999	156.9
1675	137.37249999999986	156.9
1700	137.82249999999988	156.9
1725	137.98749999999987	156.9
1750	138.46749999999986	156.9
1775	139.02249999999987	156.9
1800	139.56749999999988	156.9
1825	140.1874999999999	156.9
1850	140.53249999999989	156.9
1875	141.1249999999999	156.9
1900	142.17999999999986	159.9
1925	142.40499999999986	159.9
1950	142.49499999999986	159.9
1975	142.61499999999987	159.9
2000	143.28499999999988	166.9

Run 6
50	13.115999999999993	95.9
75	27.964000000000034	96.9
100	43.18300000000006	96.9
125	52.51750000000005	96.9
150	57.431250000000034	96.9
175	63.31825000000003	104.9
200	67.33125000000004	104.9
225	71.01725000000006	104.9
250	74.20725000000006	104.9
275	78.96250000000006	104.9
300	83.21500000000006	109.9
325	84.46250000000005	109.9
350	88.24750000000002	109.9
375	89.74625000000002	109.9
400	91.02625000000002	134.9
425	93.81	134.9
450	100.01999999999998	139.9
475	104.24124999999997	139.9
500	107.42624999999994	150.9
525	109.33062499999994	150.9
550	111.14312499999994	150.9
575	113.61312499999993	150.9
600	115.66812499999993	154.9
625	118.80374999999991	164.9
650	119.96124999999991	164.9
675	122.0762499999999	164.9
700	122.95249999999992	164.9
725	125.1649999999999	164.9
750	126.28999999999989	164.9
775	126.9449999999999	164.9
800	126.9449999999999	164.9
825	126.85999999999989	164.9
850	128.0849999999999	164.9
875	128.2449999999999	164.9
900	128.4349999999999	164.9
925	129.22499999999988	164.9
950	130.2949999999999	164.9
975	131.8049999999999	164.9
1000	132.91499999999988	164.9
1025	134.6249999999999	164.9
1050	135.3599999999999	164.9
1075	135.9249999999999	164.9
1100	135.9249999999999	164.9
1125	136.92499999999987	164.9
1150	137.35499999999988	164.9
1175	137.19499999999988	164.9
1200	138.43999999999988	164.9
1225	139.28999999999988	164.9
1250	139.72999999999988	164.9
1275	140.15999999999988	164.9
1300	141.38999999999987	164.9
1325	141.39999999999986	164.9
1350	141.16999999999987	164.9
1375	141.7499999999999	164.9
1400	142.75999999999988	174.9
1425	142.9999999999999	174.9
1450	142.9999999999999	174.9
1475	143.38999999999987	174.9
1500	143.63999999999987	174.9
1525	143.75999999999988	174.9
1550	144.87999999999988	184.4
1575	144.82999999999987	184.4
1600	145.27999999999986	184.4
1625	145.27999999999986	184.4
1650	145.41999999999987	184.4
1675	146.06499999999988	184.4
1700	145.88749999999987	184.4
1725	146.1249999999999	184.4
1750	145.71499999999986	184.4
1775	146.29999999999987	184.4
1800	146.29999999999987	184.4
1825	146.54999999999987	184.4
1850	146.68999999999988	184.4
1875	147.06999999999985	184.4
1900	147.04499999999985	184.4
1925	147.52499999999986	184.4
1950	147.44499999999988	184.4
1975	147.54999999999984	184.4
2000	148.60749999999985	184.4

Run 7
50	16.62799999999999	80.9
75	37.914000000000044	88.9
100	52.45000000000004	88.9
125	61.418000000000035	105.9
150	70.38900000000004	105.9
175	78.47250000000004	128.9
200	84.93975000000005	128.9
225	88.87475000000002	128.9
250	92.7225	128.9
275	95.5275	148.9
300	97.76849999999999	148.9
325	100.94849999999998	148.9
350	101.54849999999999	148.9
375	103.58874999999996	148.9
400	104.67374999999997	148.9
425	106.90749999999997	148.9
450	107.78499999999994	148.9
475	108.84249999999994	148.9
500	109.76249999999995	148.9
525	111.52249999999995	148.9
550	112.56249999999994	148.9
575	113.75999999999993	148.9
600	114.48499999999993	148.9
625	115.08749999999992	148.9
650	115.21499999999993	148.9
675	115.85249999999992	148.9
700	117.21499999999993	148.9
725	117.65749999999993	148.9
750	117.96999999999993	148.9
775	118.66999999999993	148.9
800	119.33999999999993	148.9
825	119.40999999999993	148.9
850	119.76499999999993	148.9
875	120.42499999999993	148.9
900	121.3074999999999	148.9
925	122.3387499999999	148.9
950	122.87624999999991	148.9
975	123.92999999999991	148.9
1000	124.30499999999991	148.9
1025	125.08124999999991	148.9
1050	125.45874999999991	148.9
1075	125.47624999999991	148.9
1100	125.50249999999991	148.9
1125	125.7912499999999	148.9
1150	125.85124999999991	148.9
1175	126.00124999999991	148.9
1200	126.4312499999999	148.9
1225	126.41124999999991	148.9
1250	126.56624999999991	148.9
1275	126.56624999999991	148.9
1300	127.09874999999991	148.9
1325	128.78374999999988	169.9
1350	129.1762499999999	169.9
1375	130.1812499999999	169.9
1400	131.1512499999999	169.9
1425	131.94624999999988	169.9
1450	132.7062499999999	169.9
1475	132.78624999999988	169.9
1500	132.5812499999999	169.9
1525	133.0437499999999	169.9
1550	133.41624999999988	169.9
1575	133.50124999999989	169.9
1600	133.60124999999988	169.9
1625	134.12624999999989	169.9
1650	135.79624999999987	169.9
1675	135.76124999999988	169.9
1700	135.95624999999987	169.9
1725	137.18374999999986	169.9
1750	137.55874999999986	169.9
1775	137.66874999999987	169.9
1800	137.73874999999987	169.9
1825	137.88874999999987	169.9
1850	138.55124999999987	169.9
1875	139.04124999999988	169.9
1900	139.08374999999987	169.9
1925	139.63624999999988	169.9
1950	139.9062499999999	169.9
1975	140.08374999999987	169.9
2000	140.28874999999988	169.9

Run 8
50	16.84399999999999	82.9
75	32.01200000000004	96.9
100	46.55100000000004	96.9
125	59.93300000000005	107.9
150	71.43850000000006	117.9
175	83.06750000000005	117.9
200	93.78	142.9
225	97.55499999999998	142.9
250	100.23999999999998	142.9
275	103.02249999999997	142.9
300	104.33749999999996	142.9
325	106.21499999999996	142.9
350	107.15999999999997	142.9
375	109.03999999999995	142.9
400	109.46499999999995	142.9
425	110.88999999999994	142.9
450	111.86999999999995	142.9
475	112.43999999999994	142.9
500	114.06999999999992	143.9
525	115.33499999999992	143.9
550	116.91999999999993	143.9
575	118.25999999999993	143.9
600	118.88499999999993	143.9
625	120.2949999999999	145.9
650	120.92499999999991	145.9
675	122.2149999999999	145.9
700	122.4349999999999	145.9
725	122.33499999999991	145.9
750	123.00499999999991	145.9
775	123.97499999999991	145.9
800	123.49999999999991	145.9
825	123.9499999999999	145.9
850	124.3099999999999	145.9
875	124.0749999999999	145.9
900	125.17499999999991	145.9
925	126.0874999999999	145.9
950	127.12249999999989	145.9
975	128.2674999999999	147.9
1000	128.57249999999988	147.9
1025	128.9324999999999	147.9
1050	129.47749999999988	147.9
1075	130.50999999999988	149.4
1100	130.6749999999999	149.4
1125	131.1424999999999	149.4
1150	132.07249999999988	149.4
1175	133.34749999999988	163.9
1200	133.78999999999988	163.9
1225	134.21999999999989	163.9
1250	135.1474999999999	163.9
1275	134.97749999999988	163.9
1300	135.34749999999988	163.9
1325	135.38249999999988	163.9
1350	135.7424999999999	163.9
1375	136.09499999999989	163.9
1400	136.95499999999987	163.9
1425	137.81999999999988	163.9
1450	138.92999999999986	163.9
1475	138.89749999999987	163.9
1500	138.89749999999987	163.9
1525	138.91499999999988	163.9
1550	139.72249999999988	163.9
1575	140.80499999999986	163.9
1600	140.29499999999987	163.9
1625	140.29499999999987	163.9
1650	140.08499999999987	163.9
1675	140.22999999999988	163.9
1700	140.38999999999987	163.9
1725	140.46749999999986	163.9
1750	140.87749999999988	163.9
1775	140.87749999999988	163.9
1800	142.43249999999986	163.9
1825	142.72499999999988	163.9
1850	143.36999999999986	163.9
1875	145.55999999999986	163.9
1900	146.38499999999988	163.9
1925	146.78749999999988	163.9
1950	147.34749999999985	163.9
1975	147.31749999999985	163.9
2000	146.99749999999986	163.9

Run 9
50	16.48399999999999	104.9
75	34.14800000000005	140.9
100	49.69100000000005	140.9
125	61.37000000000006	144.9
150	72.73250000000006	144.9
175	76.58900000000006	144.9
200	82.45050000000006	144.9
225	89.38800000000003	147.4
250	96.03699999999999	147.4
275	100.21449999999997	147.4
300	106.00199999999994	147.4
325	109.77949999999996	147.4
350	111.84949999999994	147.4
375	115.92349999999992	147.4
400	118.28349999999992	147.4
425	120.43849999999992	147.4
450	123.2809999999999	147.4
475	123.93349999999991	147.4
500	123.93349999999991	147.4
525	124.0309999999999	147.4
550	124.0309999999999	147.4
575	124.20599999999992	147.4
600	124.24999999999991	147.4
625	124.8999999999999	147.4
650	126.65249999999989	147.4
675	128.1174999999999	147.9
700	131.4924999999999	157.9
725	133.0774999999999	157.9
750	133.9024999999999	157.9
775	133.9174999999999	157.9
800	134.3074999999999	157.9
825	135.36499999999987	157.9
850	136.61249999999987	157.9
875	136.62749999999988	157.9
900	136.62749999999988	157.9
925	136.30749999999986	157.9
950	137.86999999999986	158.9
975	138.0624999999999	158.9
1000	138.13749999999987	158.9
1025	139.08499999999987	158.9
1050	139.08499999999987	158.9
1075	140.26499999999987	158.9
1100	140.34499999999989	158.9
1125	140.34499999999989	158.9
1150	141.33999999999986	158.9
1175	141.33999999999986	158.9
1200	142.66624999999988	169.4
1225	142.66624999999988	169.4
1250	142.57374999999988	169.4
1275	142.61374999999987	169.4
1300	143.05874999999986	169.4
1325	143.18374999999986	169.4
1350	143.15874999999988	169.4
1375	143.17874999999987	169.4
1400	143.02124999999987	169.4
1425	143.10624999999987	169.4
1450	143.44124999999988	169.4
1475	143.93124999999986	169.4
1500	143.56124999999986	169.4
1525	143.65124999999986	169.4
1550	144.67624999999987	169.4
1575	144.07124999999988	169.4
1600	144.35124999999988	169.4
1625	144.34874999999988	169.4
1650	144.50124999999989	169.4
1675	144.81124999999986	169.4
1700	144.83124999999987	169.4
1725	145.07874999999987	169.4
1750	144.93874999999989	169.4
1775	144.64874999999986	169.4
1800	144.88874999999987	169.4
1825	144.67874999999987	169.4
1850	144.65999999999988	169.4
1875	146.14874999999986	169.4
1900	146.76624999999984	169.4
1925	146.76624999999984	169.4
1950	146.04499999999985	169.4
1975	147.69499999999985	169.4
2000	147.94499999999985	169.4

Run 10
50	12.247999999999998	81.9
75	27.578000000000046	81.9
100	42.87300000000004	91.9
125	53.675500000000035	91.9
150	57.74000000000004	91.9
175	62.23350000000005	97.65
200	65.96400000000006	97.9
225	70.46000000000005	97.9
250	74.32450000000006	97.9
275	81.66700000000006	133.9
300	84.52900000000007	133.9
325	86.39250000000004	133.9
350	89.20500000000004	149.9
375	93.2925	149.9
400	97.44499999999998	155.4
425	101.84999999999997	155.4
450	105.26999999999997	156.65
475	108.29249999999995	156.65
500	110.67749999999995	156.65
525	112.67249999999993	156.65
550	114.57249999999993	156.65
575	115.52749999999993	156.65
600	117.23249999999993	156.65
625	118.84749999999991	156.65
650	120.1524999999999	156.65
675	120.81999999999991	156.65
700	122.18999999999991	156.65
725	123.7949999999999	181.9
750	125.2474999999999	181.9
775	127.12499999999989	181.9
800	128.9849999999999	181.9
825	131.13124999999988	181.9
850	132.43874999999989	181.9
875	132.59874999999988	181.9
900	133.5599999999999	181.9
925	134.62749999999988	181.9
950	135.04624999999987	181.9
975	137.91249999999988	181.9
1000	139.56749999999988	181.9
1025	141.28249999999989	181.9
1050	142.45249999999987	181.9
1075	143.68812499999984	181.9
1100	143.75062499999984	181.9
1125	145.03312499999984	181.9
1150	146.57562499999986	181.9
1175	147.29562499999986	181.9
1200	148.21937499999984	181.9
1225	148.51624999999984	181.9
1250	148.61624999999987	181.9
1275	149.93749999999986	181.9
1300	150.24624999999986	181.9
1325	150.28249999999986	181.9
1350	150.51749999999984	181.9
1375	150.46999999999986	181.9
1400	151.84749999999985	181.9
1425	152.24062499999985	181.9
1450	152.38812499999986	181.9
1475	152.54812499999986	181.9
1500	152.54812499999986	181.9
1525	151.90812499999984	181.9
1550	152.26499999999984	181.9
1575	152.36999999999986	181.9
1600	152.13499999999985	181.9
1625	152.41749999999985	181.9
1650	152.82874999999984	181.9
1675	153.19874999999985	181.9
1700	152.95218749999987	181.9
1725	153.38124999999985	181.9
1750	153.97374999999985	181.9
1775	153.74874999999986	181.9
1800	154.31374999999986	181.9
1825	154.09374999999986	181.9
1850	155.68374999999986	183.9
1875	155.68374999999986	183.9
1900	155.78749999999985	183.9
1925	155.69093749999985	183.9
1950	155.46843749999985	183.9
1975	154.99843749999985	183.9
2000	155.55249999999987	183.9

Run 11
50	16.235999999999994	74.9
75	31.738000000000042	106.5
100	44.34500000000005	106.5
125	54.358000000000054	106.5
150	62.83700000000005	106.5
175	70.55350000000004	106.5
200	75.81500000000005	106.5
225	79.95550000000004	106.5
250	82.73600000000002	106.5
275	87.704	116.5
300	91.70275	145.5
325	96.693	164.5
350	99.38799999999999	164.5
375	102.63374999999998	164.5
400	105.57074999999998	164.5
425	108.66274999999997	164.5
450	109.87299999999999	164.5
475	111.053	164.5
500	112.305	164.5
525	114.1425	164.5
550	114.5375	164.5
575	116.2175	164.5
600	117.5825	164.5
625	118.5775	164.5
650	118.6775	164.5
675	118.7825	164.5
700	120.1225	164.5
725	121.1275	164.5
750	121.965	164.5
775	123.2875	164.5
800	124.1375	171.0
825	127.6925	177.5
850	128.8225	177.5
875	130.5575	177.5
900	131.8075	177.5
925	133.1025	177.5
950	133.9475	177.5
975	134.6075	177.5
1000	135.4875	177.5
1025	135.575	177.5
1050	136.9425	177.5
1075	138.4275	177.5
1100	138.4875	177.5
1125	138.695	177.5
1150	138.925	177.5
1175	138.825	177.5
1200	140.095	177.5
1225	140.365	177.5
1250	140.565	177.5
1275	140.605	177.5
1300	141.025	177.5
1325	141.805	177.5
1350	142.385	177.5
1375	142.245	177.5
1400	143.535	177.5
1425	144.055	177.5
1450	144.005	177.5
1475	144.745	177.5
1500	145.32	177.5
1525	145.695	177.5
1550	146.065	177.5
1575	146.205	177.5
1600	146.555	177.5
1625	146.755	177.5
1650	146.565	177.5
1675	146.655	177.5
1700	147.07	177.5
1725	147.9325	177.5
1750	147.9325	177.5
1775	147.9825	177.5
1800	147.9825	177.5
1825	147.9825	177.5
1850	149.1525	177.5
1875	151.1775	177.5
1900	151.355	177.5
1925	151.545	177.5
1950	151.305	177.5
1975	151.965	177.5
2000	151.935	177.5

Run 12
50	19.503999999999987	102.9
75	32.07600000000004	107.9
100	50.200000000000045	134.9
125	66.66300000000005	134.9
150	81.27600000000007	134.9
175	90.57600000000001	134.9
200	96.99499999999998	134.9
225	99.83999999999997	134.9
250	103.71499999999996	134.9
275	104.77249999999997	134.9
300	106.15749999999997	134.9
325	107.85749999999994	134.9
350	109.17249999999994	134.9
375	110.31749999999994	134.9
400	111.22499999999995	134.9
425	111.99999999999994	134.9
450	113.19249999999994	134.9
475	113.55749999999993	134.9
500	114.42249999999993	134.9
525	115.62749999999993	134.9
550	117.11499999999992	164.9
575	120.15499999999992	164.9
600	123.27999999999992	164.9
625	124.4474999999999	164.9
650	127.5374999999999	164.9
675	128.6224999999999	164.9
700	130.0574999999999	164.9
725	130.0824999999999	164.9
750	131.28999999999988	164.9
775	132.6199999999999	164.9
800	132.18999999999988	164.9
825	133.34999999999988	164.9
850	134.06499999999988	164.9
875	136.95499999999987	164.9
900	137.75999999999988	164.9
925	140.00499999999988	164.9
950	142.01999999999987	164.9
975	144.03749999999988	164.9
1000	144.87749999999988	164.9
1025	145.92249999999984	164.9
1050	146.86249999999984	164.9
1075	147.44999999999985	164.9
1100	148.99999999999986	164.9
1125	149.24999999999986	164.9
1150	149.43999999999986	164.9
1175	150.55249999999987	164.9
1200	150.61749999999986	164.9
1225	152.21749999999986	170.9
1250	152.47749999999985	170.9
1275	152.86249999999984	170.9
1300	153.13249999999985	170.9
1325	154.24249999999986	173.9
1350	155.17249999999984	173.9
1375	156.22874999999985	173.9
1400	156.96874999999986	173.9
1425	157.37874999999985	173.9
1450	158.51874999999984	204.9
1475	159.07874999999984	204.9
1500	160.24874999999986	204.9
1525	160.53124999999986	204.9
1550	161.32624999999985	204.9
1575	161.68124999999986	204.9
1600	161.87124999999983	204.9
1625	161.79624999999984	204.9
1650	162.18874999999986	204.9
1675	162.46624999999983	204.9
1700	162.51624999999984	204.9
1725	163.18624999999986	204.9
1750	163.18624999999986	204.9
1775	163.34624999999986	204.9
1800	163.34624999999986	204.9
1825	163.96624999999986	204.9
1850	163.80624999999986	204.9
1875	163.80624999999986	204.9
1900	163.85124999999985	204.9
1925	165.12124999999986	204.9
1950	165.38124999999985	204.9
1975	165.33124999999984	204.9
2000	164.91624999999985	204.9

Run 13
50	22.01599999999999	123.9
75	38.37800000000005	123.9
100	55.59400000000006	123.9
125	65.51000000000006	123.9
150	75.33000000000007	123.9
175	81.78500000000007	134.9
200	89.19250000000002	134.9
225	95.2425	134.9
250	99.44249999999998	134.9
275	101.42749999999997	134.9
300	104.83749999999996	134.9
325	106.65249999999996	134.9
350	108.03374999999994	134.9
375	109.37374999999994	134.9
400	109.92374999999994	134.9
425	110.60374999999995	134.9
450	112.23874999999994	134.9
475	113.18624999999994	134.9
500	114.24624999999993	134.9
525	114.43124999999992	134.9
550	115.77562499999993	134.9
575	115.84562499999993	134.9
600	116.81562499999993	134.9
625	116.91562499999992	134.9
650	117.04562499999993	134.9
675	117.89812499999992	134.9
700	118.46312499999993	134.9
725	119.71062499999992	143.9
750	120.6506249999999	143.9
775	121.0256249999999	143.9
800	121.8093749999999	143.9
825	122.5568749999999	145.9
850	122.95687499999991	145.9
875	124.3099999999999	145.9
900	125.44249999999991	145.9
925	125.7274999999999	145.9
950	125.9349999999999	145.9
975	125.98499999999991	145.9
1000	126.07749999999992	145.9
1025	127.18749999999991	145.9
1050	127.56749999999991	145.9
1075	127.70749999999991	145.9
1100	129.0199999999999	153.9
1125	128.9349999999999	153.9
1150	129.0899999999999	153.9
1175	129.21999999999989	153.9
1200	129.21999999999989	153.9
1225	129.78999999999988	153.9
1250	131.1999999999999	153.9
1275	130.50249999999988	153.9
1300	130.43999999999988	153.9
1325	130.8349999999999	153.9
1350	131.8299999999999	153.9
1375	133.2449999999999	153.9
1400	133.2949999999999	153.9
1425	133.28499999999988	153.9
1450	133.28499999999988	153.9
1475	133.5299999999999	153.9
1500	133.8899999999999	153.9
1525	133.8124999999999	153.9
1550	133.9274999999999	153.9
1575	134.8324999999999	153.9
1600	135.28749999999988	153.9
1625	135.9874999999999	153.9
1650	135.9874999999999	153.9
1675	136.17999999999986	153.9
1700	137.27499999999986	153.9
1725	137.14499999999987	153.9
1750	137.30499999999986	153.9
1775	137.93999999999988	153.9
1800	138.35249999999988	153.9
1825	137.82499999999987	153.9
1850	138.50249999999988	153.9
1875	138.82249999999988	153.9
1900	139.47749999999988	153.9
1925	138.18124999999986	153.9
1950	138.28749999999988	153.9
1975	137.78749999999988	153.9
2000	138.22749999999988	153.9

Run 14
50	10.43999999999999	77.9
75	24.49000000000003	89.9
100	39.30200000000005	89.9
125	47.88400000000005	89.9
150	54.28000000000006	89.9
175	58.08100000000006	89.9
200	62.65300000000005	89.9
225	66.66900000000004	94.9
250	68.44100000000003	94.9
275	71.93500000000004	98.9
300	75.91600000000004	139.7
325	81.41650000000003	139.7
350	85.84649999999999	139.7
375	89.26549999999997	139.7
400	91.30749999999996	139.7
425	96.03999999999996	145.9
450	99.54149999999996	159.9
475	103.27624999999995	159.9
500	107.71612499999996	159.9
525	110.09512499999994	159.9
550	112.85312499999995	159.9
575	117.08212499999992	159.9
600	120.31012499999991	159.9
625	122.38712499999991	159.9
650	124.73212499999988	159.9
675	126.76812499999987	159.9
700	128.30312499999988	159.9
725	128.9681249999999	159.9
750	130.11812499999988	159.9
775	130.6081249999999	159.9
800	132.2112499999999	159.9
825	133.8447499999999	159.9
850	134.87274999999988	159.9
875	135.09274999999988	159.9
900	135.64674999999988	159.9
925	136.32174999999987	159.9
950	137.79174999999987	159.9
975	138.5707499999999	159.9
1000	138.86074999999985	159.9
1025	139.61574999999988	159.9
1050	140.1332499999999	159.9
1075	140.30949999999987	159.9
1100	140.64949999999988	159.9
1125	141.0369999999999	159.9
1150	141.29699999999988	159.9
1175	141.2919999999999	159.9
1200	141.46199999999988	159.9
1225	141.6319999999999	159.9
1250	141.72199999999987	159.9
1275	141.8519999999999	159.9
1300	142.0419999999999	159.9
1325	142.23199999999989	159.9
1350	142.31199999999987	159.9
1375	142.3159999999999	159.9
1400	142.70599999999988	159.9
1425	142.70599999999988	159.9
1450	143.11599999999987	159.9
1475	142.92849999999987	159.9
1500	143.48849999999987	159.9
1525	143.49599999999987	159.9
1550	144.18099999999987	159.9
1575	144.40099999999987	159.9
1600	144.32599999999988	159.9
1625	144.73099999999988	159.9
1650	144.96099999999987	159.9
1675	145.25099999999986	159.9
1700	145.36499999999987	159.9
1725	145.6249999999999	159.9
1750	145.63499999999988	159.9
1775	146.37999999999988	159.9
1800	146.40999999999988	159.9
1825	146.40999999999988	159.9
1850	146.63499999999988	159.9
1875	146.72499999999988	159.9
1900	146.68499999999986	159.9
1925	147.14499999999987	159.9
1950	146.28499999999988	159.9
1975	146.89749999999987	159.9
2000	146.87749999999988	159.9

Run 15
50	10.739999999999993	56.9
75	29.218000000000043	117.9
100	47.37200000000005	117.9
125	58.17250000000006	117.9
150	61.88500000000006	117.9
175	63.936250000000065	117.9
200	66.09250000000006	117.9
225	70.18750000000006	118.9
250	74.68000000000006	118.9
275	79.69500000000006	118.9
300	81.54500000000007	118.9
325	85.08000000000006	118.9
350	86.72750000000003	118.9
375	88.42750000000004	118.9
400	91.90500000000002	118.9
425	92.88500000000002	118.9
450	94.7	121.65
475	96.36375	121.65
500	98.07749999999999	124.5875
525	99.20749999999998	124.5875
550	100.40687499999999	124.5875
575	101.30124999999998	124.5875
600	101.94062499999997	124.5875
625	103.23249999999996	124.5875
650	104.33499999999997	124.5875
675	105.71999999999997	124.5875
700	107.31749999999997	124.5875
725	108.11249999999994	124.5875
750	109.61187499999994	124.5875
775	110.76437499999994	124.5875
800	113.24874999999994	138.24375
825	114.44718749999993	138.24375
850	115.04062499999992	138.24375
875	115.04062499999992	138.24375
900	115.61562499999992	138.24375
925	116.62062499999993	138.24375
950	117.54734374999992	147.9
975	118.06046874999993	147.9
1000	119.31296874999992	147.9
1025	120.28796874999993	147.9
1050	121.62140624999991	147.9
1075	121.7339062499999	147.9
1100	123.5821874999999	152.9
1125	124.19968749999991	152.9
1150	124.8471874999999	152.9
1175	125.64812499999991	152.9
1200	126.39812499999991	152.9
1225	127.49937499999992	152.9
1250	127.58437499999991	152.9
1275	130.1476562499999	157.9
1300	130.7201562499999	157.9
1325	131.38265624999988	157.9
1350	132.1726562499999	157.9
1375	133.4676562499999	176.9
1400	133.53765624999988	176.9
1425	134.0876562499999	176.9
1450	135.2839062499999	176.9
1475	136.01390624999988	176.9
1500	137.13140624999988	176.9
1525	137.58640624999987	176.9
1550	138.22640624999988	176.9
1575	138.32140624999988	176.9
1600	138.28140624999986	176.9
1625	138.01140624999988	176.9
1650	138.31140624999986	176.9
1675	138.31140624999986	176.9
1700	138.55140624999987	176.9
1725	138.9531249999999	176.9
1750	139.01140624999988	176.9
1775	138.59140624999986	176.9
1800	139.77140624999987	176.9
1825	139.77140624999987	176.9
1850	139.91515624999988	176.9
1875	140.02515624999987	176.9
1900	139.62515624999986	176.9
1925	139.70515624999987	176.9
1950	139.20015624999988	176.9
1975	140.35515624999988	176.9
2000	140.13515624999988	176.9

Run 16
50	16.55199999999999	95.9
75	31.15200000000004	95.9
100	47.720000000000056	146.9
125	64.48050000000005	146.9
150	76.59200000000006	146.9
175	88.07250000000003	150.9
200	93.26	150.9
225	98.06499999999998	150.9
250	102.22749999999996	150.9
275	104.64249999999997	159.9
300	107.57249999999995	159.9
325	112.74249999999992	179.9
350	115.65499999999993	179.9
375	118.39499999999991	179.9
400	121.6199999999999	179.9
425	124.88499999999989	179.9
450	128.46999999999989	179.9
475	133.12249999999986	179.9
500	134.81999999999988	179.9
525	136.99749999999986	179.9
550	137.91749999999988	179.9
575	139.47749999999988	179.9
600	140.07999999999987	179.9
625	140.91999999999987	179.9
650	141.80249999999987	179.9
675	142.1249999999999	179.9
700	142.89999999999986	179.9
725	144.09999999999985	179.9
750	144.65749999999986	179.9
775	146.29749999999984	179.9
800	147.27499999999986	179.9
825	147.83749999999986	179.9
850	149.11249999999984	179.9
875	149.91749999999985	179.9
900	150.30874999999986	179.9
925	150.30874999999986	179.9
950	150.17499999999984	179.9
975	150.17499999999984	179.9
1000	149.80124999999987	179.9
1025	150.02874999999986	179.9
1050	150.55874999999986	179.9
1075	150.85874999999984	179.9
1100	151.06124999999986	179.9
1125	151.00624999999985	179.9
1150	150.65124999999986	179.9
1175	150.98874999999987	179.9
1200	150.98874999999987	179.9
1225	150.98874999999987	179.9
1250	150.99124999999987	179.9
1275	152.00124999999986	179.9
1300	152.19874999999985	179.9
1325	151.73374999999984	179.9
1350	151.73374999999984	179.9
1375	151.74374999999986	179.9
1400	152.31874999999985	179.9
1425	152.92999999999986	179.9
1450	152.49999999999986	179.9
1475	153.59624999999986	179.9
1500	153.23124999999985	179.9
1525	153.77124999999987	179.9
1550	153.92249999999984	179.9
1575	154.35499999999985	179.9
1600	154.35499999999985	179.9
1625	154.16499999999985	179.9
1650	154.05499999999986	179.9
1675	154.53249999999986	179.9
1700	155.32249999999985	179.9
1725	155.32249999999985	179.9
1750	155.32249999999985	179.9
1775	155.40749999999986	179.9
1800	155.65749999999986	179.9
1825	155.43249999999986	179.9
1850	155.80249999999987	179.9
1875	155.80249999999987	179.9
1900	156.30249999999987	179.9
1925	156.30249999999987	179.9
1950	156.32249999999985	179.9
1975	156.89749999999987	179.9
2000	157.69499999999985	179.9

Run 17
50	13.943999999999987	72.9
75	31.518000000000047	78.9
100	50.35800000000005	95.9
125	61.357500000000066	104.9
150	66.21250000000006	104.9
175	73.50500000000007	119.9
200	78.45750000000007	119.9
225	84.94250000000004	119.9
250	89.70750000000002	119.9
275	92.91250000000002	119.9
300	96.8075	141.9
325	99.95499999999998	141.9
350	102.98499999999996	141.9
375	104.64749999999997	141.9
400	106.33749999999996	141.9
425	107.12999999999994	141.9
450	108.11999999999995	141.9
475	109.59499999999994	141.9
500	110.58499999999995	141.9
525	111.62999999999994	141.9
550	112.07499999999995	141.9
575	112.48999999999995	141.9
600	112.89499999999994	141.9
625	115.00249999999993	141.9
650	116.84749999999993	141.9
675	118.33999999999993	141.9
700	119.30249999999992	141.9
725	119.98874999999992	141.9
750	121.35124999999991	141.9
775	122.02124999999991	141.9
800	122.49124999999991	141.9
825	123.5087499999999	141.9
850	124.0293749999999	141.9
875	124.0893749999999	141.9
900	124.4968749999999	141.9
925	125.60187499999991	144.4
950	126.41437499999991	144.4
975	127.26687499999991	148.65
1000	128.2762499999999	148.65
1025	129.5162499999999	148.65
1050	129.75624999999988	148.65
1075	130.2324999999999	148.65
1100	130.0487499999999	148.65
1125	130.34624999999988	148.65
1150	130.3112499999999	148.65
1175	131.40999999999988	148.65
1200	131.7949999999999	148.65
1225	131.8237499999999	148.65
1250	131.84874999999988	148.65
1275	132.7012499999999	148.65
1300	133.53874999999988	148.65
1325	134.3387499999999	155.9
1350	134.7074999999999	155.9
1375	135.3506249999999	155.9
1400	136.1018749999999	155.9
1425	137.0156249999999	155.9
1450	137.35124999999988	155.9
1475	137.4687499999999	155.9
1500	138.23874999999987	155.9
1525	138.48124999999987	155.9
1550	139.01124999999988	155.9
1575	139.30124999999987	155.9
1600	139.10624999999987	155.9
1625	139.40124999999986	155.9
1650	140.91499999999988	155.9
1675	140.91499999999988	155.9
1700	141.22499999999988	155.9
1725	141.37249999999986	155.9
1750	141.37249999999986	155.9
1775	141.37249999999986	155.9
1800	141.30249999999987	155.9
1825	141.57124999999988	155.9
1850	141.70124999999987	155.9
1875	141.71124999999986	155.9
1900	141.49624999999986	155.9
1925	142.02124999999987	155.9
1950	142.02124999999987	155.9
1975	141.5312499999999	155.9
2000	141.51624999999987	155.9

Run 18
50	12.039999999999988	72.9
75	28.884000000000036	104.9
100	42.79200000000005	104.9
125	53.38800000000006	104.9
150	64.35000000000007	109.9
175	77.18250000000006	130.9
200	87.12000000000003	130.9
225	91.91750000000002	130.9
250	96.98999999999998	138.9
275	102.64499999999997	174.9
300	103.75999999999996	174.9
325	107.20999999999995	174.9
350	111.54249999999995	174.9
375	113.54249999999993	174.9
400	119.5599999999999	174.9
425	123.06499999999991	174.9
450	125.6799999999999	174.9
475	128.2049999999999	174.9
500	129.3624999999999	174.9
525	133.46499999999986	174.9
550	133.76999999999987	174.9
575	136.42499999999987	174.9
600	137.96249999999986	174.9
625	140.54249999999988	174.9
650	140.86249999999987	174.9
675	144.61749999999986	174.9
700	144.62249999999986	174.9
725	145.99249999999986	174.9
750	146.86499999999987	174.9
775	148.94499999999985	174.9
800	151.12499999999986	187.9
825	153.27499999999986	187.9
850	154.36999999999986	187.9
875	155.85249999999985	187.9
900	154.51749999999984	187.9
925	156.11624999999987	187.9
950	156.41624999999985	187.9
975	157.05874999999986	187.9
1000	157.35874999999984	187.9
1025	157.43874999999986	187.9
1050	157.55874999999986	187.9
1075	158.02874999999986	187.9
1100	158.37374999999986	187.9
1125	158.37374999999986	187.9
1150	159.33749999999986	187.9
1175	159.52749999999986	187.9
1200	159.78749999999985	187.9
1225	160.63749999999985	187.9
1250	160.97249999999985	187.9
1275	160.97249999999985	187.9
1300	161.70249999999984	187.9
1325	162.32999999999984	187.9
1350	162.11999999999986	187.9
1375	162.37999999999985	187.9
1400	162.64749999999987	187.9
1425	163.52249999999987	187.9
1450	163.65249999999986	187.9
1475	164.46749999999986	187.9
1500	164.33749999999986	187.9
1525	164.87749999999986	187.9
1550	164.80999999999986	187.9
1575	164.83499999999987	187.9
1600	164.94999999999985	187.9
1625	164.82999999999984	187.9
1650	165.08749999999986	187.9
1675	165.28249999999986	187.9
1700	165.28249999999986	187.9
1725	165.28249999999986	187.9
1750	165.13249999999985	187.9
1775	165.13249999999985	187.9
1800	164.74749999999986	187.9
1825	164.42499999999984	187.9
1850	165.20999999999987	187.9
1875	165.20999999999987	187.9
1900	165.38499999999985	187.9
1925	165.52499999999986	187.9
1950	165.52499999999986	187.9
1975	165.61999999999986	187.9
2000	165.61999999999986	187.9

Run 19
50	24.832000000000004	162.9
75	45.15800000000006	162.9
100	64.08700000000006	162.9
125	76.96000000000008	162.9
150	86.94000000000004	162.9
175	98.60499999999998	162.9
200	103.46499999999996	162.9
225	106.39499999999994	162.9
250	109.20499999999994	162.9
275	113.37999999999992	162.9
300	115.91249999999992	162.9
325	117.72249999999991	162.9
350	119.47499999999991	162.9
375	121.71749999999992	162.9
400	122.7474999999999	162.9
425	125.14874999999991	162.9
450	128.0837499999999	162.9
475	130.9374999999999	162.9
500	133.4587499999999	162.9
525	135.90499999999986	175.4
550	138.18999999999988	175.4
575	138.73031249999988	175.4
600	138.91031249999986	175.4
625	140.14562499999988	175.4
650	141.77687499999988	175.4
675	142.06218749999988	175.4
700	142.95218749999987	175.4
725	142.95218749999987	175.4
750	143.48937499999985	175.4
775	144.78156249999986	175.4
800	145.29062499999986	175.4
825	146.19499999999985	175.4
850	146.66124999999985	175.4
875	146.79624999999984	175.4
900	147.36156249999985	175.4
925	149.24281249999984	175.4
950	149.67468749999986	175.4
975	150.17968749999986	175.4
1000	152.13187499999987	176.4
1025	153.10906249999985	176.4
1050	153.64124999999984	176.4
1075	154.40656249999986	176.4
1100	154.32531249999985	176.4
1125	154.92531249999985	176.4
1150	156.07484374999984	176.4
1175	156.43484374999986	176.4
1200	156.43484374999986	176.4
1225	155.93484374999986	176.4
1250	157.12484374999983	176.4
1275	157.34984374999985	176.4
1300	157.52984374999986	176.4
1325	157.80484374999983	176.4
1350	158.16609374999985	176.4
1375	158.16609374999985	176.4
1400	157.98109374999984	176.4
1425	158.91921874999983	176.4
1450	158.63921874999986	176.4
1475	158.33656249999984	176.4
1500	158.76624999999984	176.4
1525	158.87124999999986	176.4
1550	159.22249999999985	176.4
1575	160.33015624999985	176.4
1600	160.38031249999986	176.4
1625	160.87156249999987	177.9
1650	160.87187499999985	177.9
1675	160.87187499999985	177.9
1700	160.68187499999985	177.9
1725	161.51656249999985	177.9
1750	161.68406249999987	177.9
1775	161.89906249999984	177.9
1800	162.09781249999986	177.9
1825	162.13656249999985	177.9
1850	162.18687499999984	177.9
1875	161.91656249999986	177.9
1900	162.30789062499986	177.9
1925	162.36289062499986	177.9
1950	162.14226562499985	177.9
1975	162.31726562499983	177.9
2000	161.88726562499986	177.9

Run 20
50	18.11999999999999	86.9
75	37.086000000000055	106.4
100	57.50500000000005	106.4
125	67.78250000000004	122.9
150	77.93650000000005	122.9
175	85.11625000000004	122.9
200	88.89400000000002	122.9
225	93.13087500000002	122.9
250	98.04412499999998	122.9
275	103.86274999999998	134.9
300	105.00074999999997	134.9
325	106.70074999999997	134.9
350	109.87799999999997	134.9
375	112.53074999999994	134.9
400	116.09687499999993	150.05625
425	118.77031249999993	150.05625
450	120.8165624999999	150.05625
475	122.2606249999999	156.9
500	123.59624999999991	156.9
525	124.38187499999991	156.9
550	125.17187499999991	156.9
575	126.2318749999999	156.9
600	127.55687499999989	156.9
625	128.51937499999988	156.9
650	129.8218749999999	156.9
675	131.38499999999988	156.9
700	131.96328124999988	156.9
725	133.4524999999999	156.9
750	134.8087499999999	156.9
775	136.12687499999987	156.9
800	136.40281249999987	156.9
825	136.97406249999986	156.9
850	137.7265624999999	159.025
875	138.73906249999987	159.025
900	139.96906249999986	164.9
925	142.13843749999987	175.9
950	142.22843749999987	175.9
975	142.77843749999988	175.9
1000	142.30843749999988	175.9
1025	142.66968749999987	175.9
1050	143.54843749999986	175.9
1075	143.94843749999987	175.9
1100	144.49843749999985	175.9
1125	145.70687499999985	175.9
1150	146.59687499999984	175.9
1175	147.08937499999985	175.9
1200	148.58312499999985	175.9
1225	149.16312499999987	175.9
1250	148.92312499999986	175.9
1275	149.71062499999985	175.9
1300	151.22812499999986	179.9
1325	151.40812499999984	179.9
1350	151.81312499999984	179.9
1375	152.71437499999985	179.9
1400	152.98562499999986	179.9
1425	153.50062499999984	179.9
1450	154.02812499999985	179.9
1475	155.04562499999986	187.9
1500	155.04562499999986	187.9
1525	155.56562499999984	187.9
1550	155.13562499999986	187.9
1575	155.37062499999985	187.9
1600	155.60562499999986	187.9
1625	155.08562499999985	187.9
1650	155.55062499999985	187.9
1675	155.48562499999986	187.9
1700	155.52437499999985	187.9
1725	155.76062499999986	187.9
1750	155.83562499999985	187.9
1775	155.71562499999985	187.9
1800	155.71562499999985	187.9
1825	155.75062499999984	187.9
1850	156.14999999999986	187.9
1875	156.82999999999984	187.9
1900	157.07624999999985	187.9
1925	157.64124999999984	187.9
1950	157.86249999999984	187.9
1975	158.06249999999986	187.9
2000	159.54937499999986	187.9

Run 21
50	13.311999999999989	92.9
75	34.216000000000065	112.9
100	58.320000000000064	112.9
125	75.64000000000006	151.9
150	86.17500000000004	151.9
175	90.03000000000002	151.9
200	95.765	151.9
225	99.28999999999998	151.9
250	101.64499999999998	151.9
275	104.51499999999996	151.9
300	107.00499999999994	151.9
325	110.13999999999994	151.9
350	111.91999999999994	151.9
375	115.12999999999992	151.9
400	116.66499999999992	151.9
425	120.4199999999999	151.9
450	122.10999999999991	151.9
475	124.3849999999999	151.9
500	125.30499999999991	151.9
525	126.68999999999988	151.9
550	127.90499999999989	151.9
575	129.1849999999999	151.9
600	129.4899999999999	151.9
625	130.3899999999999	151.9
650	130.6499999999999	151.9
675	131.6549999999999	151.9
700	132.59499999999989	151.9
725	133.2399999999999	151.9
750	134.25499999999988	151.9
775	135.88999999999987	171.9
800	138.50499999999988	172.9
825	139.1249999999999	172.9
850	140.35999999999987	172.9
875	141.16999999999987	172.9
900	141.33999999999986	172.9
925	141.67999999999986	172.9
950	142.30499999999986	172.9
975	142.44499999999988	172.9
1000	142.90499999999986	172.9
1025	144.41499999999988	172.9
1050	144.90499999999986	172.9
1075	145.86499999999987	172.9
1100	145.79499999999985	172.9
1125	146.18499999999986	172.9
1150	146.30499999999986	172.9
1175	146.95499999999984	172.9
1200	146.87749999999986	172.9
1225	147.26499999999984	172.9
1250	147.62499999999986	172.9
1275	147.95499999999984	172.9
1300	148.26499999999984	172.9
1325	148.79999999999984	172.9
1350	149.36999999999986	172.9
1375	149.41249999999985	172.9
1400	150.08749999999986	172.9
1425	150.18749999999986	172.9
1450	150.02749999999986	172.9
1475	150.25249999999986	172.9
1500	150.51499999999984	172.9
1525	150.29249999999985	172.9
1550	150.39499999999987	172.9
1575	150.39499999999987	172.9
1600	150.99499999999986	172.9
1625	151.08249999999987	172.9
1650	151.44249999999985	172.9
1675	151.44249999999985	172.9
1700	151.18749999999986	172.9
1725	151.45749999999987	172.9
1750	151.91749999999985	172.9
1775	152.50249999999986	172.9
1800	153.02749999999986	172.9
1825	153.63999999999984	172.9
1850	153.53624999999985	172.9
1875	153.53624999999985	172.9
1900	153.71624999999986	172.9
1925	154.11499999999987	172.9
1950	154.68999999999986	172.9
1975	154.68999999999986	172.9
2000	155.06124999999986	172.9

Run 22
50	21.215999999999994	93.9
75	40.492000000000054	93.9
100	51.28200000000005	93.9
125	61.96300000000005	93.9
150	68.99000000000007	98.4
175	76.81000000000006	149.9
200	83.79250000000006	149.9
225	87.54500000000003	149.9
250	92.86000000000001	149.9
275	97.39749999999998	149.9
300	102.72624999999996	149.9
325	105.54874999999997	149.9
350	107.12249999999995	149.9
375	108.86374999999994	149.9
400	109.75124999999994	149.9
425	111.06999999999995	149.9
450	113.79249999999993	149.9
475	114.19999999999993	149.9
500	115.10624999999993	149.9
525	116.49687499999993	149.9
550	117.59687499999993	149.9
575	119.57937499999991	149.9
600	120.53312499999991	149.9
625	120.61562499999991	149.9
650	122.17562499999991	149.9
675	124.00562499999991	149.9
700	125.7456249999999	149.9
725	128.6906249999999	149.9
750	128.3856249999999	149.9
775	128.95562499999988	149.9
800	128.95562499999988	149.9
825	129.40062499999988	149.9
850	130.1331249999999	149.9
875	131.7281249999999	149.9
900	132.1981249999999	149.9
925	132.2281249999999	149.9
950	132.04812499999989	149.9
975	132.6231249999999	149.9
1000	132.9481249999999	149.9
1025	133.95812499999988	162.9
1050	133.5631249999999	162.9
1075	133.8531249999999	162.9
1100	134.17312499999989	162.9
1125	134.3531249999999	162.9
1150	134.9187499999999	162.9
1175	134.9187499999999	162.9
1200	135.1487499999999	162.9
1225	135.0887499999999	162.9
1250	135.1062499999999	162.9
1275	135.3262499999999	162.9
1300	135.3562499999999	162.9
1325	135.8062499999999	162.9
1350	136.3862499999999	162.9
1375	136.46624999999986	162.9
1400	136.5262499999999	162.9
1425	136.91624999999988	162.9
1450	136.91624999999988	162.9
1475	137.00124999999989	162.9
1500	137.01249999999987	162.9
1525	137.55249999999987	162.9
1550	137.64749999999987	162.9
1575	137.82249999999988	162.9
1600	138.11249999999987	162.9
1625	138.51249999999987	162.9
1650	138.40249999999986	162.9
1675	138.63249999999988	162.9
1700	138.63249999999988	162.9
1725	137.94749999999988	162.9
1750	138.41749999999988	162.9
1775	139.24749999999986	162.9
1800	139.03749999999988	162.9
1825	139.48749999999987	162.9
1850	140.09749999999988	162.9
1875	140.28249999999989	162.9
1900	140.50249999999988	162.9
1925	140.32249999999988	162.9
1950	140.39249999999987	162.9
1975	140.39249999999987	162.9
2000	140.3124999999999	162.9

Run 23
50	14.29599999999999	83.9
75	29.452000000000048	88.9
100	46.565000000000055	88.9
125	60.01300000000005	92.9
150	69.44100000000006	102.9
175	76.45500000000007	155.9
200	81.21500000000006	155.9
225	86.60000000000004	164.9
250	89.41250000000002	164.9
275	93.8125	164.9
300	100.38499999999996	164.9
325	106.97249999999994	164.9
350	110.27124999999995	164.9
375	114.40499999999993	164.9
400	115.92687499999992	164.9
425	118.45187499999992	187.4
450	120.96999999999991	187.4
475	125.73499999999989	187.4
500	128.3399999999999	187.4
525	130.78999999999988	187.4
550	133.1124999999999	187.4
575	133.97124999999988	187.4
600	136.0781249999999	187.4
625	136.23812499999988	187.4
650	138.15312499999987	187.4
675	138.70812499999988	187.4
700	138.87812499999987	187.4
725	139.75593749999987	187.4
750	140.57593749999987	187.4
775	140.81343749999988	187.4
800	141.49343749999989	187.4
825	143.43843749999988	187.4
850	145.31343749999985	187.4
875	145.34156249999987	187.4
900	146.27656249999984	187.4
925	147.49656249999987	187.4
950	147.61749999999986	187.4
975	147.85749999999985	187.4
1000	148.80656249999984	187.4
1025	150.31656249999986	187.4
1050	151.96406249999984	187.4
1075	152.72906249999986	187.4
1100	154.51499999999984	187.4
1125	154.92249999999984	187.4
1150	155.35999999999984	187.4
1175	156.29781249999985	187.4
1200	157.45968749999986	187.4
1225	157.57468749999984	187.4
1250	159.22265624999986	187.4
1275	159.80765624999987	187.4
1300	159.57765624999985	187.4
1325	160.04515624999985	187.4
1350	160.80687499999985	187.4
1375	161.53937499999986	187.4
1400	161.59812499999987	187.4
1425	161.53937499999986	187.4
1450	162.59812499999987	187.4
1475	162.93812499999984	187.4
1500	162.93812499999984	187.4
1525	163.40062499999985	187.4
1550	163.43593749999985	187.4
1575	163.44093749999985	187.4
1600	163.22093749999985	187.4
1625	163.01390624999985	187.4
1650	163.85593749999987	187.4
1675	164.50718749999984	187.4
1700	165.11968749999986	187.4
1725	165.45218749999987	187.4
1750	165.91718749999984	187.4
1775	166.16968749999987	187.4
1800	166.32968749999986	187.4
1825	166.32968749999986	187.4
1850	166.18218749999986	187.4
1875	165.79968749999986	187.4
1900	166.18968749999985	187.4
1925	165.02468749999986	187.4
1950	166.24343749999986	187.4
1975	166.24343749999986	187.4
2000	166.49890624999986	187.4

Run 24
50	12.78399999999999	70.9
75	29.770000000000046	85.9
100	43.99600000000005	85.9
125	52.217000000000056	85.9
150	58.272500000000065	85.9
175	65.17500000000007	95.4
200	69.67000000000006	95.4
225	73.86750000000006	101.9
250	76.44000000000007	102.4
275	80.19000000000007	108.9
300	81.74625000000006	108.9
325	88.11500000000002	114.9
350	92.36000000000001	114.9
375	96.4	114.9
400	99.44124999999998	127.9
425	101.70124999999999	128.9
450	104.14187499999997	128.9
475	106.48687499999997	129.9
500	107.77312499999996	129.9
525	109.56812499999995	129.9
550	109.74812499999994	129.9
575	111.28437499999994	129.9
600	112.11437499999994	129.9
625	112.79437499999995	129.9
650	115.01093749999993	130.9
675	115.99093749999993	130.9
700	117.08968749999993	131.9
725	117.26843749999993	131.9
750	118.06843749999993	131.9
775	119.29468749999992	139.9
800	119.84093749999992	139.9
825	120.15531249999992	139.9
850	121.55531249999991	139.9
875	122.29281249999991	139.9
900	124.55906249999991	157.9
925	127.29406249999991	157.9
950	127.6974999999999	157.9
975	127.6974999999999	157.9
1000	128.5174999999999	157.9
1025	130.1174999999999	157.9
1050	131.5249999999999	158.9
1075	132.19749999999988	158.9
1100	132.6674999999999	158.9
1125	133.5274999999999	165.9
1150	133.8674999999999	165.9
1175	135.45749999999987	197.9
1200	135.30749999999986	197.9
1225	136.22374999999988	197.9
1250	136.67124999999987	197.9
1275	136.92124999999987	197.9
1300	137.46124999999986	197.9
1325	137.70124999999987	197.9
1350	139.26124999999988	197.9
1375	139.13374999999988	197.9
1400	139.42874999999987	197.9
1425	139.64374999999987	197.9
1450	139.58374999999987	197.9
1475	139.69374999999988	197.9
1500	140.95374999999987	197.9
1525	141.89374999999987	197.9
1550	142.38874999999987	197.9
1575	142.40124999999986	197.9
1600	143.31624999999988	197.9
1625	143.55874999999986	197.9
1650	143.85374999999988	197.9
1675	143.88374999999988	197.9
1700	144.00749999999988	197.9
1725	144.16749999999988	197.9
1750	144.16749999999988	197.9
1775	144.53249999999989	197.9
1800	145.07249999999988	197.9
1825	145.57249999999985	197.9
1850	145.67249999999984	197.9
1875	146.01249999999985	197.9
1900	146.23249999999985	197.9
1925	146.98749999999984	197.9
1950	148.33249999999987	197.9
1975	148.57249999999985	197.9
2000	148.57249999999985	197.9

Run 25
50	16.97599999999999	110.9
75	29.390000000000047	110.9
100	50.15600000000005	110.9
125	62.952500000000065	110.9
150	78.28350000000006	157.9
175	89.48425000000003	157.9
200	97.48999999999998	157.9
225	105.65499999999994	157.9
250	110.70999999999995	157.9
275	113.62999999999992	157.9
300	116.41124999999992	157.9
325	118.35624999999993	164.9
350	122.78124999999991	164.9
375	125.54874999999988	164.9
400	126.6437499999999	164.9
425	127.4924999999999	164.9
450	129.8249999999999	164.9
475	130.2149999999999	164.9
500	131.7099999999999	164.9
525	133.5599999999999	164.9
550	133.62999999999988	164.9
575	134.2449999999999	164.9
600	134.8249999999999	164.9
625	135.09499999999989	164.9
650	135.65999999999988	164.9
675	135.88999999999987	164.9
700	137.21999999999989	164.9
725	137.58499999999987	164.9
750	138.70499999999987	164.9
775	138.70499999999987	164.9
800	140.23999999999987	167.9
825	140.27999999999986	167.9
850	141.27499999999986	167.9
875	141.35499999999988	167.9
900	141.39499999999987	167.9
925	141.69499999999988	167.9
950	141.82249999999988	167.9
975	142.00249999999988	167.9
1000	142.42249999999987	167.9
1025	142.98749999999987	167.9
1050	143.57749999999987	167.9
1075	143.58749999999986	167.9
1100	144.25249999999988	167.9
1125	145.04749999999987	167.9
1150	145.65499999999986	167.9
1175	145.91499999999988	167.9
1200	146.03499999999988	167.9
1225	146.1249999999999	167.9
1250	146.26249999999987	167.9
1275	146.45624999999987	167.9
1300	146.45624999999987	167.9
1325	146.57624999999987	167.9
1350	146.72624999999988	167.9
1375	146.86374999999987	167.9
1400	147.43374999999986	167.9
1425	147.43874999999986	167.9
1450	147.58874999999986	167.9
1475	147.64874999999986	167.9
1500	147.81374999999986	167.9
1525	147.67374999999984	167.9
1550	147.80749999999986	167.9
1575	147.81624999999985	167.9
1600	147.77374999999986	167.9
1625	147.79874999999984	167.9
1650	147.10374999999985	167.9
1675	147.88374999999985	167.9
1700	147.88374999999985	167.9
1725	148.25374999999985	167.9
1750	148.50374999999985	167.9
1775	148.39374999999984	167.9
1800	148.62062499999985	167.9
1825	148.75562499999987	167.9
1850	148.74562499999985	167.9
1875	148.70562499999986	167.9
1900	148.70562499999986	167.9
1925	148.86312499999985	167.9
1950	148.86312499999985	167.9
1975	148.67812499999985	167.9
2000	148.91062499999987	167.9

Run 26
50	12.887999999999998	77.7
75	29.096000000000036	118.9
100	42.76900000000004	118.9
125	55.534	118.9
150	67.63175	118.9
175	75.0985	118.9
200	81.06462500000005	133.9
225	86.16462500000003	133.9
250	93.1975	144.9
275	98.37625000000001	144.9
300	104.14249999999997	163.9
325	107.31499999999994	163.9
350	109.50374999999994	163.9
375	111.36874999999992	163.9
400	115.20874999999992	163.9
425	117.74749999999993	163.9
450	118.5274999999999	163.9
475	121.5749999999999	167.9
500	122.45999999999991	167.9
525	123.58499999999991	167.9
550	124.31249999999991	167.9
575	126.8474999999999	167.9
600	126.8474999999999	167.9
625	128.7674999999999	167.9
650	130.41249999999988	167.9
675	132.3924999999999	167.9
700	132.7624999999999	167.9
725	133.4024999999999	167.9
750	133.66499999999988	167.9
775	134.0499999999999	167.9
800	134.40999999999988	167.9
825	135.50749999999988	167.9
850	135.62749999999988	167.9
875	136.63249999999988	167.9
900	137.50749999999988	167.9
925	137.73749999999987	167.9
950	137.97749999999988	167.9
975	138.31749999999988	167.9
1000	139.07749999999987	167.9
1025	139.16249999999988	167.9
1050	139.75499999999988	167.9
1075	139.68999999999988	167.9
1100	140.34999999999988	167.9
1125	140.42249999999987	167.9
1150	140.87249999999986	167.9
1175	141.5624999999999	167.9
1200	141.96749999999986	167.9
1225	142.3124999999999	167.9
1250	142.3124999999999	167.9
1275	142.3124999999999	167.9
1300	142.3124999999999	167.9
1325	142.14249999999987	167.9
1350	142.5624999999999	167.9
1375	142.52249999999987	167.9
1400	143.34749999999988	167.9
1425	143.09749999999988	167.9
1450	143.07249999999988	167.9
1475	143.53249999999989	167.9
1500	143.74749999999986	167.9
1525	143.86749999999986	167.9
1550	144.34749999999988	167.9
1575	144.13749999999987	167.9
1600	143.67499999999987	167.9
1625	143.69499999999988	167.9
1650	144.30499999999986	167.9
1675	144.36499999999987	167.9
1700	144.38499999999988	167.9
1725	144.10749999999987	167.9
1750	144.31499999999988	167.9
1775	144.6249999999999	167.9
1800	144.6249999999999	167.9
1825	144.6249999999999	167.9
1850	144.64999999999986	167.9
1875	144.89999999999986	167.9
1900	145.67999999999986	167.9
1925	145.68999999999988	167.9
1950	145.68999999999988	167.9
1975	145.68999999999988	167.9
2000	145.43499999999986	167.9

Run 27
50	20.47599999999999	141.9
75	40.28400000000004	141.9
100	58.55000000000006	141.9
125	78.30500000000008	141.9
150	88.87500000000001	148.9
175	94.88	148.9
200	102.84999999999997	148.9
225	106.88249999999995	148.9
250	108.98999999999995	148.9
275	111.45124999999994	148.9
300	112.78874999999992	148.9
325	114.73624999999993	148.9
350	117.22124999999993	148.9
375	119.70499999999991	148.9
400	122.2462499999999	151.9
425	125.44437499999991	161.9
450	126.3481249999999	161.9
475	127.2581249999999	161.9
500	128.08187499999988	161.9
525	129.7362499999999	161.9
550	131.7074999999999	164.9
575	134.44749999999988	164.9
600	136.75749999999988	164.9
625	137.24249999999986	164.9
650	138.01249999999987	164.9
675	138.21249999999986	164.9
700	138.91249999999988	164.9
725	139.17624999999987	164.9
750	139.50124999999989	164.9
775	140.00499999999988	164.9
800	140.18499999999986	164.9
825	140.58499999999987	164.9
850	141.39499999999987	164.9
875	141.96499999999986	164.9
900	143.86999999999986	164.9
925	144.22999999999988	164.9
950	145.89249999999984	164.9
975	146.74249999999986	164.9
1000	146.94999999999985	164.9
1025	147.61499999999987	164.9
1050	147.92749999999987	164.9
1075	148.29249999999985	164.9
1100	149.19749999999985	164.9
1125	149.73749999999984	164.9
1150	150.65749999999986	171.9
1175	150.51999999999987	171.9
1200	150.87999999999985	171.9
1225	151.52249999999987	171.9
1250	151.72249999999985	171.9
1275	152.92249999999984	171.9
1300	152.77249999999987	171.9
1325	153.89374999999984	171.9
1350	154.09374999999986	171.9
1375	154.19374999999985	171.9
1400	154.31374999999986	171.9
1425	154.57374999999985	171.9
1450	154.14124999999984	171.9
1475	154.92374999999984	171.9
1500	155.01124999999985	171.9
1525	155.01124999999985	171.9
1550	155.15124999999986	171.9
1575	155.21124999999986	171.9
1600	155.36124999999984	171.9
1625	155.50749999999985	171.9
1650	156.52749999999986	177.9
1675	157.18249999999986	177.9
1700	157.43249999999986	177.9
1725	157.41249999999985	177.9
1750	158.20999999999987	177.9
1775	158.55499999999986	177.9
1800	158.71499999999986	177.9
1825	158.62499999999986	177.9
1850	159.84499999999986	202.9
1875	159.73249999999985	202.9
1900	159.57749999999984	202.9
1925	160.46749999999986	202.9
1950	160.63749999999985	202.9
1975	161.04749999999984	202.9
2000	161.74249999999984	202.9

Run 28
50	10.807999999999993	76.9
75	23.740000000000023	76.9
100	37.37300000000004	94.9
125	47.900000000000055	94.9
150	57.11350000000006	94.9
175	62.63850000000006	94.9
200	70.37350000000006	118.9
225	75.98150000000005	118.9
250	79.66900000000005	118.9
275	83.71950000000004	121.9
300	88.78250000000004	121.9
325	91.99500000000002	121.9
350	95.2825	121.9
375	101.28999999999998	148.9
400	103.81499999999997	148.9
425	106.57874999999996	148.9
450	107.84249999999994	148.9
475	109.39249999999994	148.9
500	111.32937499999994	148.9
525	114.66874999999993	148.9
550	117.49562499999993	150.4
575	118.63906249999992	150.4
600	119.43406249999991	150.4
625	120.94906249999991	150.4
650	121.70281249999991	150.4
675	123.14906249999991	150.4
700	123.99062499999991	150.4
725	125.7156249999999	152.9
750	126.8256249999999	152.9
775	128.42562499999988	152.9
800	129.0431249999999	152.9
825	129.2881249999999	152.9
850	129.8581249999999	152.9
875	130.7781249999999	152.9
900	131.6931249999999	152.9
925	131.9656249999999	152.9
950	132.8406249999999	152.9
975	132.9706249999999	152.9
1000	133.5756249999999	152.9
1025	134.23687499999988	152.9
1050	134.3268749999999	152.9
1075	134.5018749999999	152.9
1100	135.2618749999999	152.9
1125	135.95437499999989	152.9
1150	136.47499999999988	152.9
1175	136.36249999999987	152.9
1200	136.83499999999987	152.9
1225	137.16749999999988	152.9
1250	138.10249999999988	169.4
1275	138.4374999999999	169.4
1300	138.34249999999986	169.4
1325	138.59249999999986	169.4
1350	139.14249999999987	169.4
1375	139.20249999999987	169.4
1400	139.17249999999987	169.4
1425	139.32249999999988	169.4
1450	139.39499999999987	169.4
1475	139.45749999999987	169.4
1500	140.30249999999987	169.4
1525	140.25249999999988	169.4
1550	140.70749999999987	169.4
1575	141.79874999999987	169.4
1600	142.07624999999987	169.4
1625	142.61624999999987	169.4
1650	143.22124999999988	169.4
1675	143.30749999999986	169.4
1700	143.53249999999989	169.4
1725	144.30749999999986	169.4
1750	144.30749999999986	169.4
1775	144.48749999999987	169.4
1800	144.58749999999986	169.4
1825	144.66499999999988	169.4
1850	144.79499999999987	169.4
1875	145.17999999999986	169.4
1900	145.49499999999986	169.4
1925	145.57499999999987	169.4
1950	145.42499999999987	169.4
1975	145.46999999999989	169.4
2000	145.46999999999989	169.4

Run 29
50	13.33999999999999	80.9
75	29.51800000000004	80.9
100	43.96600000000005	95.15
125	57.70200000000006	103.9
150	65.47200000000007	108.9
175	75.50125000000007	118.9
200	80.25875000000006	120.9
225	85.85125000000005	120.9
250	89.31125000000003	125.9
275	93.6975	125.9
300	97.25249999999998	125.9
325	99.81749999999998	125.9
350	102.80249999999997	129.9
375	105.23999999999997	129.9
400	107.88124999999995	129.9
425	108.81624999999994	132.9
450	109.56374999999994	132.9
475	111.00874999999995	132.9
500	113.18124999999992	140.9
525	113.52124999999992	140.9
550	114.43124999999992	140.9
575	115.06124999999993	140.9
600	115.13124999999992	140.9
625	115.44624999999992	140.9
650	115.44624999999992	140.9
675	116.24124999999992	140.9
700	116.29624999999993	140.9
725	116.68374999999993	140.9
750	117.45187499999993	140.9
775	118.76687499999993	172.9
800	120.25249999999991	172.9
825	121.2990624999999	172.9
850	121.6068749999999	172.9
875	122.85093749999992	172.9
900	123.4668749999999	172.9
925	123.9084374999999	172.9
950	124.32843749999991	172.9
975	125.4884374999999	172.9
1000	126.47843749999991	172.9
1025	126.8784374999999	172.9
1050	127.52343749999989	172.9
1075	127.65843749999989	172.9
1100	127.86218749999989	172.9
1125	128.1121874999999	172.9
1150	127.8271874999999	172.9
1175	128.2621874999999	172.9
1200	128.5121874999999	172.9
1225	129.8171874999999	172.9
1250	130.37718749999988	172.9
1275	130.37718749999988	172.9
1300	130.5771874999999	172.9
1325	131.05718749999988	172.9
1350	131.2271874999999	172.9
1375	131.2546874999999	172.9
1400	131.0446874999999	172.9
1425	131.6346874999999	172.9
1450	131.4171874999999	172.9
1475	131.2071874999999	172.9
1500	131.8192187499999	172.9
1525	132.14421874999988	172.9
1550	132.57671874999988	172.9
1575	132.57671874999988	172.9
1600	132.9667187499999	172.9
1625	132.9967187499999	172.9
1650	134.07671874999988	172.9
1675	134.04671874999988	172.9
1700	134.2567187499999	172.9
1725	134.7517187499999	172.9
1750	135.3517187499999	172.9
1775	135.8067187499999	172.9
1800	136.2179687499999	172.9
1825	136.1679687499999	172.9
1850	136.17796874999988	172.9
1875	136.60796874999988	172.9
1900	136.71984374999988	172.9
1925	136.84984374999988	172.9
1950	137.21984374999988	172.9
1975	137.15984374999988	172.9
2000	137.25484374999988	172.9

Run 30
50	17.35599999999999	83.9
75	32.99000000000005	100.4
100	48.72100000000006	100.4
125	61.49900000000005	100.4
150	70.41000000000007	101.15
175	76.72750000000006	115.9
200	80.01250000000006	115.9
225	85.18500000000003	136.9
250	91.12250000000002	157.9
275	95.2475	157.9
300	99.91249999999998	157.9
325	104.27249999999997	157.9
350	106.76249999999995	157.9
375	109.74999999999994	157.9
400	115.58249999999992	157.9
425	116.51249999999993	157.9
450	120.25249999999991	157.9
475	121.89249999999991	157.9
500	124.19249999999991	157.9
525	125.38249999999991	157.9
550	126.62749999999988	157.9
575	127.5224999999999	157.9
600	128.00249999999988	157.9
625	128.1374999999999	157.9
650	129.3274999999999	157.9
675	130.4024999999999	157.9
700	132.7724999999999	173.9
725	134.3999999999999	173.9
750	134.9199999999999	173.9
775	134.93999999999988	173.9
800	135.6099999999999	173.9
825	136.50999999999988	173.9
850	137.35999999999987	173.9
875	137.80499999999986	173.9
900	138.34499999999989	173.9
925	138.70499999999987	173.9
950	138.70499999999987	173.9
975	138.69499999999988	173.9
1000	138.69499999999988	173.9
1025	138.62999999999988	173.9
1050	139.21999999999989	173.9
1075	139.69499999999988	173.9
1100	139.69499999999988	173.9
1125	140.42499999999987	173.9
1150	140.6249999999999	173.9
1175	142.93999999999988	198.9
1200	143.78999999999988	198.9
1225	143.84999999999988	198.9
1250	144.35499999999988	198.9
1275	145.60499999999985	198.9
1300	146.38749999999985	198.9
1325	147.38749999999985	198.9
1350	147.80749999999986	198.9
1375	149.39499999999987	198.9
1400	149.49499999999986	198.9
1425	149.96999999999986	198.9
1450	150.35499999999985	198.9
1475	150.71499999999986	198.9
1500	152.90499999999986	198.9
1525	153.07999999999984	198.9
1550	153.86999999999986	198.9
1575	154.03999999999985	198.9
1600	155.41749999999985	198.9
1625	155.89499999999987	198.9
1650	157.18249999999986	198.9
1675	157.72249999999983	198.9
1700	158.06249999999983	198.9
1725	158.34249999999986	198.9
1750	158.43249999999986	198.9
1775	158.36249999999984	198.9
1800	158.72749999999985	198.9
1825	158.82749999999984	198.9
1850	158.89999999999984	198.9
1875	158.37999999999985	198.9
1900	159.07999999999984	198.9
1925	158.94499999999982	198.9
1950	159.58499999999987	198.9
1975	159.77499999999986	198.9
2000	159.77499999999984	198.9

