Result Log
=== Config ===
runs per experiment = 30
fitness evals per run = 2000
seed = 4949299200798551801
log file = logs/10x15-all-same-controller.log
solution file = solutions/10x15-all-same-controller.sol
best world file = solutions/10x15-all-same-controller.world
number of pac-men = 3
same controller for each pac-man = true
number of ghosts = 3
world width = 10
world height = 15
pill density = 50
wall density = 25
fruit spawning probability = .05
fruit score = 10
time multiplier = 2
population size = 50
offspring per generation = 25
max depth = 5
mutation chance = .5
parent selection method = 0
i-value = .2
j-value = .8
survival selection method = 0
tournament selection size = 15
parsimony penalty coefficient = .1
terminate on number of evals = true
terminate on n generations of stagnant best fitness = false
stagnant generations until termination = 5
=== End Config ===
Run 1
50	23.431999999999995	120.9
75	42.048000000000044	120.9
100	66.22800000000004	179.7
125	76.86400000000005	179.7
150	83.82400000000003	179.7
175	92.07199999999997	179.7
200	97.73599999999995	179.7
225	104.11199999999995	179.7
250	108.10399999999994	179.7
275	113.74799999999992	179.7
300	119.37599999999988	179.7
325	124.14799999999988	184.7
350	130.15599999999986	184.7
375	137.47199999999984	184.7
400	142.31999999999982	184.7
425	146.19599999999983	184.7
450	150.60799999999983	184.7
475	154.95199999999986	184.7
500	160.57599999999985	198.7
525	162.46799999999988	198.7
550	163.88399999999987	198.7
575	164.60399999999987	198.7
600	165.78399999999988	198.7
625	166.76399999999987	198.7
650	166.76399999999987	198.7
675	167.9239999999999	198.7
700	169.6039999999999	198.7
725	169.8439999999999	198.7
750	170.36399999999992	198.7
775	170.86399999999992	198.7
800	172.15999999999994	198.7
825	172.81999999999994	198.7
850	174.01999999999992	198.7
875	174.99999999999991	198.7
900	175.45999999999992	198.7
925	176.03999999999994	198.7
950	176.53999999999994	198.7
975	176.55999999999992	198.7
1000	177.05999999999992	198.7
1025	177.05999999999992	198.7
1050	178.17999999999995	198.7
1075	178.71999999999997	198.7
1100	180.45999999999995	218.7
1125	180.45999999999995	218.7
1150	181.05999999999997	218.7
1175	181.61999999999998	218.7
1200	182.39999999999998	218.7
1225	182.71999999999997	218.7
1250	183.75999999999996	218.7
1275	185.54	218.7
1300	185.9	218.7
1325	185.94	218.7
1350	185.94	218.7
1375	186.56	218.7
1400	186.88	218.7
1425	187.52	218.7
1450	187.68	218.7
1475	187.8	218.7
1500	187.82	218.7
1525	187.82	218.7
1550	188.16	218.7
1575	188.48	218.7
1600	189.07999999999996	218.7
1625	189.44	218.7
1650	190.08	218.7
1675	190.54	218.7
1700	190.72	218.7
1725	191.88	218.7
1750	192.1	218.7
1775	193.14	218.7
1800	193.94	218.7
1825	194.54	218.7
1850	194.54	218.7
1875	194.54	218.7
1900	194.54	218.7
1925	194.54	218.7
1950	194.68	218.7
1975	194.68	218.7
2000	195.62	218.7

Run 2
50	20.33199999999999	105.9
75	38.07200000000005	105.9
100	55.35200000000005	105.9
125	65.34800000000004	105.9
150	78.56800000000007	134.9
175	86.72400000000003	134.9
200	96.64399999999999	163.9
225	100.25999999999998	163.9
250	106.21999999999994	181.9
275	110.45999999999992	181.9
300	115.39999999999992	181.9
325	118.81999999999991	181.9
350	124.3399999999999	188.9
375	130.1199999999999	188.9
400	134.73999999999987	188.9
425	137.57999999999987	188.9
450	144.43999999999986	198.9
475	145.99999999999986	198.9
500	149.13999999999984	198.9
525	150.39999999999986	198.9
550	151.73999999999984	198.9
575	156.95999999999984	198.9
600	158.45999999999984	198.9
625	160.23999999999984	198.9
650	162.57999999999984	200.9
675	163.87999999999985	200.9
700	164.43999999999986	200.9
725	166.35999999999984	200.9
750	167.13999999999984	200.9
775	168.01999999999987	200.9
800	168.33999999999986	200.9
825	168.57999999999984	200.9
850	169.39999999999986	200.9
875	170.61999999999986	200.9
900	170.73999999999987	200.9
925	171.87999999999985	200.9
950	172.39999999999986	200.9
975	173.83999999999986	200.9
1000	175.35999999999981	200.9
1025	175.81999999999982	200.9
1050	175.87999999999982	200.9
1075	176.09999999999982	200.9
1100	176.59999999999982	200.9
1125	177.7999999999998	200.9
1150	178.09999999999982	200.9
1175	178.8399999999998	200.9
1200	179.8999999999998	215.9
1225	179.99999999999983	215.9
1250	181.09999999999982	215.9
1275	181.81999999999982	215.9
1300	182.53999999999982	215.9
1325	182.9599999999998	215.9
1350	182.9599999999998	215.9
1375	183.35999999999981	215.9
1400	183.75999999999982	215.9
1425	183.75999999999982	215.9
1450	184.43999999999983	215.9
1475	184.87999999999982	215.9
1500	184.87999999999982	215.9
1525	185.2399999999998	215.9
1550	185.69999999999982	215.9
1575	185.69999999999982	215.9
1600	185.69999999999982	215.9
1625	185.69999999999982	215.9
1650	186.05999999999983	215.9
1675	186.6199999999998	215.9
1700	186.75999999999982	215.9
1725	186.75999999999982	215.9
1750	186.75999999999982	215.9
1775	186.75999999999982	215.9
1800	186.75999999999982	215.9
1825	186.75999999999982	215.9
1850	186.75999999999982	215.9
1875	186.75999999999982	215.9
1900	186.75999999999982	215.9
1925	186.75999999999982	215.9
1950	186.81999999999982	215.9
1975	186.81999999999982	215.9
2000	187.0799999999998	215.9

Run 3
50	22.296	77.7
75	43.01600000000004	117.9
100	58.07600000000006	117.9
125	71.42000000000006	148.9
150	78.24000000000005	148.9
175	86.58800000000002	180.9
200	94.53199999999998	180.9
225	103.61999999999995	180.9
250	109.59999999999992	180.9
275	113.35999999999993	180.9
300	120.0199999999999	181.9
325	124.0999999999999	181.9
350	133.87999999999988	182.9
375	135.83999999999986	182.9
400	142.37999999999985	184.9
425	147.05999999999986	184.9
450	150.37999999999982	184.9
475	153.43999999999983	184.9
500	157.43999999999983	184.9
525	159.69999999999985	184.9
550	163.19999999999985	199.9
575	164.51999999999987	199.9
600	166.77999999999986	199.9
625	167.91999999999985	199.9
650	169.37999999999985	199.9
675	169.55999999999986	199.9
700	171.43999999999986	199.9
725	172.21999999999986	199.9
750	174.29999999999984	199.9
775	174.87999999999985	199.9
800	175.03999999999985	199.9
825	175.19999999999985	199.9
850	175.73999999999987	199.9
875	176.09999999999985	199.9
900	176.21999999999986	199.9
925	176.41999999999985	199.9
950	176.95999999999987	199.9
975	177.35999999999984	199.9
1000	177.35999999999984	199.9
1025	177.43999999999986	199.9
1050	177.43999999999986	199.9
1075	177.79999999999984	199.9
1100	177.79999999999984	199.9
1125	177.79999999999984	199.9
1150	177.99999999999986	199.9
1175	178.27999999999986	199.9
1200	178.67999999999986	199.9
1225	179.43999999999986	199.9
1250	179.79999999999984	199.9
1275	179.79999999999984	199.9
1300	179.91999999999985	199.9
1325	180.21999999999986	199.9
1350	180.23999999999987	199.9
1375	180.29999999999984	199.9
1400	180.53999999999985	199.9
1425	180.53999999999985	199.9
1450	180.89999999999986	199.9
1475	181.13999999999984	199.9
1500	181.15999999999985	199.9
1525	181.15999999999985	199.9
1550	181.67999999999986	199.9
1575	181.67999999999986	199.9
1600	181.67999999999986	199.9
1625	181.67999999999986	199.9
1650	182.05999999999983	199.9
1675	182.21999999999983	199.9
1700	182.3999999999998	199.9
1725	182.3999999999998	199.9
1750	182.6799999999998	199.9
1775	182.6799999999998	199.9
1800	182.8399999999998	199.9
1825	182.8399999999998	199.9
1850	182.8399999999998	199.9
1875	182.8999999999998	199.9
1900	182.99999999999983	199.9
1925	183.19999999999982	199.9
1950	183.19999999999982	199.9
1975	183.19999999999982	199.9
2000	183.19999999999982	199.9

Run 4
50	21.615999999999996	100.9
75	38.19200000000005	100.9
100	56.64000000000006	161.9
125	64.57600000000006	161.9
150	74.15600000000006	161.9
175	80.86000000000007	161.9
200	88.26000000000003	167.9
225	92.54	167.9
250	96.55999999999999	167.9
275	99.87999999999998	167.9
300	102.43999999999997	167.9
325	102.73999999999997	167.9
350	106.41999999999994	167.9
375	111.15999999999993	167.9
400	117.1999999999999	174.9
425	120.6799999999999	174.9
450	123.21999999999989	174.9
475	129.37999999999988	182.9
500	131.23999999999987	182.9
525	133.95999999999987	182.9
550	137.71999999999986	182.9
575	142.87999999999985	182.9
600	144.57999999999984	182.9
625	148.21999999999986	182.9
650	148.49999999999986	182.9
675	150.87999999999985	182.9
700	154.75999999999985	185.9
725	157.45999999999984	185.9
750	158.19999999999985	185.9
775	160.11999999999983	186.9
800	160.77999999999983	186.9
825	161.99999999999983	186.9
850	163.23999999999984	186.9
875	164.47999999999985	187.9
900	164.47999999999985	187.9
925	164.99999999999986	187.9
950	166.25999999999985	187.9
975	167.73999999999987	187.9
1000	168.37999999999985	187.9
1025	168.37999999999985	187.9
1050	169.91999999999985	187.9
1075	170.83999999999986	187.9
1100	171.33999999999986	187.9
1125	171.71999999999986	187.9
1150	172.19999999999985	187.9
1175	172.19999999999985	187.9
1200	172.39999999999986	187.9
1225	172.65999999999985	187.9
1250	172.85999999999984	187.9
1275	172.85999999999984	187.9
1300	172.85999999999984	187.9
1325	173.29999999999984	187.9
1350	173.29999999999984	187.9
1375	173.51999999999987	187.9
1400	173.59999999999985	187.9
1425	174.35999999999984	187.9
1450	174.63999999999984	187.9
1475	174.85999999999984	187.9
1500	174.91999999999985	187.9
1525	175.19999999999985	187.9
1550	175.49999999999986	187.9
1575	175.61999999999986	187.9
1600	176.21999999999986	187.9
1625	176.21999999999986	187.9
1650	176.21999999999986	187.9
1675	176.69999999999985	191.9
1700	178.05999999999986	193.9
1725	178.05999999999986	193.9
1750	178.05999999999986	193.9
1775	178.07999999999984	193.9
1800	178.13999999999984	193.9
1825	178.13999999999984	193.9
1850	178.75999999999985	194.9
1875	179.39999999999986	194.9
1900	179.75999999999985	194.9
1925	179.75999999999985	194.9
1950	179.75999999999985	194.9
1975	181.05999999999983	202.9
2000	181.05999999999983	202.9

Run 5
50	22.191999999999993	121.9
75	41.84400000000005	121.9
100	60.89200000000005	132.9
125	71.85600000000007	132.9
150	80.96000000000008	167.9
175	89.70000000000002	167.9
200	97.41999999999999	172.9
225	111.27999999999993	192.9
250	117.87999999999991	192.9
275	131.13999999999987	192.9
300	137.83999999999986	199.9
325	143.93999999999986	199.9
350	151.11999999999986	199.9
375	157.37999999999982	199.9
400	160.59999999999982	199.9
425	164.55999999999986	199.9
450	169.39999999999986	199.9
475	169.39999999999986	199.9
500	171.35999999999984	199.9
525	173.71999999999986	200.9
550	175.41999999999985	200.9
575	176.57999999999984	200.9
600	178.13999999999982	200.9
625	180.41999999999982	200.9
650	180.6799999999998	200.9
675	181.31999999999982	200.9
700	181.8999999999998	200.9
725	181.8999999999998	200.9
750	182.21999999999983	200.9
775	182.49999999999983	200.9
800	183.91999999999982	200.9
825	184.81999999999982	201.9
850	185.03999999999982	201.9
875	185.41999999999982	201.9
900	185.81999999999982	201.9
925	185.93999999999983	201.9
950	185.93999999999983	201.9
975	186.09999999999982	201.9
1000	186.55999999999983	201.9
1025	186.55999999999983	201.9
1050	186.6799999999998	201.9
1075	187.2399999999998	201.9
1100	187.4599999999998	201.9
1125	188.21999999999983	205.9
1150	188.3999999999998	205.9
1175	189.19999999999982	206.9
1200	189.59999999999982	206.9
1225	189.97999999999982	206.9
1250	190.19999999999982	206.9
1275	190.43999999999983	206.9
1300	190.43999999999983	206.9
1325	190.59999999999982	206.9
1350	190.6199999999998	206.9
1375	190.6199999999998	206.9
1400	191.05999999999983	206.9
1425	191.4599999999998	206.9
1450	191.9599999999998	206.9
1475	192.09999999999982	206.9
1500	192.15999999999983	206.9
1525	192.25999999999982	206.9
1550	192.25999999999982	206.9
1575	192.41999999999982	206.9
1600	192.47999999999982	206.9
1625	193.1199999999998	216.9
1650	193.3999999999998	216.9
1675	193.8999999999998	216.9
1700	193.8999999999998	216.9
1725	194.4599999999998	216.9
1750	194.97999999999982	216.9
1775	195.09999999999982	216.9
1800	195.35999999999981	216.9
1825	195.4599999999998	216.9
1850	195.4599999999998	216.9
1875	195.7399999999998	216.9
1900	195.7399999999998	216.9
1925	195.7399999999998	216.9
1950	196.1799999999998	216.9
1975	196.1799999999998	216.9
2000	196.1799999999998	216.9

Run 6
50	22.091999999999995	165.9
75	37.572000000000045	165.9
100	54.49200000000003	165.9
125	71.02400000000004	165.9
150	85.15200000000003	165.9
175	96.61599999999999	170.9
200	109.46799999999992	179.9
225	119.5919999999999	179.9
250	127.71599999999988	179.9
275	135.47999999999988	179.9
300	141.71999999999989	179.9
325	145.37999999999985	179.9
350	148.51999999999987	179.9
375	151.35999999999984	179.9
400	155.75999999999985	179.9
425	158.43999999999986	191.9
450	160.87999999999985	191.9
475	161.73999999999984	191.9
500	162.85999999999984	191.9
525	164.91999999999985	191.9
550	167.33999999999986	191.9
575	168.23999999999987	191.9
600	168.51999999999987	191.9
625	170.37999999999985	191.9
650	170.93999999999986	191.9
675	171.49999999999986	191.9
700	172.59999999999985	198.9
725	172.99999999999986	198.9
750	173.37999999999985	198.9
775	173.65999999999985	198.9
800	173.65999999999985	198.9
825	173.87999999999985	198.9
850	174.33999999999986	198.9
875	174.81999999999985	198.9
900	174.89999999999986	198.9
925	176.15999999999985	198.9
950	176.51999999999987	198.9
975	177.07999999999984	198.9
1000	177.23999999999987	198.9
1025	177.27999999999986	198.9
1050	177.39999999999986	198.9
1075	177.39999999999986	198.9
1100	177.39999999999986	198.9
1125	177.57999999999984	198.9
1150	178.15999999999985	198.9
1175	178.67999999999986	198.9
1200	179.59999999999982	198.9
1225	180.1799999999998	198.9
1250	181.05999999999983	198.9
1275	181.43999999999983	198.9
1300	182.41999999999982	198.9
1325	182.41999999999982	198.9
1350	182.41999999999982	198.9
1375	182.41999999999982	198.9
1400	182.41999999999982	198.9
1425	182.93999999999983	198.9
1450	182.93999999999983	198.9
1475	183.65999999999983	198.9
1500	183.81999999999982	198.9
1525	184.75999999999982	198.9
1550	185.35999999999981	204.9
1575	186.27999999999983	220.9
1600	187.25999999999982	220.9
1625	187.25999999999982	220.9
1650	187.25999999999982	220.9
1675	187.25999999999982	220.9
1700	187.35999999999981	220.9
1725	187.99999999999983	220.9
1750	188.63999999999982	220.9
1775	189.1799999999998	220.9
1800	189.27999999999983	220.9
1825	189.27999999999983	220.9
1850	189.53999999999982	220.9
1875	189.53999999999982	220.9
1900	189.55999999999983	220.9
1925	190.09999999999982	220.9
1950	190.21999999999983	220.9
1975	190.21999999999983	220.9
2000	191.35999999999981	220.9

Run 7
50	18.047999999999988	79.9
75	36.296000000000056	118.9
100	54.788000000000046	141.9
125	68.75200000000004	141.9
150	79.58800000000005	141.9
175	87.38000000000004	141.9
200	91.93600000000004	141.9
225	95.868	141.9
250	99.148	141.9
275	103.94399999999997	141.9
300	106.18799999999999	141.9
325	108.86399999999996	141.9
350	110.69999999999995	141.9
375	113.15999999999993	149.9
400	113.75999999999993	149.9
425	118.7599999999999	161.9
450	120.27999999999992	161.9
475	123.31999999999991	161.9
500	124.99999999999989	161.9
525	127.69999999999989	161.9
550	129.21999999999989	165.9
575	131.8999999999999	165.9
600	132.73999999999987	165.9
625	134.85999999999987	165.9
650	136.31999999999988	165.9
675	138.69999999999987	176.9
700	139.89999999999986	176.9
725	140.57999999999987	176.9
750	141.31999999999988	176.9
775	142.29999999999984	176.9
800	145.81999999999988	176.9
825	147.19999999999987	176.9
850	150.05999999999986	182.9
875	152.27999999999986	182.9
900	153.29999999999984	182.9
925	156.33999999999986	185.9
950	159.33999999999983	185.9
975	162.17999999999984	185.9
1000	163.75999999999985	185.9
1025	165.71999999999986	185.9
1050	166.15999999999985	185.9
1075	168.59999999999985	185.9
1100	170.53999999999985	185.9
1125	171.33999999999986	185.9
1150	171.97999999999985	185.9
1175	172.87999999999985	185.9
1200	173.67999999999986	185.9
1225	174.43999999999986	185.9
1250	174.69999999999985	185.9
1275	175.17999999999986	185.9
1300	175.89999999999986	185.9
1325	176.73999999999987	210.9
1350	176.73999999999987	210.9
1375	176.89999999999986	210.9
1400	176.99999999999986	210.9
1425	176.99999999999986	210.9
1450	177.39999999999986	210.9
1475	177.49999999999986	210.9
1500	178.03999999999985	210.9
1525	178.13999999999984	210.9
1550	178.41999999999985	210.9
1575	178.87999999999985	210.9
1600	179.03999999999985	210.9
1625	179.65999999999985	210.9
1650	179.97999999999985	210.9
1675	179.97999999999985	210.9
1700	180.39999999999986	210.9
1725	181.03999999999985	210.9
1750	181.03999999999985	210.9
1775	181.41999999999982	210.9
1800	181.41999999999982	210.9
1825	181.65999999999983	210.9
1850	181.6799999999998	210.9
1875	182.03999999999982	210.9
1900	182.31999999999982	210.9
1925	182.75999999999982	210.9
1950	182.75999999999982	210.9
1975	182.7999999999998	210.9
2000	182.99999999999983	210.9

Run 8
50	23.72000000000001	103.9
75	46.20400000000005	103.9
100	63.01200000000007	103.9
125	69.84400000000007	103.9
150	76.81600000000007	103.9
175	81.04800000000006	103.9
200	85.56000000000003	124.9
225	87.42000000000003	124.9
250	90.52000000000002	148.9
275	91.74000000000002	148.9
300	93.88	148.9
325	95.8	148.9
350	97.02	148.9
375	99.11999999999998	148.9
400	103.33999999999996	151.9
425	104.27999999999996	151.9
450	107.51999999999994	151.9
475	109.05999999999995	151.9
500	110.91999999999994	151.9
525	112.01999999999994	151.9
550	114.63999999999993	151.9
575	117.77999999999992	163.9
600	118.29999999999991	163.9
625	119.77999999999992	163.9
650	121.8999999999999	164.9
675	122.85999999999989	164.9
700	124.77999999999989	164.9
725	128.53999999999988	174.9
750	131.41999999999987	174.9
775	131.83999999999986	174.9
800	133.73999999999987	175.9
825	133.85999999999987	175.9
850	135.87999999999988	175.9
875	135.87999999999988	175.9
900	136.37999999999988	175.9
925	136.85999999999987	175.9
950	137.33999999999986	175.9
975	140.9999999999999	175.9
1000	141.83999999999986	175.9
1025	143.25999999999988	175.9
1050	145.15999999999988	182.9
1075	145.15999999999988	182.9
1100	145.63999999999987	182.9
1125	145.87999999999988	182.9
1150	146.83999999999986	182.9
1175	147.37999999999985	182.9
1200	147.65999999999985	182.9
1225	148.17999999999986	182.9
1250	149.27999999999986	182.9
1275	149.77999999999986	182.9
1300	150.99999999999986	182.9
1325	150.99999999999986	182.9
1350	151.25999999999985	182.9
1375	152.91999999999985	182.9
1400	152.91999999999985	182.9
1425	153.81999999999985	182.9
1450	155.95999999999987	182.9
1475	156.65999999999985	182.9
1500	159.07999999999984	190.9
1525	159.07999999999984	190.9
1550	159.65999999999985	190.9
1575	160.01999999999987	190.9
1600	160.01999999999987	190.9
1625	160.13999999999984	190.9
1650	160.13999999999984	190.9
1675	162.21999999999983	195.9
1700	162.21999999999983	195.9
1725	162.79999999999984	195.9
1750	162.79999999999984	195.9
1775	163.85999999999984	195.9
1800	163.95999999999987	195.9
1825	164.47999999999985	195.9
1850	164.75999999999985	195.9
1875	164.75999999999985	195.9
1900	166.01999999999987	195.9
1925	166.49999999999986	195.9
1950	167.05999999999986	195.9
1975	167.05999999999986	195.9
2000	167.05999999999986	195.9

Run 9
50	22.88799999999999	137.9
75	50.07200000000005	143.9
100	71.98000000000006	143.9
125	82.35200000000006	143.9
150	93.03200000000001	143.9
175	103.82799999999996	172.9
200	111.22399999999992	172.9
225	116.22399999999992	172.9
250	121.85999999999989	172.9
275	128.43999999999988	173.9
300	135.27999999999986	197.9
325	138.23999999999987	197.9
350	140.29999999999987	197.9
375	143.41999999999987	197.9
400	146.15999999999985	197.9
425	148.21999999999986	197.9
450	151.41999999999985	197.9
475	153.23999999999987	197.9
500	155.13999999999984	197.9
525	155.99999999999986	197.9
550	157.45999999999987	197.9
575	157.95999999999987	197.9
600	158.65999999999985	197.9
625	160.61999999999983	197.9
650	161.83999999999983	197.9
675	162.03999999999985	197.9
700	162.85999999999984	197.9
725	164.31999999999985	197.9
750	166.03999999999985	197.9
775	167.43999999999986	202.9
800	168.93999999999986	202.9
825	169.91999999999985	202.9
850	170.33999999999986	202.9
875	171.13999999999984	202.9
900	171.77999999999986	202.9
925	171.91999999999985	202.9
950	172.09999999999985	202.9
975	172.51999999999987	202.9
1000	172.97999999999985	202.9
1025	173.63999999999984	202.9
1050	174.35999999999984	202.9
1075	174.77999999999986	202.9
1100	175.05999999999986	202.9
1125	175.73999999999987	202.9
1150	175.73999999999987	202.9
1175	176.85999999999984	202.9
1200	177.25999999999985	202.9
1225	177.99999999999983	202.9
1250	177.99999999999983	202.9
1275	179.03999999999982	202.9
1300	179.6199999999998	202.9
1325	180.7999999999998	210.9
1350	180.8399999999998	210.9
1375	181.6199999999998	210.9
1400	181.77999999999983	210.9
1425	181.9599999999998	210.9
1450	181.9599999999998	210.9
1475	183.3999999999998	210.9
1500	183.53999999999982	210.9
1525	183.53999999999982	210.9
1550	184.5799999999998	210.9
1575	184.5799999999998	210.9
1600	184.63999999999982	210.9
1625	185.21999999999983	210.9
1650	185.31999999999982	210.9
1675	185.69999999999982	210.9
1700	186.09999999999982	210.9
1725	186.3999999999998	210.9
1750	186.3999999999998	210.9
1775	186.59999999999982	210.9
1800	186.75999999999982	210.9
1825	186.75999999999982	210.9
1850	186.75999999999982	210.9
1875	187.05999999999983	210.9
1900	187.05999999999983	210.9
1925	187.0799999999998	210.9
1950	187.2999999999998	210.9
1975	187.2999999999998	210.9
2000	187.5799999999998	210.9

Run 10
50	21.05199999999999	99.9
75	43.53600000000005	140.9
100	62.072000000000045	160.9
125	75.02800000000005	160.9
150	85.18000000000004	176.9
175	96.93599999999998	176.9
200	108.58799999999994	178.9
225	115.9319999999999	178.9
250	123.39599999999987	178.9
275	130.39599999999984	178.9
300	135.57599999999985	179.9
325	140.37599999999986	185.9
350	141.51599999999985	185.9
375	144.43599999999984	185.9
400	148.43599999999986	190.9
425	151.35599999999985	190.9
450	154.41599999999983	190.9
475	156.61599999999984	190.9
500	158.55599999999984	190.9
525	160.91599999999983	190.9
550	160.97599999999983	190.9
575	161.41599999999983	190.9
600	163.69599999999983	190.9
625	164.43599999999984	190.9
650	165.45599999999985	190.9
675	166.31599999999983	190.9
700	167.43599999999986	190.9
725	169.59999999999985	199.9
750	169.59999999999985	199.9
775	170.27999999999986	199.9
800	170.79999999999984	199.9
825	171.35999999999984	199.9
850	172.65999999999985	199.9
875	173.59999999999985	199.9
900	173.65999999999985	199.9
925	174.21999999999986	199.9
950	175.77999999999986	199.9
975	175.77999999999986	199.9
1000	176.15999999999985	199.9
1025	177.31999999999985	199.9
1050	178.89999999999986	200.9
1075	179.77999999999983	200.9
1100	180.25999999999982	200.9
1125	180.6799999999998	200.9
1150	180.81999999999982	200.9
1175	181.0199999999998	200.9
1200	181.7399999999998	200.9
1225	181.7399999999998	200.9
1250	181.7999999999998	200.9
1275	182.1199999999998	200.9
1300	182.31999999999982	200.9
1325	182.49999999999983	200.9
1350	182.81999999999982	200.9
1375	183.3399999999998	200.9
1400	184.0199999999998	208.9
1425	184.0199999999998	208.9
1450	184.27999999999983	208.9
1475	184.27999999999983	208.9
1500	184.27999999999983	208.9
1525	184.55999999999983	208.9
1550	185.25999999999982	208.9
1575	185.27999999999983	208.9
1600	188.21999999999983	244.9
1625	188.35999999999981	244.9
1650	188.65999999999983	244.9
1675	188.65999999999983	244.9
1700	188.6799999999998	244.9
1725	188.6799999999998	244.9
1750	188.6799999999998	244.9
1775	188.77999999999983	244.9
1800	188.85999999999981	244.9
1825	189.49999999999983	244.9
1850	189.7999999999998	244.9
1875	189.85999999999981	244.9
1900	189.9599999999998	244.9
1925	189.9599999999998	244.9
1950	190.0199999999998	244.9
1975	190.09999999999982	244.9
2000	190.09999999999982	244.9

Run 11
50	24.83200000000001	143.9
75	44.888000000000055	143.9
100	61.10400000000004	143.9
125	77.01600000000006	143.9
150	90.68000000000002	143.9
175	96.22399999999999	143.9
200	102.796	143.9
225	107.51199999999997	175.9
250	108.80399999999996	175.9
275	110.89599999999994	175.9
300	113.79599999999995	175.9
325	114.66799999999994	175.9
350	116.77999999999993	175.9
375	119.35999999999991	175.9
400	120.43999999999991	175.9
425	121.73999999999991	175.9
450	125.0199999999999	175.9
475	125.91999999999989	175.9
500	128.1999999999999	178.9
525	129.7399999999999	178.9
550	130.81999999999988	178.9
575	132.59999999999988	178.9
600	133.91999999999987	178.9
625	134.63999999999987	178.9
650	137.69999999999987	178.9
675	139.61999999999986	178.9
700	142.87999999999988	178.9
725	145.05999999999986	178.9
750	146.51999999999987	178.9
775	148.35999999999984	178.9
800	149.17999999999986	178.9
825	150.13999999999984	178.9
850	151.45999999999987	178.9
875	151.77999999999986	178.9
900	152.57999999999984	178.9
925	153.47999999999985	178.9
950	153.47999999999985	178.9
975	153.47999999999985	178.9
1000	154.43999999999986	178.9
1025	154.89999999999986	178.9
1050	155.87999999999985	181.9
1075	156.17999999999986	181.9
1100	156.33999999999986	181.9
1125	157.63999999999984	182.9
1150	158.51999999999987	182.9
1175	159.11999999999986	182.9
1200	159.39999999999986	182.9
1225	160.45999999999987	182.9
1250	161.75999999999985	193.9
1275	163.99999999999986	193.9
1300	164.85999999999984	193.9
1325	164.85999999999984	193.9
1350	165.21999999999986	193.9
1375	165.69999999999985	193.9
1400	165.81999999999985	193.9
1425	166.49999999999986	193.9
1450	166.89999999999986	193.9
1475	167.05999999999986	193.9
1500	168.33999999999986	193.9
1525	168.33999999999986	193.9
1550	168.57999999999984	193.9
1575	168.57999999999984	193.9
1600	169.29999999999984	193.9
1625	169.49999999999986	193.9
1650	169.49999999999986	193.9
1675	169.97999999999985	193.9
1700	169.97999999999985	193.9
1725	170.43999999999986	193.9
1750	171.41999999999985	193.9
1775	171.41999999999985	193.9
1800	171.51999999999987	193.9
1825	172.07999999999984	193.9
1850	172.43999999999986	193.9
1875	172.73999999999987	193.9
1900	172.73999999999987	193.9
1925	172.73999999999987	193.9
1950	172.73999999999987	193.9
1975	172.73999999999987	193.9
2000	172.73999999999987	193.9

Run 12
50	21.907999999999998	103.9
75	47.16800000000006	158.9
100	66.31200000000007	158.9
125	79.87600000000006	160.9
150	92.84	171.9
175	102.43999999999994	185.9
200	107.57999999999993	185.9
225	115.01999999999991	185.9
250	122.3799999999999	185.9
275	135.03999999999985	191.9
300	141.57999999999984	191.9
325	146.33999999999986	191.9
350	150.03999999999985	191.9
375	151.39999999999986	191.9
400	155.01999999999987	191.9
425	159.13999999999984	191.9
450	159.77999999999983	191.9
475	160.73999999999984	191.9
500	161.75999999999985	191.9
525	163.53999999999985	191.9
550	164.85999999999984	191.9
575	165.43999999999986	191.9
600	166.07999999999984	191.9
625	168.03999999999985	191.9
650	168.59999999999985	191.9
675	169.51999999999987	191.9
700	169.75999999999985	191.9
725	170.01999999999987	191.9
750	170.53999999999985	191.9
775	171.05999999999986	191.9
800	171.95999999999987	191.9
825	172.19999999999985	191.9
850	172.25999999999985	191.9
875	173.09999999999985	191.9
900	173.69999999999985	191.9
925	173.69999999999985	191.9
950	173.81999999999985	191.9
975	173.99999999999986	191.9
1000	174.63999999999984	191.9
1025	175.07999999999984	191.9
1050	175.07999999999984	191.9
1075	175.59999999999985	192.9
1100	175.79999999999984	192.9
1125	175.85999999999984	192.9
1150	176.11999999999986	192.9
1175	177.25999999999985	201.9
1200	177.73999999999987	201.9
1225	177.85999999999984	201.9
1250	178.27999999999986	201.9
1275	178.51999999999987	201.9
1300	178.57999999999984	201.9
1325	178.99999999999986	201.9
1350	179.45999999999987	201.9
1375	179.55999999999986	201.9
1400	179.81999999999985	201.9
1425	180.37999999999985	201.9
1450	181.09999999999982	201.9
1475	181.09999999999982	201.9
1500	181.25999999999982	201.9
1525	181.3999999999998	201.9
1550	181.3999999999998	201.9
1575	181.5799999999998	201.9
1600	181.5799999999998	201.9
1625	181.85999999999981	201.9
1650	182.2399999999998	201.9
1675	182.37999999999982	201.9
1700	182.85999999999981	201.9
1725	183.0799999999998	201.9
1750	183.0799999999998	201.9
1775	183.43999999999983	201.9
1800	184.05999999999983	201.9
1825	184.0799999999998	201.9
1850	184.31999999999982	201.9
1875	184.3399999999998	201.9
1900	185.1199999999998	201.9
1925	185.1199999999998	201.9
1950	185.1199999999998	201.9
1975	185.1199999999998	201.9
2000	185.41999999999982	201.9

Run 13
50	18.107999999999986	102.9
75	35.572000000000045	102.9
100	57.63600000000006	105.9
125	76.00400000000002	107.9
150	85.28800000000005	168.9
175	94.12	168.9
200	98.57999999999998	168.9
225	109.17999999999992	181.9
250	114.01999999999992	181.9
275	118.37999999999991	181.9
300	119.79999999999991	181.9
325	123.69999999999989	181.9
350	126.7999999999999	181.9
375	131.03999999999988	181.9
400	136.93999999999986	181.9
425	141.09999999999985	181.9
450	142.41999999999985	181.9
475	149.21999999999986	181.9
500	153.29999999999984	181.9
525	154.97999999999985	181.9
550	158.61999999999983	181.9
575	161.33999999999983	181.9
600	163.71999999999983	183.9
625	164.17999999999986	183.9
650	166.89999999999986	186.9
675	168.49999999999986	186.9
700	169.23999999999987	186.9
725	170.19999999999985	186.9
750	170.79999999999984	186.9
775	172.01999999999987	190.9
800	173.39999999999986	190.9
825	174.55999999999986	192.9
850	175.19999999999985	192.9
875	176.17999999999986	192.9
900	176.97999999999985	192.9
925	177.69999999999985	192.9
950	177.83999999999986	192.9
975	178.01999999999987	192.9
1000	178.63999999999984	192.9
1025	179.13999999999984	192.9
1050	179.57999999999984	194.9
1075	180.45999999999987	194.9
1100	180.99999999999986	194.9
1125	181.19999999999985	194.9
1150	181.55999999999986	194.9
1175	181.77999999999986	194.9
1200	182.15999999999983	194.9
1225	182.15999999999983	194.9
1250	182.35999999999981	194.9
1275	182.53999999999982	194.9
1300	182.65999999999983	194.9
1325	182.71999999999983	194.9
1350	182.7399999999998	194.9
1375	182.97999999999982	194.9
1400	182.97999999999982	194.9
1425	183.1199999999998	194.9
1450	183.3999999999998	194.9
1475	183.49999999999983	194.9
1500	183.55999999999983	194.9
1525	183.85999999999981	194.9
1550	183.91999999999982	194.9
1575	184.13999999999982	194.9
1600	184.25999999999982	194.9
1625	184.25999999999982	194.9
1650	184.4599999999998	194.9
1675	184.6799999999998	194.9
1700	184.6799999999998	194.9
1725	184.97999999999982	194.9
1750	184.97999999999982	194.9
1775	184.97999999999982	194.9
1800	185.0799999999998	194.9
1825	185.41999999999982	194.9
1850	185.5799999999998	194.9
1875	185.91999999999982	195.9
1900	186.31999999999982	200.9
1925	186.3999999999998	200.9
1950	186.3999999999998	200.9
1975	186.65999999999983	200.9
2000	186.65999999999983	200.9

Run 14
50	17.443999999999985	68.9
75	35.892000000000046	82.9
100	49.01600000000005	94.9
125	57.80000000000006	94.9
150	70.72000000000007	114.9
175	79.70000000000007	121.9
200	87.18000000000004	155.9
225	93.48	191.9
250	96.38	191.9
275	99.89999999999998	191.9
300	104.09999999999997	191.9
325	110.21999999999993	191.9
350	112.89999999999992	191.9
375	115.5599999999999	191.9
400	118.3399999999999	191.9
425	121.1999999999999	191.9
450	123.13999999999989	191.9
475	125.39999999999989	191.9
500	128.1999999999999	191.9
525	131.33999999999986	191.9
550	131.75999999999988	191.9
575	135.77999999999986	191.9
600	137.93999999999986	191.9
625	139.97999999999985	191.9
650	144.43999999999986	191.9
675	145.03999999999985	191.9
700	147.31999999999985	191.9
725	152.51999999999987	199.9
750	155.17999999999986	199.9
775	155.17999999999986	199.9
800	158.03999999999985	199.9
825	159.41999999999985	199.9
850	161.11999999999983	199.9
875	163.35999999999984	199.9
900	164.31999999999985	199.9
925	164.35999999999984	199.9
950	165.01999999999987	199.9
975	165.43999999999986	199.9
1000	166.03999999999985	199.9
1025	166.37999999999985	199.9
1050	166.37999999999985	199.9
1075	167.01999999999987	199.9
1100	167.87999999999985	199.9
1125	168.95999999999987	199.9
1150	168.95999999999987	199.9
1175	169.07999999999984	199.9
1200	170.27999999999986	199.9
1225	170.27999999999986	199.9
1250	170.27999999999986	199.9
1275	170.65999999999985	199.9
1300	171.13999999999984	199.9
1325	172.61999999999986	199.9
1350	172.61999999999986	199.9
1375	172.61999999999986	199.9
1400	172.77999999999986	199.9
1425	172.79999999999984	199.9
1450	173.33999999999986	199.9
1475	173.59999999999985	199.9
1500	173.81999999999985	199.9
1525	174.53999999999985	199.9
1550	174.61999999999986	199.9
1575	174.61999999999986	199.9
1600	174.81999999999985	199.9
1625	174.81999999999985	199.9
1650	175.13999999999984	199.9
1675	175.13999999999984	199.9
1700	175.29999999999984	199.9
1725	175.45999999999987	199.9
1750	175.71999999999986	199.9
1775	175.77999999999986	199.9
1800	176.29999999999984	199.9
1825	176.59999999999985	199.9
1850	176.59999999999985	199.9
1875	176.71999999999986	199.9
1900	177.19999999999985	199.9
1925	177.47999999999985	199.9
1950	177.47999999999985	199.9
1975	177.57999999999984	199.9
2000	178.19999999999985	199.9

Run 15
50	26.31600000000001	89.9
75	44.14400000000005	99.9
100	61.608000000000054	99.9
125	69.50000000000006	119.9
150	78.88000000000007	168.9
175	86.78000000000003	168.9
200	90.06000000000002	168.9
225	92.84	168.9
250	95.04	168.9
275	98.81999999999998	168.9
300	101.77999999999996	168.9
325	104.41999999999996	168.9
350	108.63999999999994	168.9
375	109.99999999999994	168.9
400	112.57999999999993	168.9
425	115.69999999999993	168.9
450	118.8399999999999	177.9
475	119.49999999999991	177.9
500	123.97999999999989	177.9
525	125.5199999999999	177.9
550	127.61999999999989	177.9
575	129.43999999999988	177.9
600	129.61999999999986	177.9
625	130.91999999999987	177.9
650	131.93999999999988	177.9
675	133.93999999999988	177.9
700	135.31999999999988	177.9
725	136.09999999999988	177.9
750	136.09999999999988	177.9
775	136.09999999999988	177.9
800	137.09999999999988	177.9
825	137.47999999999988	177.9
850	138.75999999999988	177.9
875	140.55999999999986	178.9
900	141.73999999999987	178.9
925	143.33999999999986	178.9
950	144.85999999999987	178.9
975	145.57999999999987	178.9
1000	146.49999999999986	178.9
1025	147.79999999999984	182.9
1050	148.33999999999986	182.9
1075	149.55999999999986	182.9
1100	149.95999999999987	182.9
1125	151.15999999999985	182.9
1150	152.17999999999986	182.9
1175	152.79999999999984	182.9
1200	152.79999999999984	182.9
1225	153.51999999999987	182.9
1250	154.23999999999987	182.9
1275	155.51999999999987	182.9
1300	155.51999999999987	182.9
1325	156.23999999999987	182.9
1350	156.23999999999987	182.9
1375	156.35999999999984	182.9
1400	156.83999999999986	182.9
1425	157.41999999999985	182.9
1450	158.05999999999986	182.9
1475	158.05999999999986	182.9
1500	158.19999999999985	182.9
1525	161.43999999999983	182.9
1550	161.51999999999984	182.9
1575	162.89999999999984	183.9
1600	164.07999999999984	183.9
1625	164.45999999999987	183.9
1650	165.43999999999986	183.9
1675	167.13999999999984	191.9
1700	167.33999999999986	191.9
1725	169.21999999999986	191.9
1750	169.37999999999985	191.9
1775	169.37999999999985	191.9
1800	169.63999999999984	191.9
1825	169.91999999999985	191.9
1850	169.91999999999985	191.9
1875	169.91999999999985	191.9
1900	169.91999999999985	191.9
1925	171.03999999999985	191.9
1950	171.77999999999986	191.9
1975	172.07999999999984	191.9
2000	172.41999999999985	191.9

Run 16
50	19.235999999999994	90.9
75	33.87600000000004	116.9
100	48.14400000000004	116.9
125	61.272000000000055	116.9
150	71.48800000000007	154.9
175	78.86800000000007	154.9
200	85.42800000000005	168.9
225	92.152	174.9
250	98.30799999999998	174.9
275	101.98799999999997	174.9
300	105.18399999999995	174.9
325	108.38399999999996	174.9
350	110.05999999999993	174.9
375	114.2599999999999	174.9
400	118.49999999999989	174.9
425	122.9599999999999	196.9
450	124.1599999999999	196.9
475	126.79999999999987	196.9
500	127.63999999999987	196.9
525	129.45999999999987	196.9
550	134.97999999999985	196.9
575	139.33999999999986	196.9
600	141.95999999999987	196.9
625	142.99999999999986	196.9
650	144.77999999999986	196.9
675	148.49999999999986	196.9
700	149.89999999999986	196.9
725	151.31999999999982	196.9
750	152.67999999999984	196.9
775	158.19999999999985	197.9
800	158.85999999999984	197.9
825	160.07999999999984	197.9
850	161.23999999999984	197.9
875	165.49999999999986	197.9
900	166.99999999999986	197.9
925	168.09999999999985	197.9
950	169.15999999999985	199.9
975	169.47999999999985	199.9
1000	170.57999999999984	199.9
1025	170.57999999999984	199.9
1050	171.25999999999985	199.9
1075	171.33999999999986	199.9
1100	171.91999999999985	199.9
1125	173.15999999999985	199.9
1150	173.15999999999985	199.9
1175	173.15999999999985	199.9
1200	174.59999999999985	209.9
1225	175.77999999999986	209.9
1250	176.7399999999998	209.9
1275	177.15999999999983	209.9
1300	177.8999999999998	209.9
1325	178.09999999999982	209.9
1350	178.25999999999982	209.9
1375	178.81999999999982	209.9
1400	179.3399999999998	209.9
1425	179.53999999999982	209.9
1450	179.55999999999983	209.9
1475	179.93999999999983	209.9
1500	179.93999999999983	209.9
1525	179.93999999999983	209.9
1550	180.77999999999983	210.9
1575	180.9599999999998	210.9
1600	180.9599999999998	210.9
1625	181.91999999999982	210.9
1650	182.2399999999998	210.9
1675	183.0799999999998	210.9
1700	183.19999999999982	210.9
1725	183.19999999999982	210.9
1750	183.55999999999983	210.9
1775	184.4599999999998	210.9
1800	184.59999999999982	210.9
1825	184.71999999999983	210.9
1850	184.87999999999982	210.9
1875	184.91999999999982	210.9
1900	185.2399999999998	210.9
1925	185.3399999999998	210.9
1950	185.85999999999981	210.9
1975	185.87999999999982	210.9
2000	185.91999999999982	210.9

Run 17
50	21.543999999999997	91.9
75	41.672000000000054	91.9
100	53.240000000000066	147.9
125	61.36800000000006	147.9
150	75.33200000000006	180.9
175	83.51200000000004	180.9
200	89.98000000000002	180.9
225	95.87999999999998	180.9
250	98.97999999999998	180.9
275	103.79999999999997	180.9
300	107.23999999999995	182.9
325	107.97999999999995	182.9
350	109.07999999999994	182.9
375	113.11999999999993	182.9
400	114.35999999999993	182.9
425	115.11999999999993	182.9
450	117.33999999999993	193.9
475	118.6199999999999	193.9
500	118.79999999999991	193.9
525	119.67999999999991	193.9
550	122.49999999999991	193.9
575	124.0199999999999	193.9
600	129.39999999999986	193.9
625	132.05999999999986	193.9
650	132.59999999999988	193.9
675	137.81999999999985	193.9
700	140.37999999999985	193.9
725	144.43999999999983	193.9
750	148.95999999999984	193.9
775	149.79999999999984	193.9
800	151.89999999999984	193.9
825	153.37999999999982	193.9
850	154.03999999999985	193.9
875	157.05999999999983	193.9
900	158.91999999999985	193.9
925	160.29999999999984	193.9
950	161.05999999999983	193.9
975	162.89999999999984	193.9
1000	163.71999999999983	193.9
1025	163.71999999999983	193.9
1050	164.33999999999986	193.9
1075	165.53999999999985	193.9
1100	166.73999999999987	193.9
1125	167.01999999999987	193.9
1150	167.01999999999987	193.9
1175	167.57999999999984	193.9
1200	168.27999999999986	193.9
1225	168.27999999999986	193.9
1250	168.27999999999986	193.9
1275	168.79999999999984	193.9
1300	169.17999999999986	193.9
1325	169.87999999999985	193.9
1350	170.09999999999985	193.9
1375	171.29999999999984	193.9
1400	171.89999999999986	193.9
1425	173.09999999999985	193.9
1450	174.57999999999984	193.9
1475	174.69999999999985	193.9
1500	174.73999999999987	193.9
1525	175.01999999999987	193.9
1550	175.47999999999985	193.9
1575	175.97999999999985	193.9
1600	176.51999999999987	193.9
1625	176.51999999999987	193.9
1650	176.51999999999987	193.9
1675	176.71999999999986	193.9
1700	177.11999999999986	193.9
1725	177.17999999999986	193.9
1750	177.17999999999986	193.9
1775	177.17999999999986	193.9
1800	177.17999999999986	193.9
1825	177.17999999999986	193.9
1850	177.23999999999987	193.9
1875	177.51999999999987	193.9
1900	178.25999999999985	193.9
1925	178.69999999999985	193.9
1950	178.69999999999985	193.9
1975	178.69999999999985	193.9
2000	178.91999999999985	193.9

Run 18
50	22.723999999999993	111.9
75	39.60400000000005	111.9
100	53.54000000000005	111.9
125	65.91600000000005	151.9
150	76.38800000000006	160.9
175	83.04800000000006	160.9
200	92.74400000000001	160.9
225	101.17999999999996	160.9
250	105.09999999999995	170.9
275	107.91999999999994	170.9
300	110.59999999999992	170.9
325	112.29999999999993	170.9
350	115.03999999999992	170.9
375	121.35999999999989	173.9
400	123.2999999999999	173.9
425	125.57999999999988	173.9
450	130.95999999999987	178.9
475	138.95999999999987	178.9
500	140.41999999999985	178.9
525	141.85999999999984	178.9
550	143.99999999999986	178.9
575	146.55999999999986	181.9
600	146.85999999999984	181.9
625	150.27999999999986	181.9
650	154.95999999999987	181.9
675	156.11999999999986	181.9
700	157.13999999999984	181.9
725	157.79999999999984	181.9
750	158.73999999999987	181.9
775	159.89999999999986	181.9
800	159.89999999999986	181.9
825	160.93999999999986	181.9
850	162.51999999999987	181.9
875	163.63999999999984	181.9
900	164.27999999999986	181.9
925	164.85999999999984	181.9
950	165.33999999999986	181.9
975	166.23999999999987	192.9
1000	166.23999999999987	192.9
1025	166.97999999999985	192.9
1050	167.09999999999985	192.9
1075	167.09999999999985	192.9
1100	167.45999999999987	192.9
1125	167.91999999999985	192.9
1150	168.39999999999986	192.9
1175	168.71999999999986	192.9
1200	168.71999999999986	192.9
1225	168.77999999999986	192.9
1250	169.29999999999984	192.9
1275	169.33999999999986	192.9
1300	169.63999999999984	192.9
1325	169.97999999999985	192.9
1350	170.13999999999984	192.9
1375	170.71999999999986	192.9
1400	170.71999999999986	192.9
1425	170.71999999999986	192.9
1450	171.05999999999986	192.9
1475	171.37999999999985	192.9
1500	171.47999999999985	192.9
1525	171.67999999999986	192.9
1550	171.73999999999987	192.9
1575	171.77999999999986	192.9
1600	172.05999999999986	192.9
1625	172.39999999999986	192.9
1650	172.55999999999986	192.9
1675	172.55999999999986	192.9
1700	172.91999999999985	192.9
1725	172.91999999999985	192.9
1750	173.93999999999986	194.9
1775	173.93999999999986	194.9
1800	174.73999999999987	194.9
1825	174.73999999999987	194.9
1850	174.91999999999985	194.9
1875	175.01999999999987	194.9
1900	175.83999999999986	194.9
1925	175.83999999999986	194.9
1950	175.97999999999985	194.9
1975	175.97999999999985	194.9
2000	175.97999999999985	194.9

Run 19
50	24.611999999999995	89.9
75	43.99600000000005	89.9
100	54.272000000000055	89.9
125	64.87200000000004	146.1
150	71.74800000000003	146.1
175	80.46400000000001	146.1
200	85.18800000000003	146.1
225	90.97599999999998	146.1
250	97.47599999999997	161.9
275	102.48799999999997	161.9
300	105.53199999999997	161.9
325	109.612	161.9
350	112.10799999999998	161.9
375	115.35599999999998	161.9
400	119.77600000000001	161.9
425	124.40400000000004	193.1
450	127.51600000000008	193.1
475	129.48400000000007	193.1
500	131.12400000000008	193.1
525	133.52400000000006	193.1
550	135.38400000000007	193.1
575	136.10400000000007	193.1
600	137.7480000000001	193.1
625	138.0840000000001	193.1
650	139.3920000000001	193.1
675	140.41600000000014	193.1
700	141.29600000000013	193.1
725	141.89600000000013	193.1
750	143.89600000000013	193.1
775	145.73600000000013	193.1
800	147.39600000000013	193.1
825	148.59600000000012	193.1
850	148.63600000000014	193.1
875	149.77600000000015	193.1
900	149.77600000000015	193.1
925	150.43600000000015	193.1
950	150.69600000000014	193.1
975	152.93600000000015	193.1
1000	154.75600000000014	193.1
1025	155.13600000000014	193.1
1050	156.43600000000015	193.1
1075	157.37600000000015	193.1
1100	158.51600000000016	193.1
1125	158.75600000000014	193.1
1150	160.37600000000018	225.1
1175	162.97600000000017	225.1
1200	163.67600000000016	225.1
1225	167.23600000000016	225.1
1250	168.71600000000012	225.1
1275	170.91600000000017	225.1
1300	172.83600000000015	225.1
1325	175.77600000000018	255.1
1350	178.53600000000017	255.1
1375	181.51600000000016	255.1
1400	184.8800000000002	255.1
1425	188.0400000000002	255.1
1450	190.14000000000019	255.1
1475	191.28000000000017	255.1
1500	192.90000000000018	255.1
1525	193.62000000000018	255.1
1550	194.64000000000019	255.1
1575	194.86000000000018	255.1
1600	195.1000000000002	255.1
1625	195.28000000000017	255.1
1650	197.9200000000002	255.1
1675	198.44000000000017	255.1
1700	200.14000000000019	255.1
1725	200.7000000000002	255.1
1750	201.2600000000002	255.1
1775	201.2600000000002	255.1
1800	202.2600000000002	255.1
1825	203.12000000000018	255.1
1850	203.22000000000017	255.1
1875	203.22000000000017	255.1
1900	203.8200000000002	255.1
1925	204.2000000000002	255.1
1950	204.34000000000017	255.1
1975	204.44000000000017	255.1
2000	204.90000000000018	255.1

Run 20
50	9.93199999999999	67.9
75	23.63200000000003	96.9
100	42.812000000000054	96.9
125	57.16000000000006	98.9
150	66.26000000000006	139.9
175	77.30000000000007	139.9
200	84.38000000000005	155.9
225	87.50000000000004	155.9
250	94.84	179.9
275	99.37999999999997	179.9
300	105.43999999999994	179.9
325	112.73999999999992	179.9
350	117.7599999999999	179.9
375	124.71999999999989	179.9
400	130.61999999999986	179.9
425	137.95999999999987	179.9
450	142.39999999999986	179.9
475	147.19999999999985	179.9
500	152.57999999999984	191.9
525	155.23999999999987	191.9
550	156.85999999999984	191.9
575	158.57999999999984	191.9
600	160.39999999999986	191.9
625	161.51999999999984	191.9
650	162.33999999999983	191.9
675	166.29999999999984	193.9
700	166.31999999999985	193.9
725	168.05999999999986	193.9
750	169.11999999999986	193.9
775	169.93999999999986	193.9
800	170.49999999999986	193.9
825	171.17999999999986	193.9
850	171.33999999999986	193.9
875	171.33999999999986	193.9
900	172.83999999999986	193.9
925	173.19999999999985	193.9
950	173.29999999999984	193.9
975	173.97999999999985	193.9
1000	174.23999999999987	193.9
1025	174.63999999999984	193.9
1050	174.63999999999984	193.9
1075	174.93999999999986	193.9
1100	175.91999999999985	215.9
1125	176.69999999999985	215.9
1150	176.99999999999986	215.9
1175	177.61999999999986	215.9
1200	178.15999999999985	215.9
1225	178.17999999999986	215.9
1250	178.17999999999986	215.9
1275	178.35999999999984	215.9
1300	178.35999999999984	215.9
1325	178.35999999999984	215.9
1350	178.63999999999984	215.9
1375	178.85999999999984	215.9
1400	179.27999999999986	215.9
1425	179.37999999999985	215.9
1450	179.41999999999985	215.9
1475	179.81999999999985	215.9
1500	179.91999999999985	215.9
1525	180.15999999999985	215.9
1550	180.9599999999998	215.9
1575	181.2399999999998	215.9
1600	181.47999999999982	215.9
1625	181.6199999999998	215.9
1650	181.81999999999982	215.9
1675	181.85999999999981	215.9
1700	182.1199999999998	215.9
1725	182.13999999999982	215.9
1750	182.43999999999983	215.9
1775	182.85999999999981	215.9
1800	183.69999999999982	215.9
1825	183.69999999999982	215.9
1850	183.69999999999982	215.9
1875	183.8999999999998	215.9
1900	184.19999999999982	215.9
1925	184.21999999999983	215.9
1950	184.21999999999983	215.9
1975	184.47999999999982	215.9
2000	184.47999999999982	215.9

Run 21
50	20.49599999999999	88.9
75	35.80400000000004	88.9
100	54.59200000000006	165.5
125	63.36000000000006	165.5
150	72.21600000000007	165.5
175	75.31600000000006	165.5
200	80.51200000000006	165.5
225	87.26000000000002	165.5
250	91.68000000000002	165.5
275	95.43599999999998	165.5
300	100.324	165.9
325	103.89199999999997	165.9
350	111.17599999999995	173.9
375	113.58799999999995	173.9
400	121.89199999999995	173.9
425	127.82799999999993	192.9
450	133.87199999999993	192.9
475	138.9559999999999	215.9
500	143.3319999999999	215.9
525	148.3879999999999	215.9
550	152.0839999999999	215.9
575	155.82399999999987	215.9
600	160.65199999999987	215.9
625	162.33999999999986	215.9
650	165.81599999999983	215.9
675	167.11599999999984	215.9
700	169.44399999999985	215.9
725	170.10399999999987	215.9
750	170.94399999999987	215.9
775	171.96399999999986	215.9
800	172.50399999999988	215.9
825	172.98399999999987	215.9
850	174.80399999999986	215.9
875	175.38399999999987	215.9
900	176.50399999999982	215.9
925	179.14399999999983	234.9
950	181.0319999999998	234.9
975	181.3999999999998	234.9
1000	181.3999999999998	234.9
1025	181.53999999999982	234.9
1050	181.53999999999982	234.9
1075	181.97999999999982	234.9
1100	182.49999999999983	234.9
1125	183.15999999999983	234.9
1150	184.1799999999998	234.9
1175	184.1799999999998	234.9
1200	184.1799999999998	234.9
1225	184.21999999999983	234.9
1250	184.4599999999998	234.9
1275	184.69999999999982	234.9
1300	185.03999999999982	234.9
1325	185.25999999999982	234.9
1350	186.13999999999982	234.9
1375	186.13999999999982	234.9
1400	186.8399999999998	234.9
1425	187.47999999999982	234.9
1450	188.35999999999981	234.9
1475	188.4599999999998	234.9
1500	188.4599999999998	234.9
1525	189.53999999999982	234.9
1550	189.6799999999998	234.9
1575	189.75999999999982	234.9
1600	190.8999999999998	234.9
1625	191.27999999999983	234.9
1650	191.31999999999982	234.9
1675	191.31999999999982	234.9
1700	191.6199999999998	234.9
1725	192.19999999999982	234.9
1750	192.19999999999982	234.9
1775	192.49999999999983	234.9
1800	192.49999999999983	234.9
1825	192.53999999999982	234.9
1850	192.55999999999983	234.9
1875	192.8999999999998	234.9
1900	192.8999999999998	234.9
1925	192.8999999999998	234.9
1950	192.97999999999982	234.9
1975	193.0199999999998	234.9
2000	193.0799999999998	234.9

Run 22
50	26.828000000000007	104.7
75	42.744000000000035	104.7
100	57.29600000000005	104.7
125	67.48800000000004	104.9
150	76.46400000000004	128.9
175	80.41200000000005	128.9
200	88.49200000000002	149.1
225	93.01999999999998	149.1
250	97.78399999999996	158.9
275	104.69999999999999	204.9
300	108.72	204.9
325	115.01999999999994	204.9
350	120.37599999999993	204.9
375	124.77199999999992	204.9
400	128.3959999999999	204.9
425	130.47599999999989	204.9
450	136.13199999999986	204.9
475	136.23199999999986	204.9
500	142.35599999999988	204.9
525	146.5199999999999	204.9
550	149.35599999999988	204.9
575	152.63599999999988	204.9
600	155.23199999999989	204.9
625	157.0519999999999	204.9
650	159.65599999999992	204.9
675	162.09599999999992	204.9
700	164.5519999999999	204.9
725	164.8999999999999	204.9
750	165.3999999999999	204.9
775	166.33999999999992	204.9
800	166.67999999999992	204.9
825	167.05999999999992	204.9
850	168.07999999999993	204.9
875	168.8359999999999	204.9
900	169.27599999999993	204.9
925	170.3919999999999	204.9
950	171.15199999999987	204.9
975	172.3879999999999	204.9
1000	173.40399999999988	204.9
1025	173.42399999999986	204.9
1050	173.46399999999986	204.9
1075	174.22399999999988	204.9
1100	174.22399999999988	204.9
1125	174.22399999999988	204.9
1150	174.34399999999988	204.9
1175	174.34399999999988	204.9
1200	175.14399999999986	204.9
1225	175.28399999999988	204.9
1250	175.84399999999988	204.9
1275	175.84399999999988	204.9
1300	175.84399999999988	204.9
1325	175.84399999999988	204.9
1350	176.00399999999988	204.9
1375	176.30399999999986	204.9
1400	176.32399999999987	204.9
1425	176.76399999999987	204.9
1450	177.18399999999986	204.9
1475	177.18399999999986	204.9
1500	177.52399999999983	204.9
1525	177.52399999999983	204.9
1550	177.80399999999983	204.9
1575	177.80399999999983	204.9
1600	177.85999999999981	204.9
1625	177.8999999999998	204.9
1650	177.8999999999998	204.9
1675	178.15999999999983	204.9
1700	178.27999999999983	204.9
1725	178.55999999999983	204.9
1750	178.59999999999982	204.9
1775	178.85999999999981	204.9
1800	178.85999999999981	204.9
1825	178.91999999999982	204.9
1850	178.91999999999982	204.9
1875	179.0199999999998	204.9
1900	179.35999999999981	204.9
1925	179.35999999999981	204.9
1950	179.35999999999981	204.9
1975	180.09999999999982	204.9
2000	180.09999999999982	204.9

Run 23
50	16.039999999999992	89.9
75	32.32400000000005	112.9
100	49.20800000000005	112.9
125	63.74400000000004	112.9
150	74.89600000000004	152.9
175	82.77200000000006	152.9
200	86.50800000000002	152.9
225	91.28800000000003	152.9
250	94.82400000000001	152.9
275	100.97999999999996	161.9
300	105.71999999999994	161.9
325	109.77999999999993	164.9
350	111.47999999999993	164.9
375	115.4799999999999	178.9
400	118.71999999999991	178.9
425	121.41999999999989	178.9
450	123.85999999999989	178.9
475	128.21999999999989	185.9
500	130.01999999999987	185.9
525	132.45999999999987	185.9
550	134.91999999999987	185.9
575	137.23999999999987	185.9
600	140.45999999999987	185.9
625	141.41999999999985	185.9
650	143.13999999999984	185.9
675	145.39999999999986	185.9
700	147.13999999999984	185.9
725	147.13999999999984	185.9
750	149.43999999999986	185.9
775	150.11999999999986	185.9
800	152.05999999999986	185.9
825	152.73999999999987	185.9
850	155.51999999999987	185.9
875	157.49999999999986	185.9
900	159.15999999999985	185.9
925	160.75999999999985	185.9
950	161.89999999999986	185.9
975	161.89999999999986	185.9
1000	162.71999999999983	188.9
1025	163.37999999999982	188.9
1050	163.37999999999982	188.9
1075	164.03999999999985	188.9
1100	164.51999999999987	188.9
1125	166.07999999999984	190.9
1150	166.65999999999985	190.9
1175	167.39999999999986	190.9
1200	168.13999999999984	190.9
1225	168.39999999999986	190.9
1250	168.39999999999986	190.9
1275	168.55999999999986	190.9
1300	169.17999999999986	190.9
1325	169.17999999999986	190.9
1350	169.83999999999986	190.9
1375	170.21999999999986	190.9
1400	170.89999999999986	190.9
1425	170.89999999999986	190.9
1450	172.15999999999985	190.9
1475	172.23999999999987	190.9
1500	172.37999999999985	190.9
1525	173.23999999999987	190.9
1550	173.73999999999987	190.9
1575	173.87999999999985	190.9
1600	173.87999999999985	190.9
1625	174.41999999999985	190.9
1650	174.41999999999985	190.9
1675	174.55999999999986	190.9
1700	174.55999999999986	190.9
1725	175.15999999999985	190.9
1750	175.31999999999985	190.9
1775	175.71999999999986	190.9
1800	175.71999999999986	190.9
1825	175.71999999999986	190.9
1850	175.71999999999986	190.9
1875	175.85999999999984	190.9
1900	175.91999999999985	190.9
1925	176.07999999999984	190.9
1950	176.55999999999986	190.9
1975	176.55999999999986	190.9
2000	176.55999999999986	190.9

Run 24
50	16.419999999999987	86.9
75	32.048000000000044	92.9
100	55.26800000000005	98.9
125	69.73200000000006	100.9
150	78.58000000000007	172.9
175	87.58000000000004	183.9
200	95.22	183.9
225	100.71999999999997	183.9
250	103.07999999999997	183.9
275	106.85999999999994	183.9
300	114.07999999999993	183.9
325	117.01999999999991	183.9
350	123.3199999999999	183.9
375	129.21999999999989	183.9
400	131.97999999999988	183.9
425	133.33999999999986	183.9
450	136.25999999999985	183.9
475	138.35999999999984	195.9
500	140.91999999999985	195.9
525	142.73999999999987	195.9
550	144.29999999999984	195.9
575	145.51999999999987	195.9
600	149.47999999999985	195.9
625	152.85999999999984	195.9
650	156.79999999999984	195.9
675	157.17999999999984	195.9
700	157.17999999999984	195.9
725	158.43999999999983	195.9
750	162.27999999999983	195.9
775	162.27999999999983	195.9
800	162.27999999999983	195.9
825	163.79999999999984	195.9
850	166.25999999999985	195.9
875	168.07999999999984	195.9
900	170.33999999999986	195.9
925	170.69999999999985	195.9
950	170.85999999999984	195.9
975	171.43999999999986	195.9
1000	171.43999999999986	195.9
1025	171.81999999999985	195.9
1050	171.93999999999986	195.9
1075	171.93999999999986	195.9
1100	172.13999999999984	195.9
1125	172.37999999999985	195.9
1150	172.37999999999985	195.9
1175	172.87999999999985	195.9
1200	173.09999999999985	195.9
1225	174.23999999999987	195.9
1250	174.63999999999984	195.9
1275	174.63999999999984	195.9
1300	174.83999999999986	195.9
1325	174.83999999999986	195.9
1350	175.35999999999984	195.9
1375	175.37999999999985	195.9
1400	175.97999999999985	195.9
1425	176.33999999999986	195.9
1450	176.73999999999987	195.9
1475	176.85999999999984	195.9
1500	177.23999999999987	195.9
1525	177.49999999999986	195.9
1550	177.73999999999987	195.9
1575	177.97999999999985	195.9
1600	178.41999999999985	195.9
1625	178.41999999999985	195.9
1650	178.41999999999985	195.9
1675	178.41999999999985	195.9
1700	178.41999999999985	195.9
1725	178.63999999999984	195.9
1750	178.63999999999984	195.9
1775	178.77999999999986	195.9
1800	178.77999999999986	195.9
1825	179.21999999999986	195.9
1850	179.21999999999986	195.9
1875	179.21999999999986	195.9
1900	179.85999999999984	195.9
1925	179.87999999999985	195.9
1950	179.87999999999985	195.9
1975	179.93999999999986	195.9
2000	180.19999999999985	195.9

Run 25
50	19.79599999999998	91.9
75	41.76000000000005	122.9
100	62.808000000000064	184.9
125	76.76000000000008	184.9
150	85.68000000000004	184.9
175	95.02	184.9
200	103.95999999999995	184.9
225	105.95999999999995	184.9
250	111.13999999999993	184.9
275	114.31999999999992	184.9
300	119.67999999999991	184.9
325	122.49999999999991	184.9
350	127.85999999999989	184.9
375	131.97999999999988	184.9
400	135.63999999999987	184.9
425	136.25999999999988	184.9
450	138.35999999999987	184.9
475	140.57999999999987	184.9
500	141.91999999999985	184.9
525	144.97999999999985	203.9
550	148.45999999999987	203.9
575	150.39999999999986	203.9
600	152.57999999999984	203.9
625	153.19999999999985	203.9
650	153.67999999999986	203.9
675	155.43999999999986	203.9
700	155.49999999999986	203.9
725	155.59999999999985	203.9
750	157.55999999999986	203.9
775	157.55999999999986	203.9
800	157.73999999999987	203.9
825	158.23999999999987	203.9
850	158.89999999999986	203.9
875	160.67999999999984	203.9
900	161.97999999999985	203.9
925	162.51999999999984	203.9
950	162.51999999999984	203.9
975	162.51999999999984	203.9
1000	162.51999999999984	203.9
1025	164.19999999999985	228.9
1050	165.07999999999984	228.9
1075	165.07999999999984	228.9
1100	166.71999999999986	228.9
1125	167.99999999999986	228.9
1150	169.55999999999986	228.9
1175	171.03999999999985	228.9
1200	172.13999999999984	228.9
1225	172.13999999999984	228.9
1250	172.39999999999986	228.9
1275	172.85999999999984	228.9
1300	173.11999999999986	228.9
1325	174.99999999999983	228.9
1350	175.13999999999982	228.9
1375	175.31999999999982	228.9
1400	176.4599999999998	228.9
1425	176.4599999999998	228.9
1450	176.77999999999983	228.9
1475	177.5799999999998	228.9
1500	177.8399999999998	228.9
1525	177.8399999999998	228.9
1550	177.8399999999998	228.9
1575	177.8399999999998	228.9
1600	177.8399999999998	228.9
1625	178.21999999999983	228.9
1650	178.41999999999982	228.9
1675	179.1199999999998	228.9
1700	179.35999999999981	228.9
1725	179.3999999999998	228.9
1750	180.53999999999982	228.9
1775	180.53999999999982	228.9
1800	180.53999999999982	228.9
1825	180.53999999999982	228.9
1850	180.6799999999998	228.9
1875	181.35999999999981	228.9
1900	181.8399999999998	228.9
1925	181.8399999999998	228.9
1950	182.15999999999983	228.9
1975	182.59999999999982	228.9
2000	183.41999999999982	228.9

Run 26
50	11.455999999999994	84.9
75	30.68400000000005	122.9
100	48.32800000000006	122.9
125	61.52800000000005	122.9
150	70.16800000000006	122.9
175	79.51600000000006	141.9
200	84.01600000000006	148.9
225	87.52000000000004	148.9
250	90.80000000000001	148.9
275	93.2	148.9
300	98.75999999999998	148.9
325	100.81999999999998	148.9
350	104.59999999999997	148.9
375	107.65999999999994	148.9
400	109.79999999999994	148.9
425	113.45999999999992	170.9
450	114.09999999999992	170.9
475	118.65999999999991	176.9
500	121.85999999999991	176.9
525	125.7999999999999	179.9
550	126.8799999999999	179.9
575	128.1999999999999	179.9
600	130.0599999999999	179.9
625	131.75999999999988	179.9
650	132.63999999999987	179.9
675	135.65999999999988	179.9
700	137.07999999999987	179.9
725	139.17999999999986	179.9
750	139.17999999999986	179.9
775	140.07999999999987	179.9
800	140.21999999999989	179.9
825	141.43999999999988	179.9
850	142.31999999999985	179.9
875	142.97999999999985	179.9
900	145.23999999999987	179.9
925	145.93999999999986	179.9
950	147.73999999999987	179.9
975	148.37999999999985	179.9
1000	149.87999999999985	179.9
1025	150.65999999999985	179.9
1050	151.51999999999987	179.9
1075	151.67999999999986	179.9
1100	153.35999999999984	179.9
1125	155.13999999999984	179.9
1150	156.41999999999985	179.9
1175	157.69999999999985	179.9
1200	159.55999999999986	179.9
1225	159.57999999999984	179.9
1250	159.97999999999985	179.9
1275	160.49999999999986	179.9
1300	162.35999999999984	196.9
1325	164.35999999999984	196.9
1350	165.09999999999985	196.9
1375	166.01999999999987	196.9
1400	166.27999999999986	196.9
1425	166.87999999999985	196.9
1450	167.19999999999985	196.9
1475	167.71999999999986	196.9
1500	167.91999999999985	196.9
1525	168.47999999999985	196.9
1550	169.09999999999985	196.9
1575	169.79999999999984	196.9
1600	170.79999999999984	196.9
1625	171.27999999999986	196.9
1650	171.29999999999984	196.9
1675	172.23999999999987	205.9
1700	173.21999999999986	205.9
1725	173.23999999999987	205.9
1750	173.31999999999985	205.9
1775	174.09999999999985	205.9
1800	174.83999999999986	205.9
1825	175.33999999999986	205.9
1850	175.33999999999986	205.9
1875	175.65999999999985	205.9
1900	176.71999999999986	205.9
1925	177.47999999999985	205.9
1950	178.17999999999986	205.9
1975	178.73999999999987	205.9
2000	178.73999999999987	205.9

Run 27
50	23.232	108.9
75	44.61600000000005	108.9
100	63.09600000000007	108.9
125	75.61200000000007	108.9
150	86.25600000000004	171.9
175	94.57600000000001	171.9
200	101.08799999999998	171.9
225	107.20799999999994	171.9
250	110.92799999999994	175.9
275	112.90799999999994	175.9
300	119.3879999999999	175.9
325	124.77999999999989	175.9
350	128.43999999999988	175.9
375	130.4999999999999	175.9
400	138.43999999999986	239.9
425	140.43999999999986	239.9
450	142.01999999999987	239.9
475	145.23999999999987	239.9
500	148.11999999999983	239.9
525	150.07999999999984	239.9
550	151.65999999999983	239.9
575	153.15999999999983	239.9
600	155.03999999999985	239.9
625	162.29999999999984	239.9
650	166.41999999999985	239.9
675	170.13999999999984	239.9
700	172.25999999999982	239.9
725	173.8399999999998	239.9
750	174.87999999999982	239.9
775	175.6799999999998	239.9
800	177.19999999999982	239.9
825	179.09999999999982	239.9
850	180.55999999999983	239.9
875	180.81999999999982	239.9
900	181.41999999999982	239.9
925	181.77999999999983	239.9
950	183.03999999999982	239.9
975	184.15999999999983	239.9
1000	185.13999999999982	239.9
1025	186.1799999999998	239.9
1050	187.21999999999983	239.9
1075	188.3399999999998	239.9
1100	189.0799999999998	239.9
1125	189.99999999999983	239.9
1150	190.5799999999998	239.9
1175	190.75999999999982	239.9
1200	191.2999999999998	239.9
1225	191.2999999999998	239.9
1250	191.43999999999983	239.9
1275	191.75999999999982	239.9
1300	192.53999999999982	239.9
1325	192.85999999999981	239.9
1350	192.8999999999998	239.9
1375	193.13999999999982	239.9
1400	193.13999999999982	239.9
1425	193.4599999999998	239.9
1450	193.8999999999998	239.9
1475	194.2399999999998	239.9
1500	195.0799999999998	239.9
1525	196.0799999999998	239.9
1550	196.53999999999982	239.9
1575	196.53999999999982	239.9
1600	196.53999999999982	239.9
1625	196.93999999999983	239.9
1650	197.1199999999998	239.9
1675	197.3999999999998	239.9
1700	197.3999999999998	239.9
1725	197.49999999999983	239.9
1750	197.77999999999983	239.9
1775	198.6799999999998	239.9
1800	198.6799999999998	239.9
1825	198.93999999999983	239.9
1850	199.09999999999982	239.9
1875	199.09999999999982	239.9
1900	199.3399999999998	239.9
1925	199.3399999999998	239.9
1950	199.3399999999998	239.9
1975	199.3399999999998	239.9
2000	199.35999999999981	239.9

Run 28
50	23.963999999999995	127.9
75	48.78800000000005	176.9
100	63.728000000000065	176.9
125	73.08800000000006	176.9
150	83.26400000000005	176.9
175	97.90399999999998	176.9
200	106.51999999999994	176.9
225	114.93999999999993	176.9
250	119.73999999999991	176.9
275	124.83999999999989	176.9
300	129.65999999999988	176.9
325	135.79999999999987	185.9
350	137.71999999999986	185.9
375	143.25999999999985	185.9
400	144.65999999999985	185.9
425	148.97999999999985	185.9
450	151.39999999999986	185.9
475	155.07999999999984	185.9
500	157.69999999999985	185.9
525	160.27999999999983	185.9
550	163.03999999999985	185.9
575	163.77999999999983	185.9
600	164.61999999999986	186.9
625	166.33999999999986	186.9
650	166.33999999999986	186.9
675	166.55999999999986	186.9
700	168.31999999999985	190.9
725	169.47999999999985	190.9
750	170.81999999999985	190.9
775	171.67999999999986	190.9
800	171.91999999999985	190.9
825	172.15999999999985	190.9
850	172.79999999999984	190.9
875	172.99999999999986	190.9
900	173.17999999999986	190.9
925	173.27999999999986	190.9
950	174.33999999999986	190.9
975	174.33999999999986	190.9
1000	174.71999999999986	190.9
1025	174.85999999999984	190.9
1050	175.17999999999986	190.9
1075	175.71999999999986	190.9
1100	175.89999999999986	190.9
1125	175.95999999999987	190.9
1150	175.95999999999987	190.9
1175	175.95999999999987	190.9
1200	175.95999999999987	190.9
1225	175.95999999999987	190.9
1250	175.95999999999987	190.9
1275	176.07999999999984	190.9
1300	176.27999999999986	190.9
1325	176.41999999999985	190.9
1350	176.45999999999987	190.9
1375	177.09999999999985	196.9
1400	177.47999999999985	196.9
1425	178.03999999999985	196.9
1450	178.15999999999985	196.9
1475	178.31999999999985	196.9
1500	178.31999999999985	196.9
1525	178.89999999999986	196.9
1550	179.63999999999984	196.9
1575	180.25999999999985	196.9
1600	180.93999999999983	205.9
1625	180.93999999999983	205.9
1650	181.1799999999998	205.9
1675	181.43999999999983	205.9
1700	181.43999999999983	205.9
1725	181.43999999999983	205.9
1750	182.1199999999998	205.9
1775	182.53999999999982	205.9
1800	183.03999999999982	205.9
1825	183.21999999999983	205.9
1850	183.21999999999983	205.9
1875	183.21999999999983	205.9
1900	183.21999999999983	205.9
1925	183.85999999999981	205.9
1950	184.21999999999983	205.9
1975	184.21999999999983	205.9
2000	184.37999999999982	205.9

Run 29
50	16.54399999999999	138.9
75	36.716000000000065	200.9
100	63.240000000000066	200.9
125	80.04800000000007	200.9
150	95.21999999999997	200.9
175	108.83999999999993	200.9
200	115.43999999999991	200.9
225	126.99999999999987	203.9
250	130.83999999999986	203.9
275	141.93999999999986	210.9
300	148.09999999999985	210.9
325	148.75999999999985	210.9
350	149.53999999999985	210.9
375	153.29999999999984	210.9
400	156.67999999999984	210.9
425	160.01999999999984	210.9
450	168.63999999999982	210.9
475	171.19999999999982	210.9
500	173.7399999999998	210.9
525	174.55999999999983	210.9
550	177.6199999999998	210.9
575	179.5799999999998	210.9
600	180.87999999999982	210.9
625	181.63999999999982	210.9
650	183.43999999999983	210.9
675	184.8999999999998	210.9
700	186.15999999999983	210.9
725	187.2399999999998	210.9
750	187.8999999999998	210.9
775	187.8999999999998	210.9
800	188.13999999999982	210.9
825	188.41999999999982	210.9
850	188.7399999999998	210.9
875	188.87999999999982	210.9
900	189.2399999999998	210.9
925	189.35999999999981	210.9
950	189.77999999999983	210.9
975	189.93999999999983	210.9
1000	190.63999999999982	211.9
1025	190.7399999999998	211.9
1050	190.91999999999982	211.9
1075	191.05999999999983	211.9
1100	191.37999999999982	211.9
1125	191.59999999999982	211.9
1150	191.59999999999982	211.9
1175	191.6799999999998	211.9
1200	191.6799999999998	211.9
1225	192.1799999999998	211.9
1250	192.1799999999998	211.9
1275	192.31999999999982	211.9
1300	193.13999999999982	211.9
1325	193.13999999999982	211.9
1350	193.35999999999981	211.9
1375	193.55999999999983	211.9
1400	193.55999999999983	211.9
1425	193.55999999999983	211.9
1450	193.55999999999983	211.9
1475	193.93999999999983	211.9
1500	193.99999999999983	211.9
1525	193.99999999999983	211.9
1550	193.99999999999983	211.9
1575	193.99999999999983	211.9
1600	193.99999999999983	211.9
1625	194.27999999999983	211.9
1650	194.69999999999982	211.9
1675	194.87999999999982	211.9
1700	194.87999999999982	211.9
1725	195.8999999999998	221.9
1750	196.37999999999982	221.9
1775	196.37999999999982	221.9
1800	196.37999999999982	221.9
1825	196.41999999999982	221.9
1850	196.55999999999983	221.9
1875	196.55999999999983	221.9
1900	196.55999999999983	221.9
1925	196.71999999999983	221.9
1950	197.0199999999998	221.9
1975	197.0199999999998	221.9
2000	197.25999999999982	221.9

Run 30
50	16.15199999999999	82.9
75	36.61200000000005	127.9
100	54.852000000000054	129.9
125	67.66000000000007	129.9
150	75.80000000000007	133.9
175	82.18000000000008	133.9
200	93.9	189.9
225	101.23999999999997	189.9
250	109.07999999999993	189.9
275	118.5599999999999	197.9
300	122.35999999999991	197.9
325	125.61999999999989	197.9
350	128.1999999999999	197.9
375	132.85999999999987	197.9
400	136.51999999999987	197.9
425	138.77999999999986	197.9
450	140.35999999999987	197.9
475	145.91999999999985	197.9
500	145.93999999999986	197.9
525	149.43999999999986	208.9
550	154.29999999999984	211.9
575	157.41999999999985	211.9
600	158.33999999999983	211.9
625	159.85999999999984	211.9
650	161.35999999999984	211.9
675	162.99999999999983	211.9
700	164.39999999999986	211.9
725	165.59999999999985	211.9
750	165.59999999999985	211.9
775	166.43999999999986	211.9
800	167.09999999999985	211.9
825	167.93999999999986	211.9
850	169.73999999999987	211.9
875	170.41999999999985	211.9
900	172.09999999999985	212.9
925	173.5199999999998	212.9
950	173.7999999999998	212.9
975	174.0799999999998	212.9
1000	175.47999999999982	212.9
1025	176.41999999999982	212.9
1050	177.03999999999982	212.9
1075	177.2999999999998	212.9
1100	177.7999999999998	212.9
1125	178.1799999999998	212.9
1150	178.41999999999982	212.9
1175	178.65999999999983	212.9
1200	178.8999999999998	212.9
1225	179.13999999999982	212.9
1250	179.13999999999982	212.9
1275	179.13999999999982	212.9
1300	180.1799999999998	212.9
1325	181.1799999999998	212.9
1350	181.55999999999983	212.9
1375	181.77999999999983	212.9
1400	182.1799999999998	212.9
1425	182.97999999999982	212.9
1450	183.75999999999982	212.9
1475	183.77999999999983	212.9
1500	183.97999999999982	212.9
1525	184.49999999999983	212.9
1550	184.6199999999998	212.9
1575	184.6199999999998	212.9
1600	185.09999999999982	212.9
1625	185.09999999999982	212.9
1650	185.15999999999983	212.9
1675	185.15999999999983	212.9
1700	185.41999999999982	212.9
1725	186.05999999999983	212.9
1750	186.05999999999983	212.9
1775	186.19999999999982	212.9
1800	186.19999999999982	212.9
1825	186.35999999999981	212.9
1850	186.59999999999982	212.9
1875	186.65999999999983	212.9
1900	186.85999999999981	212.9
1925	187.47999999999982	212.9
1950	187.65999999999983	212.9
1975	188.0199999999998	212.9
2000	188.0799999999998	212.9

