Result Log
=== Config ===
runs per experiment = 30
fitness evals per run = 2000
seed = 5117597593969327144
log file = logs/10x15.log
solution file = solutions/10x15.sol
best world file = solutions/10x15.world
number of pac-men = 1
same controller for each pac-man = true
number of ghosts = 3
world width = 10
world height = 15
pill density = 50
wall density = 25
fruit spawning probability = .05
fruit score = 10
time multiplier = 2
population size = 50
offspring per generation = 25
max depth = 5
mutation chance = .5
parent selection method = 0
i-value = .2
j-value = .8
survival selection method = 0
tournament selection size = 15
parsimony penalty coefficient = .1
terminate on number of evals = true
terminate on n generations of stagnant best fitness = false
stagnant generations until termination = 5
=== End Config ===
Run 1
50	15.475999999999992	84.9
75	29.32800000000004	84.9
100	39.06400000000005	114.9
125	48.16000000000005	114.9
150	55.30000000000006	114.9
175	58.960000000000065	114.9
200	65.68000000000006	120.9
225	69.72000000000007	120.9
250	74.48000000000006	120.9
275	81.46000000000008	120.9
300	86.50000000000004	120.9
325	89.02000000000002	120.9
350	91.92000000000002	120.9
375	94.5	120.9
400	97.09999999999998	127.9
425	98.41999999999999	127.9
450	99.13999999999999	127.9
475	101.05999999999999	141.9
500	102.21999999999997	141.9
525	103.23999999999997	141.9
550	103.77999999999996	141.9
575	104.13999999999996	141.9
600	104.83999999999996	141.9
625	105.71999999999997	141.9
650	107.33999999999995	141.9
675	108.85999999999994	141.9
700	109.15999999999994	141.9
725	109.79999999999994	141.9
750	110.13999999999994	141.9
775	110.23999999999995	141.9
800	111.05999999999995	141.9
825	111.79999999999994	141.9
850	113.29999999999993	152.9
875	114.01999999999992	152.9
900	115.27999999999993	152.9
925	116.29999999999993	152.9
950	118.6199999999999	166.9
975	119.4199999999999	166.9
1000	121.21999999999991	166.9
1025	121.27999999999992	166.9
1050	121.9199999999999	166.9
1075	122.23999999999991	166.9
1100	122.37999999999991	166.9
1125	122.37999999999991	166.9
1150	122.4199999999999	166.9
1175	122.9799999999999	166.9
1200	123.13999999999992	166.9
1225	124.9799999999999	166.9
1250	125.8199999999999	166.9
1275	125.8199999999999	166.9
1300	126.71999999999989	166.9
1325	126.71999999999989	166.9
1350	127.0999999999999	166.9
1375	127.7399999999999	166.9
1400	127.7399999999999	166.9
1425	127.7399999999999	166.9
1450	128.2799999999999	166.9
1475	129.03999999999988	166.9
1500	131.5199999999999	167.9
1525	131.8999999999999	167.9
1550	131.93999999999988	167.9
1575	132.67999999999986	167.9
1600	133.53999999999988	167.9
1625	135.27999999999986	167.9
1650	136.59999999999988	167.9
1675	138.27999999999986	167.9
1700	138.33999999999986	167.9
1725	138.87999999999988	167.9
1750	138.87999999999988	167.9
1775	139.19999999999987	167.9
1800	139.91999999999987	167.9
1825	140.13999999999987	167.9
1850	140.35999999999987	167.9
1875	142.03999999999988	167.9
1900	142.21999999999989	167.9
1925	143.93999999999986	175.9
1950	144.21999999999986	175.9
1975	145.01999999999987	175.9
2000	146.05999999999986	175.9

Run 2
50	15.84799999999999	60.9
75	26.23200000000003	60.9
100	34.06800000000004	60.9
125	38.09200000000004	60.9
150	42.86400000000004	69.9
175	48.444000000000045	85.9
200	54.62800000000005	88.9
225	58.04800000000006	104.9
250	64.88400000000006	104.9
275	68.57200000000006	104.9
300	75.05200000000006	109.9
325	81.08000000000007	109.9
350	82.30000000000005	109.9
375	83.60000000000005	109.9
400	86.20000000000003	109.9
425	88.28000000000002	109.9
450	88.54000000000002	109.9
475	89.24000000000002	109.9
500	90.36000000000001	109.9
525	90.40000000000002	109.9
550	91.20000000000002	109.9
575	91.50000000000001	109.9
600	91.72000000000001	109.9
625	92.46000000000002	109.9
650	93.26000000000002	117.9
675	94.74	117.9
700	95.26	117.9
725	96.62	121.9
750	97.2	121.9
775	98.41999999999999	121.9
800	98.71999999999998	121.9
825	99.39999999999998	121.9
850	99.59999999999998	121.9
875	99.97999999999998	121.9
900	100.11999999999998	121.9
925	100.65999999999998	121.9
950	100.71999999999998	121.9
975	100.71999999999998	121.9
1000	100.73999999999998	121.9
1025	101.79999999999998	122.9
1050	102.33999999999997	122.9
1075	103.15999999999997	122.9
1100	103.27999999999996	122.9
1125	103.29999999999997	122.9
1150	103.65999999999997	122.9
1175	103.65999999999997	122.9
1200	103.65999999999997	122.9
1225	104.11999999999996	122.9
1250	104.27999999999996	122.9
1275	104.27999999999996	122.9
1300	104.45999999999997	122.9
1325	104.83999999999996	122.9
1350	104.83999999999996	122.9
1375	104.83999999999996	122.9
1400	105.11999999999996	122.9
1425	105.35999999999996	122.9
1450	105.35999999999996	122.9
1475	105.53999999999996	122.9
1500	105.53999999999996	122.9
1525	105.75999999999996	122.9
1550	105.79999999999997	122.9
1575	106.63999999999996	140.9
1600	107.01999999999997	140.9
1625	107.01999999999997	140.9
1650	107.15999999999997	140.9
1675	107.31999999999996	140.9
1700	107.31999999999996	140.9
1725	108.45999999999995	156.9
1750	109.61999999999995	156.9
1775	109.61999999999995	156.9
1800	109.75999999999995	156.9
1825	109.77999999999994	156.9
1850	109.77999999999994	156.9
1875	111.79999999999994	163.9
1900	113.19999999999993	163.9
1925	113.89999999999992	163.9
1950	113.89999999999992	163.9
1975	114.43999999999993	163.9
2000	114.45999999999992	163.9

Run 3
50	14.311999999999989	72.9
75	25.084000000000024	72.9
100	34.36400000000004	72.9
125	40.23600000000005	85.9
150	44.096000000000046	85.9
175	49.388000000000055	85.9
200	53.348000000000056	85.9
225	55.46800000000007	85.9
250	59.70800000000006	85.9
275	62.088000000000065	95.9
300	64.60000000000007	95.9
325	65.70000000000006	95.9
350	66.66000000000007	95.9
375	67.38000000000007	95.9
400	68.72000000000007	95.9
425	71.10000000000007	95.9
450	72.74000000000007	95.9
475	73.26000000000006	95.9
500	74.82000000000006	102.9
525	78.58000000000007	126.9
550	80.30000000000007	126.9
575	80.96000000000006	126.9
600	84.92000000000006	128.9
625	86.50000000000004	128.9
650	87.70000000000003	128.9
675	89.38000000000004	128.9
700	90.02000000000002	128.9
725	91.48000000000002	128.9
750	91.48000000000002	128.9
775	92.28000000000002	128.9
800	94.18	128.9
825	95.28	128.9
850	95.58	128.9
875	96.54	128.9
900	97.02	128.9
925	98.23999999999998	128.9
950	100.77999999999999	156.9
975	101.25999999999998	156.9
1000	101.77999999999999	156.9
1025	103.15999999999997	156.9
1050	103.51999999999997	156.9
1075	103.67999999999996	156.9
1100	104.93999999999997	156.9
1125	107.89999999999995	156.9
1150	111.33999999999993	156.9
1175	111.39999999999992	156.9
1200	111.55999999999993	156.9
1225	112.75999999999993	156.9
1250	113.67999999999992	156.9
1275	113.81999999999992	156.9
1300	113.87999999999992	156.9
1325	116.23999999999992	157.9
1350	116.35999999999993	157.9
1375	117.01999999999991	157.9
1400	117.95999999999991	157.9
1425	119.07999999999991	157.9
1450	119.57999999999991	157.9
1475	119.57999999999991	157.9
1500	120.73999999999991	157.9
1525	122.57999999999988	157.9
1550	125.39999999999989	157.9
1575	126.5999999999999	162.9
1600	128.1199999999999	162.9
1625	129.87999999999988	162.9
1650	130.8599999999999	162.9
1675	131.9599999999999	162.9
1700	132.65999999999988	162.9
1725	133.81999999999988	162.9
1750	133.85999999999987	162.9
1775	134.63999999999987	162.9
1800	137.07999999999987	162.9
1825	137.53999999999988	162.9
1850	137.53999999999988	162.9
1875	137.89999999999986	162.9
1900	138.21999999999989	162.9
1925	138.57999999999987	162.9
1950	138.87999999999988	162.9
1975	138.9999999999999	162.9
2000	138.9999999999999	162.9

Run 4
50	14.715999999999992	65.9
75	24.500000000000018	65.9
100	34.036000000000044	74.9
125	41.32000000000006	90.5
150	44.98400000000005	90.5
175	51.98000000000005	91.9
200	59.00400000000006	93.9
225	64.10400000000006	97.9
250	70.29200000000006	110.9
275	74.73600000000006	110.9
300	78.51600000000006	137.9
325	81.55600000000007	137.9
350	84.21600000000007	137.9
375	85.44400000000005	137.9
400	87.51600000000003	138.9
425	88.51600000000003	138.9
450	90.14400000000003	138.9
475	91.04400000000001	138.9
500	92.97200000000001	138.9
525	95.23199999999999	151.9
550	96.35199999999999	151.9
575	97.31199999999998	151.9
600	97.55199999999999	151.9
625	98.65199999999999	151.9
650	100.03199999999997	151.9
675	100.31199999999997	151.9
700	101.35199999999998	151.9
725	102.17199999999997	151.9
750	102.69199999999996	151.9
775	103.09199999999997	151.9
800	103.47199999999997	151.9
825	104.01999999999997	151.9
850	104.99999999999996	151.9
875	106.49999999999994	151.9
900	107.75999999999995	151.9
925	107.99999999999994	151.9
950	108.35999999999994	151.9
975	108.85999999999994	151.9
1000	109.13999999999994	151.9
1025	110.45999999999995	151.9
1050	112.21999999999993	151.9
1075	112.55999999999993	151.9
1100	112.55999999999993	151.9
1125	114.29999999999993	151.9
1150	114.31999999999992	151.9
1175	115.55999999999993	151.9
1200	116.53999999999992	151.9
1225	117.79999999999991	151.9
1250	117.8399999999999	151.9
1275	117.8399999999999	151.9
1300	118.21999999999991	151.9
1325	120.15999999999991	156.9
1350	120.35999999999991	156.9
1375	120.3999999999999	156.9
1400	120.77999999999992	156.9
1425	120.79999999999991	156.9
1450	121.6199999999999	156.9
1475	122.4799999999999	156.9
1500	123.3199999999999	156.9
1525	123.3199999999999	156.9
1550	123.6799999999999	156.9
1575	123.75999999999989	156.9
1600	123.75999999999989	156.9
1625	124.85999999999989	156.9
1650	124.85999999999989	156.9
1675	125.53999999999989	156.9
1700	125.91999999999989	156.9
1725	125.91999999999989	156.9
1750	126.69999999999989	156.9
1775	127.5999999999999	156.9
1800	129.25999999999988	156.9
1825	129.3399999999999	156.9
1850	129.4199999999999	156.9
1875	130.2399999999999	156.9
1900	130.2399999999999	156.9
1925	131.65999999999988	156.9
1950	133.59999999999988	162.9
1975	133.67999999999986	162.9
2000	133.73999999999987	162.9

Run 5
50	13.779999999999989	73.9
75	22.51200000000002	73.9
100	31.768000000000033	73.9
125	39.780000000000044	73.9
150	45.420000000000044	77.9
175	50.100000000000044	81.9
200	52.620000000000054	81.9
225	55.80800000000006	81.9
250	56.94800000000006	81.9
275	58.460000000000065	81.9
300	59.95200000000006	83.9
325	62.29200000000006	90.9
350	68.86000000000007	121.9
375	69.82000000000006	121.9
400	70.92000000000006	121.9
425	73.92000000000006	121.9
450	77.40000000000006	123.9
475	78.08000000000007	123.9
500	79.68000000000006	123.9
525	82.04000000000005	123.9
550	85.72000000000006	123.9
575	88.44000000000004	169.9
600	88.76000000000003	169.9
625	92.06000000000002	169.9
650	94.06	169.9
675	95.4	169.9
700	95.56	169.9
725	97.71999999999998	169.9
750	99.99999999999999	169.9
775	101.59999999999997	169.9
800	103.71999999999997	169.9
825	104.75999999999996	169.9
850	105.31999999999996	169.9
875	107.29999999999994	169.9
900	107.43999999999994	169.9
925	109.79999999999994	180.9
950	109.79999999999994	180.9
975	111.77999999999993	180.9
1000	111.77999999999993	180.9
1025	112.79999999999993	180.9
1050	114.03999999999992	180.9
1075	115.3399999999999	180.9
1100	115.3399999999999	180.9
1125	117.37999999999991	180.9
1150	117.79999999999991	180.9
1175	117.8399999999999	180.9
1200	119.15999999999991	180.9
1225	119.15999999999991	180.9
1250	119.29999999999991	180.9
1275	120.0599999999999	180.9
1300	120.1999999999999	180.9
1325	120.65999999999991	180.9
1350	121.21999999999989	180.9
1375	122.21999999999989	180.9
1400	122.25999999999989	180.9
1425	122.91999999999989	180.9
1450	123.1799999999999	180.9
1475	123.19999999999989	180.9
1500	123.77999999999989	180.9
1525	124.05999999999989	180.9
1550	124.05999999999989	180.9
1575	124.05999999999989	180.9
1600	124.05999999999989	180.9
1625	124.05999999999989	180.9
1650	124.05999999999989	180.9
1675	124.05999999999989	180.9
1700	124.05999999999989	180.9
1725	124.05999999999989	180.9
1750	124.05999999999989	180.9
1775	124.93999999999988	180.9
1800	126.33999999999989	180.9
1825	127.25999999999989	180.9
1850	127.25999999999989	180.9
1875	128.07999999999987	180.9
1900	128.75999999999988	180.9
1925	128.95999999999987	180.9
1950	128.95999999999987	180.9
1975	129.77999999999986	180.9
2000	130.57999999999987	180.9

Run 6
50	13.511999999999986	75.1
75	24.672000000000025	125.9
100	36.064000000000036	125.9
125	43.25200000000005	125.9
150	49.26000000000005	125.9
175	52.82400000000004	125.9
200	61.76000000000005	125.9
225	68.05200000000004	125.9
250	74.54000000000002	125.9
275	76.39600000000003	125.9
300	79.32400000000003	125.9
325	82.00800000000002	125.9
350	85.85600000000001	125.9
375	90.25599999999999	125.9
400	91.50000000000001	125.9
425	94.12800000000004	125.9
450	94.84000000000002	125.9
475	99.85599999999998	144.9
500	101.936	144.9
525	103.15199999999999	144.9
550	103.81199999999998	144.9
575	104.56799999999997	144.9
600	104.56799999999997	144.9
625	105.20399999999997	144.9
650	106.68399999999995	144.9
675	107.20399999999994	144.9
700	107.66399999999994	144.9
725	108.18399999999994	144.9
750	109.02399999999994	144.9
775	109.10399999999994	144.9
800	109.74399999999994	144.9
825	111.36399999999995	144.9
850	111.48399999999994	144.9
875	111.68399999999994	144.9
900	112.20399999999994	144.9
925	112.70399999999994	144.9
950	113.58399999999995	144.9
975	113.90399999999995	144.9
1000	114.22399999999995	144.9
1025	114.96399999999994	144.9
1050	114.96399999999994	144.9
1075	116.02399999999994	144.9
1100	116.10399999999994	144.9
1125	116.14399999999995	144.9
1150	116.20399999999994	144.9
1175	116.37999999999992	144.9
1200	116.91999999999993	144.9
1225	118.81999999999992	159.9
1250	118.89999999999992	159.9
1275	119.77999999999993	159.9
1300	120.65999999999991	159.9
1325	120.85999999999991	159.9
1350	121.17999999999991	159.9
1375	121.57999999999991	159.9
1400	122.2599999999999	159.9
1425	122.2599999999999	159.9
1450	122.59999999999991	159.9
1475	122.59999999999991	159.9
1500	123.31999999999991	159.9
1525	124.4199999999999	167.9
1550	124.77999999999992	167.9
1575	125.0399999999999	167.9
1600	125.85999999999991	167.9
1625	126.95999999999991	167.9
1650	127.1599999999999	167.9
1675	128.1199999999999	167.9
1700	128.3599999999999	167.9
1725	128.71999999999989	167.9
1750	128.8399999999999	167.9
1775	128.8599999999999	167.9
1800	128.9599999999999	167.9
1825	128.9599999999999	167.9
1850	129.1199999999999	167.9
1875	129.31999999999988	167.9
1900	130.09999999999988	167.9
1925	130.7799999999999	167.9
1950	130.7799999999999	167.9
1975	130.9999999999999	167.9
2000	130.9999999999999	167.9

Run 7
50	12.459999999999988	56.9
75	20.203999999999983	56.9
100	30.488000000000028	84.9
125	39.02000000000005	116.9
150	44.360000000000056	116.9
175	46.82000000000006	116.9
200	51.66000000000006	116.9
225	53.640000000000065	116.9
250	58.02000000000007	117.9
275	62.780000000000065	117.9
300	67.36000000000007	117.9
325	70.26000000000008	126.9
350	72.26000000000008	126.9
375	77.26000000000008	126.9
400	79.86000000000007	126.9
425	84.96000000000005	127.9
450	94.0	158.9
475	97.77999999999999	158.9
500	100.97999999999996	158.9
525	102.63999999999996	158.9
550	103.47999999999996	158.9
575	103.89999999999995	158.9
600	109.87999999999992	182.9
625	110.99999999999993	182.9
650	111.49999999999993	182.9
675	113.75999999999993	182.9
700	114.83999999999993	182.9
725	115.81999999999992	182.9
750	116.35999999999991	182.9
775	117.1999999999999	182.9
800	119.49999999999991	182.9
825	120.0399999999999	182.9
850	120.8399999999999	182.9
875	122.5399999999999	182.9
900	123.09999999999991	182.9
925	123.8799999999999	182.9
950	124.13999999999989	182.9
975	124.77999999999989	182.9
1000	125.49999999999989	182.9
1025	125.5199999999999	182.9
1050	126.47999999999989	182.9
1075	126.5999999999999	182.9
1100	126.8799999999999	182.9
1125	127.53999999999989	182.9
1150	127.75999999999989	182.9
1175	127.77999999999989	182.9
1200	127.77999999999989	182.9
1225	128.2399999999999	182.9
1250	129.5599999999999	182.9
1275	129.5599999999999	182.9
1300	129.6399999999999	182.9
1325	130.1199999999999	182.9
1350	130.7999999999999	182.9
1375	131.03999999999988	182.9
1400	131.21999999999989	182.9
1425	131.21999999999989	182.9
1450	131.21999999999989	182.9
1475	131.4799999999999	182.9
1500	131.53999999999988	182.9
1525	132.75999999999988	182.9
1550	133.75999999999988	182.9
1575	134.23999999999987	182.9
1600	134.23999999999987	182.9
1625	134.61999999999986	182.9
1650	134.61999999999986	182.9
1675	134.63999999999987	182.9
1700	134.63999999999987	182.9
1725	135.45999999999987	182.9
1750	135.45999999999987	182.9
1775	136.09999999999988	182.9
1800	136.73999999999987	182.9
1825	137.43999999999988	182.9
1850	138.21999999999989	182.9
1875	138.21999999999989	182.9
1900	138.21999999999989	182.9
1925	138.21999999999989	182.9
1950	138.21999999999989	182.9
1975	138.21999999999989	182.9
2000	138.53999999999988	182.9

Run 8
50	11.055999999999989	47.9
75	22.55600000000002	94.9
100	32.78800000000004	94.9
125	41.86800000000006	94.9
150	48.668000000000056	104.9
175	55.35600000000006	104.9
200	59.696000000000055	104.9
225	67.20000000000006	112.9
250	77.22000000000007	152.9
275	80.24000000000007	152.9
300	83.04000000000008	152.9
325	84.80000000000005	152.9
350	86.14000000000004	152.9
375	89.64000000000001	152.9
400	93.46	152.9
425	94.28	152.9
450	94.94	152.9
475	97.49999999999999	152.9
500	99.27999999999999	152.9
525	100.41999999999999	152.9
550	100.53999999999998	152.9
575	101.85999999999996	152.9
600	101.87999999999997	152.9
625	104.21999999999997	152.9
650	104.59999999999997	152.9
675	105.57999999999997	152.9
700	105.59999999999997	152.9
725	106.49999999999994	152.9
750	108.07999999999994	152.9
775	108.07999999999994	152.9
800	108.55999999999995	152.9
825	110.21999999999994	152.9
850	111.57999999999993	152.9
875	112.63999999999993	152.9
900	113.29999999999993	152.9
925	113.51999999999992	152.9
950	114.13999999999993	152.9
975	115.09999999999992	152.9
1000	115.09999999999992	152.9
1025	115.69999999999993	152.9
1050	115.91999999999993	152.9
1075	116.45999999999991	152.9
1100	117.01999999999991	152.9
1125	117.35999999999991	152.9
1150	117.5399999999999	152.9
1175	117.73999999999991	152.9
1200	117.81999999999991	152.9
1225	118.27999999999992	152.9
1250	118.9799999999999	152.9
1275	119.3399999999999	152.9
1300	119.3399999999999	152.9
1325	119.3399999999999	152.9
1350	119.59999999999991	152.9
1375	120.31999999999991	152.9
1400	120.67999999999991	152.9
1425	120.6999999999999	152.9
1450	122.43999999999991	152.9
1475	123.07999999999991	152.9
1500	123.07999999999991	152.9
1525	123.4799999999999	152.9
1550	124.61999999999989	161.9
1575	124.61999999999989	161.9
1600	124.61999999999989	161.9
1625	124.61999999999989	161.9
1650	124.61999999999989	161.9
1675	124.61999999999989	161.9
1700	124.77999999999989	161.9
1725	124.77999999999989	161.9
1750	125.7999999999999	161.9
1775	127.4599999999999	161.9
1800	127.4599999999999	161.9
1825	127.4599999999999	161.9
1850	127.71999999999989	161.9
1875	128.87999999999988	161.9
1900	129.4799999999999	161.9
1925	130.1799999999999	161.9
1950	130.4599999999999	161.9
1975	130.4599999999999	161.9
2000	130.4599999999999	161.9

Run 9
50	18.583999999999993	79.7
75	31.720000000000045	79.7
100	40.99600000000005	79.7
125	48.85600000000004	120.9
150	52.74000000000005	120.9
175	59.900000000000055	126.9
200	67.36400000000006	162.9
225	71.98800000000007	162.9
250	74.32800000000006	162.9
275	76.80400000000006	162.9
300	81.70800000000007	162.9
325	83.52800000000005	162.9
350	84.96800000000003	162.9
375	85.54800000000003	162.9
400	86.28800000000003	162.9
425	87.68800000000002	162.9
450	90.22800000000001	162.9
475	92.508	162.9
500	93.148	162.9
525	93.66799999999999	162.9
550	94.82800000000002	162.9
575	96.568	162.9
600	98.65999999999998	162.9
625	99.45999999999998	162.9
650	99.45999999999998	162.9
675	100.89999999999996	162.9
700	101.43999999999997	162.9
725	102.85999999999996	162.9
750	103.57999999999997	162.9
775	103.57999999999997	162.9
800	104.49999999999996	162.9
825	105.05999999999996	162.9
850	105.63999999999996	162.9
875	106.49999999999994	162.9
900	107.59999999999995	162.9
925	108.65999999999994	162.9
950	109.65999999999994	162.9
975	111.17999999999995	162.9
1000	111.99999999999994	162.9
1025	111.99999999999994	162.9
1050	112.87999999999992	162.9
1075	114.31999999999992	162.9
1100	114.79999999999993	162.9
1125	116.31999999999992	162.9
1150	116.31999999999992	162.9
1175	116.57999999999993	162.9
1200	117.37999999999992	162.9
1225	117.37999999999992	162.9
1250	117.71999999999993	162.9
1275	118.07999999999993	162.9
1300	118.37999999999992	162.9
1325	118.37999999999992	162.9
1350	118.81999999999992	162.9
1375	118.81999999999992	162.9
1400	119.2599999999999	162.9
1425	119.49999999999991	162.9
1450	120.0399999999999	162.9
1475	120.57999999999991	162.9
1500	121.31999999999991	162.9
1525	121.31999999999991	162.9
1550	121.31999999999991	162.9
1575	122.27999999999992	162.9
1600	122.27999999999992	162.9
1625	122.4199999999999	162.9
1650	122.4199999999999	162.9
1675	122.4199999999999	162.9
1700	122.4199999999999	162.9
1725	122.49999999999991	162.9
1750	122.49999999999991	162.9
1775	123.0399999999999	162.9
1800	123.0399999999999	162.9
1825	123.0399999999999	162.9
1850	123.07999999999991	162.9
1875	123.07999999999991	162.9
1900	123.07999999999991	162.9
1925	123.07999999999991	162.9
1950	123.07999999999991	162.9
1975	123.07999999999991	162.9
2000	123.21999999999991	162.9

Run 10
50	16.659999999999986	78.9
75	27.98800000000004	99.9
100	36.26800000000004	99.9
125	44.648000000000046	99.9
150	51.43200000000005	99.9
175	59.72000000000006	110.9
200	67.20000000000006	116.9
225	71.74000000000007	143.9
250	76.30000000000007	143.9
275	80.06000000000007	143.9
300	83.18000000000005	143.9
325	85.28000000000006	143.9
350	87.82000000000004	143.9
375	87.82000000000004	143.9
400	89.64000000000001	143.9
425	92.02000000000002	143.9
450	95.78	143.9
475	96.73999999999998	143.9
500	99.85999999999999	167.9
525	100.71999999999997	167.9
550	101.81999999999996	167.9
575	102.77999999999996	167.9
600	103.19999999999996	167.9
625	103.87999999999997	167.9
650	104.09999999999997	167.9
675	105.93999999999997	167.9
700	105.99999999999996	167.9
725	107.63999999999994	167.9
750	107.63999999999994	167.9
775	107.67999999999995	167.9
800	107.67999999999995	167.9
825	108.41999999999994	167.9
850	108.57999999999994	167.9
875	110.07999999999994	167.9
900	112.07999999999993	167.9
925	112.13999999999993	167.9
950	112.13999999999993	167.9
975	112.25999999999993	167.9
1000	112.91999999999993	167.9
1025	115.69999999999993	168.9
1050	115.69999999999993	168.9
1075	116.27999999999993	168.9
1100	116.27999999999993	168.9
1125	118.27999999999992	168.9
1150	118.85999999999991	168.9
1175	118.85999999999991	168.9
1200	119.23999999999991	168.9
1225	119.8999999999999	168.9
1250	121.9799999999999	168.9
1275	122.13999999999992	168.9
1300	122.13999999999992	168.9
1325	122.13999999999992	168.9
1350	122.13999999999992	168.9
1375	122.93999999999988	168.9
1400	122.93999999999988	168.9
1425	122.9599999999999	168.9
1450	122.9599999999999	168.9
1475	122.9599999999999	168.9
1500	122.9599999999999	168.9
1525	124.19999999999989	168.9
1550	125.6799999999999	168.9
1575	125.6799999999999	168.9
1600	127.7999999999999	168.9
1625	127.7999999999999	168.9
1650	127.7999999999999	168.9
1675	127.7999999999999	168.9
1700	127.7999999999999	168.9
1725	127.7999999999999	168.9
1750	127.7999999999999	168.9
1775	127.7999999999999	168.9
1800	127.93999999999988	168.9
1825	128.53999999999988	168.9
1850	129.09999999999988	168.9
1875	129.2999999999999	168.9
1900	129.2999999999999	168.9
1925	129.2999999999999	168.9
1950	130.43999999999988	168.9
1975	130.43999999999988	168.9
2000	130.43999999999988	168.9

Run 11
50	15.143999999999997	77.9
75	25.42400000000002	77.9
100	32.56000000000004	104.9
125	42.20000000000005	104.9
150	49.492000000000054	104.9
175	52.97200000000005	104.9
200	56.232000000000056	104.9
225	59.05600000000006	104.9
250	62.35600000000006	104.9
275	65.50000000000006	104.9
300	69.36000000000007	104.9
325	70.82000000000006	104.9
350	73.02000000000007	111.9
375	76.30000000000007	130.9
400	79.24000000000007	130.9
425	80.10000000000008	130.9
450	83.22000000000007	130.9
475	83.76000000000005	130.9
500	84.18000000000005	130.9
525	84.92000000000006	130.9
550	85.82000000000005	130.9
575	86.92000000000003	130.9
600	88.22000000000004	130.9
625	88.38000000000004	130.9
650	89.46000000000004	130.9
675	90.02000000000002	130.9
700	90.42000000000002	130.9
725	91.08000000000001	130.9
750	91.96000000000002	130.9
775	92.56000000000002	130.9
800	93.34000000000002	130.9
825	94.42	130.9
850	95.2	130.9
875	95.2	130.9
900	95.2	130.9
925	95.46	130.9
950	95.9	130.9
975	96.18	130.9
1000	96.18	130.9
1025	96.18	130.9
1050	96.24	130.9
1075	96.26	130.9
1100	97.2	130.9
1125	97.2	130.9
1150	97.4	130.9
1175	97.4	130.9
1200	97.68	130.9
1225	98.07999999999998	130.9
1250	98.07999999999998	130.9
1275	98.55999999999999	130.9
1300	99.89999999999998	130.9
1325	100.61999999999998	130.9
1350	100.77999999999999	130.9
1375	101.03999999999998	130.9
1400	101.37999999999998	130.9
1425	102.19999999999999	130.9
1450	102.19999999999999	130.9
1475	102.21999999999998	130.9
1500	102.87999999999997	130.9
1525	103.23999999999997	130.9
1550	103.51999999999997	130.9
1575	103.51999999999997	130.9
1600	103.51999999999997	130.9
1625	103.51999999999997	130.9
1650	103.51999999999997	130.9
1675	103.51999999999997	130.9
1700	103.71999999999997	130.9
1725	103.93999999999997	130.9
1750	103.93999999999997	130.9
1775	104.29999999999997	130.9
1800	104.37999999999997	130.9
1825	104.37999999999997	130.9
1850	104.37999999999997	130.9
1875	104.43999999999997	130.9
1900	104.63999999999996	130.9
1925	105.21999999999997	130.9
1950	105.21999999999997	130.9
1975	105.67999999999996	130.9
2000	105.73999999999997	130.9

Run 12
50	16.12799999999999	80.7
75	28.21600000000004	117.9
100	39.57600000000004	117.9
125	46.78000000000006	117.9
150	50.46400000000005	117.9
175	56.96000000000004	127.7
200	60.34400000000005	127.7
225	63.392000000000046	127.7
250	67.86000000000001	127.7
275	73.04400000000001	148.9
300	75.62400000000001	148.9
325	78.98400000000004	148.9
350	83.63200000000005	148.9
375	87.82000000000002	148.9
400	88.96400000000001	148.9
425	91.14399999999999	148.9
450	92.64399999999999	148.9
475	94.164	148.9
500	96.02799999999999	148.9
525	98.94399999999997	152.9
550	99.36399999999998	152.9
575	100.40399999999998	152.9
600	100.89199999999997	152.9
625	103.47199999999995	152.9
650	104.65199999999997	152.9
675	105.27199999999998	152.9
700	106.57199999999995	152.9
725	107.87199999999996	152.9
750	108.33599999999996	152.9
775	109.99599999999995	152.9
800	110.59599999999995	152.9
825	111.13599999999995	152.9
850	111.31599999999995	152.9
875	112.03599999999994	152.9
900	112.49599999999995	152.9
925	113.03599999999993	152.9
950	114.17599999999993	152.9
975	115.57599999999994	165.9
1000	116.17599999999993	165.9
1025	118.6559999999999	165.9
1050	118.95599999999992	165.9
1075	119.67599999999992	165.9
1100	120.23599999999992	165.9
1125	121.27599999999991	165.9
1150	121.27599999999991	165.9
1175	121.33599999999991	165.9
1200	121.53599999999992	165.9
1225	121.57599999999991	165.9
1250	121.61599999999991	165.9
1275	121.61599999999991	165.9
1300	122.39599999999992	165.9
1325	122.57599999999991	165.9
1350	122.93599999999991	165.9
1375	123.4959999999999	165.9
1400	123.4959999999999	165.9
1425	124.4759999999999	165.9
1450	125.2559999999999	165.9
1475	125.45599999999989	165.9
1500	126.0759999999999	165.9
1525	126.4959999999999	165.9
1550	126.4959999999999	165.9
1575	126.5759999999999	165.9
1600	126.5759999999999	165.9
1625	126.9359999999999	165.9
1650	126.9359999999999	165.9
1675	126.9359999999999	165.9
1700	127.17599999999989	165.9
1725	128.0959999999999	165.9
1750	128.0959999999999	165.9
1775	128.65599999999986	165.9
1800	128.65599999999986	165.9
1825	128.87599999999986	165.9
1850	129.27599999999987	165.9
1875	129.61599999999987	165.9
1900	129.61599999999987	165.9
1925	129.61599999999987	165.9
1950	130.3159999999999	165.9
1975	131.15599999999986	165.9
2000	131.15599999999986	165.9

Run 13
50	14.951999999999991	83.5
75	24.720000000000024	83.5
100	30.75600000000002	83.5
125	39.576000000000015	83.5
150	43.44800000000002	83.5
175	47.38000000000001	83.5
200	50.29200000000001	105.9
225	54.54000000000002	114.9
250	57.276000000000025	114.9
275	60.704000000000015	117.5
300	63.66800000000003	117.5
325	66.73600000000002	117.5
350	68.32400000000003	117.5
375	69.87600000000003	117.5
400	71.66000000000004	117.5
425	74.96000000000004	134.9
450	78.09200000000004	134.9
475	80.96800000000003	134.9
500	81.84800000000004	134.9
525	82.58400000000003	134.9
550	83.85600000000004	134.9
575	85.19600000000003	134.9
600	88.30799999999999	134.9
625	89.54400000000001	134.9
650	93.34800000000001	134.9
675	94.98800000000001	157.9
700	97.70399999999998	157.9
725	99.01199999999999	157.9
750	99.07199999999999	157.9
775	99.332	157.9
800	100.33200000000001	157.9
825	101.52	157.9
850	101.7	157.9
875	102.29599999999999	157.9
900	102.448	157.9
925	104.444	157.9
950	105.87599999999995	157.9
975	105.87599999999995	157.9
1000	106.53599999999999	157.9
1025	108.09599999999999	163.9
1050	108.09599999999999	163.9
1075	108.43599999999998	163.9
1100	109.95199999999997	163.9
1125	111.13199999999998	163.9
1150	113.64399999999992	163.9
1175	113.68399999999993	163.9
1200	114.10399999999993	163.9
1225	114.18399999999993	163.9
1250	114.18399999999993	163.9
1275	114.54399999999993	163.9
1300	115.26399999999992	163.9
1325	115.46399999999993	163.9
1350	115.46399999999993	163.9
1375	115.60399999999993	163.9
1400	116.56399999999992	163.9
1425	117.16399999999994	163.9
1450	117.16399999999994	163.9
1475	117.96399999999993	163.9
1500	119.46399999999993	164.9
1525	120.16399999999993	164.9
1550	120.96399999999993	164.9
1575	120.96399999999993	164.9
1600	120.96399999999993	164.9
1625	121.62399999999992	164.9
1650	122.98399999999991	168.9
1675	123.27199999999989	168.9
1700	123.3319999999999	168.9
1725	124.8519999999999	168.9
1750	125.4519999999999	168.9
1775	126.0719999999999	168.9
1800	126.7839999999999	168.9
1825	127.2839999999999	168.9
1850	128.02399999999992	168.9
1875	128.2039999999999	168.9
1900	128.2039999999999	168.9
1925	128.2039999999999	168.9
1950	128.4439999999999	168.9
1975	128.6239999999999	168.9
2000	129.02399999999992	168.9

Run 14
50	13.751999999999992	75.9
75	27.08400000000004	91.9
100	37.940000000000055	91.9
125	44.18000000000006	91.9
150	51.740000000000066	123.9
175	58.780000000000065	125.9
200	61.48000000000006	125.9
225	64.18000000000006	125.9
250	66.82000000000006	125.9
275	68.70000000000006	125.9
300	71.60000000000007	125.9
325	72.64000000000006	125.9
350	75.28000000000006	125.9
375	76.58000000000007	125.9
400	78.22000000000007	125.9
425	80.26000000000008	125.9
450	80.48000000000008	125.9
475	81.84000000000007	125.9
500	82.92000000000007	125.9
525	83.84000000000006	125.9
550	83.88000000000005	125.9
575	85.48000000000006	125.9
600	86.08000000000006	125.9
625	87.26000000000003	125.9
650	88.14000000000004	125.9
675	89.88000000000002	125.9
700	91.06000000000002	125.9
725	93.12	135.9
750	93.62	135.9
775	94.3	135.9
800	94.88	135.9
825	94.88	135.9
850	96.42	135.9
875	96.85999999999999	135.9
900	96.87999999999998	135.9
925	97.45999999999998	135.9
950	97.45999999999998	135.9
975	98.69999999999999	140.9
1000	98.83999999999997	140.9
1025	98.85999999999999	140.9
1050	99.03999999999998	140.9
1075	99.71999999999998	140.9
1100	99.99999999999999	140.9
1125	100.39999999999998	140.9
1150	101.39999999999996	140.9
1175	101.63999999999996	140.9
1200	101.95999999999997	140.9
1225	101.97999999999996	140.9
1250	102.45999999999997	140.9
1275	102.79999999999997	140.9
1300	103.67999999999996	140.9
1325	103.67999999999996	140.9
1350	103.67999999999996	140.9
1375	103.67999999999996	140.9
1400	105.45999999999997	140.9
1425	106.09999999999995	140.9
1450	106.85999999999994	140.9
1475	107.77999999999994	140.9
1500	107.91999999999994	140.9
1525	107.91999999999994	140.9
1550	107.91999999999994	140.9
1575	108.23999999999995	140.9
1600	108.23999999999995	140.9
1625	108.23999999999995	140.9
1650	108.47999999999995	140.9
1675	108.47999999999995	140.9
1700	108.99999999999994	140.9
1725	109.49999999999994	140.9
1750	109.49999999999994	140.9
1775	109.75999999999995	140.9
1800	109.97999999999995	140.9
1825	110.03999999999995	140.9
1850	110.03999999999995	140.9
1875	110.21999999999994	140.9
1900	110.39999999999995	140.9
1925	110.39999999999995	140.9
1950	110.55999999999995	140.9
1975	110.79999999999994	140.9
2000	110.83999999999995	140.9

Run 15
50	13.051999999999985	76.9
75	23.956000000000028	76.9
100	31.048000000000037	76.9
125	38.44000000000004	76.9
150	42.85200000000005	76.9
175	46.340000000000046	95.9
200	53.87600000000006	99.9
225	56.67600000000006	100.9
250	62.09600000000007	100.9
275	65.93600000000006	100.9
300	71.23600000000006	104.9
325	74.55600000000005	104.9
350	75.59600000000006	104.9
375	76.52000000000007	104.9
400	79.64000000000007	139.9
425	80.24000000000007	139.9
450	82.58000000000007	139.9
475	83.62000000000006	139.9
500	84.92000000000006	139.9
525	85.90000000000005	139.9
550	87.26000000000003	139.9
575	87.88000000000004	139.9
600	88.08000000000004	139.9
625	88.44000000000004	139.9
650	89.28000000000003	139.9
675	91.98000000000002	164.9
700	92.04000000000002	164.9
725	92.04000000000002	164.9
750	92.04000000000002	164.9
775	93.48	164.9
800	93.96	164.9
825	94.42	164.9
850	95.02	164.9
875	95.2	164.9
900	95.4	164.9
925	96.3	164.9
950	96.46	164.9
975	96.8	164.9
1000	97.18	164.9
1025	97.75999999999998	164.9
1050	99.63999999999999	164.9
1075	99.63999999999999	164.9
1100	100.31999999999998	164.9
1125	100.85999999999999	164.9
1150	101.61999999999998	164.9
1175	101.69999999999999	164.9
1200	102.29999999999997	164.9
1225	102.99999999999996	164.9
1250	102.99999999999996	164.9
1275	102.99999999999996	164.9
1300	103.11999999999996	164.9
1325	103.25999999999996	164.9
1350	104.11999999999996	164.9
1375	104.73999999999997	164.9
1400	105.35999999999996	164.9
1425	106.13999999999996	164.9
1450	106.23999999999997	164.9
1475	106.35999999999996	164.9
1500	106.37999999999997	164.9
1525	107.31999999999995	164.9
1550	107.41999999999994	164.9
1575	107.69999999999995	164.9
1600	107.69999999999995	164.9
1625	107.69999999999995	164.9
1650	107.69999999999995	164.9
1675	108.59999999999995	164.9
1700	108.59999999999995	164.9
1725	108.83999999999995	164.9
1750	108.83999999999995	164.9
1775	109.79999999999994	164.9
1800	109.79999999999994	164.9
1825	109.87999999999994	164.9
1850	110.39999999999995	164.9
1875	110.39999999999995	164.9
1900	110.51999999999994	164.9
1925	110.51999999999994	164.9
1950	111.23999999999995	164.9
1975	111.43999999999994	164.9
2000	111.89999999999995	164.9

Run 16
50	12.983999999999991	58.9
75	19.831999999999983	58.9
100	28.096000000000025	61.9
125	34.75200000000004	84.9
150	37.344000000000044	84.9
175	41.10400000000004	84.9
200	47.38400000000005	84.9
225	51.94400000000006	108.9
250	52.64400000000006	108.9
275	56.87600000000006	108.9
300	62.66800000000006	127.9
325	66.48800000000007	127.9
350	68.08800000000006	127.9
375	70.42000000000006	127.9
400	75.82000000000006	127.9
425	82.32000000000008	127.9
450	83.74000000000005	127.9
475	86.78000000000003	127.9
500	89.40000000000002	127.9
525	90.84000000000002	127.9
550	94.94	145.9
575	98.33999999999997	145.9
600	100.73999999999998	145.9
625	103.01999999999997	145.9
650	104.09999999999997	145.9
675	105.17999999999996	145.9
700	107.41999999999994	147.9
725	107.87999999999994	147.9
750	111.69999999999993	148.9
775	112.39999999999992	148.9
800	114.59999999999992	148.9
825	117.65999999999991	148.9
850	119.13999999999992	148.9
875	120.57999999999991	148.9
900	120.65999999999991	148.9
925	120.65999999999991	148.9
950	122.77999999999992	149.9
975	124.25999999999989	156.9
1000	125.3199999999999	156.9
1025	126.2999999999999	156.9
1050	127.8199999999999	156.9
1075	128.1799999999999	156.9
1100	129.5799999999999	156.9
1125	129.6999999999999	156.9
1150	129.6999999999999	156.9
1175	132.2399999999999	175.9
1200	134.67999999999986	175.9
1225	135.57999999999987	175.9
1250	136.69999999999987	175.9
1275	136.69999999999987	175.9
1300	137.51999999999987	175.9
1325	138.9999999999999	175.9
1350	140.91999999999987	175.9
1375	141.23999999999987	175.9
1400	141.61999999999986	175.9
1425	142.87999999999988	175.9
1450	143.95999999999987	175.9
1475	144.91999999999987	175.9
1500	144.93999999999988	175.9
1525	145.05999999999986	175.9
1550	145.05999999999986	175.9
1575	146.23999999999987	175.9
1600	146.75999999999985	175.9
1625	146.89999999999986	175.9
1650	146.89999999999986	175.9
1675	146.91999999999985	175.9
1700	147.73999999999987	175.9
1725	147.73999999999987	175.9
1750	147.73999999999987	175.9
1775	147.73999999999987	175.9
1800	149.41999999999985	175.9
1825	149.59999999999985	175.9
1850	149.61999999999986	175.9
1875	150.09999999999985	175.9
1900	150.59999999999985	175.9
1925	151.17999999999986	175.9
1950	151.49999999999986	175.9
1975	151.49999999999986	175.9
2000	151.67999999999986	175.9

Run 17
50	9.063999999999991	47.5
75	17.471999999999987	66.9
100	24.93200000000002	66.9
125	31.648000000000028	66.9
150	37.66800000000003	80.5
175	46.67200000000003	99.9
200	52.50800000000004	99.9
225	57.07600000000004	113.9
250	59.02800000000004	113.9
275	61.33600000000004	113.9
300	67.59600000000005	113.9
325	70.81600000000005	118.5
350	72.15600000000003	118.5
375	74.16800000000005	118.5
400	76.48800000000004	118.5
425	78.50400000000003	118.5
450	80.02800000000005	118.5
475	82.15600000000003	118.5
500	85.83200000000001	126.9
525	87.04400000000001	126.9
550	87.73600000000002	126.9
575	90.16400000000002	126.9
600	90.84800000000001	126.9
625	93.19600000000003	134.9
650	94.27600000000002	134.9
675	94.48400000000001	134.9
700	96.11200000000001	134.9
725	97.288	134.9
750	98.89599999999999	134.9
775	100.02799999999998	134.9
800	101.17999999999996	134.9
825	102.95999999999997	152.9
850	103.29599999999996	152.9
875	103.92799999999995	152.9
900	104.54799999999997	152.9
925	105.49199999999998	152.9
950	107.932	152.9
975	108.244	152.9
1000	109.66399999999997	152.9
1025	109.98399999999998	152.9
1050	109.98399999999998	152.9
1075	110.71599999999998	152.9
1100	111.11599999999999	152.9
1125	111.78399999999996	152.9
1150	111.98399999999997	152.9
1175	112.09199999999996	152.9
1200	112.57199999999995	152.9
1225	112.57199999999995	152.9
1250	113.83199999999995	159.9
1275	114.31599999999995	159.9
1300	114.44399999999996	159.9
1325	114.44399999999996	159.9
1350	114.44399999999996	159.9
1375	114.59599999999995	159.9
1400	115.39599999999994	159.9
1425	115.79599999999995	159.9
1450	116.53599999999994	159.9
1475	116.97999999999996	159.9
1500	117.10399999999998	159.9
1525	117.34399999999998	159.9
1550	118.25599999999999	159.9
1575	118.31599999999999	159.9
1600	118.80799999999999	159.9
1625	118.868	159.9
1650	118.91599999999998	159.9
1675	119.33599999999998	159.9
1700	119.42399999999998	159.9
1725	119.42399999999998	159.9
1750	119.42399999999998	159.9
1775	119.48399999999998	159.9
1800	120.57599999999995	159.9
1825	120.63599999999995	159.9
1850	120.63599999999995	159.9
1875	120.63599999999995	159.9
1900	120.63599999999995	159.9
1925	120.63599999999995	159.9
1950	120.63599999999995	159.9
1975	121.41599999999995	159.9
2000	121.58399999999995	159.9

Run 18
50	14.083999999999987	47.5
75	24.34400000000002	79.9
100	30.224000000000036	79.9
125	36.176000000000045	79.9
150	42.41600000000005	79.9
175	49.67600000000005	88.9
200	52.92400000000005	89.9
225	56.20400000000006	89.9
250	58.22400000000006	90.9
275	59.52400000000006	90.9
300	61.42400000000006	109.9
325	64.46400000000006	109.9
350	66.64000000000006	109.9
375	68.22000000000007	109.9
400	71.90000000000006	109.9
425	73.78000000000006	109.9
450	75.88000000000007	117.9
475	77.90000000000006	117.9
500	79.58000000000007	129.9
525	80.38000000000007	129.9
550	81.08000000000007	129.9
575	81.08000000000007	129.9
600	82.08000000000007	129.9
625	82.28000000000007	129.9
650	83.00000000000007	129.9
675	83.46000000000005	129.9
700	85.74000000000005	131.9
725	88.54000000000003	142.9
750	89.76000000000002	142.9
775	91.20000000000002	142.9
800	92.02000000000002	142.9
825	92.86000000000001	142.9
850	93.82	142.9
875	95.66	142.9
900	95.96	142.9
925	95.98	142.9
950	96.08	142.9
975	96.58	142.9
1000	96.76	142.9
1025	97.63999999999999	142.9
1050	98.73999999999998	142.9
1075	98.73999999999998	142.9
1100	99.21999999999998	142.9
1125	99.45999999999998	142.9
1150	100.31999999999998	142.9
1175	100.33999999999997	142.9
1200	100.51999999999998	142.9
1225	100.67999999999998	142.9
1250	100.67999999999998	142.9
1275	102.45999999999997	142.9
1300	102.55999999999996	142.9
1325	102.99999999999996	142.9
1350	102.99999999999996	142.9
1375	103.31999999999996	142.9
1400	103.91999999999996	142.9
1425	104.05999999999996	142.9
1450	104.29999999999997	142.9
1475	105.25999999999996	142.9
1500	105.25999999999996	142.9
1525	105.25999999999996	142.9
1550	105.25999999999996	142.9
1575	105.57999999999997	142.9
1600	105.57999999999997	142.9
1625	105.57999999999997	142.9
1650	106.05999999999996	142.9
1675	106.05999999999996	142.9
1700	106.13999999999996	142.9
1725	107.85999999999994	142.9
1750	109.25999999999995	163.9
1775	109.25999999999995	163.9
1800	109.25999999999995	163.9
1825	109.57999999999994	163.9
1850	109.85999999999994	163.9
1875	111.03999999999995	163.9
1900	111.17999999999995	163.9
1925	111.81999999999992	163.9
1950	113.03999999999992	163.9
1975	113.03999999999992	163.9
2000	114.09999999999992	163.9

Run 19
50	15.11599999999999	75.9
75	25.37600000000003	75.9
100	33.04800000000004	75.9
125	40.94000000000003	76.9
150	44.720000000000034	76.9
175	48.44400000000003	79.9
200	50.792000000000044	98.9
225	53.432000000000045	98.9
250	54.74800000000005	98.9
275	55.956000000000046	98.9
300	56.880000000000045	98.9
325	59.86400000000004	98.9
350	61.804000000000045	104.9
375	63.20800000000005	105.1
400	65.86400000000005	138.1
425	68.49200000000006	138.1
450	70.20000000000006	138.1
475	72.28800000000005	138.1
500	73.13200000000005	138.1
525	75.38000000000004	138.1
550	76.44400000000003	138.1
575	79.25200000000004	138.1
600	81.22400000000002	138.1
625	82.56800000000001	138.1
650	85.66000000000004	138.1
675	87.02399999999997	138.1
700	89.99600000000001	138.1
725	93.184	138.1
750	95.51599999999999	138.1
775	97.51599999999995	138.1
800	98.508	138.1
825	102.18000000000002	138.1
850	103.584	138.1
875	106.78800000000003	158.1
900	107.65200000000003	158.1
925	107.95200000000003	158.1
950	109.69200000000001	175.1
975	112.34000000000006	175.1
1000	116.72000000000006	175.1
1025	118.30400000000004	175.1
1050	119.32800000000006	175.1
1075	120.16800000000006	175.1
1100	121.96800000000006	175.1
1125	123.16800000000005	175.1
1150	124.41600000000008	175.1
1175	126.6960000000001	175.1
1200	129.2760000000001	175.1
1225	129.75600000000009	175.1
1250	131.3360000000001	175.1
1275	132.62000000000012	175.1
1300	133.78000000000011	175.1
1325	133.80000000000013	175.1
1350	133.96000000000012	175.1
1375	134.22000000000014	175.1
1400	134.26000000000013	175.1
1425	135.32000000000014	175.1
1450	136.90000000000012	175.1
1475	138.62000000000012	175.1
1500	139.20000000000013	175.1
1525	140.14000000000013	175.1
1550	140.60000000000014	175.1
1575	140.82000000000014	175.1
1600	141.14000000000013	175.1
1625	141.66000000000014	175.1
1650	141.92000000000013	175.1
1675	142.46000000000012	175.1
1700	144.38000000000014	175.1
1725	144.56000000000014	175.1
1750	144.58000000000015	175.1
1775	144.80000000000015	175.1
1800	145.62000000000015	175.1
1825	146.28000000000014	175.1
1850	146.28000000000014	175.1
1875	146.92000000000016	175.1
1900	147.38000000000014	175.1
1925	147.42000000000016	175.1
1950	147.84000000000015	175.1
1975	148.06000000000014	175.1
2000	148.58000000000015	175.1

Run 20
50	10.743999999999993	63.9
75	21.924000000000007	63.9
100	30.492000000000033	69.9
125	33.360000000000035	69.9
150	40.78000000000005	88.9
175	45.84800000000005	88.9
200	50.97600000000005	88.9
225	55.42000000000005	88.9
250	59.88000000000007	94.9
275	63.460000000000065	94.9
300	66.32000000000006	94.9
325	68.18000000000006	94.9
350	70.24000000000007	104.9
375	72.40000000000006	104.9
400	74.68000000000006	104.9
425	76.30000000000007	104.9
450	78.18000000000006	129.9
475	79.12000000000006	129.9
500	80.00000000000006	129.9
525	83.38000000000005	155.9
550	86.18000000000004	155.9
575	87.48000000000003	155.9
600	88.02000000000004	155.9
625	88.58000000000004	155.9
650	89.16000000000004	155.9
675	90.58000000000001	155.9
700	91.54000000000002	155.9
725	92.80000000000001	155.9
750	95.02	155.9
775	97.02	155.9
800	98.15999999999998	155.9
825	99.49999999999999	155.9
850	99.67999999999998	155.9
875	102.13999999999996	155.9
900	102.95999999999997	155.9
925	105.27999999999996	161.9
950	106.33999999999995	161.9
975	106.99999999999994	161.9
1000	108.51999999999994	167.9
1025	110.21999999999994	167.9
1050	112.03999999999992	167.9
1075	112.71999999999993	167.9
1100	113.79999999999993	167.9
1125	115.13999999999993	167.9
1150	115.19999999999993	167.9
1175	116.13999999999993	167.9
1200	117.13999999999993	167.9
1225	117.41999999999993	167.9
1250	117.71999999999993	167.9
1275	117.77999999999993	167.9
1300	117.77999999999993	167.9
1325	118.57999999999991	167.9
1350	118.57999999999991	167.9
1375	118.63999999999992	167.9
1400	118.63999999999992	167.9
1425	120.01999999999991	167.9
1450	120.4799999999999	167.9
1475	120.4799999999999	167.9
1500	120.8999999999999	167.9
1525	120.8999999999999	167.9
1550	121.43999999999991	167.9
1575	122.17999999999991	167.9
1600	123.35999999999991	167.9
1625	124.1999999999999	167.9
1650	124.1999999999999	167.9
1675	124.45999999999991	167.9
1700	124.45999999999991	167.9
1725	124.51999999999991	167.9
1750	124.51999999999991	167.9
1775	125.23999999999991	167.9
1800	125.71999999999991	167.9
1825	125.71999999999991	167.9
1850	125.71999999999991	167.9
1875	125.71999999999991	167.9
1900	125.91999999999989	167.9
1925	125.91999999999989	167.9
1950	125.91999999999989	167.9
1975	125.91999999999989	167.9
2000	126.53999999999989	167.9

Run 21
50	9.747999999999996	67.9
75	17.531999999999986	67.9
100	27.932000000000034	72.9
125	38.79200000000005	89.9
150	53.180000000000064	107.9
175	57.98000000000006	107.9
200	61.820000000000064	107.9
225	67.28000000000006	107.9
250	73.38000000000007	123.9
275	75.12000000000006	123.9
300	79.26000000000006	123.9
325	83.26000000000005	123.9
350	86.82000000000004	123.9
375	89.94000000000001	123.9
400	91.26000000000002	123.9
425	94.24	144.9
450	97.09999999999998	144.9
475	97.51999999999998	144.9
500	98.79999999999998	144.9
525	99.51999999999998	144.9
550	100.69999999999999	144.9
575	101.65999999999997	144.9
600	102.69999999999996	144.9
625	104.43999999999997	162.9
650	104.43999999999997	162.9
675	106.13999999999994	162.9
700	106.17999999999995	162.9
725	107.75999999999995	162.9
750	107.87999999999994	162.9
775	108.39999999999995	162.9
800	109.17999999999995	162.9
825	110.55999999999995	162.9
850	111.39999999999992	162.9
875	111.39999999999992	162.9
900	113.07999999999993	162.9
925	114.75999999999993	162.9
950	114.91999999999993	162.9
975	114.91999999999993	162.9
1000	114.91999999999993	162.9
1025	115.29999999999993	162.9
1050	115.65999999999993	162.9
1075	116.33999999999993	162.9
1100	117.01999999999991	162.9
1125	117.01999999999991	162.9
1150	117.65999999999991	162.9
1175	119.43999999999991	162.9
1200	119.4799999999999	162.9
1225	119.4799999999999	162.9
1250	119.5399999999999	162.9
1275	119.7599999999999	162.9
1300	119.7599999999999	162.9
1325	120.49999999999991	162.9
1350	120.63999999999992	162.9
1375	121.95999999999991	163.9
1400	121.99999999999991	163.9
1425	122.15999999999991	163.9
1450	123.23999999999991	163.9
1475	124.11999999999989	163.9
1500	124.11999999999989	163.9
1525	125.55999999999989	163.9
1550	125.55999999999989	163.9
1575	125.55999999999989	163.9
1600	126.21999999999989	163.9
1625	126.85999999999989	163.9
1650	126.85999999999989	163.9
1675	127.43999999999988	163.9
1700	127.9599999999999	163.9
1725	127.9599999999999	163.9
1750	127.9599999999999	163.9
1775	127.9599999999999	163.9
1800	128.8399999999999	163.9
1825	129.3999999999999	163.9
1850	129.8999999999999	163.9
1875	129.8999999999999	163.9
1900	129.93999999999988	163.9
1925	129.93999999999988	163.9
1950	130.1199999999999	163.9
1975	130.1199999999999	163.9
2000	130.1199999999999	163.9

Run 22
50	10.771999999999993	87.9
75	24.86000000000003	94.9
100	32.40000000000004	94.9
125	43.10400000000005	107.9
150	49.50800000000006	107.9
175	53.95200000000006	107.9
200	57.89200000000005	107.9
225	64.27200000000005	133.9
250	70.55600000000007	133.9
275	77.66000000000007	133.9
300	81.00000000000007	133.9
325	86.56000000000003	144.9
350	91.00000000000001	144.9
375	94.28	144.9
400	95.76	144.9
425	98.29999999999998	144.9
450	100.85999999999996	144.9
475	102.97999999999996	144.9
500	107.27999999999994	157.9
525	108.11999999999995	157.9
550	109.53999999999995	157.9
575	110.77999999999994	157.9
600	111.57999999999993	157.9
625	112.73999999999992	157.9
650	113.65999999999993	157.9
675	114.31999999999992	157.9
700	116.93999999999993	157.9
725	117.95999999999991	157.9
750	118.81999999999991	157.9
775	119.7599999999999	157.9
800	120.35999999999991	157.9
825	120.59999999999991	157.9
850	121.15999999999991	157.9
875	121.4199999999999	157.9
900	121.4199999999999	157.9
925	121.81999999999991	157.9
950	122.0599999999999	157.9
975	122.63999999999992	157.9
1000	123.0399999999999	157.9
1025	123.49999999999991	157.9
1050	124.49999999999991	157.9
1075	125.13999999999992	157.9
1100	125.23999999999991	157.9
1125	125.63999999999992	157.9
1150	126.61999999999989	157.9
1175	128.1399999999999	157.9
1200	128.3999999999999	157.9
1225	128.6799999999999	157.9
1250	130.0799999999999	157.9
1275	130.3399999999999	157.9
1300	130.9199999999999	157.9
1325	131.1199999999999	157.9
1350	131.1199999999999	157.9
1375	131.1199999999999	157.9
1400	131.5199999999999	157.9
1425	132.2799999999999	157.9
1450	132.65999999999988	157.9
1475	133.5199999999999	157.9
1500	135.4999999999999	157.9
1525	135.4999999999999	157.9
1550	136.41999999999987	160.9
1575	136.43999999999988	160.9
1600	137.47999999999988	163.9
1625	138.15999999999988	163.9
1650	138.15999999999988	163.9
1675	138.57999999999987	163.9
1700	138.57999999999987	163.9
1725	139.21999999999989	163.9
1750	139.21999999999989	163.9
1775	139.21999999999989	163.9
1800	139.45999999999987	163.9
1825	139.71999999999989	163.9
1850	140.77999999999986	163.9
1875	140.81999999999988	163.9
1900	141.27999999999986	163.9
1925	141.53999999999988	163.9
1950	141.9999999999999	163.9
1975	142.67999999999986	163.9
2000	142.67999999999986	163.9

Run 23
50	13.147999999999989	59.9
75	25.024000000000022	74.9
100	32.744000000000035	74.9
125	40.828000000000046	74.9
150	45.37200000000005	74.9
175	53.596000000000046	141.9
200	56.68000000000006	141.9
225	63.000000000000064	144.9
250	68.78000000000006	166.9
275	74.44000000000007	166.9
300	81.00000000000007	166.9
325	86.94000000000004	166.9
350	91.72	166.9
375	96.19999999999999	166.9
400	100.97999999999996	166.9
425	103.19999999999996	166.9
450	107.87999999999994	166.9
475	109.39999999999992	166.9
500	112.37999999999992	166.9
525	114.73999999999991	166.9
550	116.51999999999991	166.9
575	116.51999999999991	166.9
600	116.8999999999999	166.9
625	119.9599999999999	171.9
650	122.19999999999989	171.9
675	124.21999999999989	171.9
700	126.71999999999987	171.9
725	128.69999999999987	171.9
750	128.69999999999987	171.9
775	130.81999999999988	171.9
800	132.91999999999987	171.9
825	133.67999999999986	171.9
850	133.67999999999986	171.9
875	134.4999999999999	171.9
900	135.27999999999986	171.9
925	135.87999999999988	171.9
950	136.45999999999987	171.9
975	137.63999999999987	171.9
1000	138.07999999999987	171.9
1025	138.73999999999987	171.9
1050	139.47999999999988	171.9
1075	139.81999999999988	171.9
1100	139.81999999999988	171.9
1125	139.87999999999988	171.9
1150	139.87999999999988	171.9
1175	139.93999999999988	171.9
1200	141.21999999999989	171.9
1225	141.59999999999988	171.9
1250	142.09999999999988	171.9
1275	142.39999999999986	171.9
1300	142.39999999999986	171.9
1325	142.75999999999988	171.9
1350	142.75999999999988	171.9
1375	142.89999999999986	171.9
1400	143.53999999999988	171.9
1425	143.79999999999987	171.9
1450	144.47999999999985	171.9
1475	144.47999999999985	171.9
1500	144.63999999999984	171.9
1525	144.73999999999987	171.9
1550	145.03999999999985	171.9
1575	145.05999999999986	171.9
1600	145.05999999999986	171.9
1625	145.05999999999986	171.9
1650	145.19999999999985	171.9
1675	145.19999999999985	171.9
1700	145.19999999999985	171.9
1725	145.51999999999987	171.9
1750	145.51999999999987	171.9
1775	145.85999999999984	171.9
1800	146.25999999999985	171.9
1825	146.69999999999985	171.9
1850	146.69999999999985	171.9
1875	146.69999999999985	171.9
1900	146.69999999999985	171.9
1925	147.49999999999986	171.9
1950	147.49999999999986	171.9
1975	147.65999999999985	171.9
2000	148.09999999999985	171.9

Run 24
50	17.743999999999993	99.9
75	27.356000000000037	99.9
100	40.86000000000004	99.9
125	46.74800000000005	114.9
150	53.33200000000004	114.9
175	63.06800000000004	163.7
200	68.60000000000005	163.7
225	70.95600000000005	163.7
250	73.75600000000004	163.7
275	77.02000000000005	163.7
300	79.88000000000007	163.7
325	85.20000000000003	163.7
350	86.24400000000003	163.7
375	87.34400000000004	163.7
400	92.36399999999999	163.7
425	94.42399999999998	163.7
450	96.56799999999997	163.7
475	97.20799999999997	163.7
500	98.95199999999997	163.7
525	99.79199999999997	163.7
550	100.83199999999997	163.7
575	101.11199999999997	163.7
600	101.25199999999997	163.7
625	102.43199999999997	163.7
650	104.63199999999995	163.7
675	104.67199999999995	163.7
700	105.07199999999995	163.7
725	105.15199999999996	163.7
750	105.49599999999995	163.7
775	106.37599999999995	163.7
800	107.31599999999995	163.7
825	107.31599999999995	163.7
850	107.73599999999995	163.7
875	107.87599999999995	163.7
900	108.33599999999996	163.7
925	108.73599999999995	163.7
950	108.81599999999995	163.7
975	109.19199999999995	163.7
1000	110.19599999999996	163.7
1025	111.05599999999995	163.7
1050	111.59599999999995	163.7
1075	111.59599999999995	163.7
1100	112.21599999999995	163.7
1125	112.35599999999995	163.7
1150	113.09599999999993	163.7
1175	113.09599999999993	163.7
1200	114.43599999999994	163.7
1225	114.43599999999994	163.7
1250	114.49599999999992	163.7
1275	115.07599999999994	163.7
1300	115.13599999999992	163.7
1325	115.13599999999992	163.7
1350	116.49599999999992	168.9
1375	116.85599999999994	168.9
1400	117.47599999999993	168.9
1425	117.47599999999993	168.9
1450	117.99599999999992	168.9
1475	118.29599999999994	168.9
1500	118.31599999999993	168.9
1525	118.47599999999993	168.9
1550	118.77599999999993	168.9
1575	118.77599999999993	168.9
1600	119.01599999999993	168.9
1625	119.03599999999993	168.9
1650	119.03599999999993	168.9
1675	119.15599999999993	168.9
1700	119.77599999999991	168.9
1725	120.25599999999991	168.9
1750	120.99599999999991	168.9
1775	121.1559999999999	168.9
1800	121.41599999999991	168.9
1825	121.41599999999991	168.9
1850	121.63599999999991	168.9
1875	121.63599999999991	168.9
1900	121.77599999999991	168.9
1925	121.77599999999991	168.9
1950	122.59599999999992	168.9
1975	122.77599999999991	168.9
2000	123.35599999999991	168.9

Run 25
50	10.591999999999995	82.9
75	21.504	82.9
100	31.888000000000044	82.9
125	39.212000000000046	82.9
150	45.01600000000005	86.7
175	51.82400000000004	108.9
200	54.63200000000004	108.9
225	57.46800000000004	108.9
250	58.916000000000025	108.9
275	60.47600000000001	108.9
300	61.34400000000002	108.9
325	61.96400000000003	108.9
350	66.24000000000004	108.9
375	70.70400000000004	108.9
400	72.40000000000003	108.9
425	73.44000000000003	108.9
450	74.132	108.9
475	74.77200000000002	108.9
500	79.19200000000002	131.7
525	80.98800000000001	131.7
550	83.88	131.7
575	83.88	131.7
600	85.90000000000002	131.7
625	86.26800000000001	131.7
650	86.912	131.7
675	87.572	131.7
700	88.31199999999998	131.7
725	88.75200000000001	131.7
750	88.91600000000003	131.7
775	89.992	131.7
800	90.07600000000001	131.7
825	91.61999999999998	131.7
850	92.09599999999996	131.7
875	92.43199999999997	131.7
900	92.56799999999997	131.7
925	92.74399999999997	131.7
950	92.74399999999997	131.7
975	92.76399999999998	131.7
1000	93.31599999999999	131.7
1025	93.97999999999996	131.7
1050	95.29999999999997	131.7
1075	95.29999999999997	131.7
1100	95.70399999999994	131.7
1125	95.84799999999994	131.7
1150	96.08799999999994	131.7
1175	96.10799999999993	131.7
1200	96.10799999999993	131.7
1225	96.52799999999993	131.7
1250	96.64799999999994	131.7
1275	96.97199999999995	131.7
1300	96.97199999999995	131.7
1325	96.97199999999995	131.7
1350	97.37199999999996	131.7
1375	97.54799999999996	131.7
1400	98.16399999999996	131.7
1425	98.28399999999996	131.7
1450	98.59999999999997	131.7
1475	98.59999999999997	131.7
1500	99.07199999999995	131.7
1525	99.81199999999994	131.7
1550	100.29199999999993	131.7
1575	100.30799999999994	131.7
1600	100.30799999999994	131.7
1625	100.30799999999994	131.7
1650	100.30799999999994	131.7
1675	100.31199999999994	131.7
1700	100.31199999999994	131.7
1725	100.31199999999994	131.7
1750	101.79599999999994	162.9
1775	101.85199999999993	162.9
1800	101.85199999999993	162.9
1825	101.95199999999996	162.9
1850	102.28399999999993	162.9
1875	102.28399999999993	162.9
1900	102.46799999999996	162.9
1925	102.84399999999997	162.9
1950	103.23999999999997	162.9
1975	103.23999999999997	162.9
2000	105.04799999999996	162.9

Run 26
50	15.523999999999987	57.9
75	28.89200000000004	101.9
100	40.696000000000055	101.9
125	50.52800000000006	101.9
150	59.88800000000006	101.9
175	65.36000000000007	101.9
200	71.46000000000006	124.9
225	76.68000000000006	124.9
250	79.28000000000006	124.9
275	80.06000000000006	124.9
300	82.86000000000007	129.9
325	85.70000000000006	141.9
350	87.24000000000004	141.9
375	89.26000000000003	141.9
400	94.0	162.9
425	94.4	162.9
450	97.17999999999998	162.9
475	97.31999999999998	162.9
500	98.91999999999999	162.9
525	99.57999999999998	162.9
550	99.95999999999998	162.9
575	102.59999999999997	162.9
600	107.81999999999995	162.9
625	108.53999999999995	162.9
650	108.93999999999994	162.9
675	110.27999999999993	162.9
700	111.89999999999992	162.9
725	115.45999999999991	162.9
750	116.1199999999999	162.9
775	116.9799999999999	162.9
800	120.3999999999999	162.9
825	122.13999999999992	162.9
850	123.6799999999999	162.9
875	124.5199999999999	162.9
900	126.25999999999989	162.9
925	126.3799999999999	162.9
950	126.7399999999999	162.9
975	128.15999999999988	162.9
1000	128.6799999999999	162.9
1025	129.4199999999999	162.9
1050	129.6799999999999	162.9
1075	129.8599999999999	162.9
1100	130.1199999999999	162.9
1125	131.87999999999988	162.9
1150	131.9799999999999	162.9
1175	132.8999999999999	162.9
1200	133.6199999999999	162.9
1225	134.95999999999987	162.9
1250	134.95999999999987	162.9
1275	135.75999999999988	162.9
1300	136.01999999999987	162.9
1325	136.27999999999986	162.9
1350	136.39999999999986	162.9
1375	136.73999999999987	162.9
1400	137.75999999999988	174.9
1425	138.19999999999987	174.9
1450	139.43999999999988	174.9
1475	139.47999999999988	174.9
1500	139.47999999999988	174.9
1525	139.83999999999986	174.9
1550	140.43999999999988	174.9
1575	140.95999999999987	174.9
1600	140.97999999999988	174.9
1625	140.97999999999988	174.9
1650	142.07999999999987	182.9
1675	142.07999999999987	182.9
1700	142.21999999999989	182.9
1725	142.29999999999987	182.9
1750	143.09999999999988	182.9
1775	143.09999999999988	182.9
1800	143.55999999999986	182.9
1825	144.07999999999984	182.9
1850	144.33999999999986	182.9
1875	144.37999999999985	182.9
1900	144.81999999999985	182.9
1925	144.99999999999986	182.9
1950	144.99999999999986	182.9
1975	145.39999999999986	182.9
2000	146.25999999999988	182.9

Run 27
50	18.97199999999999	87.9
75	31.28000000000004	87.9
100	39.800000000000054	87.9
125	46.260000000000055	87.9
150	50.14000000000006	87.9
175	52.16000000000005	87.9
200	58.26000000000006	120.9
225	62.16000000000006	120.9
250	65.76000000000006	120.9
275	69.86000000000007	120.9
300	74.34000000000006	120.9
325	76.36000000000007	127.9
350	78.86000000000007	127.9
375	81.70000000000007	127.9
400	82.74000000000007	127.9
425	88.54000000000003	148.9
450	89.82000000000002	148.9
475	92.62	148.9
500	95.83999999999997	148.9
525	97.47999999999998	148.9
550	98.99999999999999	148.9
575	101.65999999999997	148.9
600	102.31999999999996	148.9
625	103.45999999999997	148.9
650	103.89999999999996	148.9
675	105.45999999999997	148.9
700	107.13999999999994	148.9
725	108.57999999999994	151.9
750	108.79999999999994	151.9
775	109.29999999999994	151.9
800	109.47999999999995	151.9
825	110.69999999999995	151.9
850	111.11999999999995	151.9
875	111.59999999999992	151.9
900	111.59999999999992	151.9
925	112.25999999999993	151.9
950	112.29999999999993	151.9
975	112.35999999999993	151.9
1000	112.61999999999993	151.9
1025	112.65999999999993	151.9
1050	112.65999999999993	151.9
1075	112.93999999999993	151.9
1100	113.23999999999992	151.9
1125	113.23999999999992	151.9
1150	113.25999999999993	151.9
1175	113.25999999999993	151.9
1200	113.25999999999993	151.9
1225	113.67999999999992	151.9
1250	113.67999999999992	151.9
1275	113.83999999999993	151.9
1300	113.91999999999993	151.9
1325	114.59999999999992	151.9
1350	114.89999999999992	151.9
1375	114.89999999999992	151.9
1400	115.27999999999993	151.9
1425	115.27999999999993	151.9
1450	115.27999999999993	151.9
1475	115.27999999999993	151.9
1500	115.27999999999993	151.9
1525	115.27999999999993	151.9
1550	115.27999999999993	151.9
1575	115.33999999999993	151.9
1600	115.47999999999993	151.9
1625	115.61999999999993	151.9
1650	115.61999999999993	151.9
1675	115.61999999999993	151.9
1700	115.67999999999992	151.9
1725	115.83999999999993	151.9
1750	116.57999999999993	151.9
1775	116.57999999999993	151.9
1800	116.57999999999993	151.9
1825	116.57999999999993	151.9
1850	116.57999999999993	151.9
1875	117.71999999999993	151.9
1900	118.41999999999993	151.9
1925	118.41999999999993	151.9
1950	118.55999999999993	151.9
1975	119.21999999999991	151.9
2000	119.5599999999999	151.9

Run 28
50	14.631999999999989	127.9
75	25.932000000000038	127.9
100	39.044000000000054	127.9
125	47.520000000000046	127.9
150	54.11200000000005	127.9
175	60.43600000000006	127.9
200	63.94000000000006	127.9
225	69.74000000000007	127.9
250	74.74000000000007	127.9
275	77.40000000000006	127.9
300	80.06000000000006	127.9
325	82.54000000000008	127.9
350	83.44000000000005	127.9
375	86.90000000000003	127.9
400	90.40000000000002	141.9
425	91.84000000000002	141.9
450	93.18	141.9
475	93.62	141.9
500	95.8	141.9
525	97.03999999999998	141.9
550	97.39999999999998	141.9
575	99.37999999999998	141.9
600	101.25999999999996	155.9
625	102.35999999999996	155.9
650	102.79999999999997	155.9
675	103.43999999999997	155.9
700	105.11999999999996	157.9
725	105.75999999999996	157.9
750	106.31999999999996	157.9
775	106.51999999999997	157.9
800	108.95999999999995	157.9
825	110.35999999999994	157.9
850	110.35999999999994	157.9
875	111.35999999999994	157.9
900	112.05999999999993	157.9
925	112.95999999999992	157.9
950	114.39999999999992	163.9
975	115.43999999999993	163.9
1000	115.43999999999993	163.9
1025	116.27999999999993	163.9
1050	117.2599999999999	163.9
1075	117.3999999999999	163.9
1100	118.9799999999999	165.9
1125	119.3399999999999	165.9
1150	120.09999999999991	165.9
1175	120.7599999999999	165.9
1200	120.85999999999991	165.9
1225	121.21999999999991	165.9
1250	121.5599999999999	165.9
1275	122.29999999999991	165.9
1300	123.4599999999999	165.9
1325	123.5999999999999	165.9
1350	123.77999999999989	165.9
1375	124.41999999999989	165.9
1400	124.61999999999989	165.9
1425	124.61999999999989	165.9
1450	124.8799999999999	165.9
1475	124.8799999999999	165.9
1500	125.53999999999989	165.9
1525	125.53999999999989	165.9
1550	125.53999999999989	165.9
1575	125.53999999999989	165.9
1600	125.83999999999989	165.9
1625	127.05999999999989	165.9
1650	127.39999999999989	165.9
1675	127.39999999999989	165.9
1700	127.71999999999989	165.9
1725	127.97999999999989	165.9
1750	127.97999999999989	165.9
1775	128.1999999999999	165.9
1800	128.1999999999999	165.9
1825	128.21999999999989	165.9
1850	128.87999999999988	165.9
1875	129.4199999999999	165.9
1900	129.7399999999999	165.9
1925	129.7399999999999	165.9
1950	130.1799999999999	165.9
1975	130.1799999999999	165.9
2000	131.71999999999989	165.9

Run 29
50	11.079999999999991	61.9
75	19.775999999999986	96.9
100	27.908000000000033	96.9
125	34.69600000000004	96.9
150	41.34800000000004	96.9
175	45.892000000000046	98.9
200	49.796000000000056	98.9
225	52.12800000000006	98.9
250	55.588000000000065	98.9
275	58.06800000000007	108.9
300	60.908000000000065	108.9
325	62.88000000000007	108.9
350	64.28000000000006	108.9
375	65.54000000000006	108.9
400	67.26000000000006	108.9
425	67.32000000000006	108.9
450	69.32000000000006	108.9
475	73.14000000000006	108.9
500	74.30000000000007	108.9
525	75.26000000000006	108.9
550	75.46000000000006	108.9
575	77.76000000000006	108.9
600	78.32000000000006	108.9
625	80.04000000000006	108.9
650	83.08000000000007	113.9
675	84.34000000000006	115.9
700	86.20000000000003	115.9
725	86.66000000000004	115.9
750	86.94000000000004	115.9
775	88.44000000000004	115.9
800	88.58000000000004	115.9
825	88.96000000000004	115.9
850	90.80000000000001	121.9
875	92.78000000000002	121.9
900	93.64	121.9
925	94.5	121.9
950	97.97999999999998	139.9
975	100.85999999999999	148.9
1000	102.63999999999996	148.9
1025	104.33999999999996	148.9
1050	105.49999999999996	148.9
1075	107.71999999999994	148.9
1100	108.45999999999995	148.9
1125	108.71999999999994	148.9
1150	110.35999999999994	148.9
1175	111.73999999999995	148.9
1200	112.59999999999992	148.9
1225	114.89999999999992	148.9
1250	115.49999999999993	148.9
1275	116.13999999999993	148.9
1300	117.29999999999993	155.9
1325	117.85999999999993	155.9
1350	118.51999999999992	155.9
1375	119.13999999999992	155.9
1400	119.13999999999992	155.9
1425	120.5399999999999	155.9
1450	120.95999999999991	155.9
1475	121.45999999999991	155.9
1500	122.8999999999999	155.9
1525	123.9199999999999	155.9
1550	124.8999999999999	155.9
1575	124.8999999999999	155.9
1600	124.8999999999999	155.9
1625	125.23999999999991	155.9
1650	125.3399999999999	155.9
1675	125.35999999999991	155.9
1700	126.3199999999999	155.9
1725	126.6599999999999	155.9
1750	127.19999999999989	155.9
1775	127.47999999999989	155.9
1800	127.91999999999989	155.9
1825	127.91999999999989	155.9
1850	128.25999999999988	155.9
1875	128.65999999999988	155.9
1900	129.1399999999999	155.9
1925	129.8999999999999	155.9
1950	129.8999999999999	155.9
1975	129.8999999999999	155.9
2000	129.8999999999999	155.9

Run 30
50	10.627999999999993	79.9
75	23.12000000000002	79.9
100	32.12800000000004	89.9
125	39.46000000000006	89.9
150	47.580000000000055	96.9
175	53.320000000000064	96.9
200	59.420000000000066	96.9
225	62.140000000000065	96.9
250	63.76000000000006	96.9
275	67.52000000000007	112.9
300	69.68000000000006	112.9
325	71.40000000000006	112.9
350	75.88000000000007	112.9
375	78.06000000000006	112.9
400	79.42000000000006	112.9
425	80.70000000000006	112.9
450	80.84000000000006	112.9
475	82.26000000000005	112.9
500	84.66000000000005	112.9
525	85.94000000000005	112.9
550	86.90000000000003	112.9
575	88.14000000000004	112.9
600	88.56000000000003	112.9
625	88.90000000000003	112.9
650	89.26000000000003	112.9
675	89.86000000000001	112.9
700	91.14000000000001	112.9
725	91.50000000000001	112.9
750	92.28000000000002	112.9
775	92.88000000000002	112.9
800	92.88000000000002	112.9
825	92.90000000000002	112.9
850	93.30000000000001	112.9
875	94.4	121.9
900	95.44	121.9
925	95.44	121.9
950	95.98	121.9
975	96.58	121.9
1000	96.58	121.9
1025	96.68	121.9
1050	96.68	121.9
1075	96.68	121.9
1100	96.82	121.9
1125	97.1	121.9
1150	97.16	121.9
1175	98.57999999999998	156.9
1200	98.69999999999999	156.9
1225	98.93999999999998	156.9
1250	99.07999999999998	156.9
1275	99.09999999999998	156.9
1300	99.17999999999998	156.9
1325	100.05999999999999	156.9
1350	100.05999999999999	156.9
1375	100.19999999999999	156.9
1400	100.89999999999998	156.9
1425	100.89999999999998	156.9
1450	101.07999999999998	156.9
1475	101.13999999999999	156.9
1500	101.13999999999999	156.9
1525	101.13999999999999	156.9
1550	101.13999999999999	156.9
1575	101.29999999999998	156.9
1600	101.77999999999999	156.9
1625	102.05999999999999	156.9
1650	102.05999999999999	156.9
1675	102.87999999999997	156.9
1700	103.97999999999996	156.9
1725	103.97999999999996	156.9
1750	103.97999999999996	156.9
1775	104.13999999999996	156.9
1800	104.13999999999996	156.9
1825	104.13999999999996	156.9
1850	104.87999999999997	156.9
1875	104.99999999999996	156.9
1900	105.09999999999997	156.9
1925	105.09999999999997	156.9
1950	105.81999999999996	156.9
1975	106.33999999999996	156.9
2000	106.71999999999997	156.9

