Result Log
=== Config ===
runs per experiment = 30
fitness evals per run = 2000
seed = 7111356470912512265
log file = logs/30x20.log
solution file = solutions/30x20.sol
best world file = solutions/30x20.world
number of pac-men = 1
same controller for each pac-man = true
number of ghosts = 3
world width = 30
world height = 20
pill density = 25
wall density = 30
fruit spawning probability = .05
fruit score = 10
time multiplier = 2
population size = 50
offspring per generation = 25
max depth = 5
mutation chance = .5
parent selection method = 0
i-value = .2
j-value = .8
survival selection method = 0
tournament selection size = 15
parsimony penalty coefficient = .1
terminate on number of evals = true
terminate on n generations of stagnant best fitness = false
stagnant generations until termination = 5
=== End Config ===
Run 1
50	9.575999999999992	53.9
75	19.727999999999984	53.9
100	29.232000000000014	58.9
125	33.15600000000002	58.9
150	35.88800000000002	80.9
175	39.628000000000036	84.9
200	45.49600000000005	113.9
225	49.312000000000054	113.9
250	57.40000000000006	113.9
275	61.100000000000065	116.9
300	66.48000000000006	116.9
325	69.16000000000007	116.9
350	72.64000000000006	116.9
375	75.64000000000006	116.9
400	77.58000000000007	122.9
425	79.82000000000008	122.9
450	82.68000000000008	124.9
475	83.36000000000006	124.9
500	83.38000000000005	124.9
525	84.04000000000005	124.9
550	85.18000000000005	124.9
575	86.44000000000004	124.9
600	87.82000000000004	124.9
625	88.96000000000004	124.9
650	89.18000000000004	124.9
675	89.40000000000003	124.9
700	90.32000000000002	124.9
725	90.32000000000002	124.9
750	90.50000000000001	124.9
775	91.50000000000001	124.9
800	92.18000000000002	124.9
825	93.04000000000002	124.9
850	93.3	124.9
875	94.7	124.9
900	94.84	124.9
925	94.84	124.9
950	95.38	124.9
975	96.36	124.9
1000	97.29999999999998	124.9
1025	97.53999999999998	124.9
1050	99.63999999999999	153.9
1075	99.95999999999998	153.9
1100	99.95999999999998	153.9
1125	101.55999999999996	153.9
1150	102.19999999999996	153.9
1175	102.77999999999996	153.9
1200	103.11999999999996	153.9
1225	103.83999999999996	153.9
1250	103.99999999999996	153.9
1275	104.47999999999996	153.9
1300	106.19999999999995	157.9
1325	107.95999999999995	157.9
1350	108.85999999999994	157.9
1375	108.85999999999994	157.9
1400	109.43999999999994	157.9
1425	110.55999999999995	157.9
1450	110.61999999999995	157.9
1475	110.61999999999995	157.9
1500	110.61999999999995	157.9
1525	111.37999999999992	157.9
1550	112.07999999999993	157.9
1575	113.09999999999992	157.9
1600	114.39999999999992	157.9
1625	114.75999999999993	157.9
1650	114.75999999999993	157.9
1675	116.95999999999992	157.9
1700	117.31999999999992	157.9
1725	117.31999999999992	157.9
1750	117.55999999999993	157.9
1775	117.55999999999993	157.9
1800	117.61999999999993	157.9
1825	117.93999999999993	157.9
1850	117.93999999999993	157.9
1875	118.9199999999999	157.9
1900	120.29999999999991	157.9
1925	120.45999999999991	157.9
1950	120.45999999999991	157.9
1975	120.45999999999991	157.9
2000	120.8999999999999	157.9

Run 2
50	8.171999999999997	51.9
75	17.335999999999984	101.9
100	24.56800000000002	101.9
125	33.532000000000025	101.9
150	42.08000000000005	116.9
175	51.18400000000006	116.9
200	53.89600000000006	116.9
225	54.85600000000006	116.9
250	59.70800000000006	116.9
275	63.30000000000006	116.9
300	69.78000000000006	126.9
325	72.78000000000006	126.9
350	74.26000000000006	126.9
375	76.33600000000007	126.9
400	77.45600000000007	126.9
425	78.79600000000006	126.9
450	79.91600000000007	126.9
475	82.13600000000005	126.9
500	84.53600000000006	126.9
525	86.39600000000004	126.9
550	90.38400000000001	126.9
575	91.48400000000001	126.9
600	92.94400000000002	126.9
625	94.304	126.9
650	96.53199999999998	166.9
675	97.472	166.9
700	98.57199999999999	166.9
725	100.27199999999999	166.9
750	102.41999999999996	166.9
775	103.27999999999996	166.9
800	104.29999999999997	166.9
825	105.45999999999995	166.9
850	107.57999999999994	166.9
875	107.89999999999995	166.9
900	109.25999999999995	166.9
925	110.67999999999995	166.9
950	111.75999999999993	166.9
975	111.89999999999992	166.9
1000	113.47999999999993	166.9
1025	113.63999999999993	166.9
1050	114.41999999999993	166.9
1075	115.25999999999993	166.9
1100	116.87999999999991	166.9
1125	117.0399999999999	166.9
1150	117.3999999999999	166.9
1175	117.5399999999999	166.9
1200	117.85999999999991	166.9
1225	118.31999999999991	166.9
1250	118.31999999999991	166.9
1275	118.35999999999991	166.9
1300	118.87999999999991	166.9
1325	118.8999999999999	166.9
1350	118.8999999999999	166.9
1375	118.8999999999999	166.9
1400	119.6999999999999	166.9
1425	120.15999999999991	166.9
1450	120.5399999999999	166.9
1475	120.71999999999991	166.9
1500	121.65999999999991	166.9
1525	122.1999999999999	166.9
1550	123.5599999999999	166.9
1575	123.79999999999991	166.9
1600	124.1999999999999	166.9
1625	124.1999999999999	166.9
1650	124.1999999999999	166.9
1675	124.23999999999991	166.9
1700	125.8999999999999	166.9
1725	125.95999999999991	166.9
1750	125.95999999999991	166.9
1775	127.13999999999989	166.9
1800	127.25999999999989	166.9
1825	127.35999999999989	166.9
1850	127.57999999999988	166.9
1875	128.8399999999999	166.9
1900	128.8399999999999	166.9
1925	129.59999999999988	166.9
1950	130.2399999999999	166.9
1975	130.2999999999999	166.9
2000	130.87999999999988	166.9

Run 3
50	9.81599999999999	71.9
75	15.823999999999987	71.9
100	21.407999999999994	71.9
125	28.54000000000003	71.9
150	37.86000000000005	95.9
175	43.280000000000044	95.9
200	47.048000000000044	95.9
225	50.888000000000055	95.9
250	53.388000000000055	106.9
275	58.952000000000055	117.9
300	61.516000000000055	117.9
325	66.24000000000007	117.9
350	68.78000000000006	117.9
375	70.62000000000006	117.9
400	73.98000000000006	125.9
425	76.70000000000006	125.9
450	78.34000000000006	125.9
475	79.84000000000007	125.9
500	80.92000000000007	125.9
525	81.94000000000007	125.9
550	84.52000000000005	125.9
575	88.90000000000002	176.9
600	90.46000000000002	176.9
625	93.18	176.9
650	95.88	176.9
675	96.85999999999999	176.9
700	97.99999999999999	176.9
725	98.27999999999999	176.9
750	100.59999999999997	176.9
775	101.87999999999997	176.9
800	105.21999999999994	176.9
825	105.59999999999995	176.9
850	107.39999999999995	176.9
875	108.21999999999994	176.9
900	109.43999999999994	176.9
925	110.51999999999992	176.9
950	113.39999999999992	176.9
975	114.83999999999993	176.9
1000	116.43999999999991	176.9
1025	116.79999999999991	176.9
1050	117.4199999999999	176.9
1075	118.2599999999999	176.9
1100	118.2599999999999	176.9
1125	118.2599999999999	176.9
1150	118.2599999999999	176.9
1175	118.3999999999999	176.9
1200	118.3999999999999	176.9
1225	119.29999999999991	176.9
1250	119.3999999999999	176.9
1275	119.81999999999991	176.9
1300	120.0599999999999	176.9
1325	120.6199999999999	176.9
1350	121.6999999999999	176.9
1375	121.6999999999999	176.9
1400	122.99999999999991	176.9
1425	123.15999999999991	176.9
1450	123.15999999999991	176.9
1475	123.15999999999991	176.9
1500	123.99999999999991	176.9
1525	125.21999999999989	176.9
1550	125.21999999999989	176.9
1575	125.21999999999989	176.9
1600	125.93999999999988	176.9
1625	125.93999999999988	176.9
1650	126.05999999999989	176.9
1675	126.0999999999999	176.9
1700	126.5199999999999	176.9
1725	126.5199999999999	176.9
1750	126.5199999999999	176.9
1775	126.55999999999989	176.9
1800	126.55999999999989	176.9
1825	127.19999999999989	176.9
1850	128.1799999999999	176.9
1875	128.5599999999999	176.9
1900	128.6999999999999	176.9
1925	129.1999999999999	176.9
1950	129.1999999999999	176.9
1975	129.1999999999999	176.9
2000	129.2399999999999	176.9

Run 4
50	6.38	51.9
75	17.03999999999998	77.9
100	29.664000000000048	116.9
125	46.68400000000006	116.9
150	60.680000000000064	116.9
175	67.28000000000006	116.9
200	73.50000000000007	117.9
225	78.38000000000007	117.9
250	81.20000000000007	117.9
275	85.84000000000003	126.9
300	88.40000000000003	126.9
325	93.02	139.9
350	96.97999999999998	139.9
375	98.09999999999998	139.9
400	99.61999999999998	148.9
425	100.81999999999998	148.9
450	101.95999999999997	148.9
475	102.95999999999997	148.9
500	104.27999999999996	148.9
525	105.27999999999996	148.9
550	105.87999999999997	148.9
575	106.35999999999996	148.9
600	106.39999999999996	148.9
625	108.69999999999995	148.9
650	110.89999999999995	148.9
675	112.69999999999993	148.9
700	113.15999999999993	148.9
725	113.83999999999993	148.9
750	115.27999999999993	148.9
775	115.99999999999993	148.9
800	117.25999999999993	154.9
825	117.33999999999993	154.9
850	117.63999999999993	154.9
875	118.07999999999993	154.9
900	119.3999999999999	154.9
925	119.79999999999991	154.9
950	120.49999999999991	154.9
975	121.9199999999999	154.9
1000	122.4199999999999	154.9
1025	122.7599999999999	154.9
1050	122.87999999999991	154.9
1075	124.27999999999992	154.9
1100	124.57999999999991	154.9
1125	125.13999999999992	154.9
1150	126.1799999999999	154.9
1175	126.1799999999999	154.9
1200	126.1799999999999	154.9
1225	126.1799999999999	154.9
1250	126.6799999999999	154.9
1275	127.43999999999988	154.9
1300	127.63999999999989	154.9
1325	127.77999999999989	154.9
1350	127.83999999999989	154.9
1375	127.83999999999989	154.9
1400	127.83999999999989	154.9
1425	128.71999999999989	158.9
1450	128.7399999999999	158.9
1475	129.4799999999999	158.9
1500	129.4799999999999	158.9
1525	129.65999999999988	158.9
1550	129.65999999999988	158.9
1575	129.9799999999999	158.9
1600	130.5599999999999	158.9
1625	131.43999999999988	158.9
1650	131.43999999999988	158.9
1675	131.43999999999988	158.9
1700	131.8599999999999	158.9
1725	131.8999999999999	158.9
1750	132.03999999999988	158.9
1775	132.03999999999988	158.9
1800	132.03999999999988	158.9
1825	132.6399999999999	158.9
1850	132.65999999999988	158.9
1875	132.65999999999988	158.9
1900	132.65999999999988	158.9
1925	132.65999999999988	158.9
1950	132.9999999999999	158.9
1975	132.9999999999999	158.9
2000	133.1799999999999	158.9

Run 5
50	3.9760000000000013	49.9
75	13.627999999999988	97.9
100	24.064000000000025	97.9
125	35.30000000000005	97.9
150	43.060000000000045	97.9
175	49.16400000000006	97.9
200	56.012000000000064	97.9
225	63.332000000000065	116.9
250	68.67200000000007	116.9
275	70.96000000000006	116.9
300	73.08000000000007	116.9
325	76.22000000000007	116.9
350	78.46000000000008	116.9
375	80.36000000000007	118.9
400	81.72000000000007	118.9
425	82.56000000000007	118.9
450	84.92000000000006	118.9
475	86.62000000000003	118.9
500	90.46000000000002	118.9
525	91.94000000000001	118.9
550	94.14	121.9
575	97.91999999999999	129.9
600	98.69999999999999	129.9
625	99.49999999999999	129.9
650	99.99999999999999	129.9
675	100.21999999999998	129.9
700	100.87999999999998	129.9
725	101.79999999999997	129.9
750	101.79999999999997	129.9
775	103.09999999999997	129.9
800	104.15999999999997	129.9
825	105.03999999999996	129.9
850	105.07999999999997	129.9
875	106.71999999999994	155.9
900	107.07999999999994	155.9
925	109.49999999999994	159.9
950	110.67999999999995	159.9
975	112.05999999999993	159.9
1000	112.05999999999993	159.9
1025	112.05999999999993	159.9
1050	112.13999999999993	159.9
1075	113.19999999999993	159.9
1100	114.93999999999993	159.9
1125	115.83999999999993	159.9
1150	115.83999999999993	159.9
1175	116.49999999999993	159.9
1200	116.85999999999993	159.9
1225	117.23999999999992	159.9
1250	117.61999999999993	159.9
1275	118.45999999999991	159.9
1300	118.71999999999991	159.9
1325	119.1199999999999	159.9
1350	119.67999999999991	159.9
1375	119.7599999999999	159.9
1400	120.31999999999991	159.9
1425	120.43999999999991	159.9
1450	120.79999999999991	159.9
1475	121.87999999999991	159.9
1500	121.87999999999991	159.9
1525	121.87999999999991	159.9
1550	121.87999999999991	159.9
1575	122.4799999999999	159.9
1600	122.4799999999999	159.9
1625	122.4799999999999	159.9
1650	122.87999999999991	159.9
1675	122.87999999999991	159.9
1700	124.13999999999992	159.9
1725	124.15999999999991	159.9
1750	124.15999999999991	159.9
1775	124.1999999999999	159.9
1800	124.5399999999999	159.9
1825	126.03999999999989	169.9
1850	126.03999999999989	169.9
1875	127.57999999999988	169.9
1900	128.8999999999999	169.9
1925	128.8999999999999	169.9
1950	128.8999999999999	169.9
1975	129.31999999999988	169.9
2000	129.43999999999988	169.9

Run 6
50	11.015999999999988	100.9
75	22.972000000000033	100.9
100	38.320000000000036	100.9
125	46.92000000000003	100.9
150	53.092000000000034	100.9
175	59.98000000000004	100.9
200	65.46400000000004	100.9
225	68.72800000000004	100.9
250	72.86800000000005	145.9
275	75.76000000000005	145.9
300	77.22400000000005	145.9
325	79.00000000000004	145.9
350	81.00000000000004	145.9
375	81.35200000000005	145.9
400	82.55200000000005	145.9
425	83.91200000000005	145.9
450	84.37200000000004	145.9
475	86.37600000000002	145.9
500	87.09600000000005	145.9
525	89.83200000000001	145.9
550	91.412	145.9
575	94.012	154.9
600	95.47200000000001	154.9
625	95.568	154.9
650	96.80799999999999	154.9
675	99.34799999999997	154.9
700	100.30799999999999	154.9
725	102.488	154.9
750	104.42399999999998	154.9
775	105.07999999999997	154.9
800	105.09999999999997	154.9
825	105.59999999999997	154.9
850	105.59999999999997	154.9
875	105.93999999999997	154.9
900	106.01999999999997	154.9
925	108.01999999999994	155.9
950	109.09999999999995	155.9
975	109.79999999999994	155.9
1000	111.13999999999993	155.9
1025	113.09999999999992	155.9
1050	113.61999999999993	155.9
1075	115.67999999999991	155.9
1100	116.6199999999999	155.9
1125	117.81999999999991	155.9
1150	119.3999999999999	155.9
1175	121.59999999999991	155.9
1200	121.79999999999991	155.9
1225	122.35999999999991	155.9
1250	122.35999999999991	155.9
1275	122.9799999999999	155.9
1300	123.65999999999991	155.9
1325	124.09999999999991	155.9
1350	124.1999999999999	155.9
1375	124.57999999999991	155.9
1400	125.47999999999989	155.9
1425	127.41999999999989	179.9
1450	127.7399999999999	179.9
1475	127.7399999999999	179.9
1500	127.7399999999999	179.9
1525	128.4599999999999	179.9
1550	128.9199999999999	179.9
1575	128.9199999999999	179.9
1600	128.9999999999999	179.9
1625	128.9999999999999	179.9
1650	129.81999999999988	179.9
1675	130.2399999999999	179.9
1700	130.6199999999999	179.9
1725	130.9199999999999	179.9
1750	131.53999999999988	179.9
1775	132.31999999999988	179.9
1800	133.61999999999986	179.9
1825	134.97999999999988	179.9
1850	136.33999999999986	183.9
1875	138.21999999999989	183.9
1900	138.35999999999987	183.9
1925	138.35999999999987	183.9
1950	138.73999999999987	183.9
1975	138.87999999999988	183.9
2000	139.39999999999986	183.9

Run 7
50	7.763999999999995	47.9
75	14.619999999999987	83.9
100	26.096000000000032	86.9
125	36.70400000000005	97.9
150	45.71200000000005	97.9
175	53.17200000000006	97.9
200	60.320000000000064	97.9
225	61.62000000000006	97.9
250	67.70000000000006	110.9
275	69.16000000000007	110.9
300	70.50000000000006	110.9
325	73.64000000000006	110.9
350	74.62000000000006	110.9
375	75.84000000000006	110.9
400	76.54000000000006	110.9
425	76.72000000000007	110.9
450	79.48000000000006	110.9
475	80.08000000000007	110.9
500	81.80000000000007	110.9
525	83.06000000000006	110.9
550	83.22000000000006	110.9
575	83.60000000000005	110.9
600	85.10000000000004	110.9
625	85.84000000000003	110.9
650	86.04000000000003	110.9
675	86.60000000000004	110.9
700	86.84000000000003	110.9
725	86.86000000000004	110.9
750	87.10000000000004	110.9
775	87.72000000000004	110.9
800	88.20000000000003	110.9
825	88.80000000000001	110.9
850	89.28000000000002	110.9
875	90.26000000000002	110.9
900	90.74000000000002	110.9
925	92.20000000000002	116.9
950	92.96000000000002	116.9
975	93.64000000000001	116.9
1000	94.08000000000001	116.9
1025	94.18	116.9
1050	94.74	116.9
1075	94.74	116.9
1100	95.54	126.9
1125	95.76	126.9
1150	95.76	126.9
1175	95.98	126.9
1200	96.16	126.9
1225	96.28	126.9
1250	96.28	126.9
1275	96.28	126.9
1300	96.48	126.9
1325	96.48	126.9
1350	96.48	126.9
1375	96.48	126.9
1400	96.78	126.9
1425	96.9	126.9
1450	97.04	126.9
1475	97.04	126.9
1500	97.88	131.9
1525	98.97999999999998	131.9
1550	99.39999999999998	131.9
1575	99.39999999999998	131.9
1600	100.37999999999998	131.9
1625	100.63999999999999	131.9
1650	101.05999999999999	131.9
1675	101.21999999999998	131.9
1700	101.45999999999998	131.9
1725	101.93999999999998	131.9
1750	102.75999999999998	131.9
1775	103.49999999999996	131.9
1800	103.81999999999996	131.9
1825	103.81999999999996	131.9
1850	104.65999999999997	131.9
1875	104.85999999999996	131.9
1900	105.11999999999996	131.9
1925	105.77999999999996	131.9
1950	106.09999999999997	131.9
1975	106.09999999999997	131.9
2000	106.77999999999996	131.9

Run 8
50	13.971999999999994	68.9
75	24.716000000000022	68.9
100	33.23600000000003	75.9
125	39.45600000000004	82.9
150	42.984000000000044	82.9
175	47.31200000000004	82.9
200	49.24400000000005	82.9
225	53.26400000000005	127.9
250	54.55200000000005	127.9
275	57.192000000000064	127.9
300	58.62000000000006	127.9
325	61.40000000000006	127.9
350	66.64000000000006	127.9
375	69.58000000000007	127.9
400	70.96000000000006	127.9
425	72.10000000000007	127.9
450	73.42000000000006	127.9
475	75.00000000000006	127.9
500	76.34000000000006	127.9
525	77.86000000000007	127.9
550	79.32000000000006	127.9
575	80.74000000000007	127.9
600	81.86000000000007	127.9
625	83.14000000000007	127.9
650	85.14000000000006	127.9
675	85.66000000000005	127.9
700	87.28000000000003	127.9
725	89.90000000000002	152.9
750	89.90000000000002	152.9
775	92.46000000000002	152.9
800	94.08	152.9
825	94.34	152.9
850	95.08	152.9
875	96.2	152.9
900	96.2	152.9
925	96.48	152.9
950	97.85999999999999	152.9
975	98.31999999999998	152.9
1000	99.87999999999998	152.9
1025	99.99999999999999	152.9
1050	103.33999999999996	152.9
1075	104.05999999999996	152.9
1100	104.37999999999997	152.9
1125	105.37999999999997	152.9
1150	105.37999999999997	152.9
1175	105.73999999999995	152.9
1200	105.89999999999995	152.9
1225	105.89999999999995	152.9
1250	105.89999999999995	152.9
1275	106.23999999999995	152.9
1300	106.35999999999994	152.9
1325	107.45999999999995	152.9
1350	107.55999999999995	152.9
1375	107.55999999999995	152.9
1400	107.55999999999995	152.9
1425	107.71999999999994	152.9
1450	108.61999999999995	152.9
1475	108.87999999999994	152.9
1500	111.71999999999993	167.9
1525	111.71999999999993	167.9
1550	111.73999999999992	167.9
1575	112.61999999999993	167.9
1600	113.19999999999993	167.9
1625	113.35999999999993	167.9
1650	113.53999999999992	167.9
1675	113.61999999999993	167.9
1700	113.83999999999993	167.9
1725	114.79999999999993	167.9
1750	115.31999999999992	167.9
1775	115.33999999999993	167.9
1800	115.45999999999992	167.9
1825	115.45999999999992	167.9
1850	115.95999999999992	167.9
1875	115.95999999999992	167.9
1900	115.95999999999992	167.9
1925	116.69999999999993	167.9
1950	117.65999999999991	167.9
1975	118.21999999999991	167.9
2000	118.57999999999991	167.9

Run 9
50	9.351999999999995	71.9
75	20.039999999999985	83.9
100	30.676000000000048	83.9
125	38.64400000000005	93.9
150	48.78400000000006	100.3
175	59.11200000000006	115.9
200	67.02400000000007	115.9
225	72.19600000000007	115.9
250	75.98000000000006	115.9
275	81.21200000000007	115.9
300	82.69200000000006	115.9
325	83.97200000000007	115.9
350	85.82400000000005	115.9
375	88.11600000000003	115.9
400	88.49600000000002	115.9
425	90.93600000000002	115.9
450	92.65600000000002	115.9
475	92.65600000000002	115.9
500	94.508	115.9
525	95.62799999999999	115.9
550	96.16799999999999	115.9
575	96.74799999999999	115.9
600	97.368	115.9
625	97.80799999999999	115.9
650	99.96799999999998	123.9
675	100.42799999999997	123.9
700	101.92799999999997	128.9
725	102.64799999999997	128.9
750	104.60799999999998	146.9
775	104.60799999999998	146.9
800	105.94799999999995	146.9
825	106.62799999999996	146.9
850	107.70799999999996	146.9
875	107.74799999999996	146.9
900	109.44799999999995	146.9
925	110.68799999999996	146.9
950	111.24799999999996	146.9
975	112.62799999999994	146.9
1000	115.10799999999993	146.9
1025	115.95999999999992	146.9
1050	119.21999999999991	180.9
1075	119.27999999999992	180.9
1100	120.3999999999999	180.9
1125	121.8999999999999	180.9
1150	123.15999999999991	180.9
1175	124.01999999999991	180.9
1200	124.21999999999991	180.9
1225	124.99999999999991	180.9
1250	125.1999999999999	180.9
1275	126.33999999999989	180.9
1300	127.19999999999989	180.9
1325	127.5999999999999	180.9
1350	128.9799999999999	180.9
1375	128.9799999999999	180.9
1400	129.0799999999999	180.9
1425	129.8999999999999	180.9
1450	130.65999999999988	180.9
1475	130.8599999999999	180.9
1500	130.8599999999999	180.9
1525	130.8599999999999	180.9
1550	131.53999999999988	180.9
1575	131.53999999999988	180.9
1600	131.59999999999988	180.9
1625	131.7999999999999	180.9
1650	132.43999999999988	180.9
1675	132.43999999999988	180.9
1700	132.4799999999999	180.9
1725	132.4799999999999	180.9
1750	132.75999999999988	180.9
1775	132.7799999999999	180.9
1800	132.7799999999999	180.9
1825	132.7799999999999	180.9
1850	134.4999999999999	180.9
1875	134.4999999999999	180.9
1900	134.4999999999999	180.9
1925	134.55999999999986	180.9
1950	134.79999999999987	180.9
1975	134.9999999999999	180.9
2000	134.9999999999999	180.9

Run 10
50	6.848000000000001	32.9
75	16.307999999999986	88.9
100	27.94800000000004	93.9
125	36.61600000000005	93.9
150	46.23600000000006	108.9
175	56.72000000000006	125.9
200	63.54000000000006	125.9
225	69.60000000000007	125.9
250	74.38000000000007	125.9
275	77.92000000000006	125.9
300	80.38000000000007	127.9
325	83.22000000000007	127.9
350	85.48000000000006	127.9
375	86.36000000000004	127.9
400	89.78000000000002	127.9
425	90.90000000000002	127.9
450	92.04000000000002	127.9
475	92.52000000000002	127.9
500	93.36000000000001	127.9
525	93.68	127.9
550	94.46	127.9
575	95.92	129.9
600	97.56	129.9
625	98.23999999999998	129.9
650	99.99999999999999	142.9
675	100.93999999999998	142.9
700	102.57999999999997	142.9
725	104.39999999999996	142.9
750	105.21999999999997	142.9
775	106.07999999999997	142.9
800	106.13999999999996	142.9
825	106.41999999999996	142.9
850	107.65999999999994	142.9
875	109.27999999999994	155.9
900	111.39999999999995	155.9
925	113.35999999999993	155.9
950	115.01999999999992	165.9
975	116.37999999999992	165.9
1000	117.9199999999999	179.9
1025	118.45999999999991	179.9
1050	118.45999999999991	179.9
1075	120.71999999999991	179.9
1100	120.79999999999991	179.9
1125	123.59999999999991	179.9
1150	123.8999999999999	179.9
1175	123.8999999999999	179.9
1200	125.43999999999988	179.9
1225	126.07999999999988	179.9
1250	129.5199999999999	188.9
1275	130.3599999999999	188.9
1300	130.7799999999999	188.9
1325	131.0199999999999	188.9
1350	131.6799999999999	188.9
1375	132.21999999999989	188.9
1400	132.27999999999986	188.9
1425	132.29999999999987	188.9
1450	132.85999999999987	188.9
1475	133.65999999999988	188.9
1500	134.19999999999987	188.9
1525	134.33999999999986	188.9
1550	134.33999999999986	188.9
1575	136.01999999999987	188.9
1600	137.17999999999986	188.9
1625	137.77999999999986	188.9
1650	137.77999999999986	188.9
1675	139.73999999999987	188.9
1700	139.73999999999987	188.9
1725	139.73999999999987	188.9
1750	139.73999999999987	188.9
1775	139.91999999999987	188.9
1800	140.55999999999986	188.9
1825	140.67999999999986	188.9
1850	141.65999999999988	188.9
1875	141.65999999999988	188.9
1900	141.87999999999988	188.9
1925	142.01999999999987	188.9
1950	142.01999999999987	188.9
1975	142.07999999999987	188.9
2000	142.11999999999986	188.9

Run 11
50	8.775999999999996	42.9
75	17.695999999999984	72.9
100	26.48000000000003	78.9
125	33.520000000000046	82.9
150	38.10000000000005	82.9
175	45.360000000000056	116.9
200	52.72000000000006	116.9
225	56.460000000000065	116.9
250	59.08000000000006	116.9
275	61.920000000000066	116.9
300	64.02000000000007	116.9
325	67.52000000000007	133.9
350	73.38000000000007	133.9
375	78.04000000000008	133.9
400	78.96000000000008	133.9
425	80.34000000000007	133.9
450	84.54000000000005	133.9
475	86.02000000000004	133.9
500	88.40000000000003	133.9
525	91.10000000000002	145.9
550	94.64	145.9
575	96.65999999999998	145.9
600	97.43999999999998	145.9
625	99.55999999999999	145.9
650	100.97999999999996	145.9
675	102.73999999999997	145.9
700	105.47999999999995	145.9
725	108.35999999999994	145.9
750	109.33999999999993	145.9
775	111.41999999999993	190.9
800	112.37999999999992	190.9
825	113.91999999999993	190.9
850	115.67999999999991	190.9
875	119.35999999999991	190.9
900	119.35999999999991	190.9
925	119.35999999999991	190.9
950	119.35999999999991	190.9
975	119.93999999999991	190.9
1000	120.93999999999991	190.9
1025	121.59999999999991	190.9
1050	122.31999999999991	190.9
1075	123.35999999999989	190.9
1100	123.83999999999989	190.9
1125	123.83999999999989	190.9
1150	123.91999999999989	190.9
1175	124.19999999999989	190.9
1200	125.33999999999989	190.9
1225	125.33999999999989	190.9
1250	125.6799999999999	190.9
1275	126.25999999999989	190.9
1300	128.2999999999999	190.9
1325	128.5599999999999	190.9
1350	128.6999999999999	190.9
1375	129.3599999999999	190.9
1400	129.93999999999988	190.9
1425	129.93999999999988	190.9
1450	130.1199999999999	190.9
1475	130.1199999999999	190.9
1500	131.55999999999986	190.9
1525	131.55999999999986	190.9
1550	132.09999999999988	190.9
1575	133.19999999999987	190.9
1600	133.25999999999988	190.9
1625	133.25999999999988	190.9
1650	133.9999999999999	190.9
1675	133.9999999999999	190.9
1700	133.9999999999999	190.9
1725	133.9999999999999	190.9
1750	134.01999999999987	190.9
1775	134.23999999999987	190.9
1800	134.23999999999987	190.9
1825	134.23999999999987	190.9
1850	135.97999999999988	190.9
1875	136.89999999999986	190.9
1900	137.25999999999988	190.9
1925	138.91999999999987	190.9
1950	139.91999999999987	190.9
1975	140.15999999999988	190.9
2000	140.15999999999988	190.9

Run 12
50	6.491999999999997	36.9
75	13.36399999999999	41.9
100	20.795999999999996	66.7
125	25.996000000000013	66.7
150	33.63600000000004	73.7
175	39.61600000000006	91.7
200	43.85600000000005	109.7
225	49.364000000000054	109.7
250	53.44000000000002	109.7
275	58.47599999999999	109.7
300	62.93599999999998	109.7
325	65.51199999999996	109.7
350	68.78799999999997	109.7
375	69.48399999999997	109.7
400	71.55599999999994	109.7
425	73.23599999999993	109.7
450	76.11199999999992	117.7
475	76.50799999999992	117.7
500	79.20799999999993	117.7
525	81.06799999999993	117.7
550	83.54799999999992	117.7
575	84.06799999999993	117.7
600	86.64799999999993	117.7
625	87.28399999999992	117.7
650	88.8039999999999	117.7
675	89.3999999999999	117.7
700	90.01999999999991	117.7
725	90.5399999999999	117.7
750	91.23999999999991	117.7
775	92.15999999999991	117.7
800	93.31999999999991	117.7
825	94.5599999999999	117.7
850	95.63999999999992	117.7
875	96.4799999999999	117.7
900	98.07999999999991	117.7
925	100.07999999999991	149.7
950	100.99999999999991	149.7
975	101.71999999999991	149.7
1000	102.27999999999992	149.7
1025	102.57999999999991	149.7
1050	104.13999999999989	149.7
1075	104.77999999999989	149.7
1100	105.49999999999989	149.7
1125	106.11999999999989	149.7
1150	107.89999999999989	149.7
1175	107.89999999999989	149.7
1200	108.9599999999999	149.7
1225	109.43999999999988	149.7
1250	109.4599999999999	149.7
1275	109.8799999999999	149.7
1300	109.93999999999988	149.7
1325	110.2999999999999	149.7
1350	111.19999999999989	149.7
1375	112.75999999999989	163.7
1400	115.43999999999988	163.7
1425	116.11999999999989	163.7
1450	116.6799999999999	163.7
1475	117.6599999999999	163.7
1500	117.75999999999989	163.7
1525	118.91999999999989	163.7
1550	120.3199999999999	163.7
1575	120.9599999999999	163.7
1600	121.03999999999989	163.7
1625	122.3799999999999	163.7
1650	123.57999999999988	163.7
1675	123.75999999999989	163.7
1700	125.85999999999989	163.7
1725	128.41999999999987	163.7
1750	129.65999999999988	167.7
1775	131.09999999999988	167.7
1800	131.27999999999986	167.7
1825	131.89999999999986	167.7
1850	134.71999999999989	167.7
1875	134.87999999999988	167.7
1900	134.87999999999988	167.7
1925	134.97999999999988	167.7
1950	135.4999999999999	167.7
1975	136.03999999999988	167.7
2000	136.69999999999987	167.7

Run 13
50	10.539999999999994	71.9
75	25.456000000000035	95.9
100	38.05200000000005	95.9
125	43.05200000000005	95.9
150	51.820000000000064	95.9
175	57.94000000000006	98.9
200	65.34000000000006	98.9
225	74.18000000000006	105.9
250	78.58000000000007	109.9
275	82.54000000000008	127.9
300	84.76000000000005	127.9
325	86.98000000000003	127.9
350	89.38000000000002	127.9
375	90.72000000000001	127.9
400	92.10000000000002	127.9
425	93.46000000000002	127.9
450	94.88	127.9
475	95.16	127.9
500	95.16	127.9
525	95.32	127.9
550	96.92	127.9
575	97.97999999999998	127.9
600	98.99999999999999	127.9
625	99.25999999999998	127.9
650	99.69999999999999	127.9
675	99.81999999999998	127.9
700	100.21999999999998	127.9
725	101.59999999999998	127.9
750	101.65999999999998	127.9
775	101.71999999999998	127.9
800	101.99999999999999	127.9
825	102.11999999999998	127.9
850	102.51999999999998	127.9
875	102.71999999999998	127.9
900	102.71999999999998	127.9
925	102.71999999999998	127.9
950	102.83999999999997	127.9
975	103.01999999999997	127.9
1000	103.37999999999997	127.9
1025	103.73999999999997	127.9
1050	103.83999999999996	127.9
1075	103.91999999999996	127.9
1100	104.05999999999996	127.9
1125	104.07999999999997	127.9
1150	104.17999999999996	127.9
1175	104.73999999999997	127.9
1200	104.75999999999996	127.9
1225	105.17999999999996	127.9
1250	105.21999999999997	127.9
1275	105.67999999999996	127.9
1300	105.77999999999996	127.9
1325	105.93999999999997	127.9
1350	106.13999999999996	127.9
1375	106.13999999999996	127.9
1400	106.43999999999997	127.9
1425	106.55999999999996	127.9
1450	106.59999999999997	127.9
1475	106.59999999999997	127.9
1500	107.43999999999997	127.9
1525	107.43999999999997	127.9
1550	107.61999999999996	127.9
1575	107.67999999999996	127.9
1600	107.77999999999996	127.9
1625	107.87999999999997	127.9
1650	107.99999999999996	127.9
1675	109.65999999999994	156.9
1700	110.15999999999994	156.9
1725	110.45999999999995	156.9
1750	110.45999999999995	156.9
1775	110.45999999999995	156.9
1800	110.45999999999995	156.9
1825	110.57999999999994	156.9
1850	111.51999999999994	156.9
1875	111.99999999999994	156.9
1900	112.49999999999994	156.9
1925	112.75999999999995	156.9
1950	112.75999999999995	156.9
1975	113.11999999999995	156.9
2000	113.21999999999994	156.9

Run 14
50	10.635999999999994	89.9
75	22.836000000000023	89.9
100	35.06000000000005	118.9
125	44.82000000000004	118.9
150	54.80000000000006	118.9
175	59.44000000000006	118.9
200	62.40000000000006	118.9
225	66.24000000000007	118.9
250	70.20000000000006	147.9
275	73.02000000000007	147.9
300	77.04000000000008	147.9
325	79.32000000000008	147.9
350	80.24000000000007	147.9
375	84.14000000000006	147.9
400	86.80000000000004	147.9
425	88.38000000000004	147.9
450	93.02	147.9
475	94.84	147.9
500	95.32	147.9
525	96.79999999999998	147.9
550	99.27999999999999	147.9
575	100.07999999999998	147.9
600	101.19999999999996	147.9
625	101.87999999999997	147.9
650	103.07999999999997	147.9
675	104.21999999999997	147.9
700	104.77999999999996	147.9
725	107.29999999999994	160.9
750	109.37999999999994	160.9
775	109.67999999999995	160.9
800	110.51999999999994	160.9
825	112.41999999999993	160.9
850	112.73999999999992	160.9
875	113.77999999999993	160.9
900	115.03999999999992	160.9
925	115.85999999999993	160.9
950	116.77999999999993	160.9
975	117.01999999999992	160.9
1000	118.5599999999999	160.9
1025	119.9199999999999	160.9
1050	119.9199999999999	160.9
1075	120.3999999999999	160.9
1100	120.59999999999991	160.9
1125	122.6999999999999	195.9
1150	123.2599999999999	195.9
1175	123.59999999999991	195.9
1200	124.57999999999988	195.9
1225	124.57999999999988	195.9
1250	124.57999999999988	195.9
1275	124.57999999999988	195.9
1300	126.03999999999989	195.9
1325	126.03999999999989	195.9
1350	126.75999999999989	195.9
1375	127.3199999999999	195.9
1400	127.3199999999999	195.9
1425	127.71999999999989	195.9
1450	128.4599999999999	195.9
1475	128.4599999999999	195.9
1500	129.3999999999999	195.9
1525	131.11999999999986	195.9
1550	131.51999999999987	195.9
1575	131.67999999999986	195.9
1600	131.89999999999986	195.9
1625	132.41999999999987	195.9
1650	132.41999999999987	195.9
1675	132.61999999999986	195.9
1700	132.85999999999987	195.9
1725	133.09999999999988	195.9
1750	133.21999999999989	195.9
1775	133.45999999999987	195.9
1800	135.87999999999988	195.9
1825	135.87999999999988	195.9
1850	135.87999999999988	195.9
1875	136.83999999999986	195.9
1900	137.39999999999986	195.9
1925	137.75999999999988	195.9
1950	137.75999999999988	195.9
1975	137.95999999999987	195.9
2000	139.43999999999988	195.9

Run 15
50	6.891999999999993	40.9
75	13.903999999999987	41.9
100	20.279999999999983	44.9
125	27.192000000000025	83.5
150	32.012000000000036	83.5
175	36.73200000000005	83.5
200	39.84000000000004	83.5
225	44.26400000000004	83.5
250	47.57600000000004	83.5
275	50.652000000000044	83.5
300	59.15600000000005	128.5
325	62.95200000000004	128.5
350	64.85600000000004	128.5
375	70.90400000000004	128.5
400	74.83600000000003	128.5
425	78.94400000000002	134.5
450	83.35600000000001	134.5
475	83.69600000000003	134.5
500	85.00400000000002	134.5
525	86.668	134.5
550	89.34	138.5
575	91.11200000000001	138.5
600	92.08400000000002	138.5
625	93.804	138.5
650	94.86399999999999	138.5
675	95.65599999999999	138.5
700	98.45599999999999	138.5
725	99.95599999999999	138.5
750	101.68	138.5
775	103.92	138.5
800	104.94	138.5
825	105.42	138.5
850	105.82	138.5
875	109.06	160.5
900	109.42	160.5
925	110.62	160.5
950	111.2	160.5
975	111.34	160.5
1000	112.8	160.5
1025	113.08	160.5
1050	113.2	160.5
1075	113.2	160.5
1100	114.44	160.5
1125	114.78	160.5
1150	115.62	160.5
1175	115.8	160.5
1200	116.64	160.5
1225	117.84	161.5
1250	118.18	161.5
1275	119.08	161.5
1300	123.42	164.5
1325	124.18	164.5
1350	124.4	164.5
1375	124.74	164.5
1400	126.26	164.5
1425	127.22	164.5
1450	128.06	164.5
1475	128.58	164.5
1500	128.96	164.5
1525	129.0	164.5
1550	130.3	176.5
1575	131.34	176.5
1600	131.98	176.5
1625	132.52	176.5
1650	133.34	176.5
1675	133.72	176.5
1700	133.72	176.5
1725	134.74	176.5
1750	135.48	176.5
1775	136.06	176.5
1800	136.28	176.5
1825	136.28	176.5
1850	136.28	176.5
1875	136.98	176.5
1900	138.02	176.5
1925	138.02	176.5
1950	139.02	176.5
1975	140.32	176.5
2000	140.46	176.5

Run 16
50	9.607999999999992	47.9
75	18.279999999999983	52.9
100	26.204000000000022	54.9
125	32.34000000000004	62.9
150	36.82000000000004	83.9
175	42.380000000000045	83.9
200	47.32000000000006	85.9
225	51.480000000000054	94.9
250	57.780000000000065	106.9
275	58.94000000000006	106.9
300	61.72000000000006	106.9
325	62.76000000000006	106.9
350	66.02000000000007	106.9
375	67.94000000000007	106.9
400	69.22000000000007	106.9
425	73.16000000000007	122.9
450	78.04000000000008	162.9
475	80.92000000000007	162.9
500	81.80000000000007	162.9
525	83.26000000000005	162.9
550	85.14000000000006	162.9
575	85.92000000000006	162.9
600	86.76000000000003	162.9
625	87.54000000000003	162.9
650	87.80000000000004	162.9
675	88.70000000000003	162.9
700	89.82000000000002	162.9
725	93.0	162.9
750	93.84	162.9
775	94.62	162.9
800	96.02	162.9
825	97.01999999999998	162.9
850	97.51999999999998	162.9
875	99.51999999999998	162.9
900	100.47999999999998	162.9
925	101.47999999999996	162.9
950	102.49999999999996	162.9
975	103.61999999999996	162.9
1000	104.15999999999997	162.9
1025	104.23999999999997	162.9
1050	104.23999999999997	162.9
1075	104.81999999999996	162.9
1100	105.93999999999994	162.9
1125	108.31999999999995	166.9
1150	108.63999999999994	166.9
1175	108.87999999999994	166.9
1200	108.87999999999994	166.9
1225	108.87999999999994	166.9
1250	109.19999999999995	166.9
1275	109.19999999999995	166.9
1300	110.11999999999995	166.9
1325	111.95999999999992	166.9
1350	114.73999999999992	166.9
1375	115.73999999999991	166.9
1400	116.17999999999991	166.9
1425	116.6199999999999	166.9
1450	116.9799999999999	166.9
1475	118.29999999999991	166.9
1500	119.0599999999999	166.9
1525	119.81999999999991	166.9
1550	119.81999999999991	166.9
1575	119.8999999999999	166.9
1600	119.9799999999999	166.9
1625	121.6799999999999	166.9
1650	122.2999999999999	166.9
1675	122.75999999999989	166.9
1700	122.75999999999989	166.9
1725	123.03999999999989	166.9
1750	123.03999999999989	166.9
1775	124.55999999999989	166.9
1800	125.43999999999988	166.9
1825	125.43999999999988	166.9
1850	125.43999999999988	166.9
1875	125.5199999999999	166.9
1900	125.71999999999989	166.9
1925	125.71999999999989	166.9
1950	125.71999999999989	166.9
1975	127.0999999999999	173.9
2000	128.1199999999999	173.9

Run 17
50	9.467999999999995	81.9
75	19.671999999999983	81.9
100	27.88400000000003	81.9
125	36.54000000000005	85.9
150	46.68000000000006	118.9
175	53.58000000000006	118.9
200	55.44000000000006	118.9
225	60.72000000000006	147.9
250	66.20000000000006	147.9
275	69.00000000000006	147.9
300	69.86000000000007	147.9
325	70.72000000000007	147.9
350	75.02000000000007	147.9
375	76.74000000000007	147.9
400	78.74000000000007	147.9
425	81.54000000000008	147.9
450	84.22000000000006	147.9
475	86.88000000000004	147.9
500	91.82	147.9
525	93.1	147.9
550	98.43999999999998	147.9
575	101.53999999999996	147.9
600	102.51999999999997	147.9
625	102.95999999999997	147.9
650	106.39999999999995	147.9
675	109.09999999999995	147.9
700	110.13999999999993	147.9
725	111.29999999999993	147.9
750	112.29999999999993	147.9
775	113.67999999999992	147.9
800	114.05999999999993	147.9
825	115.21999999999993	147.9
850	115.75999999999993	147.9
875	115.91999999999993	147.9
900	117.4799999999999	147.9
925	118.67999999999991	147.9
950	120.27999999999992	147.9
975	120.4799999999999	147.9
1000	121.59999999999991	159.9
1025	122.67999999999991	159.9
1050	122.81999999999991	159.9
1075	122.81999999999991	159.9
1100	123.01999999999991	159.9
1125	123.13999999999992	159.9
1150	123.9799999999999	159.9
1175	124.87999999999991	159.9
1200	125.43999999999988	159.9
1225	125.77999999999989	159.9
1250	125.97999999999989	159.9
1275	125.97999999999989	159.9
1300	128.1999999999999	159.9
1325	129.1199999999999	159.9
1350	129.2999999999999	159.9
1375	129.6399999999999	159.9
1400	129.6399999999999	159.9
1425	129.7799999999999	159.9
1450	129.7799999999999	159.9
1475	129.7799999999999	159.9
1500	130.4199999999999	159.9
1525	130.5599999999999	159.9
1550	130.9799999999999	159.9
1575	131.4799999999999	159.9
1600	132.09999999999988	159.9
1625	132.37999999999988	159.9
1650	132.37999999999988	159.9
1675	132.75999999999988	159.9
1700	133.9199999999999	159.9
1725	133.9799999999999	159.9
1750	134.2399999999999	159.9
1775	135.09999999999988	159.9
1800	135.09999999999988	159.9
1825	135.85999999999987	159.9
1850	135.87999999999988	159.9
1875	135.87999999999988	159.9
1900	136.19999999999987	159.9
1925	136.19999999999987	159.9
1950	136.57999999999987	159.9
1975	136.57999999999987	159.9
2000	136.61999999999986	159.9

Run 18
50	8.347999999999994	73.9
75	17.163999999999984	85.9
100	32.34000000000004	105.9
125	42.24800000000005	105.9
150	49.56400000000006	105.9
175	55.08400000000007	122.9
200	62.368000000000066	122.9
225	70.08800000000006	122.9
250	77.54800000000007	122.9
275	83.50000000000006	122.9
300	86.68000000000004	135.9
325	87.18000000000004	135.9
350	88.60000000000004	135.9
375	90.14000000000001	135.9
400	92.18000000000002	135.9
425	92.48000000000002	135.9
450	94.42	135.9
475	95.88	135.9
500	96.88	135.9
525	98.39999999999998	135.9
550	99.53999999999998	135.9
575	99.93999999999998	135.9
600	102.01999999999997	135.9
625	102.65999999999997	135.9
650	104.39999999999996	135.9
675	106.31999999999995	135.9
700	106.35999999999994	135.9
725	107.97999999999995	135.9
750	110.33999999999995	160.9
775	111.27999999999994	160.9
800	112.15999999999993	160.9
825	112.39999999999992	160.9
850	112.49999999999993	160.9
875	113.29999999999993	160.9
900	114.81999999999992	160.9
925	115.65999999999993	160.9
950	117.45999999999992	160.9
975	117.51999999999992	160.9
1000	118.17999999999992	160.9
1025	119.0599999999999	160.9
1050	119.17999999999991	160.9
1075	120.59999999999991	160.9
1100	120.59999999999991	160.9
1125	120.71999999999991	160.9
1150	120.71999999999991	160.9
1175	121.15999999999991	160.9
1200	121.45999999999991	160.9
1225	122.01999999999991	160.9
1250	122.8999999999999	160.9
1275	122.8999999999999	160.9
1300	123.59999999999991	160.9
1325	123.6999999999999	160.9
1350	123.79999999999991	160.9
1375	124.01999999999991	160.9
1400	124.01999999999991	160.9
1425	124.65999999999991	160.9
1450	124.9799999999999	160.9
1475	124.9799999999999	160.9
1500	125.51999999999991	160.9
1525	125.5399999999999	160.9
1550	125.5399999999999	160.9
1575	126.6599999999999	160.9
1600	127.3199999999999	160.9
1625	127.3199999999999	160.9
1650	127.7399999999999	160.9
1675	128.2799999999999	160.9
1700	128.2799999999999	160.9
1725	128.4999999999999	160.9
1750	128.6399999999999	160.9
1775	128.75999999999988	160.9
1800	129.59999999999988	160.9
1825	129.65999999999988	160.9
1850	129.6799999999999	160.9
1875	130.4199999999999	160.9
1900	130.4199999999999	160.9
1925	130.53999999999988	160.9
1950	130.59999999999988	160.9
1975	130.75999999999988	160.9
2000	130.75999999999988	160.9

Run 19
50	9.388	88.9
75	19.883999999999983	108.9
100	34.75200000000005	108.9
125	47.48000000000006	109.9
150	57.560000000000066	109.9
175	62.500000000000064	109.9
200	71.18000000000006	109.9
225	77.68000000000006	109.9
250	81.86000000000007	109.9
275	82.70000000000006	109.9
300	85.00000000000004	109.9
325	87.06000000000003	109.9
350	89.40000000000003	110.9
375	91.22000000000001	110.9
400	92.06000000000002	110.9
425	93.60000000000002	110.9
450	94.58	121.9
475	94.98	121.9
500	95.04	121.9
525	96.0	123.9
550	96.72	123.9
575	97.06	123.9
600	97.06	123.9
625	97.46	123.9
650	98.07999999999998	123.9
675	98.17999999999998	123.9
700	98.51999999999998	123.9
725	99.47999999999998	123.9
750	99.83999999999997	123.9
775	100.37999999999998	123.9
800	100.43999999999998	123.9
825	100.85999999999999	123.9
850	101.11999999999998	123.9
875	101.17999999999998	123.9
900	101.21999999999998	123.9
925	101.21999999999998	123.9
950	101.43999999999998	123.9
975	101.51999999999998	123.9
1000	101.51999999999998	123.9
1025	101.51999999999998	123.9
1050	101.63999999999999	123.9
1075	101.85999999999999	123.9
1100	101.87999999999998	123.9
1125	102.07999999999998	123.9
1150	102.17999999999998	123.9
1175	102.17999999999998	123.9
1200	102.71999999999998	123.9
1225	103.09999999999998	123.9
1250	103.47999999999996	123.9
1275	104.43999999999997	123.9
1300	104.43999999999997	123.9
1325	104.57999999999997	123.9
1350	104.57999999999997	123.9
1375	104.91999999999996	123.9
1400	105.81999999999996	123.9
1425	106.81999999999996	123.9
1450	106.81999999999996	123.9
1475	107.17999999999996	123.9
1500	107.57999999999997	123.9
1525	107.87999999999997	123.9
1550	108.13999999999996	123.9
1575	108.51999999999997	123.9
1600	109.11999999999995	123.9
1625	109.19999999999995	123.9
1650	109.21999999999994	123.9
1675	109.53999999999995	123.9
1700	110.45999999999995	134.9
1725	110.49999999999994	134.9
1750	112.11999999999995	177.9
1775	112.21999999999994	177.9
1800	112.75999999999995	177.9
1825	113.21999999999994	177.9
1850	114.39999999999992	177.9
1875	115.39999999999992	177.9
1900	116.13999999999993	177.9
1925	116.25999999999993	177.9
1950	116.81999999999992	177.9
1975	117.35999999999993	177.9
2000	118.49999999999993	177.9

Run 20
50	10.42799999999999	57.9
75	19.363999999999987	58.9
100	33.104000000000035	99.7
125	43.60000000000004	99.7
150	49.43200000000002	99.7
175	54.68800000000003	101.1
200	58.252000000000024	101.1
225	61.66400000000003	101.1
250	66.06400000000002	101.1
275	68.88800000000002	101.1
300	70.69200000000002	101.1
325	72.70000000000003	101.1
350	76.12000000000003	102.1
375	77.66000000000003	102.1
400	78.93600000000004	102.1
425	79.31600000000003	102.1
450	79.67600000000003	102.1
475	80.33600000000003	102.1
500	82.70800000000003	102.1
525	83.88400000000003	102.1
550	85.38400000000003	102.1
575	87.26000000000002	147.9
600	87.62800000000001	147.9
625	88.552	147.9
650	90.072	147.9
675	92.036	147.9
700	92.756	147.9
725	92.956	147.9
750	95.228	147.9
775	95.66799999999999	147.9
800	98.14399999999998	147.9
825	99.39999999999996	147.9
850	100.17999999999998	147.9
875	100.41599999999997	147.9
900	100.67199999999995	147.9
925	100.67199999999995	147.9
950	101.43199999999996	147.9
975	105.55199999999995	147.9
1000	107.03199999999995	147.9
1025	107.41599999999997	147.9
1050	107.93599999999996	147.9
1075	109.37599999999996	155.9
1100	110.33199999999997	155.9
1125	111.38799999999996	155.9
1150	112.02799999999996	155.9
1175	113.69199999999996	159.9
1200	114.61199999999995	159.9
1225	115.39199999999995	159.9
1250	115.65199999999996	159.9
1275	116.54799999999994	159.9
1300	117.68799999999993	159.9
1325	118.12399999999991	159.9
1350	119.06399999999991	159.9
1375	119.12399999999991	159.9
1400	119.40399999999991	159.9
1425	121.6639999999999	159.9
1450	123.18399999999991	159.9
1475	127.08399999999989	163.9
1500	128.0639999999999	163.9
1525	128.6639999999999	163.9
1550	130.1239999999999	163.9
1575	130.1239999999999	163.9
1600	131.02399999999992	163.9
1625	131.36399999999992	163.9
1650	132.0839999999999	163.9
1675	132.2639999999999	163.9
1700	135.1439999999999	164.9
1725	135.3039999999999	164.9
1750	135.50399999999988	164.9
1775	137.4999999999999	164.9
1800	138.85999999999987	164.9
1825	139.55999999999986	164.9
1850	140.15999999999988	164.9
1875	140.55999999999986	164.9
1900	140.55999999999986	164.9
1925	140.69999999999987	164.9
1950	141.37999999999988	164.9
1975	141.4999999999999	164.9
2000	141.4999999999999	164.9

Run 21
50	10.739999999999991	75.9
75	20.924	105.9
100	31.41600000000005	105.9
125	40.70000000000005	105.9
150	45.300000000000054	105.9
175	52.000000000000064	105.9
200	54.740000000000066	105.9
225	58.20000000000007	105.9
250	60.34000000000006	105.9
275	61.66000000000006	105.9
300	63.48000000000006	105.9
325	65.86000000000007	105.9
350	67.96000000000006	105.9
375	70.26000000000006	105.9
400	72.90000000000006	105.9
425	74.50000000000006	106.9
450	79.12000000000006	109.9
475	82.02000000000007	109.9
500	85.40000000000005	145.9
525	88.32000000000004	145.9
550	89.14000000000004	145.9
575	90.42000000000002	145.9
600	91.54000000000002	145.9
625	92.04000000000002	145.9
650	93.14	145.9
675	94.28	145.9
700	95.26	145.9
725	96.16	145.9
750	97.19999999999999	145.9
775	98.55999999999999	145.9
800	98.93999999999998	145.9
825	99.05999999999999	145.9
850	99.15999999999998	145.9
875	100.09999999999998	145.9
900	100.25999999999998	145.9
925	100.35999999999999	145.9
950	100.83999999999997	145.9
975	100.83999999999997	145.9
1000	101.09999999999998	145.9
1025	101.31999999999998	145.9
1050	102.51999999999997	145.9
1075	104.39999999999996	145.9
1100	105.65999999999997	145.9
1125	107.25999999999995	145.9
1150	107.65999999999994	145.9
1175	108.57999999999994	145.9
1200	108.57999999999994	145.9
1225	109.79999999999994	145.9
1250	109.87999999999994	145.9
1275	110.71999999999994	145.9
1300	110.71999999999994	145.9
1325	110.79999999999994	145.9
1350	111.13999999999994	145.9
1375	111.29999999999994	145.9
1400	112.13999999999994	145.9
1425	112.61999999999995	145.9
1450	112.61999999999995	145.9
1475	113.05999999999995	145.9
1500	113.11999999999995	145.9
1525	113.45999999999992	145.9
1550	113.45999999999992	145.9
1575	113.69999999999993	145.9
1600	113.69999999999993	145.9
1625	113.69999999999993	145.9
1650	113.69999999999993	145.9
1675	113.69999999999993	145.9
1700	114.05999999999993	145.9
1725	114.39999999999992	145.9
1750	114.53999999999992	145.9
1775	114.53999999999992	145.9
1800	114.53999999999992	145.9
1825	115.15999999999993	145.9
1850	115.15999999999993	145.9
1875	115.99999999999993	145.9
1900	115.99999999999993	145.9
1925	115.99999999999993	145.9
1950	116.85999999999993	145.9
1975	117.35999999999993	145.9
2000	117.35999999999993	145.9

Run 22
50	11.41599999999999	56.9
75	21.680000000000014	56.9
100	31.64800000000004	67.9
125	36.06800000000004	68.9
150	40.51600000000005	68.9
175	43.91600000000005	68.9
200	48.88000000000005	114.9
225	51.260000000000055	114.9
250	52.16000000000005	114.9
275	55.740000000000066	114.9
300	57.38000000000007	114.9
325	59.34000000000006	114.9
350	61.80000000000006	114.9
375	64.70000000000006	114.9
400	66.98000000000006	114.9
425	70.22000000000007	114.9
450	71.62000000000006	114.9
475	74.72000000000007	120.9
500	76.26000000000006	120.9
525	79.92000000000007	120.9
550	80.98000000000008	120.9
575	81.70000000000007	120.9
600	82.20000000000007	120.9
625	82.86000000000007	120.9
650	84.06000000000006	120.9
675	86.18000000000005	120.9
700	86.94000000000004	120.9
725	87.32000000000004	120.9
750	89.18000000000004	120.9
775	92.80000000000001	142.9
800	92.80000000000001	142.9
825	92.98	142.9
850	94.16	142.9
875	95.08	142.9
900	96.42	142.9
925	96.7	142.9
950	97.81999999999998	142.9
975	99.61999999999998	142.9
1000	100.79999999999998	142.9
1025	101.67999999999996	142.9
1050	102.77999999999996	142.9
1075	102.93999999999997	142.9
1100	102.93999999999997	142.9
1125	103.93999999999997	142.9
1150	104.33999999999996	142.9
1175	104.97999999999996	142.9
1200	104.97999999999996	142.9
1225	107.01999999999994	162.9
1250	107.09999999999995	162.9
1275	108.03999999999995	162.9
1300	108.91999999999994	162.9
1325	109.81999999999995	162.9
1350	110.29999999999994	162.9
1375	110.73999999999995	162.9
1400	110.91999999999994	162.9
1425	111.01999999999994	162.9
1450	111.41999999999994	162.9
1475	111.47999999999995	162.9
1500	112.15999999999994	162.9
1525	112.91999999999993	162.9
1550	113.31999999999992	162.9
1575	113.71999999999993	162.9
1600	114.09999999999992	162.9
1625	114.89999999999992	162.9
1650	114.93999999999993	162.9
1675	114.93999999999993	162.9
1700	115.31999999999992	162.9
1725	116.51999999999992	162.9
1750	117.71999999999993	162.9
1775	117.75999999999993	162.9
1800	118.13999999999993	162.9
1825	118.31999999999992	162.9
1850	120.1999999999999	162.9
1875	120.1999999999999	162.9
1900	120.1999999999999	162.9
1925	120.1999999999999	162.9
1950	120.1999999999999	162.9
1975	120.57999999999991	162.9
2000	121.3999999999999	162.9

Run 23
50	7.299999999999999	46.9
75	18.11599999999999	61.9
100	27.30800000000003	70.9
125	35.424000000000035	72.9
150	41.57600000000004	72.9
175	45.484000000000044	86.9
200	48.78400000000005	86.9
225	50.78400000000005	86.9
250	54.13600000000003	86.9
275	56.12000000000005	95.9
300	57.968000000000046	95.9
325	61.012000000000064	95.9
350	63.372000000000064	95.9
375	64.05200000000006	95.9
400	65.81200000000007	102.9
425	67.83200000000006	102.9
450	68.71200000000005	102.9
475	69.99200000000006	106.9
500	70.87200000000006	106.9
525	71.97200000000007	106.9
550	73.31200000000007	106.9
575	75.75200000000007	106.9
600	79.41600000000005	106.9
625	79.61600000000006	106.9
650	80.31600000000006	106.9
675	80.59600000000006	106.9
700	81.33600000000006	106.9
725	82.57600000000006	106.9
750	82.69600000000005	106.9
775	82.77600000000005	106.9
800	84.03600000000004	106.9
825	84.57600000000004	106.9
850	84.97600000000004	106.9
875	85.05600000000004	106.9
900	85.31600000000005	106.9
925	86.23600000000005	106.9
950	86.85600000000004	106.9
975	87.11600000000004	106.9
1000	87.11600000000004	106.9
1025	87.17600000000004	106.9
1050	87.28000000000003	106.9
1075	88.12000000000003	107.9
1100	88.16000000000004	107.9
1125	88.94000000000004	107.9
1150	89.20000000000003	107.9
1175	89.94000000000001	107.9
1200	90.26000000000002	107.9
1225	90.26000000000002	107.9
1250	90.26000000000002	107.9
1275	90.26000000000002	107.9
1300	90.38000000000002	107.9
1325	91.50000000000001	107.9
1350	92.16000000000003	107.9
1375	92.22000000000001	107.9
1400	92.34000000000002	107.9
1425	92.66000000000003	107.9
1450	92.96000000000002	107.9
1475	93.10000000000002	107.9
1500	93.10000000000002	107.9
1525	93.12000000000002	107.9
1550	93.34000000000002	107.9
1575	94.04	112.9
1600	94.16	112.9
1625	94.58	112.9
1650	94.7	112.9
1675	94.7	112.9
1700	94.7	112.9
1725	94.7	112.9
1750	94.7	112.9
1775	95.12	112.9
1800	95.4	112.9
1825	95.44	112.9
1850	95.46	112.9
1875	95.46	112.9
1900	95.46	112.9
1925	95.46	112.9
1950	95.46	112.9
1975	95.68	112.9
2000	95.68	112.9

Run 24
50	10.81599999999999	71.9
75	20.255999999999982	71.9
100	31.820000000000046	76.9
125	40.66000000000005	76.9
150	48.760000000000055	100.9
175	53.66000000000006	100.9
200	57.70000000000007	100.9
225	59.54000000000006	100.9
250	64.16000000000007	100.9
275	67.96000000000006	110.9
300	72.34000000000006	110.9
325	74.40000000000006	110.9
350	78.08000000000007	120.9
375	81.82000000000008	120.9
400	86.18000000000004	120.9
425	93.5	165.9
450	96.23999999999998	165.9
475	97.81999999999998	165.9
500	99.01999999999998	165.9
525	101.33999999999996	165.9
550	103.77999999999996	165.9
575	105.61999999999995	165.9
600	109.75999999999995	165.9
625	111.73999999999992	165.9
650	113.95999999999992	165.9
675	113.95999999999992	165.9
700	114.83999999999993	165.9
725	116.45999999999992	165.9
750	117.65999999999991	165.9
775	118.29999999999991	165.9
800	118.9799999999999	165.9
825	120.51999999999991	165.9
850	121.77999999999992	165.9
875	122.65999999999991	165.9
900	122.65999999999991	165.9
925	124.57999999999988	180.9
950	124.69999999999989	180.9
975	126.99999999999989	186.9
1000	127.71999999999989	186.9
1025	128.2399999999999	186.9
1050	128.2799999999999	186.9
1075	128.4199999999999	186.9
1100	129.4599999999999	186.9
1125	130.1199999999999	186.9
1150	130.25999999999988	186.9
1175	130.7999999999999	186.9
1200	131.4599999999999	186.9
1225	132.31999999999988	186.9
1250	132.31999999999988	186.9
1275	132.41999999999987	186.9
1300	132.4999999999999	186.9
1325	132.4999999999999	186.9
1350	133.11999999999986	186.9
1375	133.57999999999987	186.9
1400	133.57999999999987	186.9
1425	133.57999999999987	186.9
1450	134.19999999999987	186.9
1475	135.13999999999987	186.9
1500	135.93999999999988	186.9
1525	135.93999999999988	186.9
1550	135.93999999999988	186.9
1575	135.97999999999988	186.9
1600	136.83999999999986	186.9
1625	137.23999999999987	186.9
1650	137.45999999999987	186.9
1675	137.45999999999987	186.9
1700	137.45999999999987	186.9
1725	138.73999999999987	186.9
1750	139.69999999999987	186.9
1775	140.27999999999986	186.9
1800	141.23999999999987	186.9
1825	142.59999999999988	191.9
1850	142.95999999999987	191.9
1875	143.03999999999988	191.9
1900	143.03999999999988	191.9
1925	143.03999999999988	191.9
1950	143.13999999999987	191.9
1975	143.39999999999986	191.9
2000	143.39999999999986	191.9

Run 25
50	6.956000000000001	75.9
75	18.527999999999988	96.9
100	30.81200000000004	96.9
125	40.06000000000004	96.9
150	47.54000000000005	96.9
175	53.26400000000005	96.9
200	58.640000000000065	96.9
225	61.08000000000006	96.9
250	63.48000000000006	96.9
275	67.30000000000007	104.9
300	69.04000000000006	104.9
325	71.10000000000007	104.9
350	71.94000000000007	104.9
375	73.00000000000006	104.9
400	73.42000000000006	104.9
425	75.76000000000006	104.9
450	75.92000000000006	104.9
475	76.28000000000006	104.9
500	77.08000000000007	104.9
525	77.18000000000006	104.9
550	78.80000000000007	104.9
575	80.30000000000007	123.9
600	82.18000000000005	123.9
625	82.52000000000005	123.9
650	83.24000000000005	123.9
675	83.66000000000005	123.9
700	84.86000000000004	123.9
725	85.02000000000004	123.9
750	85.80000000000004	123.9
775	85.80000000000004	123.9
800	86.50000000000004	123.9
825	87.66000000000004	127.9
850	87.88000000000004	127.9
875	88.04000000000003	127.9
900	88.60000000000004	127.9
925	88.62000000000003	127.9
950	89.16000000000004	127.9
975	89.34000000000003	127.9
1000	89.62000000000003	127.9
1025	90.06000000000002	127.9
1050	90.58000000000001	127.9
1075	90.58000000000001	127.9
1100	90.58000000000001	127.9
1125	91.44000000000001	127.9
1150	91.88000000000002	127.9
1175	92.02000000000002	127.9
1200	92.44000000000001	127.9
1225	92.54000000000002	127.9
1250	92.54000000000002	127.9
1275	92.80000000000001	127.9
1300	92.86000000000001	127.9
1325	92.86000000000001	127.9
1350	93.02000000000002	127.9
1375	93.16000000000003	127.9
1400	93.16000000000003	127.9
1425	93.18000000000002	127.9
1450	93.18000000000002	127.9
1475	93.18000000000002	127.9
1500	93.70000000000002	127.9
1525	93.78000000000002	127.9
1550	93.78000000000002	127.9
1575	93.96000000000002	127.9
1600	94.00000000000001	127.9
1625	94.00000000000001	127.9
1650	94.00000000000001	127.9
1675	94.2	127.9
1700	94.34	127.9
1725	95.04	127.9
1750	95.46	127.9
1775	95.46	127.9
1800	95.48	127.9
1825	96.08	127.9
1850	96.14	127.9
1875	96.18	127.9
1900	96.18	127.9
1925	96.24	127.9
1950	96.5	127.9
1975	96.64	127.9
2000	96.9	127.9

Run 26
50	9.091999999999992	56.9
75	15.739999999999986	56.9
100	25.332000000000015	85.9
125	32.98000000000004	85.9
150	37.45600000000004	85.9
175	44.124000000000045	85.9
200	52.14000000000006	95.9
225	60.08000000000006	102.9
250	64.24000000000007	102.9
275	69.32000000000006	114.9
300	72.14000000000006	114.9
325	73.08000000000007	114.9
350	77.26000000000006	114.9
375	78.58000000000007	114.9
400	79.24000000000007	114.9
425	81.68000000000006	114.9
450	82.12000000000006	114.9
475	82.28000000000006	114.9
500	82.82000000000005	114.9
525	86.52000000000004	144.9
550	86.96000000000004	144.9
575	87.60000000000004	144.9
600	90.30000000000001	144.9
625	91.30000000000001	144.9
650	91.78000000000002	144.9
675	92.38000000000002	144.9
700	92.84000000000002	144.9
725	93.08000000000001	144.9
750	93.32000000000002	144.9
775	93.78	144.9
800	94.1	144.9
825	95.42	144.9
850	96.04	144.9
875	97.5	144.9
900	97.71999999999998	144.9
925	98.39999999999998	144.9
950	99.43999999999998	144.9
975	99.43999999999998	144.9
1000	99.59999999999998	144.9
1025	99.59999999999998	144.9
1050	99.69999999999999	144.9
1075	100.33999999999997	144.9
1100	101.13999999999999	144.9
1125	101.97999999999998	144.9
1150	103.15999999999997	144.9
1175	103.49999999999996	144.9
1200	103.67999999999996	144.9
1225	103.99999999999996	144.9
1250	104.23999999999997	144.9
1275	104.59999999999997	144.9
1300	104.59999999999997	144.9
1325	104.71999999999997	144.9
1350	104.71999999999997	144.9
1375	104.93999999999997	144.9
1400	104.93999999999997	144.9
1425	105.13999999999996	144.9
1450	105.27999999999996	144.9
1475	105.59999999999997	144.9
1500	105.91999999999996	144.9
1525	105.91999999999996	144.9
1550	106.27999999999996	144.9
1575	106.27999999999996	144.9
1600	106.41999999999996	144.9
1625	106.41999999999996	144.9
1650	106.41999999999996	144.9
1675	106.41999999999996	144.9
1700	106.41999999999996	144.9
1725	106.41999999999996	144.9
1750	107.55999999999996	144.9
1775	107.75999999999996	144.9
1800	107.75999999999996	144.9
1825	108.09999999999995	144.9
1850	108.09999999999995	144.9
1875	108.65999999999994	144.9
1900	109.85999999999994	144.9
1925	110.63999999999994	144.9
1950	110.69999999999995	144.9
1975	110.99999999999994	144.9
2000	111.07999999999994	144.9

Run 27
50	9.575999999999997	86.9
75	19.039999999999985	93.9
100	30.17600000000004	109.9
125	43.24400000000006	109.9
150	55.98400000000006	118.9
175	67.42000000000006	118.9
200	74.00000000000006	118.9
225	79.36000000000007	118.9
250	83.06000000000007	118.9
275	86.32000000000004	118.9
300	88.38000000000004	118.9
325	91.08000000000001	118.9
350	91.62000000000002	118.9
375	92.70000000000002	118.9
400	94.9	122.9
425	96.66	122.9
450	97.36	122.9
475	98.93999999999998	122.9
500	99.73999999999998	122.9
525	100.41999999999999	122.9
550	101.07999999999998	122.9
575	102.63999999999996	122.9
600	103.31999999999996	122.9
625	104.19999999999996	127.9
650	105.21999999999997	127.9
675	105.79999999999997	127.9
700	107.33999999999996	132.9
725	107.49999999999994	132.9
750	108.13999999999994	132.9
775	108.79999999999994	132.9
800	109.01999999999994	132.9
825	109.57999999999994	132.9
850	110.03999999999995	132.9
875	110.31999999999995	132.9
900	110.31999999999995	132.9
925	110.61999999999995	132.9
950	110.91999999999994	132.9
975	111.41999999999994	132.9
1000	111.45999999999995	132.9
1025	111.51999999999994	132.9
1050	112.23999999999995	136.9
1075	112.85999999999994	136.9
1100	113.11999999999993	136.9
1125	113.13999999999993	136.9
1150	113.13999999999993	136.9
1175	113.49999999999993	136.9
1200	113.49999999999993	136.9
1225	113.49999999999993	136.9
1250	113.87999999999992	136.9
1275	113.91999999999993	136.9
1300	114.23999999999992	136.9
1325	115.27999999999993	136.9
1350	115.43999999999993	136.9
1375	115.43999999999993	136.9
1400	115.43999999999993	136.9
1425	116.21999999999993	136.9
1450	116.93999999999993	136.9
1475	116.93999999999993	136.9
1500	117.61999999999993	136.9
1525	117.63999999999993	136.9
1550	117.63999999999993	136.9
1575	117.65999999999993	136.9
1600	117.65999999999993	136.9
1625	117.65999999999993	136.9
1650	117.73999999999992	136.9
1675	117.85999999999993	136.9
1700	117.85999999999993	136.9
1725	118.07999999999993	136.9
1750	119.41999999999993	149.9
1775	119.41999999999993	149.9
1800	119.57999999999993	149.9
1825	119.99999999999993	149.9
1850	120.81999999999991	149.9
1875	121.6199999999999	149.9
1900	122.21999999999991	149.9
1925	122.9199999999999	149.9
1950	122.9199999999999	149.9
1975	123.1199999999999	149.9
2000	123.1199999999999	149.9

Run 28
50	9.223999999999995	68.9
75	22.392000000000017	72.9
100	29.540000000000017	75.9
125	37.140000000000036	75.9
150	43.532000000000046	75.9
175	50.10800000000005	77.9
200	55.78800000000005	98.9
225	58.248000000000054	98.9
250	61.58000000000006	98.9
275	65.28000000000006	103.9
300	66.52000000000007	106.9
325	68.74000000000007	106.9
350	71.26000000000006	106.9
375	74.84000000000006	108.9
400	78.62000000000006	116.9
425	79.70000000000006	116.9
450	81.60000000000007	116.9
475	82.56000000000006	116.9
500	84.06000000000006	116.9
525	85.62000000000006	116.9
550	87.26000000000003	116.9
575	89.58000000000001	117.9
600	92.42000000000002	143.9
625	93.68	143.9
650	94.28	143.9
675	95.86	143.9
700	98.83999999999997	143.9
725	100.63999999999999	143.9
750	101.69999999999999	143.9
775	101.93999999999997	143.9
800	103.81999999999996	143.9
825	104.65999999999997	143.9
850	105.91999999999996	143.9
875	106.39999999999996	143.9
900	106.43999999999997	143.9
925	108.95999999999995	143.9
950	109.49999999999994	143.9
975	109.51999999999994	143.9
1000	109.99999999999994	143.9
1025	110.57999999999994	143.9
1050	110.61999999999995	143.9
1075	110.61999999999995	143.9
1100	113.03999999999992	143.9
1125	113.03999999999992	143.9
1150	114.21999999999993	143.9
1175	114.53999999999992	143.9
1200	115.59999999999992	144.9
1225	115.87999999999992	144.9
1250	117.29999999999993	144.9
1275	117.39999999999992	144.9
1300	118.85999999999991	144.9
1325	119.31999999999991	144.9
1350	120.35999999999991	144.9
1375	120.49999999999991	144.9
1400	121.37999999999991	144.9
1425	121.4799999999999	144.9
1450	121.71999999999991	144.9
1475	122.15999999999991	144.9
1500	122.4199999999999	144.9
1525	122.45999999999991	144.9
1550	122.85999999999991	144.9
1575	123.09999999999991	144.9
1600	123.9799999999999	144.9
1625	125.1999999999999	144.9
1650	125.95999999999991	151.9
1675	125.95999999999991	151.9
1700	126.35999999999991	151.9
1725	126.49999999999991	151.9
1750	126.51999999999991	151.9
1775	126.51999999999991	151.9
1800	126.71999999999991	151.9
1825	127.55999999999989	151.9
1850	127.8199999999999	151.9
1875	127.8199999999999	151.9
1900	127.8199999999999	151.9
1925	127.83999999999989	151.9
1950	127.9599999999999	151.9
1975	128.0799999999999	151.9
2000	128.6399999999999	151.9

Run 29
50	9.43599999999999	73.9
75	19.75999999999999	73.9
100	29.964000000000027	73.9
125	39.032000000000046	74.9
150	43.49200000000005	74.9
175	46.11600000000005	74.9
200	50.07600000000005	98.9
225	53.05600000000005	98.9
250	59.02400000000006	131.9
275	62.48400000000006	131.9
300	66.52400000000006	131.9
325	69.18400000000005	131.9
350	70.44400000000006	131.9
375	72.42400000000006	131.9
400	74.82400000000007	131.9
425	77.24000000000007	131.9
450	77.56000000000007	131.9
475	79.14000000000007	131.9
500	81.00000000000007	131.9
525	83.14000000000007	131.9
550	83.90000000000005	131.9
575	86.32000000000004	131.9
600	87.78000000000003	131.9
625	89.00000000000004	131.9
650	90.26000000000002	131.9
675	92.00000000000001	131.9
700	92.72	131.9
725	95.38	148.9
750	98.17999999999998	157.9
775	98.17999999999998	157.9
800	98.55999999999999	157.9
825	98.79999999999998	157.9
850	100.27999999999999	157.9
875	100.27999999999999	157.9
900	101.25999999999996	157.9
925	101.55999999999996	157.9
950	101.69999999999996	157.9
975	102.47999999999996	157.9
1000	102.51999999999997	157.9
1025	102.97999999999996	157.9
1050	103.23999999999997	157.9
1075	105.05999999999996	157.9
1100	105.05999999999996	157.9
1125	105.29999999999997	157.9
1150	105.75999999999996	157.9
1175	106.11999999999996	157.9
1200	107.09999999999995	157.9
1225	107.71999999999994	157.9
1250	108.47999999999995	157.9
1275	108.83999999999995	157.9
1300	108.83999999999995	157.9
1325	108.83999999999995	157.9
1350	108.83999999999995	157.9
1375	108.91999999999994	157.9
1400	108.93999999999994	157.9
1425	108.93999999999994	157.9
1450	110.01999999999994	157.9
1475	110.79999999999994	157.9
1500	111.63999999999994	157.9
1525	112.13999999999993	157.9
1550	112.13999999999993	157.9
1575	112.13999999999993	157.9
1600	112.21999999999993	157.9
1625	112.59999999999992	157.9
1650	112.73999999999992	157.9
1675	112.73999999999992	157.9
1700	113.17999999999992	157.9
1725	113.17999999999992	157.9
1750	113.73999999999992	157.9
1775	113.73999999999992	157.9
1800	114.35999999999993	157.9
1825	115.11999999999993	157.9
1850	115.51999999999992	157.9
1875	115.51999999999992	157.9
1900	115.51999999999992	157.9
1925	115.91999999999993	157.9
1950	116.23999999999992	157.9
1975	116.23999999999992	157.9
2000	116.23999999999992	157.9

Run 30
50	7.367999999999998	44.9
75	14.915999999999983	66.9
100	23.848000000000024	76.9
125	30.57600000000004	76.9
150	38.56000000000005	84.9
175	43.30000000000004	84.9
200	46.13200000000004	84.9
225	49.220000000000056	91.9
250	55.05200000000004	127.9
275	61.152000000000044	127.9
300	63.400000000000055	127.9
325	67.00400000000005	127.9
350	69.08400000000005	127.9
375	74.52000000000005	127.9
400	76.44000000000005	127.9
425	78.78400000000006	164.9
450	81.50800000000007	164.9
475	83.68800000000005	164.9
500	84.22800000000005	164.9
525	88.36400000000002	164.9
550	89.54800000000002	164.9
575	91.52799999999999	164.9
600	94.728	164.9
625	97.488	164.9
650	98.51199999999997	164.9
675	101.73199999999997	164.9
700	103.93599999999996	164.9
725	105.55599999999995	164.9
750	107.31599999999995	164.9
775	108.23999999999995	164.9
800	110.55999999999995	164.9
825	110.63999999999994	164.9
850	112.35999999999993	164.9
875	112.87999999999992	164.9
900	112.99999999999993	164.9
925	114.37999999999992	164.9
950	115.93999999999993	164.9
975	116.13999999999993	164.9
1000	116.15999999999993	164.9
1025	116.85999999999993	164.9
1050	118.01999999999991	164.9
1075	118.01999999999991	164.9
1100	119.37999999999991	164.9
1125	119.73999999999991	164.9
1150	121.71999999999991	164.9
1175	121.7599999999999	164.9
1200	123.13999999999992	170.9
1225	123.75999999999989	170.9
1250	125.6599999999999	170.9
1275	126.27999999999989	170.9
1300	127.21999999999989	170.9
1325	127.2999999999999	170.9
1350	127.2999999999999	170.9
1375	127.8799999999999	170.9
1400	128.03999999999988	170.9
1425	128.03999999999988	170.9
1450	128.5599999999999	170.9
1475	129.15999999999988	170.9
1500	130.59999999999988	170.9
1525	130.8599999999999	170.9
1550	131.4199999999999	170.9
1575	131.4199999999999	170.9
1600	131.6199999999999	170.9
1625	131.6199999999999	170.9
1650	132.4799999999999	170.9
1675	132.4799999999999	170.9
1700	133.21999999999989	170.9
1725	133.21999999999989	170.9
1750	133.21999999999989	170.9
1775	133.2799999999999	170.9
1800	133.2799999999999	170.9
1825	133.2799999999999	170.9
1850	133.2799999999999	170.9
1875	133.81999999999988	170.9
1900	135.73999999999987	170.9
1925	136.37999999999988	170.9
1950	136.37999999999988	170.9
1975	136.51999999999987	170.9
2000	137.45999999999987	170.9

